/home/lewis/.bashrc: line 75: goisca: command not found
2021-08-05 14:22:42,551 - isca - WARNING - Environment variable GFDL_SOC not set, but this is only required if using SocratesCodebase. Setting to None
2021-08-05 14:22:42,879 - isca - INFO - RRTM compilation disabled.
2021-08-05 14:22:42,879 - isca - INFO - SOCRATES compilation disabled.
2021-08-05 14:22:42,896 - isca - INFO - Writing path_names to '/network/group/aopp/planetary/PLR018_LEWIS_VENUS2/isca_work/codebase/_home_lewis_research_isca_dir_Isca/build/grey_isca/path_names'
2021-08-05 14:22:42,914 - isca - INFO - Running compiler
2021-08-05 14:22:42,958 - isca - INFO - loadmodules for oxford machines
2021-08-05 14:22:43,389 - isca - INFO - [?1h=Currently Loaded Modulefiles:[m
2021-08-05 14:22:43,411 - isca - INFO - 1) physicspaths/2.0         6) otheros/generic-arc          [m
2021-08-05 14:22:43,411 - isca - INFO - 2) otheros/generic-oxphys   7) intel-compilers/2018upd4     [m
2021-08-05 14:22:43,411 - isca - INFO - 3) otheros/ubuntu_bionic    8) intel-mpi/2015               [m
2021-08-05 14:22:43,411 - isca - INFO - 4) otheros/ubuntu_trusty    9) netcdf/netcdf-c-4.7.3        [m
2021-08-05 14:22:43,411 - isca - INFO - 5) arcpaths/1.0            10) netcdf/netcdf-fortran-4.5.2  [m
2021-08-05 14:22:43,431 - isca - INFO - [K[?1l>/network/group/aopp/planetary/PLR018_LEWIS_VENUS2/isca_work/codebase/_home_lewis_research_isca_dir_Isca/build/grey_isca/path_names
2021-08-05 14:22:51,198 - isca - INFO - .............................................................................................................................. Makefile is ready.
2021-08-05 14:22:51,542 - isca - INFO - make: Nothing to be done for 'all'.
2021-08-05 14:22:51,894 - isca - INFO - make: 'grey_isca.x' is up to date.
2021-08-05 14:22:51,896 - isca - INFO - Compilation complete.
2021-08-05 14:22:51,899 - isca - DEBUG - Making directory '/network/group/aopp/planetary/PLR018_LEWIS_VENUS2/isca_work/experiment/GREY_T42L30fr_TL_om_1_5_a_1_1_ps_1_1'
2021-08-05 14:22:51,965 - isca - WARNING - Tried to remove run directory but it doesnt exist
2021-08-05 14:22:52,012 - isca - INFO - Emptied run directory '/network/group/aopp/planetary/PLR018_LEWIS_VENUS2/isca_work/experiment/GREY_T42L30fr_TL_om_1_5_a_1_1_ps_1_1/run'
2021-08-05 14:22:52,165 - isca - INFO - Emptied run directory '/network/group/aopp/planetary/PLR018_LEWIS_VENUS2/isca_work/experiment/GREY_T42L30fr_TL_om_1_5_a_1_1_ps_1_1/run'
2021-08-05 14:22:53,211 - isca - INFO - Writing namelist to '/network/group/aopp/planetary/PLR018_LEWIS_VENUS2/isca_work/experiment/GREY_T42L30fr_TL_om_1_5_a_1_1_ps_1_1/run/input.nml'
2021-08-05 14:22:53,239 - isca - INFO - Writing field_table to '/network/group/aopp/planetary/PLR018_LEWIS_VENUS2/isca_work/experiment/GREY_T42L30fr_TL_om_1_5_a_1_1_ps_1_1/run/field_table'
2021-08-05 14:22:53,285 - isca - INFO - Writing diag_table to '/network/group/aopp/planetary/PLR018_LEWIS_VENUS2/isca_work/experiment/GREY_T42L30fr_TL_om_1_5_a_1_1_ps_1_1/run/diag_table'
2021-08-05 14:22:53,308 - isca - INFO - Running without restart file
2021-08-05 14:22:53,392 - isca - INFO - Beginning run 1
2021-08-05 14:22:53,405 - isca - INFO - process running as 43804
2021-08-05 14:22:53,437 - isca - DEBUG - loadmodules for oxford machines
2021-08-05 14:22:53,874 - isca - DEBUG - [?1h=Currently Loaded Modulefiles:[m
2021-08-05 14:22:53,895 - isca - DEBUG - 1) physicspaths/2.0         6) otheros/generic-arc          [m
2021-08-05 14:22:53,895 - isca - DEBUG - 2) otheros/generic-oxphys   7) intel-compilers/2018upd4     [m
2021-08-05 14:22:53,895 - isca - DEBUG - 3) otheros/ubuntu_bionic    8) intel-mpi/2015               [m
2021-08-05 14:22:53,895 - isca - DEBUG - 4) otheros/ubuntu_trusty    9) netcdf/netcdf-c-4.7.3        [m
2021-08-05 14:22:53,896 - isca - DEBUG - 5) arcpaths/1.0            10) netcdf/netcdf-fortran-4.5.2  [m
2021-08-05 14:22:54,324 - isca - DEBUG - [K[?1l>NOTE from PE    0: MPP_DOMAINS_SET_STACK_SIZE: stack size set to    32768.
2021-08-05 14:22:54,324 - isca - DEBUG - &MPP_IO_NML
2021-08-05 14:22:54,324 - isca - DEBUG - HEADER_BUFFER_VAL       =       16384,
2021-08-05 14:22:54,324 - isca - DEBUG - GLOBAL_FIELD_ON_ROOT_PE = T,
2021-08-05 14:22:54,324 - isca - DEBUG - IO_CLOCKS_ON    = F,
2021-08-05 14:22:54,324 - isca - DEBUG - SHUFFLE =           0,
2021-08-05 14:22:54,324 - isca - DEBUG - DEFLATE_LEVEL   =          -1
2021-08-05 14:22:54,324 - isca - DEBUG - /
2021-08-05 14:22:54,327 - isca - DEBUG - NOTE from PE    0: MPP_IO_SET_STACK_SIZE: stack size set to     131072.
2021-08-05 14:22:54,329 - isca - DEBUG - NOTE from PE    0: MPP_DOMAINS_SET_STACK_SIZE: stack size set to   600000.
2021-08-05 14:22:54,590 - isca - DEBUG - starting            1  OpenMP threads per MPI-task
2021-08-05 14:22:54,602 - isca - DEBUG - ATMOS MODEL DOMAIN DECOMPOSITION
2021-08-05 14:22:54,602 - isca - DEBUG - X-AXIS =  128
2021-08-05 14:22:54,602 - isca - DEBUG - Y-AXIS =    2   2   2   2   2   2   2   2   2   2   2   2   2   2   2   2   2   2   2   2   2   2   2   2
2021-08-05 14:22:54,602 - isca - DEBUG - 2   2   2   2   2   2   2   2
2021-08-05 14:22:54,929 - isca - DEBUG - mean surface pressure=1000.0000 mb
2021-08-05 14:22:54,995 - isca - DEBUG - NOTE from PE    0: idealized_moist_phys: Using AM3 dry adjustment convection scheme.
2021-08-05 14:22:56,763 - isca - DEBUG - Integration completed through    1 Jan  2   0: 0: 0
2021-08-05 14:22:57,906 - isca - DEBUG - Integration completed through    1 Jan  3   0: 0: 0
2021-08-05 14:22:59,049 - isca - DEBUG - Integration completed through    1 Jan  4   0: 0: 0
2021-08-05 14:23:00,204 - isca - DEBUG - Integration completed through    1 Jan  5   0: 0: 0
2021-08-05 14:23:01,358 - isca - DEBUG - Integration completed through    1 Jan  6   0: 0: 0
2021-08-05 14:23:02,512 - isca - DEBUG - Integration completed through    1 Jan  7   0: 0: 0
2021-08-05 14:23:03,672 - isca - DEBUG - Integration completed through    1 Jan  8   0: 0: 0
2021-08-05 14:23:04,831 - isca - DEBUG - Integration completed through    1 Jan  9   0: 0: 0
2021-08-05 14:23:05,989 - isca - DEBUG - Integration completed through    1 Jan 10   0: 0: 0
2021-08-05 14:23:07,149 - isca - DEBUG - Integration completed through    1 Jan 11   0: 0: 0
2021-08-05 14:23:08,307 - isca - DEBUG - Integration completed through    1 Jan 12   0: 0: 0
2021-08-05 14:23:09,466 - isca - DEBUG - Integration completed through    1 Jan 13   0: 0: 0
2021-08-05 14:23:10,627 - isca - DEBUG - Integration completed through    1 Jan 14   0: 0: 0
2021-08-05 14:23:11,794 - isca - DEBUG - Integration completed through    1 Jan 15   0: 0: 0
2021-08-05 14:23:12,956 - isca - DEBUG - Integration completed through    1 Jan 16   0: 0: 0
2021-08-05 14:23:14,124 - isca - DEBUG - Integration completed through    1 Jan 17   0: 0: 0
2021-08-05 14:23:15,291 - isca - DEBUG - Integration completed through    1 Jan 18   0: 0: 0
2021-08-05 14:23:16,457 - isca - DEBUG - Integration completed through    1 Jan 19   0: 0: 0
2021-08-05 14:23:17,622 - isca - DEBUG - Integration completed through    1 Jan 20   0: 0: 0
2021-08-05 14:23:18,787 - isca - DEBUG - Integration completed through    1 Jan 21   0: 0: 0
2021-08-05 14:23:19,953 - isca - DEBUG - Integration completed through    1 Jan 22   0: 0: 0
2021-08-05 14:23:21,119 - isca - DEBUG - Integration completed through    1 Jan 23   0: 0: 0
2021-08-05 14:23:22,283 - isca - DEBUG - Integration completed through    1 Jan 24   0: 0: 0
2021-08-05 14:23:23,463 - isca - DEBUG - Integration completed through    1 Jan 25   0: 0: 0
2021-08-05 14:23:24,629 - isca - DEBUG - Integration completed through    1 Jan 26   0: 0: 0
2021-08-05 14:23:25,793 - isca - DEBUG - Integration completed through    1 Jan 27   0: 0: 0
2021-08-05 14:23:26,962 - isca - DEBUG - Integration completed through    1 Jan 28   0: 0: 0
2021-08-05 14:23:28,132 - isca - DEBUG - Integration completed through    1 Jan 29   0: 0: 0
2021-08-05 14:23:29,297 - isca - DEBUG - Integration completed through    1 Jan 30   0: 0: 0
2021-08-05 14:23:30,463 - isca - DEBUG - Integration completed through    1 Feb  1   0: 0: 0
2021-08-05 14:23:32,900 - isca - DEBUG - Integration completed through    1 Feb  2   0: 0: 0
2021-08-05 14:23:34,057 - isca - DEBUG - Integration completed through    1 Feb  3   0: 0: 0
2021-08-05 14:23:35,224 - isca - DEBUG - Integration completed through    1 Feb  4   0: 0: 0
2021-08-05 14:23:36,391 - isca - DEBUG - Integration completed through    1 Feb  5   0: 0: 0
2021-08-05 14:23:37,558 - isca - DEBUG - Integration completed through    1 Feb  6   0: 0: 0
2021-08-05 14:23:38,725 - isca - DEBUG - Integration completed through    1 Feb  7   0: 0: 0
2021-08-05 14:23:39,892 - isca - DEBUG - Integration completed through    1 Feb  8   0: 0: 0
2021-08-05 14:23:41,060 - isca - DEBUG - Integration completed through    1 Feb  9   0: 0: 0
2021-08-05 14:23:42,227 - isca - DEBUG - Integration completed through    1 Feb 10   0: 0: 0
2021-08-05 14:23:43,392 - isca - DEBUG - Integration completed through    1 Feb 11   0: 0: 0
2021-08-05 14:23:44,558 - isca - DEBUG - Integration completed through    1 Feb 12   0: 0: 0
2021-08-05 14:23:45,725 - isca - DEBUG - Integration completed through    1 Feb 13   0: 0: 0
2021-08-05 14:23:46,891 - isca - DEBUG - Integration completed through    1 Feb 14   0: 0: 0
2021-08-05 14:23:48,058 - isca - DEBUG - Integration completed through    1 Feb 15   0: 0: 0
2021-08-05 14:23:49,226 - isca - DEBUG - Integration completed through    1 Feb 16   0: 0: 0
2021-08-05 14:23:50,392 - isca - DEBUG - Integration completed through    1 Feb 17   0: 0: 0
2021-08-05 14:23:51,559 - isca - DEBUG - Integration completed through    1 Feb 18   0: 0: 0
2021-08-05 14:23:52,726 - isca - DEBUG - Integration completed through    1 Feb 19   0: 0: 0
2021-08-05 14:23:53,898 - isca - DEBUG - Integration completed through    1 Feb 20   0: 0: 0
2021-08-05 14:23:55,068 - isca - DEBUG - Integration completed through    1 Feb 21   0: 0: 0
2021-08-05 14:23:56,236 - isca - DEBUG - Integration completed through    1 Feb 22   0: 0: 0
2021-08-05 14:23:57,405 - isca - DEBUG - Integration completed through    1 Feb 23   0: 0: 0
2021-08-05 14:23:58,574 - isca - DEBUG - Integration completed through    1 Feb 24   0: 0: 0
2021-08-05 14:23:59,748 - isca - DEBUG - Integration completed through    1 Feb 25   0: 0: 0
2021-08-05 14:24:00,919 - isca - DEBUG - Integration completed through    1 Feb 26   0: 0: 0
2021-08-05 14:24:02,089 - isca - DEBUG - Integration completed through    1 Feb 27   0: 0: 0
2021-08-05 14:24:03,254 - isca - DEBUG - Integration completed through    1 Feb 28   0: 0: 0
2021-08-05 14:24:04,423 - isca - DEBUG - Integration completed through    1 Feb 29   0: 0: 0
2021-08-05 14:24:05,590 - isca - DEBUG - Integration completed through    1 Feb 30   0: 0: 0
2021-08-05 14:24:06,757 - isca - DEBUG - Integration completed through    1 Mar  1   0: 0: 0
2021-08-05 14:24:07,994 - isca - DEBUG - Integration completed through    1 Mar  2   0: 0: 0
2021-08-05 14:24:09,159 - isca - DEBUG - Integration completed through    1 Mar  3   0: 0: 0
2021-08-05 14:24:10,324 - isca - DEBUG - Integration completed through    1 Mar  4   0: 0: 0
2021-08-05 14:24:11,489 - isca - DEBUG - Integration completed through    1 Mar  5   0: 0: 0
2021-08-05 14:24:12,657 - isca - DEBUG - Integration completed through    1 Mar  6   0: 0: 0
2021-08-05 14:24:13,824 - isca - DEBUG - Integration completed through    1 Mar  7   0: 0: 0
2021-08-05 14:24:14,991 - isca - DEBUG - Integration completed through    1 Mar  8   0: 0: 0
2021-08-05 14:24:16,157 - isca - DEBUG - Integration completed through    1 Mar  9   0: 0: 0
2021-08-05 14:24:17,322 - isca - DEBUG - Integration completed through    1 Mar 10   0: 0: 0
2021-08-05 14:24:18,488 - isca - DEBUG - Integration completed through    1 Mar 11   0: 0: 0
2021-08-05 14:24:19,653 - isca - DEBUG - Integration completed through    1 Mar 12   0: 0: 0
2021-08-05 14:24:20,819 - isca - DEBUG - Integration completed through    1 Mar 13   0: 0: 0
2021-08-05 14:24:21,983 - isca - DEBUG - Integration completed through    1 Mar 14   0: 0: 0
2021-08-05 14:24:23,151 - isca - DEBUG - Integration completed through    1 Mar 15   0: 0: 0
2021-08-05 14:24:24,318 - isca - DEBUG - Integration completed through    1 Mar 16   0: 0: 0
2021-08-05 14:24:25,485 - isca - DEBUG - Integration completed through    1 Mar 17   0: 0: 0
2021-08-05 14:24:26,651 - isca - DEBUG - Integration completed through    1 Mar 18   0: 0: 0
2021-08-05 14:24:27,817 - isca - DEBUG - Integration completed through    1 Mar 19   0: 0: 0
2021-08-05 14:24:28,984 - isca - DEBUG - Integration completed through    1 Mar 20   0: 0: 0
2021-08-05 14:24:30,150 - isca - DEBUG - Integration completed through    1 Mar 21   0: 0: 0
2021-08-05 14:24:31,317 - isca - DEBUG - Integration completed through    1 Mar 22   0: 0: 0
2021-08-05 14:24:32,493 - isca - DEBUG - Integration completed through    1 Mar 23   0: 0: 0
2021-08-05 14:24:33,659 - isca - DEBUG - Integration completed through    1 Mar 24   0: 0: 0
2021-08-05 14:24:34,826 - isca - DEBUG - Integration completed through    1 Mar 25   0: 0: 0
2021-08-05 14:24:35,996 - isca - DEBUG - Integration completed through    1 Mar 26   0: 0: 0
2021-08-05 14:24:37,164 - isca - DEBUG - Integration completed through    1 Mar 27   0: 0: 0
2021-08-05 14:24:38,336 - isca - DEBUG - Integration completed through    1 Mar 28   0: 0: 0
2021-08-05 14:24:39,504 - isca - DEBUG - Integration completed through    1 Mar 29   0: 0: 0
2021-08-05 14:24:40,671 - isca - DEBUG - Integration completed through    1 Mar 30   0: 0: 0
2021-08-05 14:24:41,837 - isca - DEBUG - Integration completed through    1 Apr  1   0: 0: 0
2021-08-05 14:24:43,080 - isca - DEBUG - Integration completed through    1 Apr  2   0: 0: 0
2021-08-05 14:24:44,247 - isca - DEBUG - Integration completed through    1 Apr  3   0: 0: 0
2021-08-05 14:24:45,412 - isca - DEBUG - Integration completed through    1 Apr  4   0: 0: 0
2021-08-05 14:24:46,579 - isca - DEBUG - Integration completed through    1 Apr  5   0: 0: 0
2021-08-05 14:24:47,745 - isca - DEBUG - Integration completed through    1 Apr  6   0: 0: 0
2021-08-05 14:24:48,916 - isca - DEBUG - Integration completed through    1 Apr  7   0: 0: 0
2021-08-05 14:24:50,082 - isca - DEBUG - Integration completed through    1 Apr  8   0: 0: 0
2021-08-05 14:24:51,251 - isca - DEBUG - Integration completed through    1 Apr  9   0: 0: 0
2021-08-05 14:24:52,421 - isca - DEBUG - Integration completed through    1 Apr 10   0: 0: 0
2021-08-05 14:24:53,589 - isca - DEBUG - Integration completed through    1 Apr 11   0: 0: 0
2021-08-05 14:24:54,758 - isca - DEBUG - Integration completed through    1 Apr 12   0: 0: 0
2021-08-05 14:24:55,925 - isca - DEBUG - Integration completed through    1 Apr 13   0: 0: 0
2021-08-05 14:24:57,093 - isca - DEBUG - Integration completed through    1 Apr 14   0: 0: 0
2021-08-05 14:24:58,258 - isca - DEBUG - Integration completed through    1 Apr 15   0: 0: 0
2021-08-05 14:24:59,427 - isca - DEBUG - Integration completed through    1 Apr 16   0: 0: 0
2021-08-05 14:25:00,596 - isca - DEBUG - Integration completed through    1 Apr 17   0: 0: 0
2021-08-05 14:25:01,803 - isca - DEBUG - Integration completed through    1 Apr 18   0: 0: 0
2021-08-05 14:25:02,967 - isca - DEBUG - Integration completed through    1 Apr 19   0: 0: 0
2021-08-05 14:25:04,133 - isca - DEBUG - Integration completed through    1 Apr 20   0: 0: 0
2021-08-05 14:25:05,301 - isca - DEBUG - Integration completed through    1 Apr 21   0: 0: 0
2021-08-05 14:25:06,467 - isca - DEBUG - Integration completed through    1 Apr 22   0: 0: 0
2021-08-05 14:25:07,638 - isca - DEBUG - Integration completed through    1 Apr 23   0: 0: 0
2021-08-05 14:25:08,806 - isca - DEBUG - Integration completed through    1 Apr 24   0: 0: 0
2021-08-05 14:25:09,974 - isca - DEBUG - Integration completed through    1 Apr 25   0: 0: 0
2021-08-05 14:25:11,141 - isca - DEBUG - Integration completed through    1 Apr 26   0: 0: 0
2021-08-05 14:25:12,309 - isca - DEBUG - Integration completed through    1 Apr 27   0: 0: 0
2021-08-05 14:25:13,475 - isca - DEBUG - Integration completed through    1 Apr 28   0: 0: 0
2021-08-05 14:25:14,643 - isca - DEBUG - Integration completed through    1 Apr 29   0: 0: 0
2021-08-05 14:25:15,811 - isca - DEBUG - Integration completed through    1 Apr 30   0: 0: 0
2021-08-05 14:25:16,980 - isca - DEBUG - Integration completed through    1 May  1   0: 0: 0
2021-08-05 14:25:18,250 - isca - DEBUG - Integration completed through    1 May  2   0: 0: 0
2021-08-05 14:25:19,417 - isca - DEBUG - Integration completed through    1 May  3   0: 0: 0
2021-08-05 14:25:20,584 - isca - DEBUG - Integration completed through    1 May  4   0: 0: 0
2021-08-05 14:25:21,754 - isca - DEBUG - Integration completed through    1 May  5   0: 0: 0
2021-08-05 14:25:22,924 - isca - DEBUG - Integration completed through    1 May  6   0: 0: 0
2021-08-05 14:25:24,095 - isca - DEBUG - Integration completed through    1 May  7   0: 0: 0
2021-08-05 14:25:25,264 - isca - DEBUG - Integration completed through    1 May  8   0: 0: 0
2021-08-05 14:25:26,430 - isca - DEBUG - Integration completed through    1 May  9   0: 0: 0
2021-08-05 14:25:27,596 - isca - DEBUG - Integration completed through    1 May 10   0: 0: 0
2021-08-05 14:25:28,764 - isca - DEBUG - Integration completed through    1 May 11   0: 0: 0
2021-08-05 14:25:29,932 - isca - DEBUG - Integration completed through    1 May 12   0: 0: 0
2021-08-05 14:25:31,099 - isca - DEBUG - Integration completed through    1 May 13   0: 0: 0
2021-08-05 14:25:32,657 - isca - DEBUG - Integration completed through    1 May 14   0: 0: 0
2021-08-05 14:25:34,381 - isca - DEBUG - Integration completed through    1 May 15   0: 0: 0
2021-08-05 14:25:36,109 - isca - DEBUG - Integration completed through    1 May 16   0: 0: 0
2021-08-05 14:25:37,794 - isca - DEBUG - Integration completed through    1 May 17   0: 0: 0
2021-08-05 14:25:39,227 - isca - DEBUG - Integration completed through    1 May 18   0: 0: 0
2021-08-05 14:25:40,392 - isca - DEBUG - Integration completed through    1 May 19   0: 0: 0
2021-08-05 14:25:41,558 - isca - DEBUG - Integration completed through    1 May 20   0: 0: 0
2021-08-05 14:25:42,726 - isca - DEBUG - Integration completed through    1 May 21   0: 0: 0
2021-08-05 14:25:43,893 - isca - DEBUG - Integration completed through    1 May 22   0: 0: 0
2021-08-05 14:25:45,059 - isca - DEBUG - Integration completed through    1 May 23   0: 0: 0
2021-08-05 14:25:46,227 - isca - DEBUG - Integration completed through    1 May 24   0: 0: 0
2021-08-05 14:25:47,393 - isca - DEBUG - Integration completed through    1 May 25   0: 0: 0
2021-08-05 14:25:48,562 - isca - DEBUG - Integration completed through    1 May 26   0: 0: 0
2021-08-05 14:25:49,731 - isca - DEBUG - Integration completed through    1 May 27   0: 0: 0
2021-08-05 14:25:50,896 - isca - DEBUG - Integration completed through    1 May 28   0: 0: 0
2021-08-05 14:25:52,066 - isca - DEBUG - Integration completed through    1 May 29   0: 0: 0
2021-08-05 14:25:53,254 - isca - DEBUG - Integration completed through    1 May 30   0: 0: 0
2021-08-05 14:25:54,655 - isca - DEBUG - Integration completed through    1 Jun  1   0: 0: 0
2021-08-05 14:25:56,206 - isca - DEBUG - Integration completed through    1 Jun  2   0: 0: 0
2021-08-05 14:25:57,483 - isca - DEBUG - Integration completed through    1 Jun  3   0: 0: 0
2021-08-05 14:25:58,679 - isca - DEBUG - Integration completed through    1 Jun  4   0: 0: 0
2021-08-05 14:25:59,847 - isca - DEBUG - Integration completed through    1 Jun  5   0: 0: 0
2021-08-05 14:26:01,017 - isca - DEBUG - Integration completed through    1 Jun  6   0: 0: 0
2021-08-05 14:26:02,182 - isca - DEBUG - Integration completed through    1 Jun  7   0: 0: 0
2021-08-05 14:26:03,351 - isca - DEBUG - Integration completed through    1 Jun  8   0: 0: 0
2021-08-05 14:26:04,522 - isca - DEBUG - Integration completed through    1 Jun  9   0: 0: 0
2021-08-05 14:26:05,690 - isca - DEBUG - Integration completed through    1 Jun 10   0: 0: 0
2021-08-05 14:26:06,857 - isca - DEBUG - Integration completed through    1 Jun 11   0: 0: 0
2021-08-05 14:26:08,026 - isca - DEBUG - Integration completed through    1 Jun 12   0: 0: 0
2021-08-05 14:26:09,193 - isca - DEBUG - Integration completed through    1 Jun 13   0: 0: 0
2021-08-05 14:26:10,362 - isca - DEBUG - Integration completed through    1 Jun 14   0: 0: 0
2021-08-05 14:26:11,532 - isca - DEBUG - Integration completed through    1 Jun 15   0: 0: 0
2021-08-05 14:26:12,699 - isca - DEBUG - Integration completed through    1 Jun 16   0: 0: 0
2021-08-05 14:26:13,869 - isca - DEBUG - Integration completed through    1 Jun 17   0: 0: 0
2021-08-05 14:26:15,037 - isca - DEBUG - Integration completed through    1 Jun 18   0: 0: 0
2021-08-05 14:26:16,204 - isca - DEBUG - Integration completed through    1 Jun 19   0: 0: 0
2021-08-05 14:26:17,370 - isca - DEBUG - Integration completed through    1 Jun 20   0: 0: 0
2021-08-05 14:26:18,537 - isca - DEBUG - Integration completed through    1 Jun 21   0: 0: 0
2021-08-05 14:26:19,706 - isca - DEBUG - Integration completed through    1 Jun 22   0: 0: 0
2021-08-05 14:26:20,869 - isca - DEBUG - Integration completed through    1 Jun 23   0: 0: 0
2021-08-05 14:26:22,035 - isca - DEBUG - Integration completed through    1 Jun 24   0: 0: 0
2021-08-05 14:26:23,203 - isca - DEBUG - Integration completed through    1 Jun 25   0: 0: 0
2021-08-05 14:26:24,371 - isca - DEBUG - Integration completed through    1 Jun 26   0: 0: 0
2021-08-05 14:26:25,539 - isca - DEBUG - Integration completed through    1 Jun 27   0: 0: 0
2021-08-05 14:26:26,706 - isca - DEBUG - Integration completed through    1 Jun 28   0: 0: 0
2021-08-05 14:26:27,873 - isca - DEBUG - Integration completed through    1 Jun 29   0: 0: 0
2021-08-05 14:26:29,043 - isca - DEBUG - Integration completed through    1 Jun 30   0: 0: 0
2021-08-05 14:26:30,211 - isca - DEBUG - Integration completed through    1 Jul  1   0: 0: 0
2021-08-05 14:26:31,431 - isca - DEBUG - Integration completed through    1 Jul  2   0: 0: 0
2021-08-05 14:26:32,599 - isca - DEBUG - Integration completed through    1 Jul  3   0: 0: 0
2021-08-05 14:26:33,766 - isca - DEBUG - Integration completed through    1 Jul  4   0: 0: 0
2021-08-05 14:26:34,934 - isca - DEBUG - Integration completed through    1 Jul  5   0: 0: 0
2021-08-05 14:26:36,105 - isca - DEBUG - Integration completed through    1 Jul  6   0: 0: 0
2021-08-05 14:26:37,274 - isca - DEBUG - Integration completed through    1 Jul  7   0: 0: 0
2021-08-05 14:26:38,442 - isca - DEBUG - Integration completed through    1 Jul  8   0: 0: 0
2021-08-05 14:26:39,610 - isca - DEBUG - Integration completed through    1 Jul  9   0: 0: 0
2021-08-05 14:26:40,777 - isca - DEBUG - Integration completed through    1 Jul 10   0: 0: 0
2021-08-05 14:26:41,942 - isca - DEBUG - Integration completed through    1 Jul 11   0: 0: 0
2021-08-05 14:26:43,111 - isca - DEBUG - Integration completed through    1 Jul 12   0: 0: 0
2021-08-05 14:26:44,280 - isca - DEBUG - Integration completed through    1 Jul 13   0: 0: 0
2021-08-05 14:26:45,450 - isca - DEBUG - Integration completed through    1 Jul 14   0: 0: 0
2021-08-05 14:26:46,619 - isca - DEBUG - Integration completed through    1 Jul 15   0: 0: 0
2021-08-05 14:26:47,786 - isca - DEBUG - Integration completed through    1 Jul 16   0: 0: 0
2021-08-05 14:26:48,954 - isca - DEBUG - Integration completed through    1 Jul 17   0: 0: 0
2021-08-05 14:26:50,125 - isca - DEBUG - Integration completed through    1 Jul 18   0: 0: 0
2021-08-05 14:26:51,293 - isca - DEBUG - Integration completed through    1 Jul 19   0: 0: 0
2021-08-05 14:26:52,461 - isca - DEBUG - Integration completed through    1 Jul 20   0: 0: 0
2021-08-05 14:26:53,629 - isca - DEBUG - Integration completed through    1 Jul 21   0: 0: 0
2021-08-05 14:26:54,795 - isca - DEBUG - Integration completed through    1 Jul 22   0: 0: 0
2021-08-05 14:26:55,960 - isca - DEBUG - Integration completed through    1 Jul 23   0: 0: 0
2021-08-05 14:26:57,127 - isca - DEBUG - Integration completed through    1 Jul 24   0: 0: 0
2021-08-05 14:26:58,295 - isca - DEBUG - Integration completed through    1 Jul 25   0: 0: 0
2021-08-05 14:26:59,463 - isca - DEBUG - Integration completed through    1 Jul 26   0: 0: 0
2021-08-05 14:27:00,636 - isca - DEBUG - Integration completed through    1 Jul 27   0: 0: 0
2021-08-05 14:27:01,805 - isca - DEBUG - Integration completed through    1 Jul 28   0: 0: 0
2021-08-05 14:27:02,974 - isca - DEBUG - Integration completed through    1 Jul 29   0: 0: 0
2021-08-05 14:27:04,150 - isca - DEBUG - Integration completed through    1 Jul 30   0: 0: 0
2021-08-05 14:27:05,321 - isca - DEBUG - Integration completed through    1 Aug  1   0: 0: 0
2021-08-05 14:27:06,540 - isca - DEBUG - Integration completed through    1 Aug  2   0: 0: 0
2021-08-05 14:27:07,708 - isca - DEBUG - Integration completed through    1 Aug  3   0: 0: 0
2021-08-05 14:27:08,889 - isca - DEBUG - Integration completed through    1 Aug  4   0: 0: 0
2021-08-05 14:27:10,057 - isca - DEBUG - Integration completed through    1 Aug  5   0: 0: 0
2021-08-05 14:27:11,225 - isca - DEBUG - Integration completed through    1 Aug  6   0: 0: 0
2021-08-05 14:27:12,391 - isca - DEBUG - Integration completed through    1 Aug  7   0: 0: 0
2021-08-05 14:27:13,560 - isca - DEBUG - Integration completed through    1 Aug  8   0: 0: 0
2021-08-05 14:27:14,727 - isca - DEBUG - Integration completed through    1 Aug  9   0: 0: 0
2021-08-05 14:27:15,894 - isca - DEBUG - Integration completed through    1 Aug 10   0: 0: 0
2021-08-05 14:27:17,062 - isca - DEBUG - Integration completed through    1 Aug 11   0: 0: 0
2021-08-05 14:27:18,227 - isca - DEBUG - Integration completed through    1 Aug 12   0: 0: 0
2021-08-05 14:27:19,393 - isca - DEBUG - Integration completed through    1 Aug 13   0: 0: 0
2021-08-05 14:27:20,559 - isca - DEBUG - Integration completed through    1 Aug 14   0: 0: 0
2021-08-05 14:27:21,728 - isca - DEBUG - Integration completed through    1 Aug 15   0: 0: 0
2021-08-05 14:27:22,895 - isca - DEBUG - Integration completed through    1 Aug 16   0: 0: 0
2021-08-05 14:27:24,066 - isca - DEBUG - Integration completed through    1 Aug 17   0: 0: 0
2021-08-05 14:27:25,235 - isca - DEBUG - Integration completed through    1 Aug 18   0: 0: 0
2021-08-05 14:27:26,406 - isca - DEBUG - Integration completed through    1 Aug 19   0: 0: 0
2021-08-05 14:27:27,573 - isca - DEBUG - Integration completed through    1 Aug 20   0: 0: 0
2021-08-05 14:27:28,741 - isca - DEBUG - Integration completed through    1 Aug 21   0: 0: 0
2021-08-05 14:27:29,908 - isca - DEBUG - Integration completed through    1 Aug 22   0: 0: 0
2021-08-05 14:27:31,074 - isca - DEBUG - Integration completed through    1 Aug 23   0: 0: 0
2021-08-05 14:27:32,241 - isca - DEBUG - Integration completed through    1 Aug 24   0: 0: 0
2021-08-05 14:27:33,408 - isca - DEBUG - Integration completed through    1 Aug 25   0: 0: 0
2021-08-05 14:27:34,576 - isca - DEBUG - Integration completed through    1 Aug 26   0: 0: 0
2021-08-05 14:27:35,746 - isca - DEBUG - Integration completed through    1 Aug 27   0: 0: 0
2021-08-05 14:27:36,914 - isca - DEBUG - Integration completed through    1 Aug 28   0: 0: 0
2021-08-05 14:27:38,083 - isca - DEBUG - Integration completed through    1 Aug 29   0: 0: 0
2021-08-05 14:27:39,251 - isca - DEBUG - Integration completed through    1 Aug 30   0: 0: 0
2021-08-05 14:27:40,418 - isca - DEBUG - Integration completed through    1 Sep  1   0: 0: 0
2021-08-05 14:27:41,679 - isca - DEBUG - Integration completed through    1 Sep  2   0: 0: 0
2021-08-05 14:27:42,848 - isca - DEBUG - Integration completed through    1 Sep  3   0: 0: 0
2021-08-05 14:27:44,017 - isca - DEBUG - Integration completed through    1 Sep  4   0: 0: 0
2021-08-05 14:27:45,185 - isca - DEBUG - Integration completed through    1 Sep  5   0: 0: 0
2021-08-05 14:27:46,358 - isca - DEBUG - Integration completed through    1 Sep  6   0: 0: 0
2021-08-05 14:27:47,529 - isca - DEBUG - Integration completed through    1 Sep  7   0: 0: 0
2021-08-05 14:27:48,698 - isca - DEBUG - Integration completed through    1 Sep  8   0: 0: 0
2021-08-05 14:27:49,867 - isca - DEBUG - Integration completed through    1 Sep  9   0: 0: 0
2021-08-05 14:27:51,034 - isca - DEBUG - Integration completed through    1 Sep 10   0: 0: 0
2021-08-05 14:27:52,201 - isca - DEBUG - Integration completed through    1 Sep 11   0: 0: 0
2021-08-05 14:27:53,366 - isca - DEBUG - Integration completed through    1 Sep 12   0: 0: 0
2021-08-05 14:27:54,536 - isca - DEBUG - Integration completed through    1 Sep 13   0: 0: 0
2021-08-05 14:27:55,704 - isca - DEBUG - Integration completed through    1 Sep 14   0: 0: 0
2021-08-05 14:27:56,873 - isca - DEBUG - Integration completed through    1 Sep 15   0: 0: 0
2021-08-05 14:27:58,041 - isca - DEBUG - Integration completed through    1 Sep 16   0: 0: 0
2021-08-05 14:27:59,210 - isca - DEBUG - Integration completed through    1 Sep 17   0: 0: 0
2021-08-05 14:28:00,384 - isca - DEBUG - Integration completed through    1 Sep 18   0: 0: 0
2021-08-05 14:28:01,555 - isca - DEBUG - Integration completed through    1 Sep 19   0: 0: 0
2021-08-05 14:28:02,725 - isca - DEBUG - Integration completed through    1 Sep 20   0: 0: 0
2021-08-05 14:28:03,895 - isca - DEBUG - Integration completed through    1 Sep 21   0: 0: 0
2021-08-05 14:28:05,064 - isca - DEBUG - Integration completed through    1 Sep 22   0: 0: 0
2021-08-05 14:28:06,234 - isca - DEBUG - Integration completed through    1 Sep 23   0: 0: 0
2021-08-05 14:28:07,403 - isca - DEBUG - Integration completed through    1 Sep 24   0: 0: 0
2021-08-05 14:28:08,572 - isca - DEBUG - Integration completed through    1 Sep 25   0: 0: 0
2021-08-05 14:28:09,742 - isca - DEBUG - Integration completed through    1 Sep 26   0: 0: 0
2021-08-05 14:28:10,911 - isca - DEBUG - Integration completed through    1 Sep 27   0: 0: 0
2021-08-05 14:28:12,080 - isca - DEBUG - Integration completed through    1 Sep 28   0: 0: 0
2021-08-05 14:28:13,249 - isca - DEBUG - Integration completed through    1 Sep 29   0: 0: 0
2021-08-05 14:28:14,415 - isca - DEBUG - Integration completed through    1 Sep 30   0: 0: 0
2021-08-05 14:28:15,584 - isca - DEBUG - Integration completed through    1 Oct  1   0: 0: 0
2021-08-05 14:28:16,838 - isca - DEBUG - Integration completed through    1 Oct  2   0: 0: 0
2021-08-05 14:28:18,006 - isca - DEBUG - Integration completed through    1 Oct  3   0: 0: 0
2021-08-05 14:28:19,173 - isca - DEBUG - Integration completed through    1 Oct  4   0: 0: 0
2021-08-05 14:28:20,342 - isca - DEBUG - Integration completed through    1 Oct  5   0: 0: 0
2021-08-05 14:28:21,509 - isca - DEBUG - Integration completed through    1 Oct  6   0: 0: 0
2021-08-05 14:28:22,678 - isca - DEBUG - Integration completed through    1 Oct  7   0: 0: 0
2021-08-05 14:28:23,860 - isca - DEBUG - Integration completed through    1 Oct  8   0: 0: 0
2021-08-05 14:28:25,027 - isca - DEBUG - Integration completed through    1 Oct  9   0: 0: 0
2021-08-05 14:28:26,197 - isca - DEBUG - Integration completed through    1 Oct 10   0: 0: 0
2021-08-05 14:28:27,365 - isca - DEBUG - Integration completed through    1 Oct 11   0: 0: 0
2021-08-05 14:28:28,533 - isca - DEBUG - Integration completed through    1 Oct 12   0: 0: 0
2021-08-05 14:28:29,701 - isca - DEBUG - Integration completed through    1 Oct 13   0: 0: 0
2021-08-05 14:28:30,868 - isca - DEBUG - Integration completed through    1 Oct 14   0: 0: 0
2021-08-05 14:28:32,036 - isca - DEBUG - Integration completed through    1 Oct 15   0: 0: 0
2021-08-05 14:28:33,204 - isca - DEBUG - Integration completed through    1 Oct 16   0: 0: 0
2021-08-05 14:28:34,373 - isca - DEBUG - Integration completed through    1 Oct 17   0: 0: 0
2021-08-05 14:28:35,540 - isca - DEBUG - Integration completed through    1 Oct 18   0: 0: 0
2021-08-05 14:28:36,708 - isca - DEBUG - Integration completed through    1 Oct 19   0: 0: 0
2021-08-05 14:28:37,874 - isca - DEBUG - Integration completed through    1 Oct 20   0: 0: 0
2021-08-05 14:28:39,040 - isca - DEBUG - Integration completed through    1 Oct 21   0: 0: 0
2021-08-05 14:28:40,209 - isca - DEBUG - Integration completed through    1 Oct 22   0: 0: 0
2021-08-05 14:28:41,376 - isca - DEBUG - Integration completed through    1 Oct 23   0: 0: 0
2021-08-05 14:28:42,544 - isca - DEBUG - Integration completed through    1 Oct 24   0: 0: 0
2021-08-05 14:28:43,710 - isca - DEBUG - Integration completed through    1 Oct 25   0: 0: 0
2021-08-05 14:28:44,876 - isca - DEBUG - Integration completed through    1 Oct 26   0: 0: 0
2021-08-05 14:28:46,042 - isca - DEBUG - Integration completed through    1 Oct 27   0: 0: 0
2021-08-05 14:28:47,209 - isca - DEBUG - Integration completed through    1 Oct 28   0: 0: 0
2021-08-05 14:28:48,376 - isca - DEBUG - Integration completed through    1 Oct 29   0: 0: 0
2021-08-05 14:28:49,543 - isca - DEBUG - Integration completed through    1 Oct 30   0: 0: 0
2021-08-05 14:28:50,710 - isca - DEBUG - Integration completed through    1 Nov  1   0: 0: 0
2021-08-05 14:28:51,976 - isca - DEBUG - Integration completed through    1 Nov  2   0: 0: 0
2021-08-05 14:28:53,145 - isca - DEBUG - Integration completed through    1 Nov  3   0: 0: 0
2021-08-05 14:28:54,315 - isca - DEBUG - Integration completed through    1 Nov  4   0: 0: 0
2021-08-05 14:28:55,482 - isca - DEBUG - Integration completed through    1 Nov  5   0: 0: 0
2021-08-05 14:28:56,648 - isca - DEBUG - Integration completed through    1 Nov  6   0: 0: 0
2021-08-05 14:28:57,815 - isca - DEBUG - Integration completed through    1 Nov  7   0: 0: 0
2021-08-05 14:28:58,980 - isca - DEBUG - Integration completed through    1 Nov  8   0: 0: 0
2021-08-05 14:29:00,149 - isca - DEBUG - Integration completed through    1 Nov  9   0: 0: 0
2021-08-05 14:29:01,323 - isca - DEBUG - Integration completed through    1 Nov 10   0: 0: 0
2021-08-05 14:29:02,492 - isca - DEBUG - Integration completed through    1 Nov 11   0: 0: 0
2021-08-05 14:29:03,661 - isca - DEBUG - Integration completed through    1 Nov 12   0: 0: 0
2021-08-05 14:29:04,827 - isca - DEBUG - Integration completed through    1 Nov 13   0: 0: 0
2021-08-05 14:29:05,994 - isca - DEBUG - Integration completed through    1 Nov 14   0: 0: 0
2021-08-05 14:29:07,161 - isca - DEBUG - Integration completed through    1 Nov 15   0: 0: 0
2021-08-05 14:29:08,328 - isca - DEBUG - Integration completed through    1 Nov 16   0: 0: 0
2021-08-05 14:29:09,494 - isca - DEBUG - Integration completed through    1 Nov 17   0: 0: 0
2021-08-05 14:29:10,662 - isca - DEBUG - Integration completed through    1 Nov 18   0: 0: 0
2021-08-05 14:29:11,831 - isca - DEBUG - Integration completed through    1 Nov 19   0: 0: 0
2021-08-05 14:29:13,000 - isca - DEBUG - Integration completed through    1 Nov 20   0: 0: 0
2021-08-05 14:29:14,170 - isca - DEBUG - Integration completed through    1 Nov 21   0: 0: 0
2021-08-05 14:29:15,336 - isca - DEBUG - Integration completed through    1 Nov 22   0: 0: 0
2021-08-05 14:29:16,502 - isca - DEBUG - Integration completed through    1 Nov 23   0: 0: 0
2021-08-05 14:29:17,668 - isca - DEBUG - Integration completed through    1 Nov 24   0: 0: 0
2021-08-05 14:29:18,834 - isca - DEBUG - Integration completed through    1 Nov 25   0: 0: 0
2021-08-05 14:29:20,002 - isca - DEBUG - Integration completed through    1 Nov 26   0: 0: 0
2021-08-05 14:29:21,170 - isca - DEBUG - Integration completed through    1 Nov 27   0: 0: 0
2021-08-05 14:29:22,338 - isca - DEBUG - Integration completed through    1 Nov 28   0: 0: 0
2021-08-05 14:29:23,504 - isca - DEBUG - Integration completed through    1 Nov 29   0: 0: 0
2021-08-05 14:29:24,674 - isca - DEBUG - Integration completed through    1 Nov 30   0: 0: 0
2021-08-05 14:29:25,842 - isca - DEBUG - Integration completed through    1 Dec  1   0: 0: 0
2021-08-05 14:29:27,131 - isca - DEBUG - Integration completed through    1 Dec  2   0: 0: 0
2021-08-05 14:29:28,299 - isca - DEBUG - Integration completed through    1 Dec  3   0: 0: 0
2021-08-05 14:29:29,465 - isca - DEBUG - Integration completed through    1 Dec  4   0: 0: 0
2021-08-05 14:29:30,633 - isca - DEBUG - Integration completed through    1 Dec  5   0: 0: 0
2021-08-05 14:29:31,801 - isca - DEBUG - Integration completed through    1 Dec  6   0: 0: 0
2021-08-05 14:29:32,980 - isca - DEBUG - Integration completed through    1 Dec  7   0: 0: 0
2021-08-05 14:29:34,148 - isca - DEBUG - Integration completed through    1 Dec  8   0: 0: 0
2021-08-05 14:29:35,315 - isca - DEBUG - Integration completed through    1 Dec  9   0: 0: 0
2021-08-05 14:29:36,481 - isca - DEBUG - Integration completed through    1 Dec 10   0: 0: 0
2021-08-05 14:29:37,651 - isca - DEBUG - Integration completed through    1 Dec 11   0: 0: 0
2021-08-05 14:29:38,819 - isca - DEBUG - Integration completed through    1 Dec 12   0: 0: 0
2021-08-05 14:29:39,988 - isca - DEBUG - Integration completed through    1 Dec 13   0: 0: 0
2021-08-05 14:29:41,155 - isca - DEBUG - Integration completed through    1 Dec 14   0: 0: 0
2021-08-05 14:29:42,324 - isca - DEBUG - Integration completed through    1 Dec 15   0: 0: 0
2021-08-05 14:29:43,493 - isca - DEBUG - Integration completed through    1 Dec 16   0: 0: 0
2021-08-05 14:29:44,662 - isca - DEBUG - Integration completed through    1 Dec 17   0: 0: 0
2021-08-05 14:29:45,831 - isca - DEBUG - Integration completed through    1 Dec 18   0: 0: 0
2021-08-05 14:29:46,999 - isca - DEBUG - Integration completed through    1 Dec 19   0: 0: 0
2021-08-05 14:29:48,166 - isca - DEBUG - Integration completed through    1 Dec 20   0: 0: 0
2021-08-05 14:29:49,337 - isca - DEBUG - Integration completed through    1 Dec 21   0: 0: 0
2021-08-05 14:29:50,509 - isca - DEBUG - Integration completed through    1 Dec 22   0: 0: 0
2021-08-05 14:29:51,679 - isca - DEBUG - Integration completed through    1 Dec 23   0: 0: 0
2021-08-05 14:29:52,847 - isca - DEBUG - Integration completed through    1 Dec 24   0: 0: 0
2021-08-05 14:29:54,017 - isca - DEBUG - Integration completed through    1 Dec 25   0: 0: 0
2021-08-05 14:29:55,186 - isca - DEBUG - Integration completed through    1 Dec 26   0: 0: 0
2021-08-05 14:29:56,353 - isca - DEBUG - Integration completed through    1 Dec 27   0: 0: 0
2021-08-05 14:29:57,523 - isca - DEBUG - Integration completed through    1 Dec 28   0: 0: 0
2021-08-05 14:29:58,693 - isca - DEBUG - Integration completed through    1 Dec 29   0: 0: 0
2021-08-05 14:29:59,862 - isca - DEBUG - Integration completed through    1 Dec 30   0: 0: 0
2021-08-05 14:30:01,032 - isca - DEBUG - Integration completed through    2 Jan  1   0: 0: 0
2021-08-05 14:30:01,222 - isca - DEBUG - NOTE from PE    0: MPP_IO_SET_STACK_SIZE: stack size set to     245760.
2021-08-05 14:30:01,913 - isca - DEBUG - MPP_DOMAINS_STACK high water mark=       30720
2021-08-05 14:30:01,913 - isca - DEBUG - 
2021-08-05 14:30:01,913 - isca - DEBUG - Tabulating mpp_clock statistics across     32 PEs...
2021-08-05 14:30:01,913 - isca - DEBUG - 
2021-08-05 14:30:01,914 - isca - DEBUG - tmin          tmax          tavg          tstd  tfrac grain pemin pemax
2021-08-05 14:30:01,914 - isca - DEBUG - Total runtime                       427.592366    427.592374    427.592371      0.000002  1.000     0     0    31
2021-08-05 14:30:01,914 - isca - DEBUG - MPP_STACK high water mark=           0
2021-08-05 14:30:02,004 - isca - INFO - Run 1 complete
2021-08-05 14:30:06,070 - isca - DEBUG - atmos_monthly.nc combined and copied to data directory
2021-08-05 14:30:08,307 - isca - INFO - Restart archive created at /network/group/aopp/planetary/PLR018_LEWIS_VENUS2/isca_data/GREY_T42L30fr_TL_om_1_5_a_1_1_ps_1_1/restarts/res0001.tar.gz
2021-08-05 14:30:08,452 - isca - INFO - Writing namelist to '/network/group/aopp/planetary/PLR018_LEWIS_VENUS2/isca_data/GREY_T42L30fr_TL_om_1_5_a_1_1_ps_1_1/run0001/input.nml'
2021-08-05 14:30:08,523 - isca - INFO - Writing field_table to '/network/group/aopp/planetary/PLR018_LEWIS_VENUS2/isca_data/GREY_T42L30fr_TL_om_1_5_a_1_1_ps_1_1/run0001/field_table'
2021-08-05 14:30:08,545 - isca - INFO - Writing diag_table to '/network/group/aopp/planetary/PLR018_LEWIS_VENUS2/isca_data/GREY_T42L30fr_TL_om_1_5_a_1_1_ps_1_1/run0001/diag_table'
2021-08-05 14:30:09,931 - isca - INFO - Emptied run directory '/network/group/aopp/planetary/PLR018_LEWIS_VENUS2/isca_work/experiment/GREY_T42L30fr_TL_om_1_5_a_1_1_ps_1_1/run'
2021-08-05 14:30:10,029 - isca - INFO - Emptied run directory '/network/group/aopp/planetary/PLR018_LEWIS_VENUS2/isca_work/experiment/GREY_T42L30fr_TL_om_1_5_a_1_1_ps_1_1/run'
2021-08-05 14:30:10,692 - isca - INFO - Writing namelist to '/network/group/aopp/planetary/PLR018_LEWIS_VENUS2/isca_work/experiment/GREY_T42L30fr_TL_om_1_5_a_1_1_ps_1_1/run/input.nml'
2021-08-05 14:30:10,727 - isca - INFO - Writing field_table to '/network/group/aopp/planetary/PLR018_LEWIS_VENUS2/isca_work/experiment/GREY_T42L30fr_TL_om_1_5_a_1_1_ps_1_1/run/field_table'
2021-08-05 14:30:10,766 - isca - INFO - Writing diag_table to '/network/group/aopp/planetary/PLR018_LEWIS_VENUS2/isca_work/experiment/GREY_T42L30fr_TL_om_1_5_a_1_1_ps_1_1/run/diag_table'
2021-08-05 14:30:10,795 - isca - INFO - Using restart file '/network/group/aopp/planetary/PLR018_LEWIS_VENUS2/isca_data/GREY_T42L30fr_TL_om_1_5_a_1_1_ps_1_1/restarts/res0001.tar.gz'
2021-08-05 14:30:11,406 - isca - INFO - Restart /network/group/aopp/planetary/PLR018_LEWIS_VENUS2/isca_data/GREY_T42L30fr_TL_om_1_5_a_1_1_ps_1_1/restarts/res0001.tar.gz extracted to /network/group/aopp/planetary/PLR018_LEWIS_VENUS2/isca_work/experiment/GREY_T42L30fr_TL_om_1_5_a_1_1_ps_1_1/run/INPUT
2021-08-05 14:30:11,465 - isca - INFO - Beginning run 2
2021-08-05 14:30:11,476 - isca - INFO - process running as 44238
2021-08-05 14:30:11,510 - isca - DEBUG - loadmodules for oxford machines
2021-08-05 14:30:11,932 - isca - DEBUG - [?1h=Currently Loaded Modulefiles:[m
2021-08-05 14:30:11,956 - isca - DEBUG - 1) physicspaths/2.0         6) otheros/generic-arc          [m
2021-08-05 14:30:11,957 - isca - DEBUG - 2) otheros/generic-oxphys   7) intel-compilers/2018upd4     [m
2021-08-05 14:30:11,957 - isca - DEBUG - 3) otheros/ubuntu_bionic    8) intel-mpi/2015               [m
2021-08-05 14:30:11,957 - isca - DEBUG - 4) otheros/ubuntu_trusty    9) netcdf/netcdf-c-4.7.3        [m
2021-08-05 14:30:11,957 - isca - DEBUG - 5) arcpaths/1.0            10) netcdf/netcdf-fortran-4.5.2  [m
2021-08-05 14:30:12,401 - isca - DEBUG - [K[?1l>NOTE from PE    0: MPP_DOMAINS_SET_STACK_SIZE: stack size set to    32768.
2021-08-05 14:30:12,402 - isca - DEBUG - &MPP_IO_NML
2021-08-05 14:30:12,402 - isca - DEBUG - HEADER_BUFFER_VAL       =       16384,
2021-08-05 14:30:12,402 - isca - DEBUG - GLOBAL_FIELD_ON_ROOT_PE = T,
2021-08-05 14:30:12,402 - isca - DEBUG - IO_CLOCKS_ON    = F,
2021-08-05 14:30:12,402 - isca - DEBUG - SHUFFLE =           0,
2021-08-05 14:30:12,402 - isca - DEBUG - DEFLATE_LEVEL   =          -1
2021-08-05 14:30:12,402 - isca - DEBUG - /
2021-08-05 14:30:12,404 - isca - DEBUG - NOTE from PE    0: MPP_IO_SET_STACK_SIZE: stack size set to     131072.
2021-08-05 14:30:12,406 - isca - DEBUG - NOTE from PE    0: MPP_DOMAINS_SET_STACK_SIZE: stack size set to   600000.
2021-08-05 14:30:12,514 - isca - DEBUG - starting            1  OpenMP threads per MPI-task
2021-08-05 14:30:12,526 - isca - DEBUG - ATMOS MODEL DOMAIN DECOMPOSITION
2021-08-05 14:30:12,527 - isca - DEBUG - X-AXIS =  128
2021-08-05 14:30:12,527 - isca - DEBUG - Y-AXIS =    2   2   2   2   2   2   2   2   2   2   2   2   2   2   2   2   2   2   2   2   2   2   2   2
2021-08-05 14:30:12,527 - isca - DEBUG - 2   2   2   2   2   2   2   2
2021-08-05 14:30:13,592 - isca - DEBUG - NOTE from PE    0: idealized_moist_phys: Using AM3 dry adjustment convection scheme.
2021-08-05 14:30:15,434 - isca - DEBUG - Integration completed through    2 Jan  2   0: 0: 0
2021-08-05 14:30:16,619 - isca - DEBUG - Integration completed through    2 Jan  3   0: 0: 0
2021-08-05 14:30:17,798 - isca - DEBUG - Integration completed through    2 Jan  4   0: 0: 0
2021-08-05 14:30:18,982 - isca - DEBUG - Integration completed through    2 Jan  5   0: 0: 0
2021-08-05 14:30:20,163 - isca - DEBUG - Integration completed through    2 Jan  6   0: 0: 0
2021-08-05 14:30:21,345 - isca - DEBUG - Integration completed through    2 Jan  7   0: 0: 0
2021-08-05 14:30:22,529 - isca - DEBUG - Integration completed through    2 Jan  8   0: 0: 0
2021-08-05 14:30:23,711 - isca - DEBUG - Integration completed through    2 Jan  9   0: 0: 0
2021-08-05 14:30:24,892 - isca - DEBUG - Integration completed through    2 Jan 10   0: 0: 0
2021-08-05 14:30:26,073 - isca - DEBUG - Integration completed through    2 Jan 11   0: 0: 0
2021-08-05 14:30:27,258 - isca - DEBUG - Integration completed through    2 Jan 12   0: 0: 0
2021-08-05 14:30:28,441 - isca - DEBUG - Integration completed through    2 Jan 13   0: 0: 0
2021-08-05 14:30:29,631 - isca - DEBUG - Integration completed through    2 Jan 14   0: 0: 0
2021-08-05 14:30:30,819 - isca - DEBUG - Integration completed through    2 Jan 15   0: 0: 0
2021-08-05 14:30:32,104 - isca - DEBUG - Integration completed through    2 Jan 16   0: 0: 0
2021-08-05 14:30:33,287 - isca - DEBUG - Integration completed through    2 Jan 17   0: 0: 0
2021-08-05 14:30:34,471 - isca - DEBUG - Integration completed through    2 Jan 18   0: 0: 0
2021-08-05 14:30:35,654 - isca - DEBUG - Integration completed through    2 Jan 19   0: 0: 0
2021-08-05 14:30:36,838 - isca - DEBUG - Integration completed through    2 Jan 20   0: 0: 0
2021-08-05 14:30:38,022 - isca - DEBUG - Integration completed through    2 Jan 21   0: 0: 0
2021-08-05 14:30:39,207 - isca - DEBUG - Integration completed through    2 Jan 22   0: 0: 0
2021-08-05 14:30:40,390 - isca - DEBUG - Integration completed through    2 Jan 23   0: 0: 0
2021-08-05 14:30:41,572 - isca - DEBUG - Integration completed through    2 Jan 24   0: 0: 0
2021-08-05 14:30:42,755 - isca - DEBUG - Integration completed through    2 Jan 25   0: 0: 0
2021-08-05 14:30:43,939 - isca - DEBUG - Integration completed through    2 Jan 26   0: 0: 0
2021-08-05 14:30:45,121 - isca - DEBUG - Integration completed through    2 Jan 27   0: 0: 0
2021-08-05 14:30:46,312 - isca - DEBUG - Integration completed through    2 Jan 28   0: 0: 0
2021-08-05 14:30:47,495 - isca - DEBUG - Integration completed through    2 Jan 29   0: 0: 0
2021-08-05 14:30:48,680 - isca - DEBUG - Integration completed through    2 Jan 30   0: 0: 0
2021-08-05 14:30:49,864 - isca - DEBUG - Integration completed through    2 Feb  1   0: 0: 0
2021-08-05 14:30:52,312 - isca - DEBUG - Integration completed through    2 Feb  2   0: 0: 0
2021-08-05 14:30:53,574 - isca - DEBUG - Integration completed through    2 Feb  3   0: 0: 0
2021-08-05 14:30:54,973 - isca - DEBUG - Integration completed through    2 Feb  4   0: 0: 0
2021-08-05 14:30:56,530 - isca - DEBUG - Integration completed through    2 Feb  5   0: 0: 0
2021-08-05 14:30:57,946 - isca - DEBUG - Integration completed through    2 Feb  6   0: 0: 0
2021-08-05 14:30:59,224 - isca - DEBUG - Integration completed through    2 Feb  7   0: 0: 0
2021-08-05 14:31:00,405 - isca - DEBUG - Integration completed through    2 Feb  8   0: 0: 0
2021-08-05 14:31:01,587 - isca - DEBUG - Integration completed through    2 Feb  9   0: 0: 0
2021-08-05 14:31:02,770 - isca - DEBUG - Integration completed through    2 Feb 10   0: 0: 0
2021-08-05 14:31:03,958 - isca - DEBUG - Integration completed through    2 Feb 11   0: 0: 0
2021-08-05 14:31:05,144 - isca - DEBUG - Integration completed through    2 Feb 12   0: 0: 0
2021-08-05 14:31:06,333 - isca - DEBUG - Integration completed through    2 Feb 13   0: 0: 0
2021-08-05 14:31:07,517 - isca - DEBUG - Integration completed through    2 Feb 14   0: 0: 0
2021-08-05 14:31:08,702 - isca - DEBUG - Integration completed through    2 Feb 15   0: 0: 0
2021-08-05 14:31:09,887 - isca - DEBUG - Integration completed through    2 Feb 16   0: 0: 0
2021-08-05 14:31:11,071 - isca - DEBUG - Integration completed through    2 Feb 17   0: 0: 0
2021-08-05 14:31:12,253 - isca - DEBUG - Integration completed through    2 Feb 18   0: 0: 0
2021-08-05 14:31:13,435 - isca - DEBUG - Integration completed through    2 Feb 19   0: 0: 0
2021-08-05 14:31:14,616 - isca - DEBUG - Integration completed through    2 Feb 20   0: 0: 0
2021-08-05 14:31:15,798 - isca - DEBUG - Integration completed through    2 Feb 21   0: 0: 0
2021-08-05 14:31:16,981 - isca - DEBUG - Integration completed through    2 Feb 22   0: 0: 0
2021-08-05 14:31:18,165 - isca - DEBUG - Integration completed through    2 Feb 23   0: 0: 0
2021-08-05 14:31:19,352 - isca - DEBUG - Integration completed through    2 Feb 24   0: 0: 0
2021-08-05 14:31:20,533 - isca - DEBUG - Integration completed through    2 Feb 25   0: 0: 0
2021-08-05 14:31:21,716 - isca - DEBUG - Integration completed through    2 Feb 26   0: 0: 0
2021-08-05 14:31:22,900 - isca - DEBUG - Integration completed through    2 Feb 27   0: 0: 0
2021-08-05 14:31:24,087 - isca - DEBUG - Integration completed through    2 Feb 28   0: 0: 0
2021-08-05 14:31:25,272 - isca - DEBUG - Integration completed through    2 Feb 29   0: 0: 0
2021-08-05 14:31:26,455 - isca - DEBUG - Integration completed through    2 Feb 30   0: 0: 0
2021-08-05 14:31:27,641 - isca - DEBUG - Integration completed through    2 Mar  1   0: 0: 0
2021-08-05 14:31:28,938 - isca - DEBUG - Integration completed through    2 Mar  2   0: 0: 0
2021-08-05 14:31:30,122 - isca - DEBUG - Integration completed through    2 Mar  3   0: 0: 0
2021-08-05 14:31:31,307 - isca - DEBUG - Integration completed through    2 Mar  4   0: 0: 0
2021-08-05 14:31:32,492 - isca - DEBUG - Integration completed through    2 Mar  5   0: 0: 0
2021-08-05 14:31:33,677 - isca - DEBUG - Integration completed through    2 Mar  6   0: 0: 0
2021-08-05 14:31:34,861 - isca - DEBUG - Integration completed through    2 Mar  7   0: 0: 0
2021-08-05 14:31:36,047 - isca - DEBUG - Integration completed through    2 Mar  8   0: 0: 0
2021-08-05 14:31:37,230 - isca - DEBUG - Integration completed through    2 Mar  9   0: 0: 0
2021-08-05 14:31:38,415 - isca - DEBUG - Integration completed through    2 Mar 10   0: 0: 0
2021-08-05 14:31:39,600 - isca - DEBUG - Integration completed through    2 Mar 11   0: 0: 0
2021-08-05 14:31:40,788 - isca - DEBUG - Integration completed through    2 Mar 12   0: 0: 0
2021-08-05 14:31:41,972 - isca - DEBUG - Integration completed through    2 Mar 13   0: 0: 0
2021-08-05 14:31:43,156 - isca - DEBUG - Integration completed through    2 Mar 14   0: 0: 0
2021-08-05 14:31:44,340 - isca - DEBUG - Integration completed through    2 Mar 15   0: 0: 0
2021-08-05 14:31:45,525 - isca - DEBUG - Integration completed through    2 Mar 16   0: 0: 0
2021-08-05 14:31:46,708 - isca - DEBUG - Integration completed through    2 Mar 17   0: 0: 0
2021-08-05 14:31:47,891 - isca - DEBUG - Integration completed through    2 Mar 18   0: 0: 0
2021-08-05 14:31:49,075 - isca - DEBUG - Integration completed through    2 Mar 19   0: 0: 0
2021-08-05 14:31:50,258 - isca - DEBUG - Integration completed through    2 Mar 20   0: 0: 0
2021-08-05 14:31:51,443 - isca - DEBUG - Integration completed through    2 Mar 21   0: 0: 0
2021-08-05 14:31:52,629 - isca - DEBUG - Integration completed through    2 Mar 22   0: 0: 0
2021-08-05 14:31:53,815 - isca - DEBUG - Integration completed through    2 Mar 23   0: 0: 0
2021-08-05 14:31:54,999 - isca - DEBUG - Integration completed through    2 Mar 24   0: 0: 0
2021-08-05 14:31:56,183 - isca - DEBUG - Integration completed through    2 Mar 25   0: 0: 0
2021-08-05 14:31:57,367 - isca - DEBUG - Integration completed through    2 Mar 26   0: 0: 0
2021-08-05 14:31:58,550 - isca - DEBUG - Integration completed through    2 Mar 27   0: 0: 0
2021-08-05 14:31:59,735 - isca - DEBUG - Integration completed through    2 Mar 28   0: 0: 0
2021-08-05 14:32:00,921 - isca - DEBUG - Integration completed through    2 Mar 29   0: 0: 0
2021-08-05 14:32:02,104 - isca - DEBUG - Integration completed through    2 Mar 30   0: 0: 0
2021-08-05 14:32:03,288 - isca - DEBUG - Integration completed through    2 Apr  1   0: 0: 0
2021-08-05 14:32:04,543 - isca - DEBUG - Integration completed through    2 Apr  2   0: 0: 0
2021-08-05 14:32:05,727 - isca - DEBUG - Integration completed through    2 Apr  3   0: 0: 0
2021-08-05 14:32:06,910 - isca - DEBUG - Integration completed through    2 Apr  4   0: 0: 0
2021-08-05 14:32:08,095 - isca - DEBUG - Integration completed through    2 Apr  5   0: 0: 0
2021-08-05 14:32:09,294 - isca - DEBUG - Integration completed through    2 Apr  6   0: 0: 0
2021-08-05 14:32:10,478 - isca - DEBUG - Integration completed through    2 Apr  7   0: 0: 0
2021-08-05 14:32:11,660 - isca - DEBUG - Integration completed through    2 Apr  8   0: 0: 0
2021-08-05 14:32:12,846 - isca - DEBUG - Integration completed through    2 Apr  9   0: 0: 0
2021-08-05 14:32:14,031 - isca - DEBUG - Integration completed through    2 Apr 10   0: 0: 0
2021-08-05 14:32:15,216 - isca - DEBUG - Integration completed through    2 Apr 11   0: 0: 0
2021-08-05 14:32:16,401 - isca - DEBUG - Integration completed through    2 Apr 12   0: 0: 0
2021-08-05 14:32:17,586 - isca - DEBUG - Integration completed through    2 Apr 13   0: 0: 0
2021-08-05 14:32:18,774 - isca - DEBUG - Integration completed through    2 Apr 14   0: 0: 0
2021-08-05 14:32:19,961 - isca - DEBUG - Integration completed through    2 Apr 15   0: 0: 0
2021-08-05 14:32:21,147 - isca - DEBUG - Integration completed through    2 Apr 16   0: 0: 0
2021-08-05 14:32:22,329 - isca - DEBUG - Integration completed through    2 Apr 17   0: 0: 0
2021-08-05 14:32:23,513 - isca - DEBUG - Integration completed through    2 Apr 18   0: 0: 0
2021-08-05 14:32:24,698 - isca - DEBUG - Integration completed through    2 Apr 19   0: 0: 0
2021-08-05 14:32:25,882 - isca - DEBUG - Integration completed through    2 Apr 20   0: 0: 0
2021-08-05 14:32:27,067 - isca - DEBUG - Integration completed through    2 Apr 21   0: 0: 0
2021-08-05 14:32:28,251 - isca - DEBUG - Integration completed through    2 Apr 22   0: 0: 0
2021-08-05 14:32:29,436 - isca - DEBUG - Integration completed through    2 Apr 23   0: 0: 0
2021-08-05 14:32:30,622 - isca - DEBUG - Integration completed through    2 Apr 24   0: 0: 0
2021-08-05 14:32:31,809 - isca - DEBUG - Integration completed through    2 Apr 25   0: 0: 0
2021-08-05 14:32:32,996 - isca - DEBUG - Integration completed through    2 Apr 26   0: 0: 0
2021-08-05 14:32:34,184 - isca - DEBUG - Integration completed through    2 Apr 27   0: 0: 0
2021-08-05 14:32:35,372 - isca - DEBUG - Integration completed through    2 Apr 28   0: 0: 0
2021-08-05 14:32:36,557 - isca - DEBUG - Integration completed through    2 Apr 29   0: 0: 0
2021-08-05 14:32:37,743 - isca - DEBUG - Integration completed through    2 Apr 30   0: 0: 0
2021-08-05 14:32:38,926 - isca - DEBUG - Integration completed through    2 May  1   0: 0: 0
2021-08-05 14:32:40,242 - isca - DEBUG - Integration completed through    2 May  2   0: 0: 0
2021-08-05 14:32:41,426 - isca - DEBUG - Integration completed through    2 May  3   0: 0: 0
2021-08-05 14:32:42,611 - isca - DEBUG - Integration completed through    2 May  4   0: 0: 0
2021-08-05 14:32:43,798 - isca - DEBUG - Integration completed through    2 May  5   0: 0: 0
2021-08-05 14:32:44,984 - isca - DEBUG - Integration completed through    2 May  6   0: 0: 0
2021-08-05 14:32:46,171 - isca - DEBUG - Integration completed through    2 May  7   0: 0: 0
2021-08-05 14:32:47,359 - isca - DEBUG - Integration completed through    2 May  8   0: 0: 0
2021-08-05 14:32:48,545 - isca - DEBUG - Integration completed through    2 May  9   0: 0: 0
2021-08-05 14:32:49,731 - isca - DEBUG - Integration completed through    2 May 10   0: 0: 0
2021-08-05 14:32:50,917 - isca - DEBUG - Integration completed through    2 May 11   0: 0: 0
2021-08-05 14:32:52,103 - isca - DEBUG - Integration completed through    2 May 12   0: 0: 0
2021-08-05 14:32:53,288 - isca - DEBUG - Integration completed through    2 May 13   0: 0: 0
2021-08-05 14:32:54,476 - isca - DEBUG - Integration completed through    2 May 14   0: 0: 0
2021-08-05 14:32:55,663 - isca - DEBUG - Integration completed through    2 May 15   0: 0: 0
2021-08-05 14:32:56,849 - isca - DEBUG - Integration completed through    2 May 16   0: 0: 0
2021-08-05 14:32:58,034 - isca - DEBUG - Integration completed through    2 May 17   0: 0: 0
2021-08-05 14:32:59,220 - isca - DEBUG - Integration completed through    2 May 18   0: 0: 0
2021-08-05 14:33:00,404 - isca - DEBUG - Integration completed through    2 May 19   0: 0: 0
2021-08-05 14:33:01,588 - isca - DEBUG - Integration completed through    2 May 20   0: 0: 0
2021-08-05 14:33:02,771 - isca - DEBUG - Integration completed through    2 May 21   0: 0: 0
2021-08-05 14:33:03,956 - isca - DEBUG - Integration completed through    2 May 22   0: 0: 0
2021-08-05 14:33:05,140 - isca - DEBUG - Integration completed through    2 May 23   0: 0: 0
2021-08-05 14:33:06,326 - isca - DEBUG - Integration completed through    2 May 24   0: 0: 0
2021-08-05 14:33:07,511 - isca - DEBUG - Integration completed through    2 May 25   0: 0: 0
2021-08-05 14:33:08,697 - isca - DEBUG - Integration completed through    2 May 26   0: 0: 0
2021-08-05 14:33:09,883 - isca - DEBUG - Integration completed through    2 May 27   0: 0: 0
2021-08-05 14:33:11,071 - isca - DEBUG - Integration completed through    2 May 28   0: 0: 0
2021-08-05 14:33:12,256 - isca - DEBUG - Integration completed through    2 May 29   0: 0: 0
2021-08-05 14:33:13,440 - isca - DEBUG - Integration completed through    2 May 30   0: 0: 0
2021-08-05 14:33:14,629 - isca - DEBUG - Integration completed through    2 Jun  1   0: 0: 0
2021-08-05 14:33:15,930 - isca - DEBUG - Integration completed through    2 Jun  2   0: 0: 0
2021-08-05 14:33:17,115 - isca - DEBUG - Integration completed through    2 Jun  3   0: 0: 0
2021-08-05 14:33:18,302 - isca - DEBUG - Integration completed through    2 Jun  4   0: 0: 0
2021-08-05 14:33:19,492 - isca - DEBUG - Integration completed through    2 Jun  5   0: 0: 0
2021-08-05 14:33:20,679 - isca - DEBUG - Integration completed through    2 Jun  6   0: 0: 0
2021-08-05 14:33:21,865 - isca - DEBUG - Integration completed through    2 Jun  7   0: 0: 0
2021-08-05 14:33:23,051 - isca - DEBUG - Integration completed through    2 Jun  8   0: 0: 0
2021-08-05 14:33:24,251 - isca - DEBUG - Integration completed through    2 Jun  9   0: 0: 0
2021-08-05 14:33:25,438 - isca - DEBUG - Integration completed through    2 Jun 10   0: 0: 0
2021-08-05 14:33:26,624 - isca - DEBUG - Integration completed through    2 Jun 11   0: 0: 0
2021-08-05 14:33:27,810 - isca - DEBUG - Integration completed through    2 Jun 12   0: 0: 0
2021-08-05 14:33:28,997 - isca - DEBUG - Integration completed through    2 Jun 13   0: 0: 0
2021-08-05 14:33:30,182 - isca - DEBUG - Integration completed through    2 Jun 14   0: 0: 0
2021-08-05 14:33:31,368 - isca - DEBUG - Integration completed through    2 Jun 15   0: 0: 0
2021-08-05 14:33:32,555 - isca - DEBUG - Integration completed through    2 Jun 16   0: 0: 0
2021-08-05 14:33:33,740 - isca - DEBUG - Integration completed through    2 Jun 17   0: 0: 0
2021-08-05 14:33:34,924 - isca - DEBUG - Integration completed through    2 Jun 18   0: 0: 0
2021-08-05 14:33:36,106 - isca - DEBUG - Integration completed through    2 Jun 19   0: 0: 0
2021-08-05 14:33:37,289 - isca - DEBUG - Integration completed through    2 Jun 20   0: 0: 0
2021-08-05 14:33:38,475 - isca - DEBUG - Integration completed through    2 Jun 21   0: 0: 0
2021-08-05 14:33:39,658 - isca - DEBUG - Integration completed through    2 Jun 22   0: 0: 0
2021-08-05 14:33:40,844 - isca - DEBUG - Integration completed through    2 Jun 23   0: 0: 0
2021-08-05 14:33:42,027 - isca - DEBUG - Integration completed through    2 Jun 24   0: 0: 0
2021-08-05 14:33:43,214 - isca - DEBUG - Integration completed through    2 Jun 25   0: 0: 0
2021-08-05 14:33:44,403 - isca - DEBUG - Integration completed through    2 Jun 26   0: 0: 0
2021-08-05 14:33:45,587 - isca - DEBUG - Integration completed through    2 Jun 27   0: 0: 0
2021-08-05 14:33:46,772 - isca - DEBUG - Integration completed through    2 Jun 28   0: 0: 0
2021-08-05 14:33:47,957 - isca - DEBUG - Integration completed through    2 Jun 29   0: 0: 0
2021-08-05 14:33:49,143 - isca - DEBUG - Integration completed through    2 Jun 30   0: 0: 0
2021-08-05 14:33:50,330 - isca - DEBUG - Integration completed through    2 Jul  1   0: 0: 0
2021-08-05 14:33:51,565 - isca - DEBUG - Integration completed through    2 Jul  2   0: 0: 0
2021-08-05 14:33:52,749 - isca - DEBUG - Integration completed through    2 Jul  3   0: 0: 0
2021-08-05 14:33:53,933 - isca - DEBUG - Integration completed through    2 Jul  4   0: 0: 0
2021-08-05 14:33:55,118 - isca - DEBUG - Integration completed through    2 Jul  5   0: 0: 0
2021-08-05 14:33:56,306 - isca - DEBUG - Integration completed through    2 Jul  6   0: 0: 0
2021-08-05 14:33:57,492 - isca - DEBUG - Integration completed through    2 Jul  7   0: 0: 0
2021-08-05 14:33:58,678 - isca - DEBUG - Integration completed through    2 Jul  8   0: 0: 0
2021-08-05 14:33:59,866 - isca - DEBUG - Integration completed through    2 Jul  9   0: 0: 0
2021-08-05 14:34:01,050 - isca - DEBUG - Integration completed through    2 Jul 10   0: 0: 0
2021-08-05 14:34:02,236 - isca - DEBUG - Integration completed through    2 Jul 11   0: 0: 0
2021-08-05 14:34:03,420 - isca - DEBUG - Integration completed through    2 Jul 12   0: 0: 0
2021-08-05 14:34:04,607 - isca - DEBUG - Integration completed through    2 Jul 13   0: 0: 0
2021-08-05 14:34:05,790 - isca - DEBUG - Integration completed through    2 Jul 14   0: 0: 0
2021-08-05 14:34:06,974 - isca - DEBUG - Integration completed through    2 Jul 15   0: 0: 0
2021-08-05 14:34:08,157 - isca - DEBUG - Integration completed through    2 Jul 16   0: 0: 0
2021-08-05 14:34:09,348 - isca - DEBUG - Integration completed through    2 Jul 17   0: 0: 0
2021-08-05 14:34:10,530 - isca - DEBUG - Integration completed through    2 Jul 18   0: 0: 0
2021-08-05 14:34:11,716 - isca - DEBUG - Integration completed through    2 Jul 19   0: 0: 0
2021-08-05 14:34:12,902 - isca - DEBUG - Integration completed through    2 Jul 20   0: 0: 0
2021-08-05 14:34:14,088 - isca - DEBUG - Integration completed through    2 Jul 21   0: 0: 0
2021-08-05 14:34:15,272 - isca - DEBUG - Integration completed through    2 Jul 22   0: 0: 0
2021-08-05 14:34:16,456 - isca - DEBUG - Integration completed through    2 Jul 23   0: 0: 0
2021-08-05 14:34:17,643 - isca - DEBUG - Integration completed through    2 Jul 24   0: 0: 0
2021-08-05 14:34:18,832 - isca - DEBUG - Integration completed through    2 Jul 25   0: 0: 0
2021-08-05 14:34:20,020 - isca - DEBUG - Integration completed through    2 Jul 26   0: 0: 0
2021-08-05 14:34:21,208 - isca - DEBUG - Integration completed through    2 Jul 27   0: 0: 0
2021-08-05 14:34:22,391 - isca - DEBUG - Integration completed through    2 Jul 28   0: 0: 0
2021-08-05 14:34:23,576 - isca - DEBUG - Integration completed through    2 Jul 29   0: 0: 0
2021-08-05 14:34:24,759 - isca - DEBUG - Integration completed through    2 Jul 30   0: 0: 0
2021-08-05 14:34:25,945 - isca - DEBUG - Integration completed through    2 Aug  1   0: 0: 0
2021-08-05 14:34:27,171 - isca - DEBUG - Integration completed through    2 Aug  2   0: 0: 0
2021-08-05 14:34:28,357 - isca - DEBUG - Integration completed through    2 Aug  3   0: 0: 0
2021-08-05 14:34:29,544 - isca - DEBUG - Integration completed through    2 Aug  4   0: 0: 0
2021-08-05 14:34:30,730 - isca - DEBUG - Integration completed through    2 Aug  5   0: 0: 0
2021-08-05 14:34:31,913 - isca - DEBUG - Integration completed through    2 Aug  6   0: 0: 0
2021-08-05 14:34:33,107 - isca - DEBUG - Integration completed through    2 Aug  7   0: 0: 0
2021-08-05 14:34:34,292 - isca - DEBUG - Integration completed through    2 Aug  8   0: 0: 0
2021-08-05 14:34:35,475 - isca - DEBUG - Integration completed through    2 Aug  9   0: 0: 0
2021-08-05 14:34:36,662 - isca - DEBUG - Integration completed through    2 Aug 10   0: 0: 0
2021-08-05 14:34:37,848 - isca - DEBUG - Integration completed through    2 Aug 11   0: 0: 0
2021-08-05 14:34:39,032 - isca - DEBUG - Integration completed through    2 Aug 12   0: 0: 0
2021-08-05 14:34:40,218 - isca - DEBUG - Integration completed through    2 Aug 13   0: 0: 0
2021-08-05 14:34:41,405 - isca - DEBUG - Integration completed through    2 Aug 14   0: 0: 0
2021-08-05 14:34:42,588 - isca - DEBUG - Integration completed through    2 Aug 15   0: 0: 0
2021-08-05 14:34:43,775 - isca - DEBUG - Integration completed through    2 Aug 16   0: 0: 0
2021-08-05 14:34:44,959 - isca - DEBUG - Integration completed through    2 Aug 17   0: 0: 0
2021-08-05 14:34:46,145 - isca - DEBUG - Integration completed through    2 Aug 18   0: 0: 0
2021-08-05 14:34:47,330 - isca - DEBUG - Integration completed through    2 Aug 19   0: 0: 0
2021-08-05 14:34:48,515 - isca - DEBUG - Integration completed through    2 Aug 20   0: 0: 0
2021-08-05 14:34:49,701 - isca - DEBUG - Integration completed through    2 Aug 21   0: 0: 0
2021-08-05 14:34:50,887 - isca - DEBUG - Integration completed through    2 Aug 22   0: 0: 0
2021-08-05 14:34:52,071 - isca - DEBUG - Integration completed through    2 Aug 23   0: 0: 0
2021-08-05 14:34:53,256 - isca - DEBUG - Integration completed through    2 Aug 24   0: 0: 0
2021-08-05 14:34:54,440 - isca - DEBUG - Integration completed through    2 Aug 25   0: 0: 0
2021-08-05 14:34:55,625 - isca - DEBUG - Integration completed through    2 Aug 26   0: 0: 0
2021-08-05 14:34:56,811 - isca - DEBUG - Integration completed through    2 Aug 27   0: 0: 0
2021-08-05 14:34:57,994 - isca - DEBUG - Integration completed through    2 Aug 28   0: 0: 0
2021-08-05 14:34:59,182 - isca - DEBUG - Integration completed through    2 Aug 29   0: 0: 0
2021-08-05 14:35:00,368 - isca - DEBUG - Integration completed through    2 Aug 30   0: 0: 0
2021-08-05 14:35:01,596 - isca - DEBUG - Integration completed through    2 Sep  1   0: 0: 0
2021-08-05 14:35:02,309 - isca - DEBUG - srun: Job step aborted: Waiting up to 32 seconds for job step to finish.
slurmstepd-atmnode024: error: *** JOB 6574 ON atmnode024 CANCELLED AT 2021-08-05T14:35:02 ***
2021-08-05 14:35:02,313 - isca - DEBUG - slurmstepd-atmnode024: error: *** STEP 6574.1 ON atmnode024 CANCELLED AT 2021-08-05T14:35:02 ***
