/home/lewis/.bashrc: line 75: goisca: command not found
2021-08-11 10:06:02,349 - isca - WARNING - Environment variable GFDL_SOC not set, but this is only required if using SocratesCodebase. Setting to None
2021-08-11 10:06:03,026 - isca - INFO - RRTM compilation disabled.
2021-08-11 10:06:03,027 - isca - INFO - SOCRATES compilation disabled.
2021-08-11 10:06:03,123 - isca - INFO - Writing path_names to '/network/group/aopp/planetary/PLR018_LEWIS_VENUS2/isca_work/codebase/_home_lewis_research_isca_dir_Isca/build/grey_isca/path_names'
2021-08-11 10:06:03,268 - isca - INFO - Running compiler
2021-08-11 10:06:03,314 - isca - INFO - loadmodules for oxford machines
2021-08-11 10:06:03,719 - isca - INFO - [?1h=Currently Loaded Modulefiles:[m
2021-08-11 10:06:03,742 - isca - INFO - 1) physicspaths/2.0         6) otheros/generic-arc          [m
2021-08-11 10:06:03,742 - isca - INFO - 2) otheros/generic-oxphys   7) intel-compilers/2018upd4     [m
2021-08-11 10:06:03,742 - isca - INFO - 3) otheros/ubuntu_bionic    8) intel-mpi/2015               [m
2021-08-11 10:06:03,742 - isca - INFO - 4) otheros/ubuntu_trusty    9) netcdf/netcdf-c-4.7.3        [m
2021-08-11 10:06:03,742 - isca - INFO - 5) arcpaths/1.0            10) netcdf/netcdf-fortran-4.5.2  [m
2021-08-11 10:06:03,775 - isca - INFO - [K[?1l>/network/group/aopp/planetary/PLR018_LEWIS_VENUS2/isca_work/codebase/_home_lewis_research_isca_dir_Isca/build/grey_isca/path_names
2021-08-11 10:06:11,693 - isca - INFO - .............................................................................................................................. Makefile is ready.
2021-08-11 10:06:14,698 - isca - INFO - make: Nothing to be done for 'all'.
2021-08-11 10:06:15,146 - isca - INFO - make: 'grey_isca.x' is up to date.
2021-08-11 10:06:15,148 - isca - INFO - Compilation complete.
2021-08-11 10:06:16,011 - isca - INFO - Emptied run directory '/network/group/aopp/planetary/PLR018_LEWIS_VENUS2/isca_work/experiment/GREY_T42L30fr_TL_om_1_6_a_1_1_ps_1_1/run'
2021-08-11 10:06:16,104 - isca - INFO - Emptied run directory '/network/group/aopp/planetary/PLR018_LEWIS_VENUS2/isca_work/experiment/GREY_T42L30fr_TL_om_1_6_a_1_1_ps_1_1/run'
2021-08-11 10:06:17,135 - isca - INFO - Writing namelist to '/network/group/aopp/planetary/PLR018_LEWIS_VENUS2/isca_work/experiment/GREY_T42L30fr_TL_om_1_6_a_1_1_ps_1_1/run/input.nml'
2021-08-11 10:06:17,186 - isca - INFO - Writing field_table to '/network/group/aopp/planetary/PLR018_LEWIS_VENUS2/isca_work/experiment/GREY_T42L30fr_TL_om_1_6_a_1_1_ps_1_1/run/field_table'
2021-08-11 10:06:17,287 - isca - INFO - Writing diag_table to '/network/group/aopp/planetary/PLR018_LEWIS_VENUS2/isca_work/experiment/GREY_T42L30fr_TL_om_1_6_a_1_1_ps_1_1/run/diag_table'
2021-08-11 10:06:17,323 - isca - INFO - Running without restart file
2021-08-11 10:06:17,404 - isca - INFO - Beginning run 1
2021-08-11 10:06:17,415 - isca - INFO - process running as 60030
2021-08-11 10:06:17,453 - isca - DEBUG - loadmodules for oxford machines
2021-08-11 10:06:17,883 - isca - DEBUG - [?1h=Currently Loaded Modulefiles:[m
2021-08-11 10:06:17,905 - isca - DEBUG - 1) physicspaths/2.0         6) otheros/generic-arc          [m
2021-08-11 10:06:17,905 - isca - DEBUG - 2) otheros/generic-oxphys   7) intel-compilers/2018upd4     [m
2021-08-11 10:06:17,905 - isca - DEBUG - 3) otheros/ubuntu_bionic    8) intel-mpi/2015               [m
2021-08-11 10:06:17,905 - isca - DEBUG - 4) otheros/ubuntu_trusty    9) netcdf/netcdf-c-4.7.3        [m
2021-08-11 10:06:17,906 - isca - DEBUG - 5) arcpaths/1.0            10) netcdf/netcdf-fortran-4.5.2  [m
2021-08-11 10:06:18,408 - isca - DEBUG - [K[?1l>NOTE from PE    0: MPP_DOMAINS_SET_STACK_SIZE: stack size set to    32768.
2021-08-11 10:06:18,409 - isca - DEBUG - &MPP_IO_NML
2021-08-11 10:06:18,409 - isca - DEBUG - HEADER_BUFFER_VAL       =       16384,
2021-08-11 10:06:18,409 - isca - DEBUG - GLOBAL_FIELD_ON_ROOT_PE = T,
2021-08-11 10:06:18,409 - isca - DEBUG - IO_CLOCKS_ON    = F,
2021-08-11 10:06:18,409 - isca - DEBUG - SHUFFLE =           0,
2021-08-11 10:06:18,409 - isca - DEBUG - DEFLATE_LEVEL   =          -1
2021-08-11 10:06:18,409 - isca - DEBUG - /
2021-08-11 10:06:18,411 - isca - DEBUG - NOTE from PE    0: MPP_IO_SET_STACK_SIZE: stack size set to     131072.
2021-08-11 10:06:18,414 - isca - DEBUG - NOTE from PE    0: MPP_DOMAINS_SET_STACK_SIZE: stack size set to   600000.
2021-08-11 10:06:18,652 - isca - DEBUG - starting            1  OpenMP threads per MPI-task
2021-08-11 10:06:18,662 - isca - DEBUG - ATMOS MODEL DOMAIN DECOMPOSITION
2021-08-11 10:06:18,662 - isca - DEBUG - X-AXIS =  128
2021-08-11 10:06:18,662 - isca - DEBUG - Y-AXIS =    2   2   2   2   2   2   2   2   2   2   2   2   2   2   2   2   2   2   2   2   2   2   2   2
2021-08-11 10:06:18,662 - isca - DEBUG - 2   2   2   2   2   2   2   2
2021-08-11 10:06:18,860 - isca - DEBUG - mean surface pressure=1000.0000 mb
2021-08-11 10:06:18,894 - isca - DEBUG - NOTE from PE    0: idealized_moist_phys: Using AM3 dry adjustment convection scheme.
2021-08-11 10:06:20,818 - isca - DEBUG - Integration completed through    1 Jan  2   0: 0: 0
2021-08-11 10:06:22,283 - isca - DEBUG - Integration completed through    1 Jan  3   0: 0: 0
2021-08-11 10:06:23,755 - isca - DEBUG - Integration completed through    1 Jan  4   0: 0: 0
2021-08-11 10:06:25,227 - isca - DEBUG - Integration completed through    1 Jan  5   0: 0: 0
2021-08-11 10:06:26,700 - isca - DEBUG - Integration completed through    1 Jan  6   0: 0: 0
2021-08-11 10:06:28,181 - isca - DEBUG - Integration completed through    1 Jan  7   0: 0: 0
2021-08-11 10:06:29,654 - isca - DEBUG - Integration completed through    1 Jan  8   0: 0: 0
2021-08-11 10:06:31,128 - isca - DEBUG - Integration completed through    1 Jan  9   0: 0: 0
2021-08-11 10:06:32,606 - isca - DEBUG - Integration completed through    1 Jan 10   0: 0: 0
2021-08-11 10:06:34,083 - isca - DEBUG - Integration completed through    1 Jan 11   0: 0: 0
2021-08-11 10:06:35,575 - isca - DEBUG - Integration completed through    1 Jan 12   0: 0: 0
2021-08-11 10:06:37,053 - isca - DEBUG - Integration completed through    1 Jan 13   0: 0: 0
2021-08-11 10:06:38,533 - isca - DEBUG - Integration completed through    1 Jan 14   0: 0: 0
2021-08-11 10:06:40,016 - isca - DEBUG - Integration completed through    1 Jan 15   0: 0: 0
2021-08-11 10:06:41,502 - isca - DEBUG - Integration completed through    1 Jan 16   0: 0: 0
2021-08-11 10:06:42,984 - isca - DEBUG - Integration completed through    1 Jan 17   0: 0: 0
2021-08-11 10:06:44,471 - isca - DEBUG - Integration completed through    1 Jan 18   0: 0: 0
2021-08-11 10:06:45,956 - isca - DEBUG - Integration completed through    1 Jan 19   0: 0: 0
2021-08-11 10:06:47,444 - isca - DEBUG - Integration completed through    1 Jan 20   0: 0: 0
2021-08-11 10:06:48,931 - isca - DEBUG - Integration completed through    1 Jan 21   0: 0: 0
2021-08-11 10:06:50,418 - isca - DEBUG - Integration completed through    1 Jan 22   0: 0: 0
2021-08-11 10:06:51,913 - isca - DEBUG - Integration completed through    1 Jan 23   0: 0: 0
2021-08-11 10:06:53,402 - isca - DEBUG - Integration completed through    1 Jan 24   0: 0: 0
2021-08-11 10:06:54,888 - isca - DEBUG - Integration completed through    1 Jan 25   0: 0: 0
2021-08-11 10:06:56,374 - isca - DEBUG - Integration completed through    1 Jan 26   0: 0: 0
2021-08-11 10:06:57,861 - isca - DEBUG - Integration completed through    1 Jan 27   0: 0: 0
2021-08-11 10:06:59,346 - isca - DEBUG - Integration completed through    1 Jan 28   0: 0: 0
2021-08-11 10:07:00,835 - isca - DEBUG - Integration completed through    1 Jan 29   0: 0: 0
2021-08-11 10:07:02,320 - isca - DEBUG - Integration completed through    1 Jan 30   0: 0: 0
2021-08-11 10:07:03,808 - isca - DEBUG - Integration completed through    1 Feb  1   0: 0: 0
2021-08-11 10:07:07,037 - isca - DEBUG - Integration completed through    1 Feb  2   0: 0: 0
2021-08-11 10:07:08,534 - isca - DEBUG - Integration completed through    1 Feb  3   0: 0: 0
2021-08-11 10:07:10,018 - isca - DEBUG - Integration completed through    1 Feb  4   0: 0: 0
2021-08-11 10:07:11,507 - isca - DEBUG - Integration completed through    1 Feb  5   0: 0: 0
2021-08-11 10:07:12,999 - isca - DEBUG - Integration completed through    1 Feb  6   0: 0: 0
2021-08-11 10:07:14,485 - isca - DEBUG - Integration completed through    1 Feb  7   0: 0: 0
2021-08-11 10:07:15,972 - isca - DEBUG - Integration completed through    1 Feb  8   0: 0: 0
2021-08-11 10:07:17,460 - isca - DEBUG - Integration completed through    1 Feb  9   0: 0: 0
2021-08-11 10:07:18,946 - isca - DEBUG - Integration completed through    1 Feb 10   0: 0: 0
2021-08-11 10:07:20,435 - isca - DEBUG - Integration completed through    1 Feb 11   0: 0: 0
2021-08-11 10:07:21,926 - isca - DEBUG - Integration completed through    1 Feb 12   0: 0: 0
2021-08-11 10:07:23,414 - isca - DEBUG - Integration completed through    1 Feb 13   0: 0: 0
2021-08-11 10:07:24,907 - isca - DEBUG - Integration completed through    1 Feb 14   0: 0: 0
2021-08-11 10:07:26,395 - isca - DEBUG - Integration completed through    1 Feb 15   0: 0: 0
2021-08-11 10:07:27,884 - isca - DEBUG - Integration completed through    1 Feb 16   0: 0: 0
2021-08-11 10:07:29,373 - isca - DEBUG - Integration completed through    1 Feb 17   0: 0: 0
2021-08-11 10:07:30,863 - isca - DEBUG - Integration completed through    1 Feb 18   0: 0: 0
2021-08-11 10:07:32,352 - isca - DEBUG - Integration completed through    1 Feb 19   0: 0: 0
2021-08-11 10:07:33,844 - isca - DEBUG - Integration completed through    1 Feb 20   0: 0: 0
2021-08-11 10:07:35,336 - isca - DEBUG - Integration completed through    1 Feb 21   0: 0: 0
2021-08-11 10:07:36,830 - isca - DEBUG - Integration completed through    1 Feb 22   0: 0: 0
2021-08-11 10:07:38,323 - isca - DEBUG - Integration completed through    1 Feb 23   0: 0: 0
2021-08-11 10:07:39,814 - isca - DEBUG - Integration completed through    1 Feb 24   0: 0: 0
2021-08-11 10:07:41,307 - isca - DEBUG - Integration completed through    1 Feb 25   0: 0: 0
2021-08-11 10:07:42,799 - isca - DEBUG - Integration completed through    1 Feb 26   0: 0: 0
2021-08-11 10:07:44,289 - isca - DEBUG - Integration completed through    1 Feb 27   0: 0: 0
2021-08-11 10:07:45,779 - isca - DEBUG - Integration completed through    1 Feb 28   0: 0: 0
2021-08-11 10:07:47,271 - isca - DEBUG - Integration completed through    1 Feb 29   0: 0: 0
2021-08-11 10:07:48,761 - isca - DEBUG - Integration completed through    1 Feb 30   0: 0: 0
2021-08-11 10:07:50,251 - isca - DEBUG - Integration completed through    1 Mar  1   0: 0: 0
2021-08-11 10:07:51,833 - isca - DEBUG - Integration completed through    1 Mar  2   0: 0: 0
2021-08-11 10:07:53,320 - isca - DEBUG - Integration completed through    1 Mar  3   0: 0: 0
2021-08-11 10:07:54,810 - isca - DEBUG - Integration completed through    1 Mar  4   0: 0: 0
2021-08-11 10:07:56,300 - isca - DEBUG - Integration completed through    1 Mar  5   0: 0: 0
2021-08-11 10:07:57,791 - isca - DEBUG - Integration completed through    1 Mar  6   0: 0: 0
2021-08-11 10:07:59,277 - isca - DEBUG - Integration completed through    1 Mar  7   0: 0: 0
2021-08-11 10:08:00,763 - isca - DEBUG - Integration completed through    1 Mar  8   0: 0: 0
2021-08-11 10:08:02,252 - isca - DEBUG - Integration completed through    1 Mar  9   0: 0: 0
2021-08-11 10:08:03,738 - isca - DEBUG - Integration completed through    1 Mar 10   0: 0: 0
2021-08-11 10:08:05,223 - isca - DEBUG - Integration completed through    1 Mar 11   0: 0: 0
2021-08-11 10:08:06,707 - isca - DEBUG - Integration completed through    1 Mar 12   0: 0: 0
2021-08-11 10:08:08,193 - isca - DEBUG - Integration completed through    1 Mar 13   0: 0: 0
2021-08-11 10:08:09,679 - isca - DEBUG - Integration completed through    1 Mar 14   0: 0: 0
2021-08-11 10:08:11,176 - isca - DEBUG - Integration completed through    1 Mar 15   0: 0: 0
2021-08-11 10:08:12,661 - isca - DEBUG - Integration completed through    1 Mar 16   0: 0: 0
2021-08-11 10:08:14,147 - isca - DEBUG - Integration completed through    1 Mar 17   0: 0: 0
2021-08-11 10:08:15,635 - isca - DEBUG - Integration completed through    1 Mar 18   0: 0: 0
2021-08-11 10:08:17,122 - isca - DEBUG - Integration completed through    1 Mar 19   0: 0: 0
2021-08-11 10:08:18,610 - isca - DEBUG - Integration completed through    1 Mar 20   0: 0: 0
2021-08-11 10:08:20,097 - isca - DEBUG - Integration completed through    1 Mar 21   0: 0: 0
2021-08-11 10:08:21,584 - isca - DEBUG - Integration completed through    1 Mar 22   0: 0: 0
2021-08-11 10:08:23,072 - isca - DEBUG - Integration completed through    1 Mar 23   0: 0: 0
2021-08-11 10:08:24,575 - isca - DEBUG - Integration completed through    1 Mar 24   0: 0: 0
2021-08-11 10:08:26,065 - isca - DEBUG - Integration completed through    1 Mar 25   0: 0: 0
2021-08-11 10:08:27,555 - isca - DEBUG - Integration completed through    1 Mar 26   0: 0: 0
2021-08-11 10:08:29,044 - isca - DEBUG - Integration completed through    1 Mar 27   0: 0: 0
2021-08-11 10:08:30,533 - isca - DEBUG - Integration completed through    1 Mar 28   0: 0: 0
2021-08-11 10:08:32,020 - isca - DEBUG - Integration completed through    1 Mar 29   0: 0: 0
2021-08-11 10:08:33,508 - isca - DEBUG - Integration completed through    1 Mar 30   0: 0: 0
2021-08-11 10:08:34,998 - isca - DEBUG - Integration completed through    1 Apr  1   0: 0: 0
2021-08-11 10:08:36,578 - isca - DEBUG - Integration completed through    1 Apr  2   0: 0: 0
2021-08-11 10:08:38,064 - isca - DEBUG - Integration completed through    1 Apr  3   0: 0: 0
2021-08-11 10:08:39,552 - isca - DEBUG - Integration completed through    1 Apr  4   0: 0: 0
2021-08-11 10:08:41,047 - isca - DEBUG - Integration completed through    1 Apr  5   0: 0: 0
2021-08-11 10:08:42,538 - isca - DEBUG - Integration completed through    1 Apr  6   0: 0: 0
2021-08-11 10:08:44,028 - isca - DEBUG - Integration completed through    1 Apr  7   0: 0: 0
2021-08-11 10:08:45,517 - isca - DEBUG - Integration completed through    1 Apr  8   0: 0: 0
2021-08-11 10:08:47,004 - isca - DEBUG - Integration completed through    1 Apr  9   0: 0: 0
2021-08-11 10:08:48,492 - isca - DEBUG - Integration completed through    1 Apr 10   0: 0: 0
2021-08-11 10:08:49,980 - isca - DEBUG - Integration completed through    1 Apr 11   0: 0: 0
2021-08-11 10:08:51,471 - isca - DEBUG - Integration completed through    1 Apr 12   0: 0: 0
2021-08-11 10:08:52,959 - isca - DEBUG - Integration completed through    1 Apr 13   0: 0: 0
2021-08-11 10:08:54,446 - isca - DEBUG - Integration completed through    1 Apr 14   0: 0: 0
2021-08-11 10:08:55,934 - isca - DEBUG - Integration completed through    1 Apr 15   0: 0: 0
2021-08-11 10:08:57,423 - isca - DEBUG - Integration completed through    1 Apr 16   0: 0: 0
2021-08-11 10:08:58,907 - isca - DEBUG - Integration completed through    1 Apr 17   0: 0: 0
2021-08-11 10:09:00,394 - isca - DEBUG - Integration completed through    1 Apr 18   0: 0: 0
2021-08-11 10:09:01,886 - isca - DEBUG - Integration completed through    1 Apr 19   0: 0: 0
2021-08-11 10:09:03,374 - isca - DEBUG - Integration completed through    1 Apr 20   0: 0: 0
2021-08-11 10:09:04,862 - isca - DEBUG - Integration completed through    1 Apr 21   0: 0: 0
2021-08-11 10:09:06,349 - isca - DEBUG - Integration completed through    1 Apr 22   0: 0: 0
2021-08-11 10:09:07,837 - isca - DEBUG - Integration completed through    1 Apr 23   0: 0: 0
2021-08-11 10:09:09,324 - isca - DEBUG - Integration completed through    1 Apr 24   0: 0: 0
2021-08-11 10:09:10,813 - isca - DEBUG - Integration completed through    1 Apr 25   0: 0: 0
2021-08-11 10:09:12,300 - isca - DEBUG - Integration completed through    1 Apr 26   0: 0: 0
2021-08-11 10:09:13,786 - isca - DEBUG - Integration completed through    1 Apr 27   0: 0: 0
2021-08-11 10:09:15,274 - isca - DEBUG - Integration completed through    1 Apr 28   0: 0: 0
2021-08-11 10:09:16,764 - isca - DEBUG - Integration completed through    1 Apr 29   0: 0: 0
2021-08-11 10:09:18,253 - isca - DEBUG - Integration completed through    1 Apr 30   0: 0: 0
2021-08-11 10:09:19,742 - isca - DEBUG - Integration completed through    1 May  1   0: 0: 0
2021-08-11 10:09:21,365 - isca - DEBUG - Integration completed through    1 May  2   0: 0: 0
2021-08-11 10:09:22,850 - isca - DEBUG - Integration completed through    1 May  3   0: 0: 0
2021-08-11 10:09:24,344 - isca - DEBUG - Integration completed through    1 May  4   0: 0: 0
2021-08-11 10:09:25,835 - isca - DEBUG - Integration completed through    1 May  5   0: 0: 0
2021-08-11 10:09:27,325 - isca - DEBUG - Integration completed through    1 May  6   0: 0: 0
2021-08-11 10:09:28,814 - isca - DEBUG - Integration completed through    1 May  7   0: 0: 0
2021-08-11 10:09:30,301 - isca - DEBUG - Integration completed through    1 May  8   0: 0: 0
2021-08-11 10:09:31,788 - isca - DEBUG - Integration completed through    1 May  9   0: 0: 0
2021-08-11 10:09:33,276 - isca - DEBUG - Integration completed through    1 May 10   0: 0: 0
2021-08-11 10:09:34,766 - isca - DEBUG - Integration completed through    1 May 11   0: 0: 0
2021-08-11 10:09:36,252 - isca - DEBUG - Integration completed through    1 May 12   0: 0: 0
2021-08-11 10:09:37,744 - isca - DEBUG - Integration completed through    1 May 13   0: 0: 0
2021-08-11 10:09:39,233 - isca - DEBUG - Integration completed through    1 May 14   0: 0: 0
2021-08-11 10:09:40,722 - isca - DEBUG - Integration completed through    1 May 15   0: 0: 0
2021-08-11 10:09:42,212 - isca - DEBUG - Integration completed through    1 May 16   0: 0: 0
2021-08-11 10:09:43,701 - isca - DEBUG - Integration completed through    1 May 17   0: 0: 0
2021-08-11 10:09:45,187 - isca - DEBUG - Integration completed through    1 May 18   0: 0: 0
2021-08-11 10:09:46,677 - isca - DEBUG - Integration completed through    1 May 19   0: 0: 0
2021-08-11 10:09:48,166 - isca - DEBUG - Integration completed through    1 May 20   0: 0: 0
2021-08-11 10:09:49,655 - isca - DEBUG - Integration completed through    1 May 21   0: 0: 0
2021-08-11 10:09:51,144 - isca - DEBUG - Integration completed through    1 May 22   0: 0: 0
2021-08-11 10:09:52,631 - isca - DEBUG - Integration completed through    1 May 23   0: 0: 0
2021-08-11 10:09:54,119 - isca - DEBUG - Integration completed through    1 May 24   0: 0: 0
2021-08-11 10:09:55,608 - isca - DEBUG - Integration completed through    1 May 25   0: 0: 0
2021-08-11 10:09:57,097 - isca - DEBUG - Integration completed through    1 May 26   0: 0: 0
2021-08-11 10:09:58,587 - isca - DEBUG - Integration completed through    1 May 27   0: 0: 0
2021-08-11 10:10:00,076 - isca - DEBUG - Integration completed through    1 May 28   0: 0: 0
2021-08-11 10:10:01,564 - isca - DEBUG - Integration completed through    1 May 29   0: 0: 0
2021-08-11 10:10:03,098 - isca - DEBUG - Integration completed through    1 May 30   0: 0: 0
2021-08-11 10:10:04,588 - isca - DEBUG - Integration completed through    1 Jun  1   0: 0: 0
2021-08-11 10:10:06,223 - isca - DEBUG - Integration completed through    1 Jun  2   0: 0: 0
2021-08-11 10:10:07,710 - isca - DEBUG - Integration completed through    1 Jun  3   0: 0: 0
2021-08-11 10:10:09,201 - isca - DEBUG - Integration completed through    1 Jun  4   0: 0: 0
2021-08-11 10:10:10,686 - isca - DEBUG - Integration completed through    1 Jun  5   0: 0: 0
2021-08-11 10:10:12,174 - isca - DEBUG - Integration completed through    1 Jun  6   0: 0: 0
2021-08-11 10:10:13,661 - isca - DEBUG - Integration completed through    1 Jun  7   0: 0: 0
2021-08-11 10:10:15,150 - isca - DEBUG - Integration completed through    1 Jun  8   0: 0: 0
2021-08-11 10:10:16,640 - isca - DEBUG - Integration completed through    1 Jun  9   0: 0: 0
2021-08-11 10:10:18,128 - isca - DEBUG - Integration completed through    1 Jun 10   0: 0: 0
2021-08-11 10:10:19,618 - isca - DEBUG - Integration completed through    1 Jun 11   0: 0: 0
2021-08-11 10:10:21,108 - isca - DEBUG - Integration completed through    1 Jun 12   0: 0: 0
2021-08-11 10:10:22,596 - isca - DEBUG - Integration completed through    1 Jun 13   0: 0: 0
2021-08-11 10:10:24,085 - isca - DEBUG - Integration completed through    1 Jun 14   0: 0: 0
2021-08-11 10:10:25,575 - isca - DEBUG - Integration completed through    1 Jun 15   0: 0: 0
2021-08-11 10:10:27,061 - isca - DEBUG - Integration completed through    1 Jun 16   0: 0: 0
2021-08-11 10:10:28,548 - isca - DEBUG - Integration completed through    1 Jun 17   0: 0: 0
2021-08-11 10:10:30,038 - isca - DEBUG - Integration completed through    1 Jun 18   0: 0: 0
2021-08-11 10:10:31,529 - isca - DEBUG - Integration completed through    1 Jun 19   0: 0: 0
2021-08-11 10:10:33,018 - isca - DEBUG - Integration completed through    1 Jun 20   0: 0: 0
2021-08-11 10:10:34,507 - isca - DEBUG - Integration completed through    1 Jun 21   0: 0: 0
2021-08-11 10:10:35,994 - isca - DEBUG - Integration completed through    1 Jun 22   0: 0: 0
2021-08-11 10:10:37,481 - isca - DEBUG - Integration completed through    1 Jun 23   0: 0: 0
2021-08-11 10:10:38,968 - isca - DEBUG - Integration completed through    1 Jun 24   0: 0: 0
2021-08-11 10:10:40,456 - isca - DEBUG - Integration completed through    1 Jun 25   0: 0: 0
2021-08-11 10:10:41,946 - isca - DEBUG - Integration completed through    1 Jun 26   0: 0: 0
2021-08-11 10:10:43,434 - isca - DEBUG - Integration completed through    1 Jun 27   0: 0: 0
2021-08-11 10:10:44,924 - isca - DEBUG - Integration completed through    1 Jun 28   0: 0: 0
2021-08-11 10:10:46,413 - isca - DEBUG - Integration completed through    1 Jun 29   0: 0: 0
2021-08-11 10:10:47,901 - isca - DEBUG - Integration completed through    1 Jun 30   0: 0: 0
2021-08-11 10:10:49,390 - isca - DEBUG - Integration completed through    1 Jul  1   0: 0: 0
2021-08-11 10:10:50,947 - isca - DEBUG - Integration completed through    1 Jul  2   0: 0: 0
2021-08-11 10:10:52,437 - isca - DEBUG - Integration completed through    1 Jul  3   0: 0: 0
2021-08-11 10:10:54,099 - isca - DEBUG - Integration completed through    1 Jul  4   0: 0: 0
2021-08-11 10:10:55,942 - isca - DEBUG - Integration completed through    1 Jul  5   0: 0: 0
2021-08-11 10:10:57,796 - isca - DEBUG - Integration completed through    1 Jul  6   0: 0: 0
2021-08-11 10:10:59,378 - isca - DEBUG - Integration completed through    1 Jul  7   0: 0: 0
2021-08-11 10:11:00,867 - isca - DEBUG - Integration completed through    1 Jul  8   0: 0: 0
2021-08-11 10:11:02,356 - isca - DEBUG - Integration completed through    1 Jul  9   0: 0: 0
2021-08-11 10:11:03,844 - isca - DEBUG - Integration completed through    1 Jul 10   0: 0: 0
2021-08-11 10:11:05,332 - isca - DEBUG - Integration completed through    1 Jul 11   0: 0: 0
2021-08-11 10:11:06,820 - isca - DEBUG - Integration completed through    1 Jul 12   0: 0: 0
2021-08-11 10:11:08,308 - isca - DEBUG - Integration completed through    1 Jul 13   0: 0: 0
2021-08-11 10:11:09,800 - isca - DEBUG - Integration completed through    1 Jul 14   0: 0: 0
2021-08-11 10:11:11,290 - isca - DEBUG - Integration completed through    1 Jul 15   0: 0: 0
2021-08-11 10:11:12,777 - isca - DEBUG - Integration completed through    1 Jul 16   0: 0: 0
2021-08-11 10:11:14,273 - isca - DEBUG - Integration completed through    1 Jul 17   0: 0: 0
2021-08-11 10:11:15,758 - isca - DEBUG - Integration completed through    1 Jul 18   0: 0: 0
2021-08-11 10:11:17,244 - isca - DEBUG - Integration completed through    1 Jul 19   0: 0: 0
2021-08-11 10:11:18,735 - isca - DEBUG - Integration completed through    1 Jul 20   0: 0: 0
2021-08-11 10:11:20,227 - isca - DEBUG - Integration completed through    1 Jul 21   0: 0: 0
2021-08-11 10:11:21,715 - isca - DEBUG - Integration completed through    1 Jul 22   0: 0: 0
2021-08-11 10:11:23,205 - isca - DEBUG - Integration completed through    1 Jul 23   0: 0: 0
2021-08-11 10:11:24,697 - isca - DEBUG - Integration completed through    1 Jul 24   0: 0: 0
2021-08-11 10:11:26,188 - isca - DEBUG - Integration completed through    1 Jul 25   0: 0: 0
2021-08-11 10:11:27,676 - isca - DEBUG - Integration completed through    1 Jul 26   0: 0: 0
2021-08-11 10:11:29,166 - isca - DEBUG - Integration completed through    1 Jul 27   0: 0: 0
2021-08-11 10:11:30,653 - isca - DEBUG - Integration completed through    1 Jul 28   0: 0: 0
2021-08-11 10:11:32,143 - isca - DEBUG - Integration completed through    1 Jul 29   0: 0: 0
2021-08-11 10:11:33,631 - isca - DEBUG - Integration completed through    1 Jul 30   0: 0: 0
2021-08-11 10:11:35,133 - isca - DEBUG - Integration completed through    1 Aug  1   0: 0: 0
2021-08-11 10:11:36,679 - isca - DEBUG - Integration completed through    1 Aug  2   0: 0: 0
2021-08-11 10:11:38,168 - isca - DEBUG - Integration completed through    1 Aug  3   0: 0: 0
2021-08-11 10:11:39,658 - isca - DEBUG - Integration completed through    1 Aug  4   0: 0: 0
2021-08-11 10:11:41,146 - isca - DEBUG - Integration completed through    1 Aug  5   0: 0: 0
2021-08-11 10:11:42,634 - isca - DEBUG - Integration completed through    1 Aug  6   0: 0: 0
2021-08-11 10:11:44,129 - isca - DEBUG - Integration completed through    1 Aug  7   0: 0: 0
2021-08-11 10:11:45,619 - isca - DEBUG - Integration completed through    1 Aug  8   0: 0: 0
2021-08-11 10:11:47,108 - isca - DEBUG - Integration completed through    1 Aug  9   0: 0: 0
2021-08-11 10:11:48,599 - isca - DEBUG - Integration completed through    1 Aug 10   0: 0: 0
2021-08-11 10:11:50,088 - isca - DEBUG - Integration completed through    1 Aug 11   0: 0: 0
2021-08-11 10:11:51,577 - isca - DEBUG - Integration completed through    1 Aug 12   0: 0: 0
2021-08-11 10:11:53,064 - isca - DEBUG - Integration completed through    1 Aug 13   0: 0: 0
2021-08-11 10:11:54,558 - isca - DEBUG - Integration completed through    1 Aug 14   0: 0: 0
2021-08-11 10:11:56,046 - isca - DEBUG - Integration completed through    1 Aug 15   0: 0: 0
2021-08-11 10:11:57,538 - isca - DEBUG - Integration completed through    1 Aug 16   0: 0: 0
2021-08-11 10:11:59,030 - isca - DEBUG - Integration completed through    1 Aug 17   0: 0: 0
2021-08-11 10:12:00,520 - isca - DEBUG - Integration completed through    1 Aug 18   0: 0: 0
2021-08-11 10:12:02,012 - isca - DEBUG - Integration completed through    1 Aug 19   0: 0: 0
2021-08-11 10:12:03,501 - isca - DEBUG - Integration completed through    1 Aug 20   0: 0: 0
2021-08-11 10:12:04,989 - isca - DEBUG - Integration completed through    1 Aug 21   0: 0: 0
2021-08-11 10:12:06,478 - isca - DEBUG - Integration completed through    1 Aug 22   0: 0: 0
2021-08-11 10:12:07,969 - isca - DEBUG - Integration completed through    1 Aug 23   0: 0: 0
2021-08-11 10:12:09,473 - isca - DEBUG - Integration completed through    1 Aug 24   0: 0: 0
2021-08-11 10:12:10,963 - isca - DEBUG - Integration completed through    1 Aug 25   0: 0: 0
2021-08-11 10:12:12,450 - isca - DEBUG - Integration completed through    1 Aug 26   0: 0: 0
2021-08-11 10:12:13,939 - isca - DEBUG - Integration completed through    1 Aug 27   0: 0: 0
2021-08-11 10:12:15,427 - isca - DEBUG - Integration completed through    1 Aug 28   0: 0: 0
2021-08-11 10:12:16,914 - isca - DEBUG - Integration completed through    1 Aug 29   0: 0: 0
2021-08-11 10:12:18,405 - isca - DEBUG - Integration completed through    1 Aug 30   0: 0: 0
2021-08-11 10:12:19,899 - isca - DEBUG - Integration completed through    1 Sep  1   0: 0: 0
2021-08-11 10:12:21,515 - isca - DEBUG - Integration completed through    1 Sep  2   0: 0: 0
2021-08-11 10:12:23,004 - isca - DEBUG - Integration completed through    1 Sep  3   0: 0: 0
2021-08-11 10:12:24,495 - isca - DEBUG - Integration completed through    1 Sep  4   0: 0: 0
2021-08-11 10:12:25,990 - isca - DEBUG - Integration completed through    1 Sep  5   0: 0: 0
2021-08-11 10:12:27,480 - isca - DEBUG - Integration completed through    1 Sep  6   0: 0: 0
2021-08-11 10:12:28,968 - isca - DEBUG - Integration completed through    1 Sep  7   0: 0: 0
2021-08-11 10:12:30,457 - isca - DEBUG - Integration completed through    1 Sep  8   0: 0: 0
2021-08-11 10:12:31,947 - isca - DEBUG - Integration completed through    1 Sep  9   0: 0: 0
2021-08-11 10:12:33,442 - isca - DEBUG - Integration completed through    1 Sep 10   0: 0: 0
2021-08-11 10:12:34,931 - isca - DEBUG - Integration completed through    1 Sep 11   0: 0: 0
2021-08-11 10:12:36,418 - isca - DEBUG - Integration completed through    1 Sep 12   0: 0: 0
2021-08-11 10:12:37,905 - isca - DEBUG - Integration completed through    1 Sep 13   0: 0: 0
2021-08-11 10:12:39,390 - isca - DEBUG - Integration completed through    1 Sep 14   0: 0: 0
2021-08-11 10:12:40,880 - isca - DEBUG - Integration completed through    1 Sep 15   0: 0: 0
2021-08-11 10:12:42,369 - isca - DEBUG - Integration completed through    1 Sep 16   0: 0: 0
2021-08-11 10:12:43,859 - isca - DEBUG - Integration completed through    1 Sep 17   0: 0: 0
2021-08-11 10:12:45,346 - isca - DEBUG - Integration completed through    1 Sep 18   0: 0: 0
2021-08-11 10:12:46,836 - isca - DEBUG - Integration completed through    1 Sep 19   0: 0: 0
2021-08-11 10:12:48,326 - isca - DEBUG - Integration completed through    1 Sep 20   0: 0: 0
2021-08-11 10:12:49,812 - isca - DEBUG - Integration completed through    1 Sep 21   0: 0: 0
2021-08-11 10:12:51,302 - isca - DEBUG - Integration completed through    1 Sep 22   0: 0: 0
2021-08-11 10:12:52,789 - isca - DEBUG - Integration completed through    1 Sep 23   0: 0: 0
2021-08-11 10:12:54,279 - isca - DEBUG - Integration completed through    1 Sep 24   0: 0: 0
2021-08-11 10:12:55,767 - isca - DEBUG - Integration completed through    1 Sep 25   0: 0: 0
2021-08-11 10:12:57,260 - isca - DEBUG - Integration completed through    1 Sep 26   0: 0: 0
2021-08-11 10:12:58,747 - isca - DEBUG - Integration completed through    1 Sep 27   0: 0: 0
2021-08-11 10:13:00,235 - isca - DEBUG - Integration completed through    1 Sep 28   0: 0: 0
2021-08-11 10:13:01,722 - isca - DEBUG - Integration completed through    1 Sep 29   0: 0: 0
2021-08-11 10:13:03,208 - isca - DEBUG - Integration completed through    1 Sep 30   0: 0: 0
2021-08-11 10:13:04,699 - isca - DEBUG - Integration completed through    1 Oct  1   0: 0: 0
2021-08-11 10:13:06,279 - isca - DEBUG - Integration completed through    1 Oct  2   0: 0: 0
2021-08-11 10:13:07,769 - isca - DEBUG - Integration completed through    1 Oct  3   0: 0: 0
2021-08-11 10:13:09,260 - isca - DEBUG - Integration completed through    1 Oct  4   0: 0: 0
2021-08-11 10:13:10,753 - isca - DEBUG - Integration completed through    1 Oct  5   0: 0: 0
2021-08-11 10:13:12,250 - isca - DEBUG - Integration completed through    1 Oct  6   0: 0: 0
2021-08-11 10:13:13,743 - isca - DEBUG - Integration completed through    1 Oct  7   0: 0: 0
2021-08-11 10:13:15,233 - isca - DEBUG - Integration completed through    1 Oct  8   0: 0: 0
2021-08-11 10:13:16,722 - isca - DEBUG - Integration completed through    1 Oct  9   0: 0: 0
2021-08-11 10:13:18,213 - isca - DEBUG - Integration completed through    1 Oct 10   0: 0: 0
2021-08-11 10:13:19,704 - isca - DEBUG - Integration completed through    1 Oct 11   0: 0: 0
2021-08-11 10:13:21,195 - isca - DEBUG - Integration completed through    1 Oct 12   0: 0: 0
2021-08-11 10:13:22,688 - isca - DEBUG - Integration completed through    1 Oct 13   0: 0: 0
2021-08-11 10:13:24,196 - isca - DEBUG - Integration completed through    1 Oct 14   0: 0: 0
2021-08-11 10:13:25,694 - isca - DEBUG - Integration completed through    1 Oct 15   0: 0: 0
2021-08-11 10:13:27,182 - isca - DEBUG - Integration completed through    1 Oct 16   0: 0: 0
2021-08-11 10:13:28,673 - isca - DEBUG - Integration completed through    1 Oct 17   0: 0: 0
2021-08-11 10:13:30,161 - isca - DEBUG - Integration completed through    1 Oct 18   0: 0: 0
2021-08-11 10:13:31,651 - isca - DEBUG - Integration completed through    1 Oct 19   0: 0: 0
2021-08-11 10:13:33,140 - isca - DEBUG - Integration completed through    1 Oct 20   0: 0: 0
2021-08-11 10:13:34,631 - isca - DEBUG - Integration completed through    1 Oct 21   0: 0: 0
2021-08-11 10:13:36,120 - isca - DEBUG - Integration completed through    1 Oct 22   0: 0: 0
2021-08-11 10:13:37,611 - isca - DEBUG - Integration completed through    1 Oct 23   0: 0: 0
2021-08-11 10:13:39,099 - isca - DEBUG - Integration completed through    1 Oct 24   0: 0: 0
2021-08-11 10:13:40,588 - isca - DEBUG - Integration completed through    1 Oct 25   0: 0: 0
2021-08-11 10:13:42,079 - isca - DEBUG - Integration completed through    1 Oct 26   0: 0: 0
2021-08-11 10:13:43,569 - isca - DEBUG - Integration completed through    1 Oct 27   0: 0: 0
2021-08-11 10:13:45,059 - isca - DEBUG - Integration completed through    1 Oct 28   0: 0: 0
2021-08-11 10:13:46,552 - isca - DEBUG - Integration completed through    1 Oct 29   0: 0: 0
2021-08-11 10:13:48,044 - isca - DEBUG - Integration completed through    1 Oct 30   0: 0: 0
2021-08-11 10:13:49,533 - isca - DEBUG - Integration completed through    1 Nov  1   0: 0: 0
2021-08-11 10:13:51,129 - isca - DEBUG - Integration completed through    1 Nov  2   0: 0: 0
2021-08-11 10:13:52,616 - isca - DEBUG - Integration completed through    1 Nov  3   0: 0: 0
2021-08-11 10:13:54,106 - isca - DEBUG - Integration completed through    1 Nov  4   0: 0: 0
2021-08-11 10:13:55,591 - isca - DEBUG - Integration completed through    1 Nov  5   0: 0: 0
2021-08-11 10:13:57,080 - isca - DEBUG - Integration completed through    1 Nov  6   0: 0: 0
2021-08-11 10:13:58,567 - isca - DEBUG - Integration completed through    1 Nov  7   0: 0: 0
2021-08-11 10:14:00,054 - isca - DEBUG - Integration completed through    1 Nov  8   0: 0: 0
2021-08-11 10:14:01,545 - isca - DEBUG - Integration completed through    1 Nov  9   0: 0: 0
2021-08-11 10:14:03,036 - isca - DEBUG - Integration completed through    1 Nov 10   0: 0: 0
2021-08-11 10:14:04,525 - isca - DEBUG - Integration completed through    1 Nov 11   0: 0: 0
2021-08-11 10:14:06,012 - isca - DEBUG - Integration completed through    1 Nov 12   0: 0: 0
2021-08-11 10:14:07,501 - isca - DEBUG - Integration completed through    1 Nov 13   0: 0: 0
2021-08-11 10:14:08,990 - isca - DEBUG - Integration completed through    1 Nov 14   0: 0: 0
2021-08-11 10:14:10,479 - isca - DEBUG - Integration completed through    1 Nov 15   0: 0: 0
2021-08-11 10:14:11,976 - isca - DEBUG - Integration completed through    1 Nov 16   0: 0: 0
2021-08-11 10:14:13,465 - isca - DEBUG - Integration completed through    1 Nov 17   0: 0: 0
2021-08-11 10:14:14,956 - isca - DEBUG - Integration completed through    1 Nov 18   0: 0: 0
2021-08-11 10:14:16,447 - isca - DEBUG - Integration completed through    1 Nov 19   0: 0: 0
2021-08-11 10:14:17,936 - isca - DEBUG - Integration completed through    1 Nov 20   0: 0: 0
2021-08-11 10:14:19,426 - isca - DEBUG - Integration completed through    1 Nov 21   0: 0: 0
2021-08-11 10:14:20,912 - isca - DEBUG - Integration completed through    1 Nov 22   0: 0: 0
2021-08-11 10:14:22,400 - isca - DEBUG - Integration completed through    1 Nov 23   0: 0: 0
2021-08-11 10:14:23,888 - isca - DEBUG - Integration completed through    1 Nov 24   0: 0: 0
2021-08-11 10:14:25,380 - isca - DEBUG - Integration completed through    1 Nov 25   0: 0: 0
2021-08-11 10:14:26,869 - isca - DEBUG - Integration completed through    1 Nov 26   0: 0: 0
2021-08-11 10:14:28,356 - isca - DEBUG - Integration completed through    1 Nov 27   0: 0: 0
2021-08-11 10:14:29,847 - isca - DEBUG - Integration completed through    1 Nov 28   0: 0: 0
2021-08-11 10:14:31,338 - isca - DEBUG - Integration completed through    1 Nov 29   0: 0: 0
2021-08-11 10:14:32,825 - isca - DEBUG - Integration completed through    1 Nov 30   0: 0: 0
2021-08-11 10:14:34,315 - isca - DEBUG - Integration completed through    1 Dec  1   0: 0: 0
2021-08-11 10:14:36,478 - isca - DEBUG - Integration completed through    1 Dec  2   0: 0: 0
2021-08-11 10:14:37,964 - isca - DEBUG - Integration completed through    1 Dec  3   0: 0: 0
2021-08-11 10:14:39,451 - isca - DEBUG - Integration completed through    1 Dec  4   0: 0: 0
2021-08-11 10:14:40,940 - isca - DEBUG - Integration completed through    1 Dec  5   0: 0: 0
2021-08-11 10:14:42,429 - isca - DEBUG - Integration completed through    1 Dec  6   0: 0: 0
2021-08-11 10:14:43,918 - isca - DEBUG - Integration completed through    1 Dec  7   0: 0: 0
2021-08-11 10:14:45,407 - isca - DEBUG - Integration completed through    1 Dec  8   0: 0: 0
2021-08-11 10:14:46,897 - isca - DEBUG - Integration completed through    1 Dec  9   0: 0: 0
2021-08-11 10:14:48,389 - isca - DEBUG - Integration completed through    1 Dec 10   0: 0: 0
2021-08-11 10:14:49,879 - isca - DEBUG - Integration completed through    1 Dec 11   0: 0: 0
2021-08-11 10:14:51,366 - isca - DEBUG - Integration completed through    1 Dec 12   0: 0: 0
2021-08-11 10:14:52,855 - isca - DEBUG - Integration completed through    1 Dec 13   0: 0: 0
2021-08-11 10:14:54,341 - isca - DEBUG - Integration completed through    1 Dec 14   0: 0: 0
2021-08-11 10:14:55,829 - isca - DEBUG - Integration completed through    1 Dec 15   0: 0: 0
2021-08-11 10:14:57,318 - isca - DEBUG - Integration completed through    1 Dec 16   0: 0: 0
2021-08-11 10:14:58,808 - isca - DEBUG - Integration completed through    1 Dec 17   0: 0: 0
2021-08-11 10:15:00,297 - isca - DEBUG - Integration completed through    1 Dec 18   0: 0: 0
2021-08-11 10:15:01,879 - isca - DEBUG - Integration completed through    1 Dec 19   0: 0: 0
2021-08-11 10:15:03,409 - isca - DEBUG - Integration completed through    1 Dec 20   0: 0: 0
2021-08-11 10:15:04,899 - isca - DEBUG - Integration completed through    1 Dec 21   0: 0: 0
2021-08-11 10:15:06,390 - isca - DEBUG - Integration completed through    1 Dec 22   0: 0: 0
2021-08-11 10:15:07,880 - isca - DEBUG - Integration completed through    1 Dec 23   0: 0: 0
2021-08-11 10:15:09,370 - isca - DEBUG - Integration completed through    1 Dec 24   0: 0: 0
2021-08-11 10:15:10,859 - isca - DEBUG - Integration completed through    1 Dec 25   0: 0: 0
2021-08-11 10:15:12,347 - isca - DEBUG - Integration completed through    1 Dec 26   0: 0: 0
2021-08-11 10:15:13,838 - isca - DEBUG - Integration completed through    1 Dec 27   0: 0: 0
2021-08-11 10:15:15,325 - isca - DEBUG - Integration completed through    1 Dec 28   0: 0: 0
2021-08-11 10:15:16,815 - isca - DEBUG - Integration completed through    1 Dec 29   0: 0: 0
2021-08-11 10:15:18,304 - isca - DEBUG - Integration completed through    1 Dec 30   0: 0: 0
2021-08-11 10:15:19,793 - isca - DEBUG - Integration completed through    2 Jan  1   0: 0: 0
2021-08-11 10:15:19,959 - isca - DEBUG - NOTE from PE    0: MPP_IO_SET_STACK_SIZE: stack size set to     245760.
2021-08-11 10:15:20,720 - isca - DEBUG - MPP_DOMAINS_STACK high water mark=       30720
2021-08-11 10:15:20,720 - isca - DEBUG - 
2021-08-11 10:15:20,720 - isca - DEBUG - Tabulating mpp_clock statistics across     32 PEs...
2021-08-11 10:15:20,720 - isca - DEBUG - 
2021-08-11 10:15:20,720 - isca - DEBUG - tmin          tmax          tavg          tstd  tfrac grain pemin pemax
2021-08-11 10:15:20,720 - isca - DEBUG - Total runtime                       542.313887    542.313893    542.313890      0.000001  1.000     0     0    31
2021-08-11 10:15:20,720 - isca - DEBUG - MPP_STACK high water mark=           0
2021-08-11 10:15:20,859 - isca - INFO - Run 1 complete
2021-08-11 10:15:24,731 - isca - DEBUG - atmos_monthly.nc combined and copied to data directory
2021-08-11 10:15:26,988 - isca - INFO - Restart archive created at /network/group/aopp/planetary/PLR018_LEWIS_VENUS2/isca_data/GREY_T42L30fr_TL_om_1_6_a_1_1_ps_1_1/restarts/res0001.tar.gz
2021-08-11 10:15:27,130 - isca - INFO - Writing namelist to '/network/group/aopp/planetary/PLR018_LEWIS_VENUS2/isca_data/GREY_T42L30fr_TL_om_1_6_a_1_1_ps_1_1/run0001/input.nml'
2021-08-11 10:15:27,169 - isca - INFO - Writing field_table to '/network/group/aopp/planetary/PLR018_LEWIS_VENUS2/isca_data/GREY_T42L30fr_TL_om_1_6_a_1_1_ps_1_1/run0001/field_table'
2021-08-11 10:15:27,300 - isca - INFO - Writing diag_table to '/network/group/aopp/planetary/PLR018_LEWIS_VENUS2/isca_data/GREY_T42L30fr_TL_om_1_6_a_1_1_ps_1_1/run0001/diag_table'
2021-08-11 10:15:28,531 - isca - INFO - Emptied run directory '/network/group/aopp/planetary/PLR018_LEWIS_VENUS2/isca_work/experiment/GREY_T42L30fr_TL_om_1_6_a_1_1_ps_1_1/run'
2021-08-11 10:15:28,689 - isca - INFO - Emptied run directory '/network/group/aopp/planetary/PLR018_LEWIS_VENUS2/isca_work/experiment/GREY_T42L30fr_TL_om_1_6_a_1_1_ps_1_1/run'
2021-08-11 10:15:29,279 - isca - INFO - Writing namelist to '/network/group/aopp/planetary/PLR018_LEWIS_VENUS2/isca_work/experiment/GREY_T42L30fr_TL_om_1_6_a_1_1_ps_1_1/run/input.nml'
2021-08-11 10:15:29,375 - isca - INFO - Writing field_table to '/network/group/aopp/planetary/PLR018_LEWIS_VENUS2/isca_work/experiment/GREY_T42L30fr_TL_om_1_6_a_1_1_ps_1_1/run/field_table'
2021-08-11 10:15:29,455 - isca - INFO - Writing diag_table to '/network/group/aopp/planetary/PLR018_LEWIS_VENUS2/isca_work/experiment/GREY_T42L30fr_TL_om_1_6_a_1_1_ps_1_1/run/diag_table'
2021-08-11 10:15:29,494 - isca - INFO - Using restart file '/network/group/aopp/planetary/PLR018_LEWIS_VENUS2/isca_data/GREY_T42L30fr_TL_om_1_6_a_1_1_ps_1_1/restarts/res0001.tar.gz'
2021-08-11 10:15:30,232 - isca - INFO - Restart /network/group/aopp/planetary/PLR018_LEWIS_VENUS2/isca_data/GREY_T42L30fr_TL_om_1_6_a_1_1_ps_1_1/restarts/res0001.tar.gz extracted to /network/group/aopp/planetary/PLR018_LEWIS_VENUS2/isca_work/experiment/GREY_T42L30fr_TL_om_1_6_a_1_1_ps_1_1/run/INPUT
2021-08-11 10:15:30,269 - isca - INFO - Beginning run 2
2021-08-11 10:15:30,283 - isca - INFO - process running as 60502
2021-08-11 10:15:30,313 - isca - DEBUG - loadmodules for oxford machines
2021-08-11 10:15:30,737 - isca - DEBUG - [?1h=Currently Loaded Modulefiles:[m
2021-08-11 10:15:30,759 - isca - DEBUG - 1) physicspaths/2.0         6) otheros/generic-arc          [m
2021-08-11 10:15:30,759 - isca - DEBUG - 2) otheros/generic-oxphys   7) intel-compilers/2018upd4     [m
2021-08-11 10:15:30,759 - isca - DEBUG - 3) otheros/ubuntu_bionic    8) intel-mpi/2015               [m
2021-08-11 10:15:30,759 - isca - DEBUG - 4) otheros/ubuntu_trusty    9) netcdf/netcdf-c-4.7.3        [m
2021-08-11 10:15:30,759 - isca - DEBUG - 5) arcpaths/1.0            10) netcdf/netcdf-fortran-4.5.2  [m
2021-08-11 10:15:31,272 - isca - DEBUG - [K[?1l>NOTE from PE    0: MPP_DOMAINS_SET_STACK_SIZE: stack size set to    32768.
2021-08-11 10:15:31,272 - isca - DEBUG - &MPP_IO_NML
2021-08-11 10:15:31,272 - isca - DEBUG - HEADER_BUFFER_VAL       =       16384,
2021-08-11 10:15:31,272 - isca - DEBUG - GLOBAL_FIELD_ON_ROOT_PE = T,
2021-08-11 10:15:31,272 - isca - DEBUG - IO_CLOCKS_ON    = F,
2021-08-11 10:15:31,272 - isca - DEBUG - SHUFFLE =           0,
2021-08-11 10:15:31,272 - isca - DEBUG - DEFLATE_LEVEL   =          -1
2021-08-11 10:15:31,272 - isca - DEBUG - /
2021-08-11 10:15:31,275 - isca - DEBUG - NOTE from PE    0: MPP_IO_SET_STACK_SIZE: stack size set to     131072.
2021-08-11 10:15:31,277 - isca - DEBUG - NOTE from PE    0: MPP_DOMAINS_SET_STACK_SIZE: stack size set to   600000.
2021-08-11 10:15:31,339 - isca - DEBUG - starting            1  OpenMP threads per MPI-task
2021-08-11 10:15:31,351 - isca - DEBUG - ATMOS MODEL DOMAIN DECOMPOSITION
2021-08-11 10:15:31,351 - isca - DEBUG - X-AXIS =  128
2021-08-11 10:15:31,351 - isca - DEBUG - Y-AXIS =    2   2   2   2   2   2   2   2   2   2   2   2   2   2   2   2   2   2   2   2   2   2   2   2
2021-08-11 10:15:31,351 - isca - DEBUG - 2   2   2   2   2   2   2   2
2021-08-11 10:15:32,165 - isca - DEBUG - NOTE from PE    0: idealized_moist_phys: Using AM3 dry adjustment convection scheme.
2021-08-11 10:15:35,016 - isca - DEBUG - Integration completed through    2 Jan  2   0: 0: 0
2021-08-11 10:15:37,121 - isca - DEBUG - Integration completed through    2 Jan  3   0: 0: 0
2021-08-11 10:15:38,654 - isca - DEBUG - Integration completed through    2 Jan  4   0: 0: 0
2021-08-11 10:15:40,141 - isca - DEBUG - Integration completed through    2 Jan  5   0: 0: 0
2021-08-11 10:15:41,637 - isca - DEBUG - Integration completed through    2 Jan  6   0: 0: 0
2021-08-11 10:15:43,124 - isca - DEBUG - Integration completed through    2 Jan  7   0: 0: 0
2021-08-11 10:15:44,618 - isca - DEBUG - Integration completed through    2 Jan  8   0: 0: 0
2021-08-11 10:15:46,108 - isca - DEBUG - Integration completed through    2 Jan  9   0: 0: 0
2021-08-11 10:15:47,600 - isca - DEBUG - Integration completed through    2 Jan 10   0: 0: 0
2021-08-11 10:15:49,091 - isca - DEBUG - Integration completed through    2 Jan 11   0: 0: 0
2021-08-11 10:15:50,584 - isca - DEBUG - Integration completed through    2 Jan 12   0: 0: 0
2021-08-11 10:15:52,073 - isca - DEBUG - Integration completed through    2 Jan 13   0: 0: 0
2021-08-11 10:15:53,658 - isca - DEBUG - Integration completed through    2 Jan 14   0: 0: 0
2021-08-11 10:15:55,438 - isca - DEBUG - Integration completed through    2 Jan 15   0: 0: 0
2021-08-11 10:15:57,370 - isca - DEBUG - Integration completed through    2 Jan 16   0: 0: 0
2021-08-11 10:15:59,038 - isca - DEBUG - Integration completed through    2 Jan 17   0: 0: 0
2021-08-11 10:16:00,527 - isca - DEBUG - Integration completed through    2 Jan 18   0: 0: 0
2021-08-11 10:16:02,018 - isca - DEBUG - Integration completed through    2 Jan 19   0: 0: 0
2021-08-11 10:16:03,508 - isca - DEBUG - Integration completed through    2 Jan 20   0: 0: 0
2021-08-11 10:16:05,003 - isca - DEBUG - Integration completed through    2 Jan 21   0: 0: 0
2021-08-11 10:16:06,494 - isca - DEBUG - Integration completed through    2 Jan 22   0: 0: 0
2021-08-11 10:16:07,986 - isca - DEBUG - Integration completed through    2 Jan 23   0: 0: 0
2021-08-11 10:16:09,476 - isca - DEBUG - Integration completed through    2 Jan 24   0: 0: 0
2021-08-11 10:16:10,967 - isca - DEBUG - Integration completed through    2 Jan 25   0: 0: 0
2021-08-11 10:16:12,457 - isca - DEBUG - Integration completed through    2 Jan 26   0: 0: 0
2021-08-11 10:16:13,950 - isca - DEBUG - Integration completed through    2 Jan 27   0: 0: 0
2021-08-11 10:16:15,440 - isca - DEBUG - Integration completed through    2 Jan 28   0: 0: 0
2021-08-11 10:16:16,931 - isca - DEBUG - Integration completed through    2 Jan 29   0: 0: 0
2021-08-11 10:16:18,421 - isca - DEBUG - Integration completed through    2 Jan 30   0: 0: 0
2021-08-11 10:16:19,912 - isca - DEBUG - Integration completed through    2 Feb  1   0: 0: 0
2021-08-11 10:16:23,100 - isca - DEBUG - Integration completed through    2 Feb  2   0: 0: 0
2021-08-11 10:16:24,579 - isca - DEBUG - Integration completed through    2 Feb  3   0: 0: 0
2021-08-11 10:16:26,068 - isca - DEBUG - Integration completed through    2 Feb  4   0: 0: 0
2021-08-11 10:16:27,558 - isca - DEBUG - Integration completed through    2 Feb  5   0: 0: 0
2021-08-11 10:16:29,049 - isca - DEBUG - Integration completed through    2 Feb  6   0: 0: 0
2021-08-11 10:16:30,542 - isca - DEBUG - Integration completed through    2 Feb  7   0: 0: 0
2021-08-11 10:16:32,034 - isca - DEBUG - Integration completed through    2 Feb  8   0: 0: 0
2021-08-11 10:16:33,524 - isca - DEBUG - Integration completed through    2 Feb  9   0: 0: 0
2021-08-11 10:16:35,026 - isca - DEBUG - Integration completed through    2 Feb 10   0: 0: 0
2021-08-11 10:16:36,519 - isca - DEBUG - Integration completed through    2 Feb 11   0: 0: 0
2021-08-11 10:16:38,011 - isca - DEBUG - Integration completed through    2 Feb 12   0: 0: 0
2021-08-11 10:16:39,502 - isca - DEBUG - Integration completed through    2 Feb 13   0: 0: 0
2021-08-11 10:16:40,990 - isca - DEBUG - Integration completed through    2 Feb 14   0: 0: 0
2021-08-11 10:16:42,479 - isca - DEBUG - Integration completed through    2 Feb 15   0: 0: 0
2021-08-11 10:16:43,970 - isca - DEBUG - Integration completed through    2 Feb 16   0: 0: 0
2021-08-11 10:16:45,459 - isca - DEBUG - Integration completed through    2 Feb 17   0: 0: 0
2021-08-11 10:16:46,943 - isca - DEBUG - Integration completed through    2 Feb 18   0: 0: 0
2021-08-11 10:16:48,430 - isca - DEBUG - Integration completed through    2 Feb 19   0: 0: 0
2021-08-11 10:16:49,917 - isca - DEBUG - Integration completed through    2 Feb 20   0: 0: 0
2021-08-11 10:16:51,410 - isca - DEBUG - Integration completed through    2 Feb 21   0: 0: 0
2021-08-11 10:16:52,897 - isca - DEBUG - Integration completed through    2 Feb 22   0: 0: 0
2021-08-11 10:16:54,385 - isca - DEBUG - Integration completed through    2 Feb 23   0: 0: 0
2021-08-11 10:16:55,873 - isca - DEBUG - Integration completed through    2 Feb 24   0: 0: 0
2021-08-11 10:16:57,361 - isca - DEBUG - Integration completed through    2 Feb 25   0: 0: 0
2021-08-11 10:16:58,847 - isca - DEBUG - Integration completed through    2 Feb 26   0: 0: 0
2021-08-11 10:17:00,335 - isca - DEBUG - Integration completed through    2 Feb 27   0: 0: 0
2021-08-11 10:17:01,828 - isca - DEBUG - Integration completed through    2 Feb 28   0: 0: 0
2021-08-11 10:17:03,316 - isca - DEBUG - Integration completed through    2 Feb 29   0: 0: 0
2021-08-11 10:17:04,807 - isca - DEBUG - Integration completed through    2 Feb 30   0: 0: 0
2021-08-11 10:17:06,295 - isca - DEBUG - Integration completed through    2 Mar  1   0: 0: 0
2021-08-11 10:17:07,902 - isca - DEBUG - Integration completed through    2 Mar  2   0: 0: 0
2021-08-11 10:17:09,405 - isca - DEBUG - Integration completed through    2 Mar  3   0: 0: 0
2021-08-11 10:17:10,896 - isca - DEBUG - Integration completed through    2 Mar  4   0: 0: 0
2021-08-11 10:17:12,389 - isca - DEBUG - Integration completed through    2 Mar  5   0: 0: 0
2021-08-11 10:17:13,879 - isca - DEBUG - Integration completed through    2 Mar  6   0: 0: 0
2021-08-11 10:17:15,369 - isca - DEBUG - Integration completed through    2 Mar  7   0: 0: 0
2021-08-11 10:17:16,863 - isca - DEBUG - Integration completed through    2 Mar  8   0: 0: 0
2021-08-11 10:17:18,354 - isca - DEBUG - Integration completed through    2 Mar  9   0: 0: 0
2021-08-11 10:17:19,842 - isca - DEBUG - Integration completed through    2 Mar 10   0: 0: 0
2021-08-11 10:17:21,329 - isca - DEBUG - Integration completed through    2 Mar 11   0: 0: 0
2021-08-11 10:17:22,820 - isca - DEBUG - Integration completed through    2 Mar 12   0: 0: 0
2021-08-11 10:17:24,309 - isca - DEBUG - Integration completed through    2 Mar 13   0: 0: 0
2021-08-11 10:17:25,797 - isca - DEBUG - Integration completed through    2 Mar 14   0: 0: 0
2021-08-11 10:17:27,287 - isca - DEBUG - Integration completed through    2 Mar 15   0: 0: 0
2021-08-11 10:17:28,777 - isca - DEBUG - Integration completed through    2 Mar 16   0: 0: 0
2021-08-11 10:17:30,269 - isca - DEBUG - Integration completed through    2 Mar 17   0: 0: 0
2021-08-11 10:17:31,761 - isca - DEBUG - Integration completed through    2 Mar 18   0: 0: 0
2021-08-11 10:17:33,253 - isca - DEBUG - Integration completed through    2 Mar 19   0: 0: 0
2021-08-11 10:17:34,747 - isca - DEBUG - Integration completed through    2 Mar 20   0: 0: 0
2021-08-11 10:17:36,239 - isca - DEBUG - Integration completed through    2 Mar 21   0: 0: 0
2021-08-11 10:17:37,731 - isca - DEBUG - Integration completed through    2 Mar 22   0: 0: 0
2021-08-11 10:17:39,220 - isca - DEBUG - Integration completed through    2 Mar 23   0: 0: 0
2021-08-11 10:17:40,711 - isca - DEBUG - Integration completed through    2 Mar 24   0: 0: 0
2021-08-11 10:17:42,199 - isca - DEBUG - Integration completed through    2 Mar 25   0: 0: 0
2021-08-11 10:17:43,692 - isca - DEBUG - Integration completed through    2 Mar 26   0: 0: 0
2021-08-11 10:17:45,181 - isca - DEBUG - Integration completed through    2 Mar 27   0: 0: 0
2021-08-11 10:17:46,677 - isca - DEBUG - Integration completed through    2 Mar 28   0: 0: 0
2021-08-11 10:17:48,168 - isca - DEBUG - Integration completed through    2 Mar 29   0: 0: 0
2021-08-11 10:17:49,657 - isca - DEBUG - Integration completed through    2 Mar 30   0: 0: 0
2021-08-11 10:17:51,149 - isca - DEBUG - Integration completed through    2 Apr  1   0: 0: 0
2021-08-11 10:17:52,708 - isca - DEBUG - Integration completed through    2 Apr  2   0: 0: 0
2021-08-11 10:17:54,198 - isca - DEBUG - Integration completed through    2 Apr  3   0: 0: 0
2021-08-11 10:17:55,684 - isca - DEBUG - Integration completed through    2 Apr  4   0: 0: 0
2021-08-11 10:17:57,174 - isca - DEBUG - Integration completed through    2 Apr  5   0: 0: 0
2021-08-11 10:17:58,659 - isca - DEBUG - Integration completed through    2 Apr  6   0: 0: 0
2021-08-11 10:18:00,147 - isca - DEBUG - Integration completed through    2 Apr  7   0: 0: 0
2021-08-11 10:18:01,635 - isca - DEBUG - Integration completed through    2 Apr  8   0: 0: 0
2021-08-11 10:18:03,123 - isca - DEBUG - Integration completed through    2 Apr  9   0: 0: 0
2021-08-11 10:18:04,617 - isca - DEBUG - Integration completed through    2 Apr 10   0: 0: 0
2021-08-11 10:18:06,103 - isca - DEBUG - Integration completed through    2 Apr 11   0: 0: 0
2021-08-11 10:18:07,590 - isca - DEBUG - Integration completed through    2 Apr 12   0: 0: 0
2021-08-11 10:18:09,078 - isca - DEBUG - Integration completed through    2 Apr 13   0: 0: 0
2021-08-11 10:18:10,564 - isca - DEBUG - Integration completed through    2 Apr 14   0: 0: 0
2021-08-11 10:18:12,054 - isca - DEBUG - Integration completed through    2 Apr 15   0: 0: 0
2021-08-11 10:18:13,542 - isca - DEBUG - Integration completed through    2 Apr 16   0: 0: 0
2021-08-11 10:18:15,029 - isca - DEBUG - Integration completed through    2 Apr 17   0: 0: 0
2021-08-11 10:18:16,514 - isca - DEBUG - Integration completed through    2 Apr 18   0: 0: 0
2021-08-11 10:18:18,000 - isca - DEBUG - Integration completed through    2 Apr 19   0: 0: 0
2021-08-11 10:18:19,487 - isca - DEBUG - Integration completed through    2 Apr 20   0: 0: 0
2021-08-11 10:18:20,975 - isca - DEBUG - Integration completed through    2 Apr 21   0: 0: 0
2021-08-11 10:18:22,461 - isca - DEBUG - Integration completed through    2 Apr 22   0: 0: 0
2021-08-11 10:18:23,964 - isca - DEBUG - Integration completed through    2 Apr 23   0: 0: 0
2021-08-11 10:18:25,449 - isca - DEBUG - Integration completed through    2 Apr 24   0: 0: 0
2021-08-11 10:18:26,935 - isca - DEBUG - Integration completed through    2 Apr 25   0: 0: 0
2021-08-11 10:18:28,421 - isca - DEBUG - Integration completed through    2 Apr 26   0: 0: 0
2021-08-11 10:18:29,907 - isca - DEBUG - Integration completed through    2 Apr 27   0: 0: 0
2021-08-11 10:18:31,391 - isca - DEBUG - Integration completed through    2 Apr 28   0: 0: 0
2021-08-11 10:18:32,876 - isca - DEBUG - Integration completed through    2 Apr 29   0: 0: 0
2021-08-11 10:18:34,364 - isca - DEBUG - Integration completed through    2 Apr 30   0: 0: 0
2021-08-11 10:18:35,849 - isca - DEBUG - Integration completed through    2 May  1   0: 0: 0
2021-08-11 10:18:37,460 - isca - DEBUG - Integration completed through    2 May  2   0: 0: 0
2021-08-11 10:18:38,949 - isca - DEBUG - Integration completed through    2 May  3   0: 0: 0
2021-08-11 10:18:40,435 - isca - DEBUG - Integration completed through    2 May  4   0: 0: 0
2021-08-11 10:18:41,923 - isca - DEBUG - Integration completed through    2 May  5   0: 0: 0
2021-08-11 10:18:43,412 - isca - DEBUG - Integration completed through    2 May  6   0: 0: 0
2021-08-11 10:18:44,900 - isca - DEBUG - Integration completed through    2 May  7   0: 0: 0
2021-08-11 10:18:46,387 - isca - DEBUG - Integration completed through    2 May  8   0: 0: 0
2021-08-11 10:18:47,873 - isca - DEBUG - Integration completed through    2 May  9   0: 0: 0
2021-08-11 10:18:49,361 - isca - DEBUG - Integration completed through    2 May 10   0: 0: 0
2021-08-11 10:18:50,852 - isca - DEBUG - Integration completed through    2 May 11   0: 0: 0
2021-08-11 10:18:52,342 - isca - DEBUG - Integration completed through    2 May 12   0: 0: 0
2021-08-11 10:18:53,829 - isca - DEBUG - Integration completed through    2 May 13   0: 0: 0
2021-08-11 10:18:55,317 - isca - DEBUG - Integration completed through    2 May 14   0: 0: 0
2021-08-11 10:18:56,802 - isca - DEBUG - Integration completed through    2 May 15   0: 0: 0
2021-08-11 10:18:58,290 - isca - DEBUG - Integration completed through    2 May 16   0: 0: 0
2021-08-11 10:18:59,779 - isca - DEBUG - Integration completed through    2 May 17   0: 0: 0
2021-08-11 10:19:01,272 - isca - DEBUG - Integration completed through    2 May 18   0: 0: 0
2021-08-11 10:19:02,758 - isca - DEBUG - Integration completed through    2 May 19   0: 0: 0
2021-08-11 10:19:04,247 - isca - DEBUG - Integration completed through    2 May 20   0: 0: 0
2021-08-11 10:19:05,730 - isca - DEBUG - Integration completed through    2 May 21   0: 0: 0
2021-08-11 10:19:07,217 - isca - DEBUG - Integration completed through    2 May 22   0: 0: 0
2021-08-11 10:19:08,703 - isca - DEBUG - Integration completed through    2 May 23   0: 0: 0
2021-08-11 10:19:10,190 - isca - DEBUG - Integration completed through    2 May 24   0: 0: 0
2021-08-11 10:19:11,675 - isca - DEBUG - Integration completed through    2 May 25   0: 0: 0
2021-08-11 10:19:13,160 - isca - DEBUG - Integration completed through    2 May 26   0: 0: 0
2021-08-11 10:19:14,649 - isca - DEBUG - Integration completed through    2 May 27   0: 0: 0
2021-08-11 10:19:16,135 - isca - DEBUG - Integration completed through    2 May 28   0: 0: 0
2021-08-11 10:19:17,621 - isca - DEBUG - Integration completed through    2 May 29   0: 0: 0
2021-08-11 10:19:19,104 - isca - DEBUG - Integration completed through    2 May 30   0: 0: 0
2021-08-11 10:19:20,588 - isca - DEBUG - Integration completed through    2 Jun  1   0: 0: 0
2021-08-11 10:19:22,189 - isca - DEBUG - Integration completed through    2 Jun  2   0: 0: 0
2021-08-11 10:19:23,673 - isca - DEBUG - Integration completed through    2 Jun  3   0: 0: 0
2021-08-11 10:19:25,160 - isca - DEBUG - Integration completed through    2 Jun  4   0: 0: 0
2021-08-11 10:19:26,646 - isca - DEBUG - Integration completed through    2 Jun  5   0: 0: 0
2021-08-11 10:19:28,133 - isca - DEBUG - Integration completed through    2 Jun  6   0: 0: 0
2021-08-11 10:19:29,620 - isca - DEBUG - Integration completed through    2 Jun  7   0: 0: 0
2021-08-11 10:19:31,108 - isca - DEBUG - Integration completed through    2 Jun  8   0: 0: 0
2021-08-11 10:19:32,594 - isca - DEBUG - Integration completed through    2 Jun  9   0: 0: 0
2021-08-11 10:19:34,081 - isca - DEBUG - Integration completed through    2 Jun 10   0: 0: 0
2021-08-11 10:19:35,566 - isca - DEBUG - Integration completed through    2 Jun 11   0: 0: 0
2021-08-11 10:19:37,055 - isca - DEBUG - Integration completed through    2 Jun 12   0: 0: 0
2021-08-11 10:19:38,547 - isca - DEBUG - Integration completed through    2 Jun 13   0: 0: 0
2021-08-11 10:19:40,035 - isca - DEBUG - Integration completed through    2 Jun 14   0: 0: 0
2021-08-11 10:19:41,520 - isca - DEBUG - Integration completed through    2 Jun 15   0: 0: 0
2021-08-11 10:19:43,005 - isca - DEBUG - Integration completed through    2 Jun 16   0: 0: 0
2021-08-11 10:19:44,492 - isca - DEBUG - Integration completed through    2 Jun 17   0: 0: 0
2021-08-11 10:19:45,975 - isca - DEBUG - Integration completed through    2 Jun 18   0: 0: 0
2021-08-11 10:19:47,458 - isca - DEBUG - Integration completed through    2 Jun 19   0: 0: 0
2021-08-11 10:19:48,942 - isca - DEBUG - Integration completed through    2 Jun 20   0: 0: 0
2021-08-11 10:19:50,429 - isca - DEBUG - Integration completed through    2 Jun 21   0: 0: 0
2021-08-11 10:19:51,918 - isca - DEBUG - Integration completed through    2 Jun 22   0: 0: 0
2021-08-11 10:19:53,406 - isca - DEBUG - Integration completed through    2 Jun 23   0: 0: 0
2021-08-11 10:19:54,892 - isca - DEBUG - Integration completed through    2 Jun 24   0: 0: 0
2021-08-11 10:19:56,381 - isca - DEBUG - Integration completed through    2 Jun 25   0: 0: 0
2021-08-11 10:19:57,870 - isca - DEBUG - Integration completed through    2 Jun 26   0: 0: 0
2021-08-11 10:19:59,355 - isca - DEBUG - Integration completed through    2 Jun 27   0: 0: 0
2021-08-11 10:20:00,843 - isca - DEBUG - Integration completed through    2 Jun 28   0: 0: 0
2021-08-11 10:20:02,378 - isca - DEBUG - Integration completed through    2 Jun 29   0: 0: 0
2021-08-11 10:20:03,866 - isca - DEBUG - Integration completed through    2 Jun 30   0: 0: 0
2021-08-11 10:20:05,353 - isca - DEBUG - Integration completed through    2 Jul  1   0: 0: 0
2021-08-11 10:20:06,897 - isca - DEBUG - Integration completed through    2 Jul  2   0: 0: 0
2021-08-11 10:20:08,384 - isca - DEBUG - Integration completed through    2 Jul  3   0: 0: 0
2021-08-11 10:20:09,874 - isca - DEBUG - Integration completed through    2 Jul  4   0: 0: 0
2021-08-11 10:20:11,363 - isca - DEBUG - Integration completed through    2 Jul  5   0: 0: 0
2021-08-11 10:20:12,849 - isca - DEBUG - Integration completed through    2 Jul  6   0: 0: 0
2021-08-11 10:20:14,338 - isca - DEBUG - Integration completed through    2 Jul  7   0: 0: 0
2021-08-11 10:20:15,827 - isca - DEBUG - Integration completed through    2 Jul  8   0: 0: 0
2021-08-11 10:20:17,317 - isca - DEBUG - Integration completed through    2 Jul  9   0: 0: 0
2021-08-11 10:20:18,805 - isca - DEBUG - Integration completed through    2 Jul 10   0: 0: 0
2021-08-11 10:20:20,289 - isca - DEBUG - Integration completed through    2 Jul 11   0: 0: 0
2021-08-11 10:20:21,780 - isca - DEBUG - Integration completed through    2 Jul 12   0: 0: 0
2021-08-11 10:20:23,267 - isca - DEBUG - Integration completed through    2 Jul 13   0: 0: 0
2021-08-11 10:20:24,755 - isca - DEBUG - Integration completed through    2 Jul 14   0: 0: 0
2021-08-11 10:20:26,243 - isca - DEBUG - Integration completed through    2 Jul 15   0: 0: 0
2021-08-11 10:20:27,729 - isca - DEBUG - Integration completed through    2 Jul 16   0: 0: 0
2021-08-11 10:20:29,216 - isca - DEBUG - Integration completed through    2 Jul 17   0: 0: 0
2021-08-11 10:20:30,705 - isca - DEBUG - Integration completed through    2 Jul 18   0: 0: 0
2021-08-11 10:20:32,296 - isca - DEBUG - Integration completed through    2 Jul 19   0: 0: 0
2021-08-11 10:20:33,783 - isca - DEBUG - Integration completed through    2 Jul 20   0: 0: 0
2021-08-11 10:20:35,271 - isca - DEBUG - Integration completed through    2 Jul 21   0: 0: 0
2021-08-11 10:20:36,758 - isca - DEBUG - Integration completed through    2 Jul 22   0: 0: 0
2021-08-11 10:20:38,249 - isca - DEBUG - Integration completed through    2 Jul 23   0: 0: 0
2021-08-11 10:20:39,738 - isca - DEBUG - Integration completed through    2 Jul 24   0: 0: 0
2021-08-11 10:20:41,228 - isca - DEBUG - Integration completed through    2 Jul 25   0: 0: 0
2021-08-11 10:20:42,719 - isca - DEBUG - Integration completed through    2 Jul 26   0: 0: 0
2021-08-11 10:20:44,208 - isca - DEBUG - Integration completed through    2 Jul 27   0: 0: 0
2021-08-11 10:20:45,701 - isca - DEBUG - Integration completed through    2 Jul 28   0: 0: 0
2021-08-11 10:20:47,194 - isca - DEBUG - Integration completed through    2 Jul 29   0: 0: 0
2021-08-11 10:20:48,680 - isca - DEBUG - Integration completed through    2 Jul 30   0: 0: 0
2021-08-11 10:20:50,166 - isca - DEBUG - Integration completed through    2 Aug  1   0: 0: 0
2021-08-11 10:20:51,706 - isca - DEBUG - Integration completed through    2 Aug  2   0: 0: 0
2021-08-11 10:20:53,216 - isca - DEBUG - Integration completed through    2 Aug  3   0: 0: 0
2021-08-11 10:20:55,030 - isca - DEBUG - Integration completed through    2 Aug  4   0: 0: 0
2021-08-11 10:20:56,829 - isca - DEBUG - Integration completed through    2 Aug  5   0: 0: 0
2021-08-11 10:20:58,491 - isca - DEBUG - Integration completed through    2 Aug  6   0: 0: 0
2021-08-11 10:20:59,974 - isca - DEBUG - Integration completed through    2 Aug  7   0: 0: 0
2021-08-11 10:21:01,459 - isca - DEBUG - Integration completed through    2 Aug  8   0: 0: 0
2021-08-11 10:21:02,950 - isca - DEBUG - Integration completed through    2 Aug  9   0: 0: 0
2021-08-11 10:21:04,436 - isca - DEBUG - Integration completed through    2 Aug 10   0: 0: 0
2021-08-11 10:21:05,925 - isca - DEBUG - Integration completed through    2 Aug 11   0: 0: 0
2021-08-11 10:21:07,412 - isca - DEBUG - Integration completed through    2 Aug 12   0: 0: 0
2021-08-11 10:21:08,899 - isca - DEBUG - Integration completed through    2 Aug 13   0: 0: 0
2021-08-11 10:21:10,388 - isca - DEBUG - Integration completed through    2 Aug 14   0: 0: 0
2021-08-11 10:21:11,881 - isca - DEBUG - Integration completed through    2 Aug 15   0: 0: 0
2021-08-11 10:21:13,369 - isca - DEBUG - Integration completed through    2 Aug 16   0: 0: 0
2021-08-11 10:21:14,856 - isca - DEBUG - Integration completed through    2 Aug 17   0: 0: 0
2021-08-11 10:21:16,343 - isca - DEBUG - Integration completed through    2 Aug 18   0: 0: 0
2021-08-11 10:21:17,830 - isca - DEBUG - Integration completed through    2 Aug 19   0: 0: 0
2021-08-11 10:21:19,316 - isca - DEBUG - Integration completed through    2 Aug 20   0: 0: 0
2021-08-11 10:21:20,805 - isca - DEBUG - Integration completed through    2 Aug 21   0: 0: 0
2021-08-11 10:21:22,291 - isca - DEBUG - Integration completed through    2 Aug 22   0: 0: 0
2021-08-11 10:21:23,779 - isca - DEBUG - Integration completed through    2 Aug 23   0: 0: 0
2021-08-11 10:21:25,266 - isca - DEBUG - Integration completed through    2 Aug 24   0: 0: 0
2021-08-11 10:21:26,753 - isca - DEBUG - Integration completed through    2 Aug 25   0: 0: 0
2021-08-11 10:21:28,240 - isca - DEBUG - Integration completed through    2 Aug 26   0: 0: 0
2021-08-11 10:21:29,728 - isca - DEBUG - Integration completed through    2 Aug 27   0: 0: 0
2021-08-11 10:21:31,219 - isca - DEBUG - Integration completed through    2 Aug 28   0: 0: 0
2021-08-11 10:21:32,707 - isca - DEBUG - Integration completed through    2 Aug 29   0: 0: 0
2021-08-11 10:21:34,196 - isca - DEBUG - Integration completed through    2 Aug 30   0: 0: 0
2021-08-11 10:21:35,696 - isca - DEBUG - Integration completed through    2 Sep  1   0: 0: 0
2021-08-11 10:21:37,292 - isca - DEBUG - Integration completed through    2 Sep  2   0: 0: 0
2021-08-11 10:21:38,779 - isca - DEBUG - Integration completed through    2 Sep  3   0: 0: 0
2021-08-11 10:21:40,271 - isca - DEBUG - Integration completed through    2 Sep  4   0: 0: 0
2021-08-11 10:21:41,758 - isca - DEBUG - Integration completed through    2 Sep  5   0: 0: 0
2021-08-11 10:21:43,244 - isca - DEBUG - Integration completed through    2 Sep  6   0: 0: 0
2021-08-11 10:21:44,731 - isca - DEBUG - Integration completed through    2 Sep  7   0: 0: 0
2021-08-11 10:21:46,219 - isca - DEBUG - Integration completed through    2 Sep  8   0: 0: 0
2021-08-11 10:21:47,706 - isca - DEBUG - Integration completed through    2 Sep  9   0: 0: 0
2021-08-11 10:21:49,190 - isca - DEBUG - Integration completed through    2 Sep 10   0: 0: 0
2021-08-11 10:21:49,234 - isca - DEBUG - srun: Job step aborted: Waiting up to 32 seconds for job step to finish.
slurmstepd-atmnode024: error: *** JOB 30051 ON atmnode024 CANCELLED AT 2021-08-11T10:21:49 ***
2021-08-11 10:21:49,238 - isca - DEBUG - slurmstepd-atmnode024: error: *** STEP 30051.1 ON atmnode024 CANCELLED AT 2021-08-11T10:21:49 ***
