/home/lewis/.bashrc: line 75: goisca: command not found
2021-08-05 13:22:24,930 - isca - WARNING - Environment variable GFDL_SOC not set, but this is only required if using SocratesCodebase. Setting to None
2021-08-05 13:22:25,243 - isca - INFO - RRTM compilation disabled.
2021-08-05 13:22:25,244 - isca - INFO - SOCRATES compilation disabled.
2021-08-05 13:22:25,260 - isca - INFO - Writing path_names to '/network/group/aopp/planetary/PLR018_LEWIS_VENUS2/isca_work/codebase/_home_lewis_research_isca_dir_Isca/build/grey_isca/path_names'
2021-08-05 13:22:25,279 - isca - INFO - Running compiler
2021-08-05 13:22:25,311 - isca - INFO - loadmodules for oxford machines
2021-08-05 13:22:25,722 - isca - INFO - [?1h=Currently Loaded Modulefiles:[m
2021-08-05 13:22:25,747 - isca - INFO - 1) physicspaths/2.0         6) otheros/generic-arc          [m
2021-08-05 13:22:25,747 - isca - INFO - 2) otheros/generic-oxphys   7) intel-compilers/2018upd4     [m
2021-08-05 13:22:25,747 - isca - INFO - 3) otheros/ubuntu_bionic    8) intel-mpi/2015               [m
2021-08-05 13:22:25,747 - isca - INFO - 4) otheros/ubuntu_trusty    9) netcdf/netcdf-c-4.7.3        [m
2021-08-05 13:22:25,747 - isca - INFO - 5) arcpaths/1.0            10) netcdf/netcdf-fortran-4.5.2  [m
2021-08-05 13:22:25,767 - isca - INFO - [K[?1l>/network/group/aopp/planetary/PLR018_LEWIS_VENUS2/isca_work/codebase/_home_lewis_research_isca_dir_Isca/build/grey_isca/path_names
2021-08-05 13:22:33,397 - isca - INFO - .............................................................................................................................. Makefile is ready.
2021-08-05 13:22:33,774 - isca - INFO - make: Nothing to be done for 'all'.
2021-08-05 13:22:34,267 - isca - INFO - make: 'grey_isca.x' is up to date.
2021-08-05 13:22:34,269 - isca - INFO - Compilation complete.
2021-08-05 13:22:34,271 - isca - DEBUG - Making directory '/network/group/aopp/planetary/PLR018_LEWIS_VENUS2/isca_work/experiment/GREY_T42L30fr_TL_om_1_40_a_1_1_ps_1_1_12hrly'
2021-08-05 13:22:34,384 - isca - WARNING - Tried to remove run directory but it doesnt exist
2021-08-05 13:22:34,484 - isca - INFO - Emptied run directory '/network/group/aopp/planetary/PLR018_LEWIS_VENUS2/isca_work/experiment/GREY_T42L30fr_TL_om_1_40_a_1_1_ps_1_1_12hrly/run'
2021-08-05 13:22:34,642 - isca - INFO - Emptied run directory '/network/group/aopp/planetary/PLR018_LEWIS_VENUS2/isca_work/experiment/GREY_T42L30fr_TL_om_1_40_a_1_1_ps_1_1_12hrly/run'
2021-08-05 13:22:35,422 - isca - INFO - Writing namelist to '/network/group/aopp/planetary/PLR018_LEWIS_VENUS2/isca_work/experiment/GREY_T42L30fr_TL_om_1_40_a_1_1_ps_1_1_12hrly/run/input.nml'
2021-08-05 13:22:35,448 - isca - INFO - Writing field_table to '/network/group/aopp/planetary/PLR018_LEWIS_VENUS2/isca_work/experiment/GREY_T42L30fr_TL_om_1_40_a_1_1_ps_1_1_12hrly/run/field_table'
2021-08-05 13:22:35,468 - isca - INFO - Writing diag_table to '/network/group/aopp/planetary/PLR018_LEWIS_VENUS2/isca_work/experiment/GREY_T42L30fr_TL_om_1_40_a_1_1_ps_1_1_12hrly/run/diag_table'
2021-08-05 13:22:35,512 - isca - INFO - Using restart file '/network/group/aopp/planetary/PLR018_LEWIS_VENUS2/isca_data/GREY_T42L30fr_TL_om_1_40_a_1_1_ps_1_1/restarts/res0010.tar.gz'
2021-08-05 13:22:36,205 - isca - INFO - Restart /network/group/aopp/planetary/PLR018_LEWIS_VENUS2/isca_data/GREY_T42L30fr_TL_om_1_40_a_1_1_ps_1_1/restarts/res0010.tar.gz extracted to /network/group/aopp/planetary/PLR018_LEWIS_VENUS2/isca_work/experiment/GREY_T42L30fr_TL_om_1_40_a_1_1_ps_1_1_12hrly/run/INPUT
2021-08-05 13:22:36,275 - isca - INFO - Beginning run 1
2021-08-05 13:22:36,286 - isca - INFO - process running as 36657
2021-08-05 13:22:36,320 - isca - DEBUG - loadmodules for oxford machines
2021-08-05 13:22:36,739 - isca - DEBUG - [?1h=Currently Loaded Modulefiles:[m
2021-08-05 13:22:36,759 - isca - DEBUG - 1) physicspaths/2.0         6) otheros/generic-arc          [m
2021-08-05 13:22:36,759 - isca - DEBUG - 2) otheros/generic-oxphys   7) intel-compilers/2018upd4     [m
2021-08-05 13:22:36,759 - isca - DEBUG - 3) otheros/ubuntu_bionic    8) intel-mpi/2015               [m
2021-08-05 13:22:36,759 - isca - DEBUG - 4) otheros/ubuntu_trusty    9) netcdf/netcdf-c-4.7.3        [m
2021-08-05 13:22:36,759 - isca - DEBUG - 5) arcpaths/1.0            10) netcdf/netcdf-fortran-4.5.2  [m
2021-08-05 13:22:37,224 - isca - DEBUG - [K[?1l>NOTE from PE    0: MPP_DOMAINS_SET_STACK_SIZE: stack size set to    32768.
2021-08-05 13:22:37,224 - isca - DEBUG - &MPP_IO_NML
2021-08-05 13:22:37,225 - isca - DEBUG - HEADER_BUFFER_VAL       =       16384,
2021-08-05 13:22:37,225 - isca - DEBUG - GLOBAL_FIELD_ON_ROOT_PE = T,
2021-08-05 13:22:37,225 - isca - DEBUG - IO_CLOCKS_ON    = F,
2021-08-05 13:22:37,225 - isca - DEBUG - SHUFFLE =           0,
2021-08-05 13:22:37,225 - isca - DEBUG - DEFLATE_LEVEL   =          -1
2021-08-05 13:22:37,225 - isca - DEBUG - /
2021-08-05 13:22:37,227 - isca - DEBUG - NOTE from PE    0: MPP_IO_SET_STACK_SIZE: stack size set to     131072.
2021-08-05 13:22:37,229 - isca - DEBUG - NOTE from PE    0: MPP_DOMAINS_SET_STACK_SIZE: stack size set to   600000.
2021-08-05 13:22:37,285 - isca - DEBUG - starting            1  OpenMP threads per MPI-task
2021-08-05 13:22:37,298 - isca - DEBUG - ATMOS MODEL DOMAIN DECOMPOSITION
2021-08-05 13:22:37,298 - isca - DEBUG - X-AXIS =  128
2021-08-05 13:22:37,298 - isca - DEBUG - Y-AXIS =    2   2   2   2   2   2   2   2   2   2   2   2   2   2   2   2   2   2   2   2   2   2   2   2
2021-08-05 13:22:37,298 - isca - DEBUG - 2   2   2   2   2   2   2   2
2021-08-05 13:22:38,257 - isca - DEBUG - NOTE from PE    0: idealized_moist_phys: Using AM3 dry adjustment convection scheme.
2021-08-05 13:22:41,317 - isca - DEBUG - Integration completed through   11 Jan  2   0: 0: 0
2021-08-05 13:22:42,756 - isca - DEBUG - Integration completed through   11 Jan  3   0: 0: 0
2021-08-05 13:22:44,288 - isca - DEBUG - Integration completed through   11 Jan  4   0: 0: 0
2021-08-05 13:22:45,642 - isca - DEBUG - Integration completed through   11 Jan  5   0: 0: 0
2021-08-05 13:22:47,125 - isca - DEBUG - Integration completed through   11 Jan  6   0: 0: 0
2021-08-05 13:22:48,624 - isca - DEBUG - Integration completed through   11 Jan  7   0: 0: 0
2021-08-05 13:22:50,040 - isca - DEBUG - Integration completed through   11 Jan  8   0: 0: 0
2021-08-05 13:22:51,543 - isca - DEBUG - Integration completed through   11 Jan  9   0: 0: 0
2021-08-05 13:22:52,980 - isca - DEBUG - Integration completed through   11 Jan 10   0: 0: 0
2021-08-05 13:22:54,432 - isca - DEBUG - Integration completed through   11 Jan 11   0: 0: 0
2021-08-05 13:22:55,862 - isca - DEBUG - Integration completed through   11 Jan 12   0: 0: 0
2021-08-05 13:22:57,364 - isca - DEBUG - Integration completed through   11 Jan 13   0: 0: 0
2021-08-05 13:22:58,836 - isca - DEBUG - Integration completed through   11 Jan 14   0: 0: 0
2021-08-05 13:23:00,307 - isca - DEBUG - Integration completed through   11 Jan 15   0: 0: 0
2021-08-05 13:23:01,694 - isca - DEBUG - Integration completed through   11 Jan 16   0: 0: 0
2021-08-05 13:23:03,149 - isca - DEBUG - Integration completed through   11 Jan 17   0: 0: 0
2021-08-05 13:23:04,666 - isca - DEBUG - Integration completed through   11 Jan 18   0: 0: 0
2021-08-05 13:23:06,025 - isca - DEBUG - Integration completed through   11 Jan 19   0: 0: 0
2021-08-05 13:23:07,478 - isca - DEBUG - Integration completed through   11 Jan 20   0: 0: 0
2021-08-05 13:23:08,933 - isca - DEBUG - Integration completed through   11 Jan 21   0: 0: 0
2021-08-05 13:23:10,372 - isca - DEBUG - Integration completed through   11 Jan 22   0: 0: 0
2021-08-05 13:23:11,866 - isca - DEBUG - Integration completed through   11 Jan 23   0: 0: 0
2021-08-05 13:23:13,366 - isca - DEBUG - Integration completed through   11 Jan 24   0: 0: 0
2021-08-05 13:23:14,805 - isca - DEBUG - Integration completed through   11 Jan 25   0: 0: 0
2021-08-05 13:23:16,262 - isca - DEBUG - Integration completed through   11 Jan 26   0: 0: 0
2021-08-05 13:23:17,649 - isca - DEBUG - Integration completed through   11 Jan 27   0: 0: 0
2021-08-05 13:23:19,143 - isca - DEBUG - Integration completed through   11 Jan 28   0: 0: 0
2021-08-05 13:23:20,710 - isca - DEBUG - Integration completed through   11 Jan 29   0: 0: 0
2021-08-05 13:23:22,071 - isca - DEBUG - Integration completed through   11 Jan 30   0: 0: 0
2021-08-05 13:23:23,547 - isca - DEBUG - Integration completed through   11 Feb  1   0: 0: 0
2021-08-05 13:23:25,035 - isca - DEBUG - Integration completed through   11 Feb  2   0: 0: 0
2021-08-05 13:23:26,433 - isca - DEBUG - Integration completed through   11 Feb  3   0: 0: 0
2021-08-05 13:23:27,955 - isca - DEBUG - Integration completed through   11 Feb  4   0: 0: 0
2021-08-05 13:23:29,397 - isca - DEBUG - Integration completed through   11 Feb  5   0: 0: 0
2021-08-05 13:23:30,839 - isca - DEBUG - Integration completed through   11 Feb  6   0: 0: 0
2021-08-05 13:23:32,268 - isca - DEBUG - Integration completed through   11 Feb  7   0: 0: 0
2021-08-05 13:23:33,712 - isca - DEBUG - Integration completed through   11 Feb  8   0: 0: 0
2021-08-05 13:23:35,158 - isca - DEBUG - Integration completed through   11 Feb  9   0: 0: 0
2021-08-05 13:23:36,620 - isca - DEBUG - Integration completed through   11 Feb 10   0: 0: 0
2021-08-05 13:23:37,990 - isca - DEBUG - Integration completed through   11 Feb 11   0: 0: 0
2021-08-05 13:23:39,416 - isca - DEBUG - Integration completed through   11 Feb 12   0: 0: 0
2021-08-05 13:23:40,905 - isca - DEBUG - Integration completed through   11 Feb 13   0: 0: 0
2021-08-05 13:23:42,265 - isca - DEBUG - Integration completed through   11 Feb 14   0: 0: 0
2021-08-05 13:23:43,719 - isca - DEBUG - Integration completed through   11 Feb 15   0: 0: 0
2021-08-05 13:23:45,155 - isca - DEBUG - Integration completed through   11 Feb 16   0: 0: 0
2021-08-05 13:23:46,563 - isca - DEBUG - Integration completed through   11 Feb 17   0: 0: 0
2021-08-05 13:23:48,058 - isca - DEBUG - Integration completed through   11 Feb 18   0: 0: 0
2021-08-05 13:23:49,508 - isca - DEBUG - Integration completed through   11 Feb 19   0: 0: 0
2021-08-05 13:23:50,955 - isca - DEBUG - Integration completed through   11 Feb 20   0: 0: 0
2021-08-05 13:23:52,548 - isca - DEBUG - Integration completed through   11 Feb 21   0: 0: 0
2021-08-05 13:23:53,939 - isca - DEBUG - Integration completed through   11 Feb 22   0: 0: 0
2021-08-05 13:23:55,436 - isca - DEBUG - Integration completed through   11 Feb 23   0: 0: 0
2021-08-05 13:23:57,013 - isca - DEBUG - Integration completed through   11 Feb 24   0: 0: 0
2021-08-05 13:23:58,372 - isca - DEBUG - Integration completed through   11 Feb 25   0: 0: 0
2021-08-05 13:23:59,811 - isca - DEBUG - Integration completed through   11 Feb 26   0: 0: 0
2021-08-05 13:24:01,330 - isca - DEBUG - Integration completed through   11 Feb 27   0: 0: 0
2021-08-05 13:24:02,725 - isca - DEBUG - Integration completed through   11 Feb 28   0: 0: 0
2021-08-05 13:24:04,214 - isca - DEBUG - Integration completed through   11 Feb 29   0: 0: 0
2021-08-05 13:24:05,662 - isca - DEBUG - Integration completed through   11 Feb 30   0: 0: 0
2021-08-05 13:24:07,116 - isca - DEBUG - Integration completed through   11 Mar  1   0: 0: 0
2021-08-05 13:24:08,554 - isca - DEBUG - Integration completed through   11 Mar  2   0: 0: 0
2021-08-05 13:24:10,013 - isca - DEBUG - Integration completed through   11 Mar  3   0: 0: 0
2021-08-05 13:24:11,536 - isca - DEBUG - Integration completed through   11 Mar  4   0: 0: 0
2021-08-05 13:24:13,090 - isca - DEBUG - Integration completed through   11 Mar  5   0: 0: 0
2021-08-05 13:24:14,449 - isca - DEBUG - Integration completed through   11 Mar  6   0: 0: 0
2021-08-05 13:24:15,893 - isca - DEBUG - Integration completed through   11 Mar  7   0: 0: 0
2021-08-05 13:24:17,375 - isca - DEBUG - Integration completed through   11 Mar  8   0: 0: 0
2021-08-05 13:24:18,741 - isca - DEBUG - Integration completed through   11 Mar  9   0: 0: 0
2021-08-05 13:24:20,205 - isca - DEBUG - Integration completed through   11 Mar 10   0: 0: 0
2021-08-05 13:24:21,651 - isca - DEBUG - Integration completed through   11 Mar 11   0: 0: 0
2021-08-05 13:24:23,057 - isca - DEBUG - Integration completed through   11 Mar 12   0: 0: 0
2021-08-05 13:24:24,552 - isca - DEBUG - Integration completed through   11 Mar 13   0: 0: 0
2021-08-05 13:24:26,015 - isca - DEBUG - Integration completed through   11 Mar 14   0: 0: 0
2021-08-05 13:24:27,426 - isca - DEBUG - Integration completed through   11 Mar 15   0: 0: 0
2021-08-05 13:24:28,870 - isca - DEBUG - Integration completed through   11 Mar 16   0: 0: 0
2021-08-05 13:24:30,264 - isca - DEBUG - Integration completed through   11 Mar 17   0: 0: 0
2021-08-05 13:24:31,743 - isca - DEBUG - Integration completed through   11 Mar 18   0: 0: 0
2021-08-05 13:24:33,300 - isca - DEBUG - Integration completed through   11 Mar 19   0: 0: 0
2021-08-05 13:24:34,659 - isca - DEBUG - Integration completed through   11 Mar 20   0: 0: 0
2021-08-05 13:24:36,140 - isca - DEBUG - Integration completed through   11 Mar 21   0: 0: 0
2021-08-05 13:24:37,672 - isca - DEBUG - Integration completed through   11 Mar 22   0: 0: 0
2021-08-05 13:24:39,112 - isca - DEBUG - Integration completed through   11 Mar 23   0: 0: 0
2021-08-05 13:24:40,599 - isca - DEBUG - Integration completed through   11 Mar 24   0: 0: 0
2021-08-05 13:24:42,067 - isca - DEBUG - Integration completed through   11 Mar 25   0: 0: 0
2021-08-05 13:24:43,499 - isca - DEBUG - Integration completed through   11 Mar 26   0: 0: 0
2021-08-05 13:24:44,965 - isca - DEBUG - Integration completed through   11 Mar 27   0: 0: 0
2021-08-05 13:24:46,419 - isca - DEBUG - Integration completed through   11 Mar 28   0: 0: 0
2021-08-05 13:24:47,864 - isca - DEBUG - Integration completed through   11 Mar 29   0: 0: 0
2021-08-05 13:24:49,352 - isca - DEBUG - Integration completed through   11 Mar 30   0: 0: 0
2021-08-05 13:24:50,746 - isca - DEBUG - Integration completed through   11 Apr  1   0: 0: 0
2021-08-05 13:24:52,272 - isca - DEBUG - Integration completed through   11 Apr  2   0: 0: 0
2021-08-05 13:24:53,753 - isca - DEBUG - Integration completed through   11 Apr  3   0: 0: 0
2021-08-05 13:24:55,126 - isca - DEBUG - Integration completed through   11 Apr  4   0: 0: 0
2021-08-05 13:24:56,628 - isca - DEBUG - Integration completed through   11 Apr  5   0: 0: 0
2021-08-05 13:24:58,089 - isca - DEBUG - Integration completed through   11 Apr  6   0: 0: 0
2021-08-05 13:24:59,547 - isca - DEBUG - Integration completed through   11 Apr  7   0: 0: 0
2021-08-05 13:25:01,032 - isca - DEBUG - Integration completed through   11 Apr  8   0: 0: 0
2021-08-05 13:25:02,569 - isca - DEBUG - Integration completed through   11 Apr  9   0: 0: 0
2021-08-05 13:25:03,973 - isca - DEBUG - Integration completed through   11 Apr 10   0: 0: 0
2021-08-05 13:25:05,441 - isca - DEBUG - Integration completed through   11 Apr 11   0: 0: 0
2021-08-05 13:25:06,853 - isca - DEBUG - Integration completed through   11 Apr 12   0: 0: 0
2021-08-05 13:25:08,300 - isca - DEBUG - Integration completed through   11 Apr 13   0: 0: 0
2021-08-05 13:25:09,796 - isca - DEBUG - Integration completed through   11 Apr 14   0: 0: 0
2021-08-05 13:25:11,187 - isca - DEBUG - Integration completed through   11 Apr 15   0: 0: 0
2021-08-05 13:25:12,693 - isca - DEBUG - Integration completed through   11 Apr 16   0: 0: 0
2021-08-05 13:25:14,138 - isca - DEBUG - Integration completed through   11 Apr 17   0: 0: 0
2021-08-05 13:25:15,534 - isca - DEBUG - Integration completed through   11 Apr 18   0: 0: 0
2021-08-05 13:25:17,004 - isca - DEBUG - Integration completed through   11 Apr 19   0: 0: 0
2021-08-05 13:25:18,486 - isca - DEBUG - Integration completed through   11 Apr 20   0: 0: 0
2021-08-05 13:25:19,884 - isca - DEBUG - Integration completed through   11 Apr 21   0: 0: 0
2021-08-05 13:25:21,374 - isca - DEBUG - Integration completed through   11 Apr 22   0: 0: 0
2021-08-05 13:25:22,900 - isca - DEBUG - Integration completed through   11 Apr 23   0: 0: 0
2021-08-05 13:25:24,388 - isca - DEBUG - Integration completed through   11 Apr 24   0: 0: 0
2021-08-05 13:25:25,886 - isca - DEBUG - Integration completed through   11 Apr 25   0: 0: 0
2021-08-05 13:25:27,261 - isca - DEBUG - Integration completed through   11 Apr 26   0: 0: 0
2021-08-05 13:25:28,739 - isca - DEBUG - Integration completed through   11 Apr 27   0: 0: 0
2021-08-05 13:25:30,259 - isca - DEBUG - Integration completed through   11 Apr 28   0: 0: 0
2021-08-05 13:25:31,713 - isca - DEBUG - Integration completed through   11 Apr 29   0: 0: 0
2021-08-05 13:25:33,812 - isca - DEBUG - Integration completed through   11 Apr 30   0: 0: 0
2021-08-05 13:25:35,781 - isca - DEBUG - Integration completed through   11 May  1   0: 0: 0
2021-08-05 13:25:37,599 - isca - DEBUG - Integration completed through   11 May  2   0: 0: 0
2021-08-05 13:25:39,140 - isca - DEBUG - Integration completed through   11 May  3   0: 0: 0
2021-08-05 13:25:40,579 - isca - DEBUG - Integration completed through   11 May  4   0: 0: 0
2021-08-05 13:25:41,983 - isca - DEBUG - Integration completed through   11 May  5   0: 0: 0
2021-08-05 13:25:43,509 - isca - DEBUG - Integration completed through   11 May  6   0: 0: 0
2021-08-05 13:25:44,909 - isca - DEBUG - Integration completed through   11 May  7   0: 0: 0
2021-08-05 13:25:46,357 - isca - DEBUG - Integration completed through   11 May  8   0: 0: 0
2021-08-05 13:25:47,980 - isca - DEBUG - Integration completed through   11 May  9   0: 0: 0
2021-08-05 13:25:49,384 - isca - DEBUG - Integration completed through   11 May 10   0: 0: 0
2021-08-05 13:25:50,924 - isca - DEBUG - Integration completed through   11 May 11   0: 0: 0
2021-08-05 13:25:52,394 - isca - DEBUG - Integration completed through   11 May 12   0: 0: 0
2021-08-05 13:25:53,908 - isca - DEBUG - Integration completed through   11 May 13   0: 0: 0
2021-08-05 13:25:55,644 - isca - DEBUG - Integration completed through   11 May 14   0: 0: 0
2021-08-05 13:25:57,257 - isca - DEBUG - Integration completed through   11 May 15   0: 0: 0
2021-08-05 13:25:58,751 - isca - DEBUG - Integration completed through   11 May 16   0: 0: 0
2021-08-05 13:26:00,229 - isca - DEBUG - Integration completed through   11 May 17   0: 0: 0
2021-08-05 13:26:01,696 - isca - DEBUG - Integration completed through   11 May 18   0: 0: 0
2021-08-05 13:26:03,176 - isca - DEBUG - Integration completed through   11 May 19   0: 0: 0
2021-08-05 13:26:04,671 - isca - DEBUG - Integration completed through   11 May 20   0: 0: 0
2021-08-05 13:26:06,043 - isca - DEBUG - Integration completed through   11 May 21   0: 0: 0
2021-08-05 13:26:07,485 - isca - DEBUG - Integration completed through   11 May 22   0: 0: 0
2021-08-05 13:26:09,077 - isca - DEBUG - Integration completed through   11 May 23   0: 0: 0
2021-08-05 13:26:10,488 - isca - DEBUG - Integration completed through   11 May 24   0: 0: 0
2021-08-05 13:26:11,946 - isca - DEBUG - Integration completed through   11 May 25   0: 0: 0
2021-08-05 13:26:13,372 - isca - DEBUG - Integration completed through   11 May 26   0: 0: 0
2021-08-05 13:26:14,788 - isca - DEBUG - Integration completed through   11 May 27   0: 0: 0
2021-08-05 13:26:16,267 - isca - DEBUG - Integration completed through   11 May 28   0: 0: 0
2021-08-05 13:26:17,769 - isca - DEBUG - Integration completed through   11 May 29   0: 0: 0
2021-08-05 13:26:19,237 - isca - DEBUG - Integration completed through   11 May 30   0: 0: 0
2021-08-05 13:26:20,838 - isca - DEBUG - Integration completed through   11 Jun  1   0: 0: 0
2021-08-05 13:26:22,273 - isca - DEBUG - Integration completed through   11 Jun  2   0: 0: 0
2021-08-05 13:26:23,865 - isca - DEBUG - Integration completed through   11 Jun  3   0: 0: 0
2021-08-05 13:26:25,476 - isca - DEBUG - Integration completed through   11 Jun  4   0: 0: 0
2021-08-05 13:26:26,871 - isca - DEBUG - Integration completed through   11 Jun  5   0: 0: 0
2021-08-05 13:26:28,319 - isca - DEBUG - Integration completed through   11 Jun  6   0: 0: 0
2021-08-05 13:26:29,799 - isca - DEBUG - Integration completed through   11 Jun  7   0: 0: 0
2021-08-05 13:26:31,241 - isca - DEBUG - Integration completed through   11 Jun  8   0: 0: 0
2021-08-05 13:26:32,822 - isca - DEBUG - Integration completed through   11 Jun  9   0: 0: 0
2021-08-05 13:26:34,322 - isca - DEBUG - Integration completed through   11 Jun 10   0: 0: 0
2021-08-05 13:26:35,746 - isca - DEBUG - Integration completed through   11 Jun 11   0: 0: 0
2021-08-05 13:26:37,184 - isca - DEBUG - Integration completed through   11 Jun 12   0: 0: 0
2021-08-05 13:26:38,647 - isca - DEBUG - Integration completed through   11 Jun 13   0: 0: 0
2021-08-05 13:26:40,196 - isca - DEBUG - Integration completed through   11 Jun 14   0: 0: 0
2021-08-05 13:26:41,737 - isca - DEBUG - Integration completed through   11 Jun 15   0: 0: 0
2021-08-05 13:26:43,106 - isca - DEBUG - Integration completed through   11 Jun 16   0: 0: 0
2021-08-05 13:26:44,540 - isca - DEBUG - Integration completed through   11 Jun 17   0: 0: 0
2021-08-05 13:26:46,021 - isca - DEBUG - Integration completed through   11 Jun 18   0: 0: 0
2021-08-05 13:26:47,441 - isca - DEBUG - Integration completed through   11 Jun 19   0: 0: 0
2021-08-05 13:26:48,933 - isca - DEBUG - Integration completed through   11 Jun 20   0: 0: 0
2021-08-05 13:26:50,383 - isca - DEBUG - Integration completed through   11 Jun 21   0: 0: 0
2021-08-05 13:26:51,829 - isca - DEBUG - Integration completed through   11 Jun 22   0: 0: 0
2021-08-05 13:26:53,305 - isca - DEBUG - Integration completed through   11 Jun 23   0: 0: 0
2021-08-05 13:26:54,771 - isca - DEBUG - Integration completed through   11 Jun 24   0: 0: 0
2021-08-05 13:26:56,200 - isca - DEBUG - Integration completed through   11 Jun 25   0: 0: 0
2021-08-05 13:26:57,720 - isca - DEBUG - Integration completed through   11 Jun 26   0: 0: 0
2021-08-05 13:26:59,113 - isca - DEBUG - Integration completed through   11 Jun 27   0: 0: 0
2021-08-05 13:27:00,544 - isca - DEBUG - Integration completed through   11 Jun 28   0: 0: 0
2021-08-05 13:27:02,069 - isca - DEBUG - Integration completed through   11 Jun 29   0: 0: 0
2021-08-05 13:27:03,457 - isca - DEBUG - Integration completed through   11 Jun 30   0: 0: 0
2021-08-05 13:27:04,938 - isca - DEBUG - Integration completed through   11 Jul  1   0: 0: 0
2021-08-05 13:27:06,384 - isca - DEBUG - Integration completed through   11 Jul  2   0: 0: 0
2021-08-05 13:27:07,828 - isca - DEBUG - Integration completed through   11 Jul  3   0: 0: 0
2021-08-05 13:27:09,671 - isca - DEBUG - Integration completed through   11 Jul  4   0: 0: 0
2021-08-05 13:27:11,112 - isca - DEBUG - Integration completed through   11 Jul  5   0: 0: 0
2021-08-05 13:27:12,568 - isca - DEBUG - Integration completed through   11 Jul  6   0: 0: 0
2021-08-05 13:27:14,040 - isca - DEBUG - Integration completed through   11 Jul  7   0: 0: 0
2021-08-05 13:27:15,518 - isca - DEBUG - Integration completed through   11 Jul  8   0: 0: 0
2021-08-05 13:27:16,965 - isca - DEBUG - Integration completed through   11 Jul  9   0: 0: 0
2021-08-05 13:27:18,520 - isca - DEBUG - Integration completed through   11 Jul 10   0: 0: 0
2021-08-05 13:27:19,907 - isca - DEBUG - Integration completed through   11 Jul 11   0: 0: 0
2021-08-05 13:27:21,417 - isca - DEBUG - Integration completed through   11 Jul 12   0: 0: 0
2021-08-05 13:27:22,960 - isca - DEBUG - Integration completed through   11 Jul 13   0: 0: 0
2021-08-05 13:27:24,378 - isca - DEBUG - Integration completed through   11 Jul 14   0: 0: 0
2021-08-05 13:27:25,880 - isca - DEBUG - Integration completed through   11 Jul 15   0: 0: 0
2021-08-05 13:27:27,336 - isca - DEBUG - Integration completed through   11 Jul 16   0: 0: 0
2021-08-05 13:27:28,771 - isca - DEBUG - Integration completed through   11 Jul 17   0: 0: 0
2021-08-05 13:27:30,215 - isca - DEBUG - Integration completed through   11 Jul 18   0: 0: 0
2021-08-05 13:27:31,684 - isca - DEBUG - Integration completed through   11 Jul 19   0: 0: 0
2021-08-05 13:27:33,123 - isca - DEBUG - Integration completed through   11 Jul 20   0: 0: 0
2021-08-05 13:27:34,591 - isca - DEBUG - Integration completed through   11 Jul 21   0: 0: 0
2021-08-05 13:27:35,995 - isca - DEBUG - Integration completed through   11 Jul 22   0: 0: 0
2021-08-05 13:27:37,472 - isca - DEBUG - Integration completed through   11 Jul 23   0: 0: 0
2021-08-05 13:27:38,963 - isca - DEBUG - Integration completed through   11 Jul 24   0: 0: 0
2021-08-05 13:27:40,349 - isca - DEBUG - Integration completed through   11 Jul 25   0: 0: 0
2021-08-05 13:27:41,803 - isca - DEBUG - Integration completed through   11 Jul 26   0: 0: 0
2021-08-05 13:27:43,315 - isca - DEBUG - Integration completed through   11 Jul 27   0: 0: 0
2021-08-05 13:27:44,770 - isca - DEBUG - Integration completed through   11 Jul 28   0: 0: 0
2021-08-05 13:27:46,248 - isca - DEBUG - Integration completed through   11 Jul 29   0: 0: 0
2021-08-05 13:27:47,729 - isca - DEBUG - Integration completed through   11 Jul 30   0: 0: 0
2021-08-05 13:27:49,194 - isca - DEBUG - Integration completed through   11 Aug  1   0: 0: 0
2021-08-05 13:27:50,686 - isca - DEBUG - Integration completed through   11 Aug  2   0: 0: 0
2021-08-05 13:27:52,129 - isca - DEBUG - Integration completed through   11 Aug  3   0: 0: 0
2021-08-05 13:27:53,672 - isca - DEBUG - Integration completed through   11 Aug  4   0: 0: 0
2021-08-05 13:27:55,240 - isca - DEBUG - Integration completed through   11 Aug  5   0: 0: 0
2021-08-05 13:27:56,641 - isca - DEBUG - Integration completed through   11 Aug  6   0: 0: 0
2021-08-05 13:27:58,074 - isca - DEBUG - Integration completed through   11 Aug  7   0: 0: 0
2021-08-05 13:27:59,624 - isca - DEBUG - Integration completed through   11 Aug  8   0: 0: 0
2021-08-05 13:28:01,069 - isca - DEBUG - Integration completed through   11 Aug  9   0: 0: 0
2021-08-05 13:28:02,504 - isca - DEBUG - Integration completed through   11 Aug 10   0: 0: 0
2021-08-05 13:28:03,977 - isca - DEBUG - Integration completed through   11 Aug 11   0: 0: 0
2021-08-05 13:28:05,433 - isca - DEBUG - Integration completed through   11 Aug 12   0: 0: 0
2021-08-05 13:28:06,940 - isca - DEBUG - Integration completed through   11 Aug 13   0: 0: 0
2021-08-05 13:28:08,487 - isca - DEBUG - Integration completed through   11 Aug 14   0: 0: 0
2021-08-05 13:28:09,951 - isca - DEBUG - Integration completed through   11 Aug 15   0: 0: 0
2021-08-05 13:28:11,485 - isca - DEBUG - Integration completed through   11 Aug 16   0: 0: 0
2021-08-05 13:28:12,846 - isca - DEBUG - Integration completed through   11 Aug 17   0: 0: 0
2021-08-05 13:28:14,305 - isca - DEBUG - Integration completed through   11 Aug 18   0: 0: 0
2021-08-05 13:28:15,881 - isca - DEBUG - Integration completed through   11 Aug 19   0: 0: 0
2021-08-05 13:28:17,299 - isca - DEBUG - Integration completed through   11 Aug 20   0: 0: 0
2021-08-05 13:28:18,859 - isca - DEBUG - Integration completed through   11 Aug 21   0: 0: 0
2021-08-05 13:28:20,365 - isca - DEBUG - Integration completed through   11 Aug 22   0: 0: 0
2021-08-05 13:28:21,848 - isca - DEBUG - Integration completed through   11 Aug 23   0: 0: 0
2021-08-05 13:28:23,340 - isca - DEBUG - Integration completed through   11 Aug 24   0: 0: 0
2021-08-05 13:28:24,777 - isca - DEBUG - Integration completed through   11 Aug 25   0: 0: 0
2021-08-05 13:28:26,210 - isca - DEBUG - Integration completed through   11 Aug 26   0: 0: 0
2021-08-05 13:28:27,747 - isca - DEBUG - Integration completed through   11 Aug 27   0: 0: 0
2021-08-05 13:28:29,249 - isca - DEBUG - Integration completed through   11 Aug 28   0: 0: 0
2021-08-05 13:28:30,790 - isca - DEBUG - Integration completed through   11 Aug 29   0: 0: 0
2021-08-05 13:28:32,359 - isca - DEBUG - Integration completed through   11 Aug 30   0: 0: 0
2021-08-05 13:28:33,737 - isca - DEBUG - Integration completed through   11 Sep  1   0: 0: 0
2021-08-05 13:28:35,173 - isca - DEBUG - Integration completed through   11 Sep  2   0: 0: 0
2021-08-05 13:28:36,689 - isca - DEBUG - Integration completed through   11 Sep  3   0: 0: 0
2021-08-05 13:28:38,117 - isca - DEBUG - Integration completed through   11 Sep  4   0: 0: 0
2021-08-05 13:28:39,559 - isca - DEBUG - Integration completed through   11 Sep  5   0: 0: 0
2021-08-05 13:28:41,015 - isca - DEBUG - Integration completed through   11 Sep  6   0: 0: 0
2021-08-05 13:28:42,429 - isca - DEBUG - Integration completed through   11 Sep  7   0: 0: 0
2021-08-05 13:28:43,890 - isca - DEBUG - Integration completed through   11 Sep  8   0: 0: 0
2021-08-05 13:28:45,349 - isca - DEBUG - Integration completed through   11 Sep  9   0: 0: 0
2021-08-05 13:28:46,777 - isca - DEBUG - Integration completed through   11 Sep 10   0: 0: 0
2021-08-05 13:28:48,303 - isca - DEBUG - Integration completed through   11 Sep 11   0: 0: 0
2021-08-05 13:28:49,668 - isca - DEBUG - Integration completed through   11 Sep 12   0: 0: 0
2021-08-05 13:28:51,128 - isca - DEBUG - Integration completed through   11 Sep 13   0: 0: 0
2021-08-05 13:28:52,741 - isca - DEBUG - Integration completed through   11 Sep 14   0: 0: 0
2021-08-05 13:28:54,160 - isca - DEBUG - Integration completed through   11 Sep 15   0: 0: 0
2021-08-05 13:28:55,729 - isca - DEBUG - Integration completed through   11 Sep 16   0: 0: 0
2021-08-05 13:28:57,267 - isca - DEBUG - Integration completed through   11 Sep 17   0: 0: 0
2021-08-05 13:28:58,732 - isca - DEBUG - Integration completed through   11 Sep 18   0: 0: 0
2021-08-05 13:29:00,184 - isca - DEBUG - Integration completed through   11 Sep 19   0: 0: 0
2021-08-05 13:29:01,629 - isca - DEBUG - Integration completed through   11 Sep 20   0: 0: 0
2021-08-05 13:29:03,078 - isca - DEBUG - Integration completed through   11 Sep 21   0: 0: 0
2021-08-05 13:29:04,542 - isca - DEBUG - Integration completed through   11 Sep 22   0: 0: 0
2021-08-05 13:29:05,983 - isca - DEBUG - Integration completed through   11 Sep 23   0: 0: 0
2021-08-05 13:29:07,480 - isca - DEBUG - Integration completed through   11 Sep 24   0: 0: 0
2021-08-05 13:29:09,027 - isca - DEBUG - Integration completed through   11 Sep 25   0: 0: 0
2021-08-05 13:29:10,421 - isca - DEBUG - Integration completed through   11 Sep 26   0: 0: 0
2021-08-05 13:29:11,865 - isca - DEBUG - Integration completed through   11 Sep 27   0: 0: 0
2021-08-05 13:29:13,363 - isca - DEBUG - Integration completed through   11 Sep 28   0: 0: 0
2021-08-05 13:29:14,848 - isca - DEBUG - Integration completed through   11 Sep 29   0: 0: 0
2021-08-05 13:29:16,395 - isca - DEBUG - Integration completed through   11 Sep 30   0: 0: 0
2021-08-05 13:29:17,844 - isca - DEBUG - Integration completed through   11 Oct  1   0: 0: 0
2021-08-05 13:29:19,254 - isca - DEBUG - Integration completed through   11 Oct  2   0: 0: 0
2021-08-05 13:29:20,712 - isca - DEBUG - Integration completed through   11 Oct  3   0: 0: 0
2021-08-05 13:29:22,170 - isca - DEBUG - Integration completed through   11 Oct  4   0: 0: 0
2021-08-05 13:29:23,593 - isca - DEBUG - Integration completed through   11 Oct  5   0: 0: 0
2021-08-05 13:29:25,086 - isca - DEBUG - Integration completed through   11 Oct  6   0: 0: 0
2021-08-05 13:29:26,460 - isca - DEBUG - Integration completed through   11 Oct  7   0: 0: 0
2021-08-05 13:29:27,890 - isca - DEBUG - Integration completed through   11 Oct  8   0: 0: 0
2021-08-05 13:29:29,393 - isca - DEBUG - Integration completed through   11 Oct  9   0: 0: 0
2021-08-05 13:29:30,773 - isca - DEBUG - Integration completed through   11 Oct 10   0: 0: 0
2021-08-05 13:29:32,271 - isca - DEBUG - Integration completed through   11 Oct 11   0: 0: 0
2021-08-05 13:29:33,730 - isca - DEBUG - Integration completed through   11 Oct 12   0: 0: 0
2021-08-05 13:29:35,206 - isca - DEBUG - Integration completed through   11 Oct 13   0: 0: 0
2021-08-05 13:29:36,664 - isca - DEBUG - Integration completed through   11 Oct 14   0: 0: 0
2021-08-05 13:29:38,099 - isca - DEBUG - Integration completed through   11 Oct 15   0: 0: 0
2021-08-05 13:29:39,498 - isca - DEBUG - Integration completed through   11 Oct 16   0: 0: 0
2021-08-05 13:29:41,018 - isca - DEBUG - Integration completed through   11 Oct 17   0: 0: 0
2021-08-05 13:29:42,501 - isca - DEBUG - Integration completed through   11 Oct 18   0: 0: 0
2021-08-05 13:29:43,960 - isca - DEBUG - Integration completed through   11 Oct 19   0: 0: 0
2021-08-05 13:29:45,527 - isca - DEBUG - Integration completed through   11 Oct 20   0: 0: 0
2021-08-05 13:29:47,001 - isca - DEBUG - Integration completed through   11 Oct 21   0: 0: 0
2021-08-05 13:29:48,461 - isca - DEBUG - Integration completed through   11 Oct 22   0: 0: 0
2021-08-05 13:29:49,963 - isca - DEBUG - Integration completed through   11 Oct 23   0: 0: 0
2021-08-05 13:29:51,388 - isca - DEBUG - Integration completed through   11 Oct 24   0: 0: 0
2021-08-05 13:29:52,868 - isca - DEBUG - Integration completed through   11 Oct 25   0: 0: 0
2021-08-05 13:29:54,310 - isca - DEBUG - Integration completed through   11 Oct 26   0: 0: 0
2021-08-05 13:29:55,743 - isca - DEBUG - Integration completed through   11 Oct 27   0: 0: 0
2021-08-05 13:29:57,188 - isca - DEBUG - Integration completed through   11 Oct 28   0: 0: 0
2021-08-05 13:29:58,629 - isca - DEBUG - Integration completed through   11 Oct 29   0: 0: 0
2021-08-05 13:30:00,036 - isca - DEBUG - Integration completed through   11 Oct 30   0: 0: 0
2021-08-05 13:30:01,612 - isca - DEBUG - Integration completed through   11 Nov  1   0: 0: 0
2021-08-05 13:30:03,005 - isca - DEBUG - Integration completed through   11 Nov  2   0: 0: 0
2021-08-05 13:30:04,459 - isca - DEBUG - Integration completed through   11 Nov  3   0: 0: 0
2021-08-05 13:30:06,070 - isca - DEBUG - Integration completed through   11 Nov  4   0: 0: 0
2021-08-05 13:30:07,499 - isca - DEBUG - Integration completed through   11 Nov  5   0: 0: 0
2021-08-05 13:30:09,005 - isca - DEBUG - Integration completed through   11 Nov  6   0: 0: 0
2021-08-05 13:30:10,504 - isca - DEBUG - Integration completed through   11 Nov  7   0: 0: 0
2021-08-05 13:30:11,970 - isca - DEBUG - Integration completed through   11 Nov  8   0: 0: 0
2021-08-05 13:30:13,447 - isca - DEBUG - Integration completed through   11 Nov  9   0: 0: 0
2021-08-05 13:30:14,907 - isca - DEBUG - Integration completed through   11 Nov 10   0: 0: 0
2021-08-05 13:30:16,327 - isca - DEBUG - Integration completed through   11 Nov 11   0: 0: 0
2021-08-05 13:30:17,791 - isca - DEBUG - Integration completed through   11 Nov 12   0: 0: 0
2021-08-05 13:30:19,203 - isca - DEBUG - Integration completed through   11 Nov 13   0: 0: 0
2021-08-05 13:30:20,620 - isca - DEBUG - Integration completed through   11 Nov 14   0: 0: 0
2021-08-05 13:30:22,141 - isca - DEBUG - Integration completed through   11 Nov 15   0: 0: 0
2021-08-05 13:30:23,527 - isca - DEBUG - Integration completed through   11 Nov 16   0: 0: 0
2021-08-05 13:30:25,054 - isca - DEBUG - Integration completed through   11 Nov 17   0: 0: 0
2021-08-05 13:30:26,518 - isca - DEBUG - Integration completed through   11 Nov 18   0: 0: 0
2021-08-05 13:30:27,914 - isca - DEBUG - Integration completed through   11 Nov 19   0: 0: 0
2021-08-05 13:30:29,403 - isca - DEBUG - Integration completed through   11 Nov 20   0: 0: 0
2021-08-05 13:30:30,807 - isca - DEBUG - Integration completed through   11 Nov 21   0: 0: 0
2021-08-05 13:30:32,317 - isca - DEBUG - Integration completed through   11 Nov 22   0: 0: 0
2021-08-05 13:30:33,764 - isca - DEBUG - Integration completed through   11 Nov 23   0: 0: 0
2021-08-05 13:30:35,214 - isca - DEBUG - Integration completed through   11 Nov 24   0: 0: 0
2021-08-05 13:30:36,636 - isca - DEBUG - Integration completed through   11 Nov 25   0: 0: 0
2021-08-05 13:30:38,116 - isca - DEBUG - Integration completed through   11 Nov 26   0: 0: 0
2021-08-05 13:30:39,507 - isca - DEBUG - Integration completed through   11 Nov 27   0: 0: 0
2021-08-05 13:30:40,999 - isca - DEBUG - Integration completed through   11 Nov 28   0: 0: 0
2021-08-05 13:30:42,483 - isca - DEBUG - Integration completed through   11 Nov 29   0: 0: 0
2021-08-05 13:30:47,691 - isca - DEBUG - Integration completed through   11 Nov 30   0: 0: 0
2021-08-05 13:30:49,197 - isca - DEBUG - Integration completed through   11 Dec  1   0: 0: 0
2021-08-05 13:30:50,720 - isca - DEBUG - Integration completed through   11 Dec  2   0: 0: 0
2021-08-05 13:30:52,140 - isca - DEBUG - Integration completed through   11 Dec  3   0: 0: 0
2021-08-05 13:30:53,732 - isca - DEBUG - Integration completed through   11 Dec  4   0: 0: 0
2021-08-05 13:30:55,445 - isca - DEBUG - Integration completed through   11 Dec  5   0: 0: 0
2021-08-05 13:30:57,066 - isca - DEBUG - Integration completed through   11 Dec  6   0: 0: 0
2021-08-05 13:30:58,616 - isca - DEBUG - Integration completed through   11 Dec  7   0: 0: 0
2021-08-05 13:31:00,087 - isca - DEBUG - Integration completed through   11 Dec  8   0: 0: 0
2021-08-05 13:31:01,579 - isca - DEBUG - Integration completed through   11 Dec  9   0: 0: 0
2021-08-05 13:31:03,128 - isca - DEBUG - Integration completed through   11 Dec 10   0: 0: 0
2021-08-05 13:31:04,503 - isca - DEBUG - Integration completed through   11 Dec 11   0: 0: 0
2021-08-05 13:31:05,975 - isca - DEBUG - Integration completed through   11 Dec 12   0: 0: 0
2021-08-05 13:31:07,496 - isca - DEBUG - Integration completed through   11 Dec 13   0: 0: 0
2021-08-05 13:31:08,918 - isca - DEBUG - Integration completed through   11 Dec 14   0: 0: 0
2021-08-05 13:31:10,375 - isca - DEBUG - Integration completed through   11 Dec 15   0: 0: 0
2021-08-05 13:31:11,823 - isca - DEBUG - Integration completed through   11 Dec 16   0: 0: 0
2021-08-05 13:31:13,262 - isca - DEBUG - Integration completed through   11 Dec 17   0: 0: 0
2021-08-05 13:31:14,706 - isca - DEBUG - Integration completed through   11 Dec 18   0: 0: 0
2021-08-05 13:31:16,143 - isca - DEBUG - Integration completed through   11 Dec 19   0: 0: 0
2021-08-05 13:31:17,598 - isca - DEBUG - Integration completed through   11 Dec 20   0: 0: 0
2021-08-05 13:31:19,058 - isca - DEBUG - Integration completed through   11 Dec 21   0: 0: 0
2021-08-05 13:31:20,438 - isca - DEBUG - Integration completed through   11 Dec 22   0: 0: 0
2021-08-05 13:31:21,904 - isca - DEBUG - Integration completed through   11 Dec 23   0: 0: 0
2021-08-05 13:31:23,369 - isca - DEBUG - Integration completed through   11 Dec 24   0: 0: 0
2021-08-05 13:31:24,742 - isca - DEBUG - Integration completed through   11 Dec 25   0: 0: 0
2021-08-05 13:31:26,237 - isca - DEBUG - Integration completed through   11 Dec 26   0: 0: 0
2021-08-05 13:31:27,743 - isca - DEBUG - Integration completed through   11 Dec 27   0: 0: 0
2021-08-05 13:31:29,142 - isca - DEBUG - Integration completed through   11 Dec 28   0: 0: 0
2021-08-05 13:31:30,630 - isca - DEBUG - Integration completed through   11 Dec 29   0: 0: 0
2021-08-05 13:31:32,059 - isca - DEBUG - Integration completed through   11 Dec 30   0: 0: 0
2021-08-05 13:31:33,480 - isca - DEBUG - Integration completed through   12 Jan  1   0: 0: 0
2021-08-05 13:31:33,619 - isca - DEBUG - NOTE from PE    0: MPP_IO_SET_STACK_SIZE: stack size set to     245760.
2021-08-05 13:31:34,364 - isca - DEBUG - MPP_DOMAINS_STACK high water mark=       30720
2021-08-05 13:31:34,364 - isca - DEBUG - 
2021-08-05 13:31:34,365 - isca - DEBUG - Tabulating mpp_clock statistics across     32 PEs...
2021-08-05 13:31:34,365 - isca - DEBUG - 
2021-08-05 13:31:34,365 - isca - DEBUG - tmin          tmax          tavg          tstd  tfrac grain pemin pemax
2021-08-05 13:31:34,365 - isca - DEBUG - Total runtime                       537.142995    537.143000    537.142998      0.000002  1.000     0     0    31
2021-08-05 13:31:34,365 - isca - DEBUG - MPP_STACK high water mark=           0
2021-08-05 13:31:34,460 - isca - INFO - Run 1 complete
2021-08-05 13:34:08,243 - isca - DEBUG - atmos_monthly.nc combined and copied to data directory
2021-08-05 13:34:11,097 - isca - INFO - Restart archive created at /network/group/aopp/planetary/PLR018_LEWIS_VENUS2/isca_data/GREY_T42L30fr_TL_om_1_40_a_1_1_ps_1_1_12hrly/restarts/res0001.tar.gz
2021-08-05 13:34:11,273 - isca - INFO - Writing namelist to '/network/group/aopp/planetary/PLR018_LEWIS_VENUS2/isca_data/GREY_T42L30fr_TL_om_1_40_a_1_1_ps_1_1_12hrly/run0001/input.nml'
2021-08-05 13:34:11,390 - isca - INFO - Writing field_table to '/network/group/aopp/planetary/PLR018_LEWIS_VENUS2/isca_data/GREY_T42L30fr_TL_om_1_40_a_1_1_ps_1_1_12hrly/run0001/field_table'
2021-08-05 13:34:11,416 - isca - INFO - Writing diag_table to '/network/group/aopp/planetary/PLR018_LEWIS_VENUS2/isca_data/GREY_T42L30fr_TL_om_1_40_a_1_1_ps_1_1_12hrly/run0001/diag_table'
2021-08-05 13:34:12,732 - isca - INFO - Emptied run directory '/network/group/aopp/planetary/PLR018_LEWIS_VENUS2/isca_work/experiment/GREY_T42L30fr_TL_om_1_40_a_1_1_ps_1_1_12hrly/run'
