/home/lewis/.bashrc: line 75: goisca: command not found
2021-08-10 10:43:44,392 - isca - WARNING - Environment variable GFDL_SOC not set, but this is only required if using SocratesCodebase. Setting to None
2021-08-10 10:43:45,248 - isca - INFO - RRTM compilation disabled.
2021-08-10 10:43:45,248 - isca - INFO - SOCRATES compilation disabled.
2021-08-10 10:43:45,303 - isca - INFO - Writing path_names to '/network/group/aopp/planetary/PLR018_LEWIS_VENUS2/isca_work/codebase/_home_lewis_research_isca_dir_Isca/build/grey_isca/path_names'
2021-08-10 10:43:45,366 - isca - INFO - Running compiler
2021-08-10 10:43:45,419 - isca - INFO - loadmodules for oxford machines
2021-08-10 10:43:45,930 - isca - INFO - [?1h=Currently Loaded Modulefiles:[m
2021-08-10 10:43:45,967 - isca - INFO - 1) physicspaths/2.0         6) otheros/generic-arc          [m
2021-08-10 10:43:45,968 - isca - INFO - 2) otheros/generic-oxphys   7) intel-compilers/2018upd4     [m
2021-08-10 10:43:45,968 - isca - INFO - 3) otheros/ubuntu_bionic    8) intel-mpi/2015               [m
2021-08-10 10:43:45,968 - isca - INFO - 4) otheros/ubuntu_trusty    9) netcdf/netcdf-c-4.7.3        [m
2021-08-10 10:43:45,968 - isca - INFO - 5) arcpaths/1.0            10) netcdf/netcdf-fortran-4.5.2  [m
2021-08-10 10:43:45,990 - isca - INFO - [K[?1l>/network/group/aopp/planetary/PLR018_LEWIS_VENUS2/isca_work/codebase/_home_lewis_research_isca_dir_Isca/build/grey_isca/path_names
2021-08-10 10:43:54,068 - isca - INFO - .............................................................................................................................. Makefile is ready.
2021-08-10 10:43:54,658 - isca - INFO - make: Nothing to be done for 'all'.
2021-08-10 10:43:55,174 - isca - INFO - make: 'grey_isca.x' is up to date.
2021-08-10 10:43:55,176 - isca - INFO - Compilation complete.
2021-08-10 10:43:55,181 - isca - DEBUG - Making directory '/network/group/aopp/planetary/PLR018_LEWIS_VENUS2/isca_work/experiment/GREY_T42L30fr_TL_om_1_4_a_1_1_ps_1_1_entr_tautrue'
2021-08-10 10:43:55,253 - isca - WARNING - Tried to remove run directory but it doesnt exist
2021-08-10 10:43:55,349 - isca - INFO - Emptied run directory '/network/group/aopp/planetary/PLR018_LEWIS_VENUS2/isca_work/experiment/GREY_T42L30fr_TL_om_1_4_a_1_1_ps_1_1_entr_tautrue/run'
2021-08-10 10:43:55,438 - isca - INFO - Emptied run directory '/network/group/aopp/planetary/PLR018_LEWIS_VENUS2/isca_work/experiment/GREY_T42L30fr_TL_om_1_4_a_1_1_ps_1_1_entr_tautrue/run'
2021-08-10 10:43:56,558 - isca - INFO - Writing namelist to '/network/group/aopp/planetary/PLR018_LEWIS_VENUS2/isca_work/experiment/GREY_T42L30fr_TL_om_1_4_a_1_1_ps_1_1_entr_tautrue/run/input.nml'
2021-08-10 10:43:56,596 - isca - INFO - Writing field_table to '/network/group/aopp/planetary/PLR018_LEWIS_VENUS2/isca_work/experiment/GREY_T42L30fr_TL_om_1_4_a_1_1_ps_1_1_entr_tautrue/run/field_table'
2021-08-10 10:43:56,653 - isca - INFO - Writing diag_table to '/network/group/aopp/planetary/PLR018_LEWIS_VENUS2/isca_work/experiment/GREY_T42L30fr_TL_om_1_4_a_1_1_ps_1_1_entr_tautrue/run/diag_table'
2021-08-10 10:43:56,658 - isca - INFO - Running without restart file
2021-08-10 10:43:56,701 - isca - INFO - Beginning run 1
2021-08-10 10:43:56,718 - isca - INFO - process running as 34081
2021-08-10 10:43:56,749 - isca - DEBUG - loadmodules for oxford machines
2021-08-10 10:43:57,171 - isca - DEBUG - [?1h=Currently Loaded Modulefiles:[m
2021-08-10 10:43:57,195 - isca - DEBUG - 1) physicspaths/2.0         6) otheros/generic-arc          [m
2021-08-10 10:43:57,195 - isca - DEBUG - 2) otheros/generic-oxphys   7) intel-compilers/2018upd4     [m
2021-08-10 10:43:57,196 - isca - DEBUG - 3) otheros/ubuntu_bionic    8) intel-mpi/2015               [m
2021-08-10 10:43:57,196 - isca - DEBUG - 4) otheros/ubuntu_trusty    9) netcdf/netcdf-c-4.7.3        [m
2021-08-10 10:43:57,196 - isca - DEBUG - 5) arcpaths/1.0            10) netcdf/netcdf-fortran-4.5.2  [m
2021-08-10 10:43:58,195 - isca - DEBUG - [K[?1l>NOTE from PE    0: MPP_DOMAINS_SET_STACK_SIZE: stack size set to    32768.
2021-08-10 10:43:58,195 - isca - DEBUG - &MPP_IO_NML
2021-08-10 10:43:58,195 - isca - DEBUG - HEADER_BUFFER_VAL       =       16384,
2021-08-10 10:43:58,195 - isca - DEBUG - GLOBAL_FIELD_ON_ROOT_PE = T,
2021-08-10 10:43:58,196 - isca - DEBUG - IO_CLOCKS_ON    = F,
2021-08-10 10:43:58,196 - isca - DEBUG - SHUFFLE =           0,
2021-08-10 10:43:58,196 - isca - DEBUG - DEFLATE_LEVEL   =          -1
2021-08-10 10:43:58,196 - isca - DEBUG - /
2021-08-10 10:43:58,199 - isca - DEBUG - NOTE from PE    0: MPP_IO_SET_STACK_SIZE: stack size set to     131072.
2021-08-10 10:43:58,201 - isca - DEBUG - NOTE from PE    0: MPP_DOMAINS_SET_STACK_SIZE: stack size set to   600000.
2021-08-10 10:43:58,497 - isca - DEBUG - starting            1  OpenMP threads per MPI-task
2021-08-10 10:43:58,504 - isca - DEBUG - ATMOS MODEL DOMAIN DECOMPOSITION
2021-08-10 10:43:58,504 - isca - DEBUG - X-AXIS =  128
2021-08-10 10:43:58,504 - isca - DEBUG - Y-AXIS =    2   2   2   2   2   2   2   2   2   2   2   2   2   2   2   2   2   2   2   2   2   2   2   2
2021-08-10 10:43:58,504 - isca - DEBUG - 2   2   2   2   2   2   2   2
2021-08-10 10:43:58,874 - isca - DEBUG - mean surface pressure=1000.0000 mb
2021-08-10 10:43:58,975 - isca - DEBUG - NOTE from PE    0: idealized_moist_phys: Using AM3 dry adjustment convection scheme.
2021-08-10 10:44:01,041 - isca - DEBUG - Integration completed through    1 Jan  2   0: 0: 0
2021-08-10 10:44:02,487 - isca - DEBUG - Integration completed through    1 Jan  3   0: 0: 0
2021-08-10 10:44:03,956 - isca - DEBUG - Integration completed through    1 Jan  4   0: 0: 0
2021-08-10 10:44:05,425 - isca - DEBUG - Integration completed through    1 Jan  5   0: 0: 0
2021-08-10 10:44:06,895 - isca - DEBUG - Integration completed through    1 Jan  6   0: 0: 0
2021-08-10 10:44:08,368 - isca - DEBUG - Integration completed through    1 Jan  7   0: 0: 0
2021-08-10 10:44:09,841 - isca - DEBUG - Integration completed through    1 Jan  8   0: 0: 0
2021-08-10 10:44:11,319 - isca - DEBUG - Integration completed through    1 Jan  9   0: 0: 0
2021-08-10 10:44:12,796 - isca - DEBUG - Integration completed through    1 Jan 10   0: 0: 0
2021-08-10 10:44:14,274 - isca - DEBUG - Integration completed through    1 Jan 11   0: 0: 0
2021-08-10 10:44:15,761 - isca - DEBUG - Integration completed through    1 Jan 12   0: 0: 0
2021-08-10 10:44:17,238 - isca - DEBUG - Integration completed through    1 Jan 13   0: 0: 0
2021-08-10 10:44:18,717 - isca - DEBUG - Integration completed through    1 Jan 14   0: 0: 0
2021-08-10 10:44:20,197 - isca - DEBUG - Integration completed through    1 Jan 15   0: 0: 0
2021-08-10 10:44:21,681 - isca - DEBUG - Integration completed through    1 Jan 16   0: 0: 0
2021-08-10 10:44:23,164 - isca - DEBUG - Integration completed through    1 Jan 17   0: 0: 0
2021-08-10 10:44:24,648 - isca - DEBUG - Integration completed through    1 Jan 18   0: 0: 0
2021-08-10 10:44:26,136 - isca - DEBUG - Integration completed through    1 Jan 19   0: 0: 0
2021-08-10 10:44:27,625 - isca - DEBUG - Integration completed through    1 Jan 20   0: 0: 0
2021-08-10 10:44:29,114 - isca - DEBUG - Integration completed through    1 Jan 21   0: 0: 0
2021-08-10 10:44:30,603 - isca - DEBUG - Integration completed through    1 Jan 22   0: 0: 0
2021-08-10 10:44:32,101 - isca - DEBUG - Integration completed through    1 Jan 23   0: 0: 0
2021-08-10 10:44:33,592 - isca - DEBUG - Integration completed through    1 Jan 24   0: 0: 0
2021-08-10 10:44:35,083 - isca - DEBUG - Integration completed through    1 Jan 25   0: 0: 0
2021-08-10 10:44:36,574 - isca - DEBUG - Integration completed through    1 Jan 26   0: 0: 0
2021-08-10 10:44:38,068 - isca - DEBUG - Integration completed through    1 Jan 27   0: 0: 0
2021-08-10 10:44:39,558 - isca - DEBUG - Integration completed through    1 Jan 28   0: 0: 0
2021-08-10 10:44:41,049 - isca - DEBUG - Integration completed through    1 Jan 29   0: 0: 0
2021-08-10 10:44:42,536 - isca - DEBUG - Integration completed through    1 Jan 30   0: 0: 0
2021-08-10 10:44:44,030 - isca - DEBUG - Integration completed through    1 Feb  1   0: 0: 0
2021-08-10 10:44:46,790 - isca - DEBUG - Integration completed through    1 Feb  2   0: 0: 0
2021-08-10 10:44:48,274 - isca - DEBUG - Integration completed through    1 Feb  3   0: 0: 0
2021-08-10 10:44:49,759 - isca - DEBUG - Integration completed through    1 Feb  4   0: 0: 0
2021-08-10 10:44:51,247 - isca - DEBUG - Integration completed through    1 Feb  5   0: 0: 0
2021-08-10 10:44:52,735 - isca - DEBUG - Integration completed through    1 Feb  6   0: 0: 0
2021-08-10 10:44:54,226 - isca - DEBUG - Integration completed through    1 Feb  7   0: 0: 0
2021-08-10 10:44:55,716 - isca - DEBUG - Integration completed through    1 Feb  8   0: 0: 0
2021-08-10 10:44:57,203 - isca - DEBUG - Integration completed through    1 Feb  9   0: 0: 0
2021-08-10 10:44:58,691 - isca - DEBUG - Integration completed through    1 Feb 10   0: 0: 0
2021-08-10 10:45:00,179 - isca - DEBUG - Integration completed through    1 Feb 11   0: 0: 0
2021-08-10 10:45:01,676 - isca - DEBUG - Integration completed through    1 Feb 12   0: 0: 0
2021-08-10 10:45:03,206 - isca - DEBUG - Integration completed through    1 Feb 13   0: 0: 0
2021-08-10 10:45:04,701 - isca - DEBUG - Integration completed through    1 Feb 14   0: 0: 0
2021-08-10 10:45:06,188 - isca - DEBUG - Integration completed through    1 Feb 15   0: 0: 0
2021-08-10 10:45:07,675 - isca - DEBUG - Integration completed through    1 Feb 16   0: 0: 0
2021-08-10 10:45:09,164 - isca - DEBUG - Integration completed through    1 Feb 17   0: 0: 0
2021-08-10 10:45:10,656 - isca - DEBUG - Integration completed through    1 Feb 18   0: 0: 0
2021-08-10 10:45:12,149 - isca - DEBUG - Integration completed through    1 Feb 19   0: 0: 0
2021-08-10 10:45:13,642 - isca - DEBUG - Integration completed through    1 Feb 20   0: 0: 0
2021-08-10 10:45:15,136 - isca - DEBUG - Integration completed through    1 Feb 21   0: 0: 0
2021-08-10 10:45:16,630 - isca - DEBUG - Integration completed through    1 Feb 22   0: 0: 0
2021-08-10 10:45:18,125 - isca - DEBUG - Integration completed through    1 Feb 23   0: 0: 0
2021-08-10 10:45:19,619 - isca - DEBUG - Integration completed through    1 Feb 24   0: 0: 0
2021-08-10 10:45:21,110 - isca - DEBUG - Integration completed through    1 Feb 25   0: 0: 0
2021-08-10 10:45:22,605 - isca - DEBUG - Integration completed through    1 Feb 26   0: 0: 0
2021-08-10 10:45:24,098 - isca - DEBUG - Integration completed through    1 Feb 27   0: 0: 0
2021-08-10 10:45:25,592 - isca - DEBUG - Integration completed through    1 Feb 28   0: 0: 0
2021-08-10 10:45:27,085 - isca - DEBUG - Integration completed through    1 Feb 29   0: 0: 0
2021-08-10 10:45:28,577 - isca - DEBUG - Integration completed through    1 Feb 30   0: 0: 0
2021-08-10 10:45:30,070 - isca - DEBUG - Integration completed through    1 Mar  1   0: 0: 0
2021-08-10 10:45:31,731 - isca - DEBUG - Integration completed through    1 Mar  2   0: 0: 0
2021-08-10 10:45:33,231 - isca - DEBUG - Integration completed through    1 Mar  3   0: 0: 0
2021-08-10 10:45:34,727 - isca - DEBUG - Integration completed through    1 Mar  4   0: 0: 0
2021-08-10 10:45:36,226 - isca - DEBUG - Integration completed through    1 Mar  5   0: 0: 0
2021-08-10 10:45:37,723 - isca - DEBUG - Integration completed through    1 Mar  6   0: 0: 0
2021-08-10 10:45:39,221 - isca - DEBUG - Integration completed through    1 Mar  7   0: 0: 0
2021-08-10 10:45:40,718 - isca - DEBUG - Integration completed through    1 Mar  8   0: 0: 0
2021-08-10 10:45:42,211 - isca - DEBUG - Integration completed through    1 Mar  9   0: 0: 0
2021-08-10 10:45:43,709 - isca - DEBUG - Integration completed through    1 Mar 10   0: 0: 0
2021-08-10 10:45:45,207 - isca - DEBUG - Integration completed through    1 Mar 11   0: 0: 0
2021-08-10 10:45:46,703 - isca - DEBUG - Integration completed through    1 Mar 12   0: 0: 0
2021-08-10 10:45:48,199 - isca - DEBUG - Integration completed through    1 Mar 13   0: 0: 0
2021-08-10 10:45:49,698 - isca - DEBUG - Integration completed through    1 Mar 14   0: 0: 0
2021-08-10 10:45:51,196 - isca - DEBUG - Integration completed through    1 Mar 15   0: 0: 0
2021-08-10 10:45:52,824 - isca - DEBUG - Integration completed through    1 Mar 16   0: 0: 0
2021-08-10 10:45:54,647 - isca - DEBUG - Integration completed through    1 Mar 17   0: 0: 0
2021-08-10 10:45:56,574 - isca - DEBUG - Integration completed through    1 Mar 18   0: 0: 0
2021-08-10 10:45:58,220 - isca - DEBUG - Integration completed through    1 Mar 19   0: 0: 0
2021-08-10 10:45:59,719 - isca - DEBUG - Integration completed through    1 Mar 20   0: 0: 0
2021-08-10 10:46:01,222 - isca - DEBUG - Integration completed through    1 Mar 21   0: 0: 0
2021-08-10 10:46:02,726 - isca - DEBUG - Integration completed through    1 Mar 22   0: 0: 0
2021-08-10 10:46:04,232 - isca - DEBUG - Integration completed through    1 Mar 23   0: 0: 0
2021-08-10 10:46:05,736 - isca - DEBUG - Integration completed through    1 Mar 24   0: 0: 0
2021-08-10 10:46:07,236 - isca - DEBUG - Integration completed through    1 Mar 25   0: 0: 0
2021-08-10 10:46:08,743 - isca - DEBUG - Integration completed through    1 Mar 26   0: 0: 0
2021-08-10 10:46:10,246 - isca - DEBUG - Integration completed through    1 Mar 27   0: 0: 0
2021-08-10 10:46:11,750 - isca - DEBUG - Integration completed through    1 Mar 28   0: 0: 0
2021-08-10 10:46:13,251 - isca - DEBUG - Integration completed through    1 Mar 29   0: 0: 0
2021-08-10 10:46:14,754 - isca - DEBUG - Integration completed through    1 Mar 30   0: 0: 0
2021-08-10 10:46:16,264 - isca - DEBUG - Integration completed through    1 Apr  1   0: 0: 0
2021-08-10 10:46:17,871 - isca - DEBUG - Integration completed through    1 Apr  2   0: 0: 0
2021-08-10 10:46:19,370 - isca - DEBUG - Integration completed through    1 Apr  3   0: 0: 0
2021-08-10 10:46:20,870 - isca - DEBUG - Integration completed through    1 Apr  4   0: 0: 0
2021-08-10 10:46:22,371 - isca - DEBUG - Integration completed through    1 Apr  5   0: 0: 0
2021-08-10 10:46:23,884 - isca - DEBUG - Integration completed through    1 Apr  6   0: 0: 0
2021-08-10 10:46:25,385 - isca - DEBUG - Integration completed through    1 Apr  7   0: 0: 0
2021-08-10 10:46:26,886 - isca - DEBUG - Integration completed through    1 Apr  8   0: 0: 0
2021-08-10 10:46:28,390 - isca - DEBUG - Integration completed through    1 Apr  9   0: 0: 0
2021-08-10 10:46:29,891 - isca - DEBUG - Integration completed through    1 Apr 10   0: 0: 0
2021-08-10 10:46:31,396 - isca - DEBUG - Integration completed through    1 Apr 11   0: 0: 0
2021-08-10 10:46:32,898 - isca - DEBUG - Integration completed through    1 Apr 12   0: 0: 0
2021-08-10 10:46:34,402 - isca - DEBUG - Integration completed through    1 Apr 13   0: 0: 0
2021-08-10 10:46:35,904 - isca - DEBUG - Integration completed through    1 Apr 14   0: 0: 0
2021-08-10 10:46:37,404 - isca - DEBUG - Integration completed through    1 Apr 15   0: 0: 0
2021-08-10 10:46:38,908 - isca - DEBUG - Integration completed through    1 Apr 16   0: 0: 0
2021-08-10 10:46:40,410 - isca - DEBUG - Integration completed through    1 Apr 17   0: 0: 0
2021-08-10 10:46:41,912 - isca - DEBUG - Integration completed through    1 Apr 18   0: 0: 0
2021-08-10 10:46:43,414 - isca - DEBUG - Integration completed through    1 Apr 19   0: 0: 0
2021-08-10 10:46:44,915 - isca - DEBUG - Integration completed through    1 Apr 20   0: 0: 0
2021-08-10 10:46:46,417 - isca - DEBUG - Integration completed through    1 Apr 21   0: 0: 0
2021-08-10 10:46:47,918 - isca - DEBUG - Integration completed through    1 Apr 22   0: 0: 0
2021-08-10 10:46:49,421 - isca - DEBUG - Integration completed through    1 Apr 23   0: 0: 0
2021-08-10 10:46:50,924 - isca - DEBUG - Integration completed through    1 Apr 24   0: 0: 0
2021-08-10 10:46:52,426 - isca - DEBUG - Integration completed through    1 Apr 25   0: 0: 0
2021-08-10 10:46:53,929 - isca - DEBUG - Integration completed through    1 Apr 26   0: 0: 0
2021-08-10 10:46:55,434 - isca - DEBUG - Integration completed through    1 Apr 27   0: 0: 0
2021-08-10 10:46:56,937 - isca - DEBUG - Integration completed through    1 Apr 28   0: 0: 0
2021-08-10 10:46:58,440 - isca - DEBUG - Integration completed through    1 Apr 29   0: 0: 0
2021-08-10 10:46:59,944 - isca - DEBUG - Integration completed through    1 Apr 30   0: 0: 0
2021-08-10 10:47:01,448 - isca - DEBUG - Integration completed through    1 May  1   0: 0: 0
2021-08-10 10:47:03,130 - isca - DEBUG - Integration completed through    1 May  2   0: 0: 0
2021-08-10 10:47:04,643 - isca - DEBUG - Integration completed through    1 May  3   0: 0: 0
2021-08-10 10:47:06,147 - isca - DEBUG - Integration completed through    1 May  4   0: 0: 0
2021-08-10 10:47:07,664 - isca - DEBUG - Integration completed through    1 May  5   0: 0: 0
2021-08-10 10:47:09,168 - isca - DEBUG - Integration completed through    1 May  6   0: 0: 0
2021-08-10 10:47:10,673 - isca - DEBUG - Integration completed through    1 May  7   0: 0: 0
2021-08-10 10:47:12,175 - isca - DEBUG - Integration completed through    1 May  8   0: 0: 0
2021-08-10 10:47:13,681 - isca - DEBUG - Integration completed through    1 May  9   0: 0: 0
2021-08-10 10:47:15,184 - isca - DEBUG - Integration completed through    1 May 10   0: 0: 0
2021-08-10 10:47:16,685 - isca - DEBUG - Integration completed through    1 May 11   0: 0: 0
2021-08-10 10:47:18,187 - isca - DEBUG - Integration completed through    1 May 12   0: 0: 0
2021-08-10 10:47:19,686 - isca - DEBUG - Integration completed through    1 May 13   0: 0: 0
2021-08-10 10:47:21,188 - isca - DEBUG - Integration completed through    1 May 14   0: 0: 0
2021-08-10 10:47:22,688 - isca - DEBUG - Integration completed through    1 May 15   0: 0: 0
2021-08-10 10:47:24,190 - isca - DEBUG - Integration completed through    1 May 16   0: 0: 0
2021-08-10 10:47:25,693 - isca - DEBUG - Integration completed through    1 May 17   0: 0: 0
2021-08-10 10:47:27,197 - isca - DEBUG - Integration completed through    1 May 18   0: 0: 0
2021-08-10 10:47:28,701 - isca - DEBUG - Integration completed through    1 May 19   0: 0: 0
2021-08-10 10:47:30,209 - isca - DEBUG - Integration completed through    1 May 20   0: 0: 0
2021-08-10 10:47:31,718 - isca - DEBUG - Integration completed through    1 May 21   0: 0: 0
2021-08-10 10:47:33,226 - isca - DEBUG - Integration completed through    1 May 22   0: 0: 0
2021-08-10 10:47:34,732 - isca - DEBUG - Integration completed through    1 May 23   0: 0: 0
2021-08-10 10:47:36,238 - isca - DEBUG - Integration completed through    1 May 24   0: 0: 0
2021-08-10 10:47:37,741 - isca - DEBUG - Integration completed through    1 May 25   0: 0: 0
2021-08-10 10:47:39,245 - isca - DEBUG - Integration completed through    1 May 26   0: 0: 0
2021-08-10 10:47:40,752 - isca - DEBUG - Integration completed through    1 May 27   0: 0: 0
2021-08-10 10:47:42,258 - isca - DEBUG - Integration completed through    1 May 28   0: 0: 0
2021-08-10 10:47:43,765 - isca - DEBUG - Integration completed through    1 May 29   0: 0: 0
2021-08-10 10:47:45,275 - isca - DEBUG - Integration completed through    1 May 30   0: 0: 0
2021-08-10 10:47:46,782 - isca - DEBUG - Integration completed through    1 Jun  1   0: 0: 0
2021-08-10 10:47:48,649 - isca - DEBUG - Integration completed through    1 Jun  2   0: 0: 0
2021-08-10 10:47:50,156 - isca - DEBUG - Integration completed through    1 Jun  3   0: 0: 0
2021-08-10 10:47:51,666 - isca - DEBUG - Integration completed through    1 Jun  4   0: 0: 0
2021-08-10 10:47:53,173 - isca - DEBUG - Integration completed through    1 Jun  5   0: 0: 0
2021-08-10 10:47:54,680 - isca - DEBUG - Integration completed through    1 Jun  6   0: 0: 0
2021-08-10 10:47:56,188 - isca - DEBUG - Integration completed through    1 Jun  7   0: 0: 0
2021-08-10 10:47:57,696 - isca - DEBUG - Integration completed through    1 Jun  8   0: 0: 0
2021-08-10 10:47:59,205 - isca - DEBUG - Integration completed through    1 Jun  9   0: 0: 0
2021-08-10 10:48:00,710 - isca - DEBUG - Integration completed through    1 Jun 10   0: 0: 0
2021-08-10 10:48:02,217 - isca - DEBUG - Integration completed through    1 Jun 11   0: 0: 0
2021-08-10 10:48:03,728 - isca - DEBUG - Integration completed through    1 Jun 12   0: 0: 0
2021-08-10 10:48:05,241 - isca - DEBUG - Integration completed through    1 Jun 13   0: 0: 0
2021-08-10 10:48:06,751 - isca - DEBUG - Integration completed through    1 Jun 14   0: 0: 0
2021-08-10 10:48:08,259 - isca - DEBUG - Integration completed through    1 Jun 15   0: 0: 0
2021-08-10 10:48:09,765 - isca - DEBUG - Integration completed through    1 Jun 16   0: 0: 0
2021-08-10 10:48:11,271 - isca - DEBUG - Integration completed through    1 Jun 17   0: 0: 0
2021-08-10 10:48:12,778 - isca - DEBUG - Integration completed through    1 Jun 18   0: 0: 0
2021-08-10 10:48:14,281 - isca - DEBUG - Integration completed through    1 Jun 19   0: 0: 0
2021-08-10 10:48:15,785 - isca - DEBUG - Integration completed through    1 Jun 20   0: 0: 0
2021-08-10 10:48:17,293 - isca - DEBUG - Integration completed through    1 Jun 21   0: 0: 0
2021-08-10 10:48:18,802 - isca - DEBUG - Integration completed through    1 Jun 22   0: 0: 0
2021-08-10 10:48:20,308 - isca - DEBUG - Integration completed through    1 Jun 23   0: 0: 0
2021-08-10 10:48:21,813 - isca - DEBUG - Integration completed through    1 Jun 24   0: 0: 0
2021-08-10 10:48:23,335 - isca - DEBUG - Integration completed through    1 Jun 25   0: 0: 0
2021-08-10 10:48:24,842 - isca - DEBUG - Integration completed through    1 Jun 26   0: 0: 0
2021-08-10 10:48:26,385 - isca - DEBUG - Integration completed through    1 Jun 27   0: 0: 0
2021-08-10 10:48:28,418 - isca - DEBUG - Integration completed through    1 Jun 28   0: 0: 0
2021-08-10 10:48:30,753 - isca - DEBUG - Integration completed through    1 Jun 29   0: 0: 0
2021-08-10 10:48:33,009 - isca - DEBUG - Integration completed through    1 Jun 30   0: 0: 0
2021-08-10 10:48:34,764 - isca - DEBUG - Integration completed through    1 Jul  1   0: 0: 0
2021-08-10 10:48:36,372 - isca - DEBUG - Integration completed through    1 Jul  2   0: 0: 0
2021-08-10 10:48:37,874 - isca - DEBUG - Integration completed through    1 Jul  3   0: 0: 0
2021-08-10 10:48:39,377 - isca - DEBUG - Integration completed through    1 Jul  4   0: 0: 0
2021-08-10 10:48:40,880 - isca - DEBUG - Integration completed through    1 Jul  5   0: 0: 0
2021-08-10 10:48:42,387 - isca - DEBUG - Integration completed through    1 Jul  6   0: 0: 0
2021-08-10 10:48:43,895 - isca - DEBUG - Integration completed through    1 Jul  7   0: 0: 0
2021-08-10 10:48:45,401 - isca - DEBUG - Integration completed through    1 Jul  8   0: 0: 0
2021-08-10 10:48:46,909 - isca - DEBUG - Integration completed through    1 Jul  9   0: 0: 0
2021-08-10 10:48:48,414 - isca - DEBUG - Integration completed through    1 Jul 10   0: 0: 0
2021-08-10 10:48:49,918 - isca - DEBUG - Integration completed through    1 Jul 11   0: 0: 0
2021-08-10 10:48:51,423 - isca - DEBUG - Integration completed through    1 Jul 12   0: 0: 0
2021-08-10 10:48:52,929 - isca - DEBUG - Integration completed through    1 Jul 13   0: 0: 0
2021-08-10 10:48:54,433 - isca - DEBUG - Integration completed through    1 Jul 14   0: 0: 0
2021-08-10 10:48:55,938 - isca - DEBUG - Integration completed through    1 Jul 15   0: 0: 0
2021-08-10 10:48:57,443 - isca - DEBUG - Integration completed through    1 Jul 16   0: 0: 0
2021-08-10 10:48:58,948 - isca - DEBUG - Integration completed through    1 Jul 17   0: 0: 0
2021-08-10 10:49:00,456 - isca - DEBUG - Integration completed through    1 Jul 18   0: 0: 0
2021-08-10 10:49:01,957 - isca - DEBUG - Integration completed through    1 Jul 19   0: 0: 0
2021-08-10 10:49:03,463 - isca - DEBUG - Integration completed through    1 Jul 20   0: 0: 0
2021-08-10 10:49:04,972 - isca - DEBUG - Integration completed through    1 Jul 21   0: 0: 0
2021-08-10 10:49:06,477 - isca - DEBUG - Integration completed through    1 Jul 22   0: 0: 0
2021-08-10 10:49:07,983 - isca - DEBUG - Integration completed through    1 Jul 23   0: 0: 0
2021-08-10 10:49:09,489 - isca - DEBUG - Integration completed through    1 Jul 24   0: 0: 0
2021-08-10 10:49:10,998 - isca - DEBUG - Integration completed through    1 Jul 25   0: 0: 0
2021-08-10 10:49:12,503 - isca - DEBUG - Integration completed through    1 Jul 26   0: 0: 0
2021-08-10 10:49:14,008 - isca - DEBUG - Integration completed through    1 Jul 27   0: 0: 0
2021-08-10 10:49:15,513 - isca - DEBUG - Integration completed through    1 Jul 28   0: 0: 0
2021-08-10 10:49:17,016 - isca - DEBUG - Integration completed through    1 Jul 29   0: 0: 0
2021-08-10 10:49:18,521 - isca - DEBUG - Integration completed through    1 Jul 30   0: 0: 0
2021-08-10 10:49:20,025 - isca - DEBUG - Integration completed through    1 Aug  1   0: 0: 0
2021-08-10 10:49:21,603 - isca - DEBUG - Integration completed through    1 Aug  2   0: 0: 0
2021-08-10 10:49:23,107 - isca - DEBUG - Integration completed through    1 Aug  3   0: 0: 0
2021-08-10 10:49:24,611 - isca - DEBUG - Integration completed through    1 Aug  4   0: 0: 0
2021-08-10 10:49:26,113 - isca - DEBUG - Integration completed through    1 Aug  5   0: 0: 0
2021-08-10 10:49:27,617 - isca - DEBUG - Integration completed through    1 Aug  6   0: 0: 0
2021-08-10 10:49:29,125 - isca - DEBUG - Integration completed through    1 Aug  7   0: 0: 0
2021-08-10 10:49:30,633 - isca - DEBUG - Integration completed through    1 Aug  8   0: 0: 0
2021-08-10 10:49:32,144 - isca - DEBUG - Integration completed through    1 Aug  9   0: 0: 0
2021-08-10 10:49:33,653 - isca - DEBUG - Integration completed through    1 Aug 10   0: 0: 0
2021-08-10 10:49:35,161 - isca - DEBUG - Integration completed through    1 Aug 11   0: 0: 0
2021-08-10 10:49:36,667 - isca - DEBUG - Integration completed through    1 Aug 12   0: 0: 0
2021-08-10 10:49:38,177 - isca - DEBUG - Integration completed through    1 Aug 13   0: 0: 0
2021-08-10 10:49:39,686 - isca - DEBUG - Integration completed through    1 Aug 14   0: 0: 0
2021-08-10 10:49:41,191 - isca - DEBUG - Integration completed through    1 Aug 15   0: 0: 0
2021-08-10 10:49:42,701 - isca - DEBUG - Integration completed through    1 Aug 16   0: 0: 0
2021-08-10 10:49:44,208 - isca - DEBUG - Integration completed through    1 Aug 17   0: 0: 0
2021-08-10 10:49:45,717 - isca - DEBUG - Integration completed through    1 Aug 18   0: 0: 0
2021-08-10 10:49:47,225 - isca - DEBUG - Integration completed through    1 Aug 19   0: 0: 0
2021-08-10 10:49:48,737 - isca - DEBUG - Integration completed through    1 Aug 20   0: 0: 0
2021-08-10 10:49:50,245 - isca - DEBUG - Integration completed through    1 Aug 21   0: 0: 0
2021-08-10 10:49:51,754 - isca - DEBUG - Integration completed through    1 Aug 22   0: 0: 0
2021-08-10 10:49:53,263 - isca - DEBUG - Integration completed through    1 Aug 23   0: 0: 0
2021-08-10 10:49:54,773 - isca - DEBUG - Integration completed through    1 Aug 24   0: 0: 0
2021-08-10 10:49:56,286 - isca - DEBUG - Integration completed through    1 Aug 25   0: 0: 0
2021-08-10 10:49:57,797 - isca - DEBUG - Integration completed through    1 Aug 26   0: 0: 0
2021-08-10 10:49:59,308 - isca - DEBUG - Integration completed through    1 Aug 27   0: 0: 0
2021-08-10 10:50:00,818 - isca - DEBUG - Integration completed through    1 Aug 28   0: 0: 0
2021-08-10 10:50:02,375 - isca - DEBUG - Integration completed through    1 Aug 29   0: 0: 0
2021-08-10 10:50:03,888 - isca - DEBUG - Integration completed through    1 Aug 30   0: 0: 0
2021-08-10 10:50:05,405 - isca - DEBUG - Integration completed through    1 Sep  1   0: 0: 0
2021-08-10 10:50:07,067 - isca - DEBUG - Integration completed through    1 Sep  2   0: 0: 0
2021-08-10 10:50:08,581 - isca - DEBUG - Integration completed through    1 Sep  3   0: 0: 0
2021-08-10 10:50:10,095 - isca - DEBUG - Integration completed through    1 Sep  4   0: 0: 0
2021-08-10 10:50:11,606 - isca - DEBUG - Integration completed through    1 Sep  5   0: 0: 0
2021-08-10 10:50:13,120 - isca - DEBUG - Integration completed through    1 Sep  6   0: 0: 0
2021-08-10 10:50:14,632 - isca - DEBUG - Integration completed through    1 Sep  7   0: 0: 0
2021-08-10 10:50:16,142 - isca - DEBUG - Integration completed through    1 Sep  8   0: 0: 0
2021-08-10 10:50:17,653 - isca - DEBUG - Integration completed through    1 Sep  9   0: 0: 0
2021-08-10 10:50:19,164 - isca - DEBUG - Integration completed through    1 Sep 10   0: 0: 0
2021-08-10 10:50:20,677 - isca - DEBUG - Integration completed through    1 Sep 11   0: 0: 0
2021-08-10 10:50:22,188 - isca - DEBUG - Integration completed through    1 Sep 12   0: 0: 0
2021-08-10 10:50:23,699 - isca - DEBUG - Integration completed through    1 Sep 13   0: 0: 0
2021-08-10 10:50:25,212 - isca - DEBUG - Integration completed through    1 Sep 14   0: 0: 0
2021-08-10 10:50:26,724 - isca - DEBUG - Integration completed through    1 Sep 15   0: 0: 0
2021-08-10 10:50:28,239 - isca - DEBUG - Integration completed through    1 Sep 16   0: 0: 0
2021-08-10 10:50:29,751 - isca - DEBUG - Integration completed through    1 Sep 17   0: 0: 0
2021-08-10 10:50:31,263 - isca - DEBUG - Integration completed through    1 Sep 18   0: 0: 0
2021-08-10 10:50:32,774 - isca - DEBUG - Integration completed through    1 Sep 19   0: 0: 0
2021-08-10 10:50:34,287 - isca - DEBUG - Integration completed through    1 Sep 20   0: 0: 0
2021-08-10 10:50:35,795 - isca - DEBUG - Integration completed through    1 Sep 21   0: 0: 0
2021-08-10 10:50:37,308 - isca - DEBUG - Integration completed through    1 Sep 22   0: 0: 0
2021-08-10 10:50:38,821 - isca - DEBUG - Integration completed through    1 Sep 23   0: 0: 0
2021-08-10 10:50:40,334 - isca - DEBUG - Integration completed through    1 Sep 24   0: 0: 0
2021-08-10 10:50:41,846 - isca - DEBUG - Integration completed through    1 Sep 25   0: 0: 0
2021-08-10 10:50:43,357 - isca - DEBUG - Integration completed through    1 Sep 26   0: 0: 0
2021-08-10 10:50:44,869 - isca - DEBUG - Integration completed through    1 Sep 27   0: 0: 0
2021-08-10 10:50:46,381 - isca - DEBUG - Integration completed through    1 Sep 28   0: 0: 0
2021-08-10 10:50:47,894 - isca - DEBUG - Integration completed through    1 Sep 29   0: 0: 0
2021-08-10 10:50:49,404 - isca - DEBUG - Integration completed through    1 Sep 30   0: 0: 0
2021-08-10 10:50:50,916 - isca - DEBUG - Integration completed through    1 Oct  1   0: 0: 0
2021-08-10 10:50:52,626 - isca - DEBUG - Integration completed through    1 Oct  2   0: 0: 0
2021-08-10 10:50:54,460 - isca - DEBUG - Integration completed through    1 Oct  3   0: 0: 0
2021-08-10 10:50:56,291 - isca - DEBUG - Integration completed through    1 Oct  4   0: 0: 0
2021-08-10 10:50:57,904 - isca - DEBUG - Integration completed through    1 Oct  5   0: 0: 0
2021-08-10 10:50:59,413 - isca - DEBUG - Integration completed through    1 Oct  6   0: 0: 0
2021-08-10 10:51:00,921 - isca - DEBUG - Integration completed through    1 Oct  7   0: 0: 0
2021-08-10 10:51:02,429 - isca - DEBUG - Integration completed through    1 Oct  8   0: 0: 0
2021-08-10 10:51:03,938 - isca - DEBUG - Integration completed through    1 Oct  9   0: 0: 0
2021-08-10 10:51:05,452 - isca - DEBUG - Integration completed through    1 Oct 10   0: 0: 0
2021-08-10 10:51:06,959 - isca - DEBUG - Integration completed through    1 Oct 11   0: 0: 0
2021-08-10 10:51:08,468 - isca - DEBUG - Integration completed through    1 Oct 12   0: 0: 0
2021-08-10 10:51:09,977 - isca - DEBUG - Integration completed through    1 Oct 13   0: 0: 0
2021-08-10 10:51:11,487 - isca - DEBUG - Integration completed through    1 Oct 14   0: 0: 0
2021-08-10 10:51:12,996 - isca - DEBUG - Integration completed through    1 Oct 15   0: 0: 0
2021-08-10 10:51:14,500 - isca - DEBUG - Integration completed through    1 Oct 16   0: 0: 0
2021-08-10 10:51:16,012 - isca - DEBUG - Integration completed through    1 Oct 17   0: 0: 0
2021-08-10 10:51:17,518 - isca - DEBUG - Integration completed through    1 Oct 18   0: 0: 0
2021-08-10 10:51:19,024 - isca - DEBUG - Integration completed through    1 Oct 19   0: 0: 0
2021-08-10 10:51:20,533 - isca - DEBUG - Integration completed through    1 Oct 20   0: 0: 0
2021-08-10 10:51:22,040 - isca - DEBUG - Integration completed through    1 Oct 21   0: 0: 0
2021-08-10 10:51:23,555 - isca - DEBUG - Integration completed through    1 Oct 22   0: 0: 0
2021-08-10 10:51:25,058 - isca - DEBUG - Integration completed through    1 Oct 23   0: 0: 0
2021-08-10 10:51:26,563 - isca - DEBUG - Integration completed through    1 Oct 24   0: 0: 0
2021-08-10 10:51:28,069 - isca - DEBUG - Integration completed through    1 Oct 25   0: 0: 0
2021-08-10 10:51:29,579 - isca - DEBUG - Integration completed through    1 Oct 26   0: 0: 0
2021-08-10 10:51:31,091 - isca - DEBUG - Integration completed through    1 Oct 27   0: 0: 0
2021-08-10 10:51:32,600 - isca - DEBUG - Integration completed through    1 Oct 28   0: 0: 0
2021-08-10 10:51:34,105 - isca - DEBUG - Integration completed through    1 Oct 29   0: 0: 0
2021-08-10 10:51:35,615 - isca - DEBUG - Integration completed through    1 Oct 30   0: 0: 0
2021-08-10 10:51:37,122 - isca - DEBUG - Integration completed through    1 Nov  1   0: 0: 0
2021-08-10 10:51:38,793 - isca - DEBUG - Integration completed through    1 Nov  2   0: 0: 0
2021-08-10 10:51:40,302 - isca - DEBUG - Integration completed through    1 Nov  3   0: 0: 0
2021-08-10 10:51:41,809 - isca - DEBUG - Integration completed through    1 Nov  4   0: 0: 0
2021-08-10 10:51:43,320 - isca - DEBUG - Integration completed through    1 Nov  5   0: 0: 0
2021-08-10 10:51:44,826 - isca - DEBUG - Integration completed through    1 Nov  6   0: 0: 0
2021-08-10 10:51:46,332 - isca - DEBUG - Integration completed through    1 Nov  7   0: 0: 0
2021-08-10 10:51:47,842 - isca - DEBUG - Integration completed through    1 Nov  8   0: 0: 0
2021-08-10 10:51:49,350 - isca - DEBUG - Integration completed through    1 Nov  9   0: 0: 0
2021-08-10 10:51:50,856 - isca - DEBUG - Integration completed through    1 Nov 10   0: 0: 0
2021-08-10 10:51:52,367 - isca - DEBUG - Integration completed through    1 Nov 11   0: 0: 0
2021-08-10 10:51:53,877 - isca - DEBUG - Integration completed through    1 Nov 12   0: 0: 0
2021-08-10 10:51:55,385 - isca - DEBUG - Integration completed through    1 Nov 13   0: 0: 0
2021-08-10 10:51:56,893 - isca - DEBUG - Integration completed through    1 Nov 14   0: 0: 0
2021-08-10 10:51:58,401 - isca - DEBUG - Integration completed through    1 Nov 15   0: 0: 0
2021-08-10 10:51:59,911 - isca - DEBUG - Integration completed through    1 Nov 16   0: 0: 0
2021-08-10 10:52:01,420 - isca - DEBUG - Integration completed through    1 Nov 17   0: 0: 0
2021-08-10 10:52:02,930 - isca - DEBUG - Integration completed through    1 Nov 18   0: 0: 0
2021-08-10 10:52:04,439 - isca - DEBUG - Integration completed through    1 Nov 19   0: 0: 0
2021-08-10 10:52:05,957 - isca - DEBUG - Integration completed through    1 Nov 20   0: 0: 0
2021-08-10 10:52:07,486 - isca - DEBUG - Integration completed through    1 Nov 21   0: 0: 0
2021-08-10 10:52:08,997 - isca - DEBUG - Integration completed through    1 Nov 22   0: 0: 0
2021-08-10 10:52:10,507 - isca - DEBUG - Integration completed through    1 Nov 23   0: 0: 0
2021-08-10 10:52:12,019 - isca - DEBUG - Integration completed through    1 Nov 24   0: 0: 0
2021-08-10 10:52:13,531 - isca - DEBUG - Integration completed through    1 Nov 25   0: 0: 0
2021-08-10 10:52:15,043 - isca - DEBUG - Integration completed through    1 Nov 26   0: 0: 0
2021-08-10 10:52:16,553 - isca - DEBUG - Integration completed through    1 Nov 27   0: 0: 0
2021-08-10 10:52:18,064 - isca - DEBUG - Integration completed through    1 Nov 28   0: 0: 0
2021-08-10 10:52:19,573 - isca - DEBUG - Integration completed through    1 Nov 29   0: 0: 0
2021-08-10 10:52:21,084 - isca - DEBUG - Integration completed through    1 Nov 30   0: 0: 0
2021-08-10 10:52:22,595 - isca - DEBUG - Integration completed through    1 Dec  1   0: 0: 0
2021-08-10 10:52:24,385 - isca - DEBUG - Integration completed through    1 Dec  2   0: 0: 0
2021-08-10 10:52:25,896 - isca - DEBUG - Integration completed through    1 Dec  3   0: 0: 0
2021-08-10 10:52:27,405 - isca - DEBUG - Integration completed through    1 Dec  4   0: 0: 0
2021-08-10 10:52:28,917 - isca - DEBUG - Integration completed through    1 Dec  5   0: 0: 0
2021-08-10 10:52:30,429 - isca - DEBUG - Integration completed through    1 Dec  6   0: 0: 0
2021-08-10 10:52:31,942 - isca - DEBUG - Integration completed through    1 Dec  7   0: 0: 0
2021-08-10 10:52:33,457 - isca - DEBUG - Integration completed through    1 Dec  8   0: 0: 0
2021-08-10 10:52:34,969 - isca - DEBUG - Integration completed through    1 Dec  9   0: 0: 0
2021-08-10 10:52:36,482 - isca - DEBUG - Integration completed through    1 Dec 10   0: 0: 0
2021-08-10 10:52:37,992 - isca - DEBUG - Integration completed through    1 Dec 11   0: 0: 0
2021-08-10 10:52:39,501 - isca - DEBUG - Integration completed through    1 Dec 12   0: 0: 0
2021-08-10 10:52:41,013 - isca - DEBUG - Integration completed through    1 Dec 13   0: 0: 0
2021-08-10 10:52:42,524 - isca - DEBUG - Integration completed through    1 Dec 14   0: 0: 0
2021-08-10 10:52:44,035 - isca - DEBUG - Integration completed through    1 Dec 15   0: 0: 0
2021-08-10 10:52:45,548 - isca - DEBUG - Integration completed through    1 Dec 16   0: 0: 0
2021-08-10 10:52:47,060 - isca - DEBUG - Integration completed through    1 Dec 17   0: 0: 0
2021-08-10 10:52:48,572 - isca - DEBUG - Integration completed through    1 Dec 18   0: 0: 0
2021-08-10 10:52:50,086 - isca - DEBUG - Integration completed through    1 Dec 19   0: 0: 0
2021-08-10 10:52:51,598 - isca - DEBUG - Integration completed through    1 Dec 20   0: 0: 0
2021-08-10 10:52:53,112 - isca - DEBUG - Integration completed through    1 Dec 21   0: 0: 0
2021-08-10 10:52:54,623 - isca - DEBUG - Integration completed through    1 Dec 22   0: 0: 0
2021-08-10 10:52:56,136 - isca - DEBUG - Integration completed through    1 Dec 23   0: 0: 0
2021-08-10 10:52:57,648 - isca - DEBUG - Integration completed through    1 Dec 24   0: 0: 0
2021-08-10 10:52:59,164 - isca - DEBUG - Integration completed through    1 Dec 25   0: 0: 0
2021-08-10 10:53:00,676 - isca - DEBUG - Integration completed through    1 Dec 26   0: 0: 0
2021-08-10 10:53:02,189 - isca - DEBUG - Integration completed through    1 Dec 27   0: 0: 0
2021-08-10 10:53:03,703 - isca - DEBUG - Integration completed through    1 Dec 28   0: 0: 0
2021-08-10 10:53:05,224 - isca - DEBUG - Integration completed through    1 Dec 29   0: 0: 0
2021-08-10 10:53:06,743 - isca - DEBUG - Integration completed through    1 Dec 30   0: 0: 0
2021-08-10 10:53:08,258 - isca - DEBUG - Integration completed through    2 Jan  1   0: 0: 0
2021-08-10 10:53:08,394 - isca - DEBUG - NOTE from PE    0: MPP_IO_SET_STACK_SIZE: stack size set to     245760.
2021-08-10 10:53:09,100 - isca - DEBUG - MPP_DOMAINS_STACK high water mark=       30720
2021-08-10 10:53:09,101 - isca - DEBUG - 
2021-08-10 10:53:09,101 - isca - DEBUG - Tabulating mpp_clock statistics across     32 PEs...
2021-08-10 10:53:09,101 - isca - DEBUG - 
2021-08-10 10:53:09,101 - isca - DEBUG - tmin          tmax          tavg          tstd  tfrac grain pemin pemax
2021-08-10 10:53:09,101 - isca - DEBUG - Total runtime                       550.992065    550.992069    550.992068      0.000001  1.000     0     0    31
2021-08-10 10:53:09,101 - isca - DEBUG - MPP_STACK high water mark=           0
2021-08-10 10:53:09,216 - isca - INFO - Run 1 complete
2021-08-10 10:53:13,146 - isca - DEBUG - atmos_monthly.nc combined and copied to data directory
2021-08-10 10:53:15,323 - isca - INFO - Restart archive created at /network/group/aopp/planetary/PLR018_LEWIS_VENUS2/isca_data/GREY_T42L30fr_TL_om_1_4_a_1_1_ps_1_1_entr_tautrue/restarts/res0001.tar.gz
2021-08-10 10:53:15,438 - isca - INFO - Writing namelist to '/network/group/aopp/planetary/PLR018_LEWIS_VENUS2/isca_data/GREY_T42L30fr_TL_om_1_4_a_1_1_ps_1_1_entr_tautrue/run0001/input.nml'
2021-08-10 10:53:15,470 - isca - INFO - Writing field_table to '/network/group/aopp/planetary/PLR018_LEWIS_VENUS2/isca_data/GREY_T42L30fr_TL_om_1_4_a_1_1_ps_1_1_entr_tautrue/run0001/field_table'
2021-08-10 10:53:15,568 - isca - INFO - Writing diag_table to '/network/group/aopp/planetary/PLR018_LEWIS_VENUS2/isca_data/GREY_T42L30fr_TL_om_1_4_a_1_1_ps_1_1_entr_tautrue/run0001/diag_table'
2021-08-10 10:53:16,640 - isca - INFO - Emptied run directory '/network/group/aopp/planetary/PLR018_LEWIS_VENUS2/isca_work/experiment/GREY_T42L30fr_TL_om_1_4_a_1_1_ps_1_1_entr_tautrue/run'
2021-08-10 10:53:16,734 - isca - INFO - Emptied run directory '/network/group/aopp/planetary/PLR018_LEWIS_VENUS2/isca_work/experiment/GREY_T42L30fr_TL_om_1_4_a_1_1_ps_1_1_entr_tautrue/run'
2021-08-10 10:53:17,387 - isca - INFO - Writing namelist to '/network/group/aopp/planetary/PLR018_LEWIS_VENUS2/isca_work/experiment/GREY_T42L30fr_TL_om_1_4_a_1_1_ps_1_1_entr_tautrue/run/input.nml'
2021-08-10 10:53:17,428 - isca - INFO - Writing field_table to '/network/group/aopp/planetary/PLR018_LEWIS_VENUS2/isca_work/experiment/GREY_T42L30fr_TL_om_1_4_a_1_1_ps_1_1_entr_tautrue/run/field_table'
2021-08-10 10:53:17,542 - isca - INFO - Writing diag_table to '/network/group/aopp/planetary/PLR018_LEWIS_VENUS2/isca_work/experiment/GREY_T42L30fr_TL_om_1_4_a_1_1_ps_1_1_entr_tautrue/run/diag_table'
2021-08-10 10:53:17,566 - isca - INFO - Using restart file '/network/group/aopp/planetary/PLR018_LEWIS_VENUS2/isca_data/GREY_T42L30fr_TL_om_1_4_a_1_1_ps_1_1_entr_tautrue/restarts/res0001.tar.gz'
2021-08-10 10:53:18,252 - isca - INFO - Restart /network/group/aopp/planetary/PLR018_LEWIS_VENUS2/isca_data/GREY_T42L30fr_TL_om_1_4_a_1_1_ps_1_1_entr_tautrue/restarts/res0001.tar.gz extracted to /network/group/aopp/planetary/PLR018_LEWIS_VENUS2/isca_work/experiment/GREY_T42L30fr_TL_om_1_4_a_1_1_ps_1_1_entr_tautrue/run/INPUT
2021-08-10 10:53:18,306 - isca - INFO - Beginning run 2
2021-08-10 10:53:18,318 - isca - INFO - process running as 34596
2021-08-10 10:53:18,353 - isca - DEBUG - loadmodules for oxford machines
2021-08-10 10:53:18,779 - isca - DEBUG - [?1h=Currently Loaded Modulefiles:[m
2021-08-10 10:53:18,799 - isca - DEBUG - 1) physicspaths/2.0         6) otheros/generic-arc          [m
2021-08-10 10:53:18,799 - isca - DEBUG - 2) otheros/generic-oxphys   7) intel-compilers/2018upd4     [m
2021-08-10 10:53:18,799 - isca - DEBUG - 3) otheros/ubuntu_bionic    8) intel-mpi/2015               [m
2021-08-10 10:53:18,800 - isca - DEBUG - 4) otheros/ubuntu_trusty    9) netcdf/netcdf-c-4.7.3        [m
2021-08-10 10:53:18,800 - isca - DEBUG - 5) arcpaths/1.0            10) netcdf/netcdf-fortran-4.5.2  [m
2021-08-10 10:53:19,174 - isca - DEBUG - [K[?1l>NOTE from PE    0: MPP_DOMAINS_SET_STACK_SIZE: stack size set to    32768.
2021-08-10 10:53:19,175 - isca - DEBUG - &MPP_IO_NML
2021-08-10 10:53:19,175 - isca - DEBUG - HEADER_BUFFER_VAL       =       16384,
2021-08-10 10:53:19,175 - isca - DEBUG - GLOBAL_FIELD_ON_ROOT_PE = T,
2021-08-10 10:53:19,175 - isca - DEBUG - IO_CLOCKS_ON    = F,
2021-08-10 10:53:19,175 - isca - DEBUG - SHUFFLE =           0,
2021-08-10 10:53:19,176 - isca - DEBUG - DEFLATE_LEVEL   =          -1
2021-08-10 10:53:19,176 - isca - DEBUG - /
2021-08-10 10:53:19,178 - isca - DEBUG - NOTE from PE    0: MPP_IO_SET_STACK_SIZE: stack size set to     131072.
2021-08-10 10:53:19,180 - isca - DEBUG - NOTE from PE    0: MPP_DOMAINS_SET_STACK_SIZE: stack size set to   600000.
2021-08-10 10:53:19,319 - isca - DEBUG - starting            1  OpenMP threads per MPI-task
2021-08-10 10:53:19,336 - isca - DEBUG - ATMOS MODEL DOMAIN DECOMPOSITION
2021-08-10 10:53:19,336 - isca - DEBUG - X-AXIS =  128
2021-08-10 10:53:19,336 - isca - DEBUG - Y-AXIS =    2   2   2   2   2   2   2   2   2   2   2   2   2   2   2   2   2   2   2   2   2   2   2   2
2021-08-10 10:53:19,336 - isca - DEBUG - 2   2   2   2   2   2   2   2
2021-08-10 10:53:20,425 - isca - DEBUG - NOTE from PE    0: idealized_moist_phys: Using AM3 dry adjustment convection scheme.
2021-08-10 10:53:22,648 - isca - DEBUG - Integration completed through    2 Jan  2   0: 0: 0
2021-08-10 10:53:24,155 - isca - DEBUG - Integration completed through    2 Jan  3   0: 0: 0
2021-08-10 10:53:25,667 - isca - DEBUG - Integration completed through    2 Jan  4   0: 0: 0
2021-08-10 10:53:27,308 - isca - DEBUG - Integration completed through    2 Jan  5   0: 0: 0
2021-08-10 10:53:28,818 - isca - DEBUG - Integration completed through    2 Jan  6   0: 0: 0
2021-08-10 10:53:30,330 - isca - DEBUG - Integration completed through    2 Jan  7   0: 0: 0
2021-08-10 10:53:31,836 - isca - DEBUG - Integration completed through    2 Jan  8   0: 0: 0
2021-08-10 10:53:33,345 - isca - DEBUG - Integration completed through    2 Jan  9   0: 0: 0
2021-08-10 10:53:34,854 - isca - DEBUG - Integration completed through    2 Jan 10   0: 0: 0
2021-08-10 10:53:36,363 - isca - DEBUG - Integration completed through    2 Jan 11   0: 0: 0
2021-08-10 10:53:37,878 - isca - DEBUG - Integration completed through    2 Jan 12   0: 0: 0
2021-08-10 10:53:39,387 - isca - DEBUG - Integration completed through    2 Jan 13   0: 0: 0
2021-08-10 10:53:40,897 - isca - DEBUG - Integration completed through    2 Jan 14   0: 0: 0
2021-08-10 10:53:42,405 - isca - DEBUG - Integration completed through    2 Jan 15   0: 0: 0
2021-08-10 10:53:43,914 - isca - DEBUG - Integration completed through    2 Jan 16   0: 0: 0
2021-08-10 10:53:45,422 - isca - DEBUG - Integration completed through    2 Jan 17   0: 0: 0
2021-08-10 10:53:46,932 - isca - DEBUG - Integration completed through    2 Jan 18   0: 0: 0
2021-08-10 10:53:48,439 - isca - DEBUG - Integration completed through    2 Jan 19   0: 0: 0
2021-08-10 10:53:49,948 - isca - DEBUG - Integration completed through    2 Jan 20   0: 0: 0
2021-08-10 10:53:51,455 - isca - DEBUG - Integration completed through    2 Jan 21   0: 0: 0
2021-08-10 10:53:52,971 - isca - DEBUG - Integration completed through    2 Jan 22   0: 0: 0
2021-08-10 10:53:54,480 - isca - DEBUG - Integration completed through    2 Jan 23   0: 0: 0
2021-08-10 10:53:55,987 - isca - DEBUG - Integration completed through    2 Jan 24   0: 0: 0
2021-08-10 10:53:57,495 - isca - DEBUG - Integration completed through    2 Jan 25   0: 0: 0
2021-08-10 10:53:59,002 - isca - DEBUG - Integration completed through    2 Jan 26   0: 0: 0
2021-08-10 10:54:00,514 - isca - DEBUG - Integration completed through    2 Jan 27   0: 0: 0
2021-08-10 10:54:02,025 - isca - DEBUG - Integration completed through    2 Jan 28   0: 0: 0
2021-08-10 10:54:03,537 - isca - DEBUG - Integration completed through    2 Jan 29   0: 0: 0
2021-08-10 10:54:05,049 - isca - DEBUG - Integration completed through    2 Jan 30   0: 0: 0
2021-08-10 10:54:06,559 - isca - DEBUG - Integration completed through    2 Feb  1   0: 0: 0
2021-08-10 10:54:09,440 - isca - DEBUG - Integration completed through    2 Feb  2   0: 0: 0
2021-08-10 10:54:10,953 - isca - DEBUG - Integration completed through    2 Feb  3   0: 0: 0
2021-08-10 10:54:12,462 - isca - DEBUG - Integration completed through    2 Feb  4   0: 0: 0
2021-08-10 10:54:13,971 - isca - DEBUG - Integration completed through    2 Feb  5   0: 0: 0
2021-08-10 10:54:15,479 - isca - DEBUG - Integration completed through    2 Feb  6   0: 0: 0
2021-08-10 10:54:16,987 - isca - DEBUG - Integration completed through    2 Feb  7   0: 0: 0
2021-08-10 10:54:18,498 - isca - DEBUG - Integration completed through    2 Feb  8   0: 0: 0
2021-08-10 10:54:20,009 - isca - DEBUG - Integration completed through    2 Feb  9   0: 0: 0
2021-08-10 10:54:21,518 - isca - DEBUG - Integration completed through    2 Feb 10   0: 0: 0
2021-08-10 10:54:23,035 - isca - DEBUG - Integration completed through    2 Feb 11   0: 0: 0
2021-08-10 10:54:24,542 - isca - DEBUG - Integration completed through    2 Feb 12   0: 0: 0
2021-08-10 10:54:26,060 - isca - DEBUG - Integration completed through    2 Feb 13   0: 0: 0
2021-08-10 10:54:27,570 - isca - DEBUG - Integration completed through    2 Feb 14   0: 0: 0
2021-08-10 10:54:29,089 - isca - DEBUG - Integration completed through    2 Feb 15   0: 0: 0
2021-08-10 10:54:30,600 - isca - DEBUG - Integration completed through    2 Feb 16   0: 0: 0
2021-08-10 10:54:32,109 - isca - DEBUG - Integration completed through    2 Feb 17   0: 0: 0
2021-08-10 10:54:33,624 - isca - DEBUG - Integration completed through    2 Feb 18   0: 0: 0
2021-08-10 10:54:35,142 - isca - DEBUG - Integration completed through    2 Feb 19   0: 0: 0
2021-08-10 10:54:36,654 - isca - DEBUG - Integration completed through    2 Feb 20   0: 0: 0
2021-08-10 10:54:38,164 - isca - DEBUG - Integration completed through    2 Feb 21   0: 0: 0
2021-08-10 10:54:39,680 - isca - DEBUG - Integration completed through    2 Feb 22   0: 0: 0
2021-08-10 10:54:41,199 - isca - DEBUG - Integration completed through    2 Feb 23   0: 0: 0
2021-08-10 10:54:42,711 - isca - DEBUG - Integration completed through    2 Feb 24   0: 0: 0
2021-08-10 10:54:44,222 - isca - DEBUG - Integration completed through    2 Feb 25   0: 0: 0
2021-08-10 10:54:45,733 - isca - DEBUG - Integration completed through    2 Feb 26   0: 0: 0
2021-08-10 10:54:47,251 - isca - DEBUG - Integration completed through    2 Feb 27   0: 0: 0
2021-08-10 10:54:48,772 - isca - DEBUG - Integration completed through    2 Feb 28   0: 0: 0
2021-08-10 10:54:50,280 - isca - DEBUG - Integration completed through    2 Feb 29   0: 0: 0
2021-08-10 10:54:51,794 - isca - DEBUG - Integration completed through    2 Feb 30   0: 0: 0
2021-08-10 10:54:53,310 - isca - DEBUG - Integration completed through    2 Mar  1   0: 0: 0
2021-08-10 10:54:54,940 - isca - DEBUG - Integration completed through    2 Mar  2   0: 0: 0
2021-08-10 10:54:56,454 - isca - DEBUG - Integration completed through    2 Mar  3   0: 0: 0
2021-08-10 10:54:57,966 - isca - DEBUG - Integration completed through    2 Mar  4   0: 0: 0
2021-08-10 10:54:59,476 - isca - DEBUG - Integration completed through    2 Mar  5   0: 0: 0
2021-08-10 10:55:00,990 - isca - DEBUG - Integration completed through    2 Mar  6   0: 0: 0
2021-08-10 10:55:02,549 - isca - DEBUG - Integration completed through    2 Mar  7   0: 0: 0
2021-08-10 10:55:04,061 - isca - DEBUG - Integration completed through    2 Mar  8   0: 0: 0
2021-08-10 10:55:05,568 - isca - DEBUG - Integration completed through    2 Mar  9   0: 0: 0
2021-08-10 10:55:07,079 - isca - DEBUG - Integration completed through    2 Mar 10   0: 0: 0
2021-08-10 10:55:08,593 - isca - DEBUG - Integration completed through    2 Mar 11   0: 0: 0
2021-08-10 10:55:10,104 - isca - DEBUG - Integration completed through    2 Mar 12   0: 0: 0
2021-08-10 10:55:11,617 - isca - DEBUG - Integration completed through    2 Mar 13   0: 0: 0
2021-08-10 10:55:13,131 - isca - DEBUG - Integration completed through    2 Mar 14   0: 0: 0
2021-08-10 10:55:14,645 - isca - DEBUG - Integration completed through    2 Mar 15   0: 0: 0
2021-08-10 10:55:16,157 - isca - DEBUG - Integration completed through    2 Mar 16   0: 0: 0
2021-08-10 10:55:17,670 - isca - DEBUG - Integration completed through    2 Mar 17   0: 0: 0
2021-08-10 10:55:19,183 - isca - DEBUG - Integration completed through    2 Mar 18   0: 0: 0
2021-08-10 10:55:20,692 - isca - DEBUG - Integration completed through    2 Mar 19   0: 0: 0
2021-08-10 10:55:22,199 - isca - DEBUG - Integration completed through    2 Mar 20   0: 0: 0
2021-08-10 10:55:23,714 - isca - DEBUG - Integration completed through    2 Mar 21   0: 0: 0
2021-08-10 10:55:25,228 - isca - DEBUG - Integration completed through    2 Mar 22   0: 0: 0
2021-08-10 10:55:26,744 - isca - DEBUG - Integration completed through    2 Mar 23   0: 0: 0
2021-08-10 10:55:28,254 - isca - DEBUG - Integration completed through    2 Mar 24   0: 0: 0
2021-08-10 10:55:29,766 - isca - DEBUG - Integration completed through    2 Mar 25   0: 0: 0
2021-08-10 10:55:31,280 - isca - DEBUG - Integration completed through    2 Mar 26   0: 0: 0
2021-08-10 10:55:32,795 - isca - DEBUG - Integration completed through    2 Mar 27   0: 0: 0
2021-08-10 10:55:34,310 - isca - DEBUG - Integration completed through    2 Mar 28   0: 0: 0
2021-08-10 10:55:35,821 - isca - DEBUG - Integration completed through    2 Mar 29   0: 0: 0
2021-08-10 10:55:37,337 - isca - DEBUG - Integration completed through    2 Mar 30   0: 0: 0
2021-08-10 10:55:38,855 - isca - DEBUG - Integration completed through    2 Apr  1   0: 0: 0
2021-08-10 10:55:40,459 - isca - DEBUG - Integration completed through    2 Apr  2   0: 0: 0
2021-08-10 10:55:41,971 - isca - DEBUG - Integration completed through    2 Apr  3   0: 0: 0
2021-08-10 10:55:43,485 - isca - DEBUG - Integration completed through    2 Apr  4   0: 0: 0
2021-08-10 10:55:44,997 - isca - DEBUG - Integration completed through    2 Apr  5   0: 0: 0
2021-08-10 10:55:46,509 - isca - DEBUG - Integration completed through    2 Apr  6   0: 0: 0
2021-08-10 10:55:48,022 - isca - DEBUG - Integration completed through    2 Apr  7   0: 0: 0
2021-08-10 10:55:49,538 - isca - DEBUG - Integration completed through    2 Apr  8   0: 0: 0
2021-08-10 10:55:51,053 - isca - DEBUG - Integration completed through    2 Apr  9   0: 0: 0
2021-08-10 10:55:52,676 - isca - DEBUG - Integration completed through    2 Apr 10   0: 0: 0
2021-08-10 10:55:54,546 - isca - DEBUG - Integration completed through    2 Apr 11   0: 0: 0
2021-08-10 10:55:56,428 - isca - DEBUG - Integration completed through    2 Apr 12   0: 0: 0
2021-08-10 10:55:58,193 - isca - DEBUG - Integration completed through    2 Apr 13   0: 0: 0
2021-08-10 10:55:59,704 - isca - DEBUG - Integration completed through    2 Apr 14   0: 0: 0
2021-08-10 10:56:01,216 - isca - DEBUG - Integration completed through    2 Apr 15   0: 0: 0
2021-08-10 10:56:02,729 - isca - DEBUG - Integration completed through    2 Apr 16   0: 0: 0
2021-08-10 10:56:04,240 - isca - DEBUG - Integration completed through    2 Apr 17   0: 0: 0
2021-08-10 10:56:05,752 - isca - DEBUG - Integration completed through    2 Apr 18   0: 0: 0
2021-08-10 10:56:07,265 - isca - DEBUG - Integration completed through    2 Apr 19   0: 0: 0
2021-08-10 10:56:08,780 - isca - DEBUG - Integration completed through    2 Apr 20   0: 0: 0
2021-08-10 10:56:10,293 - isca - DEBUG - Integration completed through    2 Apr 21   0: 0: 0
2021-08-10 10:56:11,807 - isca - DEBUG - Integration completed through    2 Apr 22   0: 0: 0
2021-08-10 10:56:13,322 - isca - DEBUG - Integration completed through    2 Apr 23   0: 0: 0
2021-08-10 10:56:14,838 - isca - DEBUG - Integration completed through    2 Apr 24   0: 0: 0
2021-08-10 10:56:16,358 - isca - DEBUG - Integration completed through    2 Apr 25   0: 0: 0
2021-08-10 10:56:17,874 - isca - DEBUG - Integration completed through    2 Apr 26   0: 0: 0
2021-08-10 10:56:19,391 - isca - DEBUG - Integration completed through    2 Apr 27   0: 0: 0
2021-08-10 10:56:20,908 - isca - DEBUG - Integration completed through    2 Apr 28   0: 0: 0
2021-08-10 10:56:22,425 - isca - DEBUG - Integration completed through    2 Apr 29   0: 0: 0
2021-08-10 10:56:23,951 - isca - DEBUG - Integration completed through    2 Apr 30   0: 0: 0
2021-08-10 10:56:25,467 - isca - DEBUG - Integration completed through    2 May  1   0: 0: 0
2021-08-10 10:56:27,112 - isca - DEBUG - Integration completed through    2 May  2   0: 0: 0
2021-08-10 10:56:28,626 - isca - DEBUG - Integration completed through    2 May  3   0: 0: 0
2021-08-10 10:56:30,146 - isca - DEBUG - Integration completed through    2 May  4   0: 0: 0
2021-08-10 10:56:31,660 - isca - DEBUG - Integration completed through    2 May  5   0: 0: 0
2021-08-10 10:56:33,175 - isca - DEBUG - Integration completed through    2 May  6   0: 0: 0
2021-08-10 10:56:34,687 - isca - DEBUG - Integration completed through    2 May  7   0: 0: 0
2021-08-10 10:56:36,200 - isca - DEBUG - Integration completed through    2 May  8   0: 0: 0
2021-08-10 10:56:37,714 - isca - DEBUG - Integration completed through    2 May  9   0: 0: 0
2021-08-10 10:56:39,229 - isca - DEBUG - Integration completed through    2 May 10   0: 0: 0
2021-08-10 10:56:40,743 - isca - DEBUG - Integration completed through    2 May 11   0: 0: 0
2021-08-10 10:56:42,255 - isca - DEBUG - Integration completed through    2 May 12   0: 0: 0
2021-08-10 10:56:43,770 - isca - DEBUG - Integration completed through    2 May 13   0: 0: 0
2021-08-10 10:56:45,284 - isca - DEBUG - Integration completed through    2 May 14   0: 0: 0
2021-08-10 10:56:46,797 - isca - DEBUG - Integration completed through    2 May 15   0: 0: 0
2021-08-10 10:56:48,311 - isca - DEBUG - Integration completed through    2 May 16   0: 0: 0
2021-08-10 10:56:49,825 - isca - DEBUG - Integration completed through    2 May 17   0: 0: 0
2021-08-10 10:56:51,342 - isca - DEBUG - Integration completed through    2 May 18   0: 0: 0
2021-08-10 10:56:52,857 - isca - DEBUG - Integration completed through    2 May 19   0: 0: 0
2021-08-10 10:56:54,369 - isca - DEBUG - Integration completed through    2 May 20   0: 0: 0
2021-08-10 10:56:55,883 - isca - DEBUG - Integration completed through    2 May 21   0: 0: 0
2021-08-10 10:56:57,397 - isca - DEBUG - Integration completed through    2 May 22   0: 0: 0
2021-08-10 10:56:58,911 - isca - DEBUG - Integration completed through    2 May 23   0: 0: 0
2021-08-10 10:57:00,424 - isca - DEBUG - Integration completed through    2 May 24   0: 0: 0
2021-08-10 10:57:01,937 - isca - DEBUG - Integration completed through    2 May 25   0: 0: 0
2021-08-10 10:57:03,448 - isca - DEBUG - Integration completed through    2 May 26   0: 0: 0
2021-08-10 10:57:04,958 - isca - DEBUG - Integration completed through    2 May 27   0: 0: 0
2021-08-10 10:57:06,471 - isca - DEBUG - Integration completed through    2 May 28   0: 0: 0
2021-08-10 10:57:07,995 - isca - DEBUG - Integration completed through    2 May 29   0: 0: 0
2021-08-10 10:57:09,505 - isca - DEBUG - Integration completed through    2 May 30   0: 0: 0
2021-08-10 10:57:11,018 - isca - DEBUG - Integration completed through    2 Jun  1   0: 0: 0
2021-08-10 10:57:12,671 - isca - DEBUG - Integration completed through    2 Jun  2   0: 0: 0
2021-08-10 10:57:14,179 - isca - DEBUG - Integration completed through    2 Jun  3   0: 0: 0
2021-08-10 10:57:15,687 - isca - DEBUG - Integration completed through    2 Jun  4   0: 0: 0
2021-08-10 10:57:17,197 - isca - DEBUG - Integration completed through    2 Jun  5   0: 0: 0
2021-08-10 10:57:18,707 - isca - DEBUG - Integration completed through    2 Jun  6   0: 0: 0
2021-08-10 10:57:20,217 - isca - DEBUG - Integration completed through    2 Jun  7   0: 0: 0
2021-08-10 10:57:21,729 - isca - DEBUG - Integration completed through    2 Jun  8   0: 0: 0
2021-08-10 10:57:23,241 - isca - DEBUG - Integration completed through    2 Jun  9   0: 0: 0
2021-08-10 10:57:24,748 - isca - DEBUG - Integration completed through    2 Jun 10   0: 0: 0
2021-08-10 10:57:26,262 - isca - DEBUG - Integration completed through    2 Jun 11   0: 0: 0
2021-08-10 10:57:27,775 - isca - DEBUG - Integration completed through    2 Jun 12   0: 0: 0
2021-08-10 10:57:29,283 - isca - DEBUG - Integration completed through    2 Jun 13   0: 0: 0
2021-08-10 10:57:30,791 - isca - DEBUG - Integration completed through    2 Jun 14   0: 0: 0
2021-08-10 10:57:32,300 - isca - DEBUG - Integration completed through    2 Jun 15   0: 0: 0
2021-08-10 10:57:33,811 - isca - DEBUG - Integration completed through    2 Jun 16   0: 0: 0
2021-08-10 10:57:35,320 - isca - DEBUG - Integration completed through    2 Jun 17   0: 0: 0
2021-08-10 10:57:36,829 - isca - DEBUG - Integration completed through    2 Jun 18   0: 0: 0
2021-08-10 10:57:38,334 - isca - DEBUG - Integration completed through    2 Jun 19   0: 0: 0
2021-08-10 10:57:39,841 - isca - DEBUG - Integration completed through    2 Jun 20   0: 0: 0
2021-08-10 10:57:41,351 - isca - DEBUG - Integration completed through    2 Jun 21   0: 0: 0
2021-08-10 10:57:42,858 - isca - DEBUG - Integration completed through    2 Jun 22   0: 0: 0
2021-08-10 10:57:44,366 - isca - DEBUG - Integration completed through    2 Jun 23   0: 0: 0
2021-08-10 10:57:45,880 - isca - DEBUG - Integration completed through    2 Jun 24   0: 0: 0
2021-08-10 10:57:47,388 - isca - DEBUG - Integration completed through    2 Jun 25   0: 0: 0
2021-08-10 10:57:48,896 - isca - DEBUG - Integration completed through    2 Jun 26   0: 0: 0
2021-08-10 10:57:50,402 - isca - DEBUG - Integration completed through    2 Jun 27   0: 0: 0
2021-08-10 10:57:51,910 - isca - DEBUG - Integration completed through    2 Jun 28   0: 0: 0
2021-08-10 10:57:53,418 - isca - DEBUG - Integration completed through    2 Jun 29   0: 0: 0
2021-08-10 10:57:54,925 - isca - DEBUG - Integration completed through    2 Jun 30   0: 0: 0
2021-08-10 10:57:56,430 - isca - DEBUG - Integration completed through    2 Jul  1   0: 0: 0
2021-08-10 10:57:58,006 - isca - DEBUG - Integration completed through    2 Jul  2   0: 0: 0
2021-08-10 10:57:59,513 - isca - DEBUG - Integration completed through    2 Jul  3   0: 0: 0
2021-08-10 10:58:01,020 - isca - DEBUG - Integration completed through    2 Jul  4   0: 0: 0
2021-08-10 10:58:02,526 - isca - DEBUG - Integration completed through    2 Jul  5   0: 0: 0
2021-08-10 10:58:04,034 - isca - DEBUG - Integration completed through    2 Jul  6   0: 0: 0
2021-08-10 10:58:05,542 - isca - DEBUG - Integration completed through    2 Jul  7   0: 0: 0
2021-08-10 10:58:07,050 - isca - DEBUG - Integration completed through    2 Jul  8   0: 0: 0
2021-08-10 10:58:08,559 - isca - DEBUG - Integration completed through    2 Jul  9   0: 0: 0
2021-08-10 10:58:10,069 - isca - DEBUG - Integration completed through    2 Jul 10   0: 0: 0
2021-08-10 10:58:11,579 - isca - DEBUG - Integration completed through    2 Jul 11   0: 0: 0
2021-08-10 10:58:13,091 - isca - DEBUG - Integration completed through    2 Jul 12   0: 0: 0
2021-08-10 10:58:14,602 - isca - DEBUG - Integration completed through    2 Jul 13   0: 0: 0
2021-08-10 10:58:16,114 - isca - DEBUG - Integration completed through    2 Jul 14   0: 0: 0
2021-08-10 10:58:17,625 - isca - DEBUG - Integration completed through    2 Jul 15   0: 0: 0
2021-08-10 10:58:19,136 - isca - DEBUG - Integration completed through    2 Jul 16   0: 0: 0
2021-08-10 10:58:20,647 - isca - DEBUG - Integration completed through    2 Jul 17   0: 0: 0
2021-08-10 10:58:22,173 - isca - DEBUG - Integration completed through    2 Jul 18   0: 0: 0
2021-08-10 10:58:23,687 - isca - DEBUG - Integration completed through    2 Jul 19   0: 0: 0
2021-08-10 10:58:25,203 - isca - DEBUG - Integration completed through    2 Jul 20   0: 0: 0
2021-08-10 10:58:26,722 - isca - DEBUG - Integration completed through    2 Jul 21   0: 0: 0
2021-08-10 10:58:28,235 - isca - DEBUG - Integration completed through    2 Jul 22   0: 0: 0
2021-08-10 10:58:29,748 - isca - DEBUG - Integration completed through    2 Jul 23   0: 0: 0
2021-08-10 10:58:31,261 - isca - DEBUG - Integration completed through    2 Jul 24   0: 0: 0
2021-08-10 10:58:33,126 - isca - DEBUG - Integration completed through    2 Jul 25   0: 0: 0
2021-08-10 10:58:35,027 - isca - DEBUG - Integration completed through    2 Jul 26   0: 0: 0
2021-08-10 10:58:37,048 - isca - DEBUG - Integration completed through    2 Jul 27   0: 0: 0
2021-08-10 10:58:38,920 - isca - DEBUG - Integration completed through    2 Jul 28   0: 0: 0
2021-08-10 10:58:40,729 - isca - DEBUG - Integration completed through    2 Jul 29   0: 0: 0
2021-08-10 10:58:42,654 - isca - DEBUG - Integration completed through    2 Jul 30   0: 0: 0
2021-08-10 10:58:44,521 - isca - DEBUG - Integration completed through    2 Aug  1   0: 0: 0
2021-08-10 10:58:46,530 - isca - DEBUG - Integration completed through    2 Aug  2   0: 0: 0
2021-08-10 10:58:48,237 - isca - DEBUG - Integration completed through    2 Aug  3   0: 0: 0
2021-08-10 10:58:49,752 - isca - DEBUG - Integration completed through    2 Aug  4   0: 0: 0
2021-08-10 10:58:51,472 - isca - DEBUG - Integration completed through    2 Aug  5   0: 0: 0
2021-08-10 10:58:53,425 - isca - DEBUG - Integration completed through    2 Aug  6   0: 0: 0
2021-08-10 10:58:55,366 - isca - DEBUG - Integration completed through    2 Aug  7   0: 0: 0
2021-08-10 10:58:57,304 - isca - DEBUG - Integration completed through    2 Aug  8   0: 0: 0
2021-08-10 10:58:59,149 - isca - DEBUG - Integration completed through    2 Aug  9   0: 0: 0
2021-08-10 10:59:01,044 - isca - DEBUG - Integration completed through    2 Aug 10   0: 0: 0
2021-08-10 10:59:02,834 - isca - DEBUG - Integration completed through    2 Aug 11   0: 0: 0
2021-08-10 10:59:04,711 - isca - DEBUG - Integration completed through    2 Aug 12   0: 0: 0
2021-08-10 10:59:06,528 - isca - DEBUG - Integration completed through    2 Aug 13   0: 0: 0
2021-08-10 10:59:08,524 - isca - DEBUG - Integration completed through    2 Aug 14   0: 0: 0
2021-08-10 10:59:10,573 - isca - DEBUG - Integration completed through    2 Aug 15   0: 0: 0
2021-08-10 10:59:12,627 - isca - DEBUG - Integration completed through    2 Aug 16   0: 0: 0
2021-08-10 10:59:14,680 - isca - DEBUG - Integration completed through    2 Aug 17   0: 0: 0
2021-08-10 10:59:16,730 - isca - DEBUG - Integration completed through    2 Aug 18   0: 0: 0
2021-08-10 10:59:18,773 - isca - DEBUG - Integration completed through    2 Aug 19   0: 0: 0
2021-08-10 10:59:20,837 - isca - DEBUG - Integration completed through    2 Aug 20   0: 0: 0
2021-08-10 10:59:22,964 - isca - DEBUG - Integration completed through    2 Aug 21   0: 0: 0
2021-08-10 10:59:25,099 - isca - DEBUG - Integration completed through    2 Aug 22   0: 0: 0
2021-08-10 10:59:27,233 - isca - DEBUG - Integration completed through    2 Aug 23   0: 0: 0
2021-08-10 10:59:29,364 - isca - DEBUG - Integration completed through    2 Aug 24   0: 0: 0
2021-08-10 10:59:31,496 - isca - DEBUG - Integration completed through    2 Aug 25   0: 0: 0
2021-08-10 10:59:33,625 - isca - DEBUG - Integration completed through    2 Aug 26   0: 0: 0
2021-08-10 10:59:35,757 - isca - DEBUG - Integration completed through    2 Aug 27   0: 0: 0
2021-08-10 10:59:37,883 - isca - DEBUG - Integration completed through    2 Aug 28   0: 0: 0
2021-08-10 10:59:39,905 - isca - DEBUG - Integration completed through    2 Aug 29   0: 0: 0
2021-08-10 10:59:41,771 - isca - DEBUG - Integration completed through    2 Aug 30   0: 0: 0
2021-08-10 10:59:43,580 - isca - DEBUG - Integration completed through    2 Sep  1   0: 0: 0
2021-08-10 10:59:45,192 - isca - DEBUG - Integration completed through    2 Sep  2   0: 0: 0
2021-08-10 10:59:46,707 - isca - DEBUG - Integration completed through    2 Sep  3   0: 0: 0
2021-08-10 10:59:48,227 - isca - DEBUG - Integration completed through    2 Sep  4   0: 0: 0
2021-08-10 10:59:49,741 - isca - DEBUG - Integration completed through    2 Sep  5   0: 0: 0
2021-08-10 10:59:51,261 - isca - DEBUG - Integration completed through    2 Sep  6   0: 0: 0
2021-08-10 10:59:52,775 - isca - DEBUG - Integration completed through    2 Sep  7   0: 0: 0
2021-08-10 10:59:54,286 - isca - DEBUG - Integration completed through    2 Sep  8   0: 0: 0
2021-08-10 10:59:55,799 - isca - DEBUG - Integration completed through    2 Sep  9   0: 0: 0
2021-08-10 10:59:57,311 - isca - DEBUG - Integration completed through    2 Sep 10   0: 0: 0
2021-08-10 10:59:58,822 - isca - DEBUG - Integration completed through    2 Sep 11   0: 0: 0
2021-08-10 11:00:00,334 - isca - DEBUG - Integration completed through    2 Sep 12   0: 0: 0
2021-08-10 11:00:01,895 - isca - DEBUG - Integration completed through    2 Sep 13   0: 0: 0
2021-08-10 11:00:03,407 - isca - DEBUG - Integration completed through    2 Sep 14   0: 0: 0
2021-08-10 11:00:04,919 - isca - DEBUG - Integration completed through    2 Sep 15   0: 0: 0
2021-08-10 11:00:06,429 - isca - DEBUG - Integration completed through    2 Sep 16   0: 0: 0
2021-08-10 11:00:07,940 - isca - DEBUG - Integration completed through    2 Sep 17   0: 0: 0
2021-08-10 11:00:09,450 - isca - DEBUG - Integration completed through    2 Sep 18   0: 0: 0
2021-08-10 11:00:10,961 - isca - DEBUG - Integration completed through    2 Sep 19   0: 0: 0
2021-08-10 11:00:12,472 - isca - DEBUG - Integration completed through    2 Sep 20   0: 0: 0
2021-08-10 11:00:13,982 - isca - DEBUG - Integration completed through    2 Sep 21   0: 0: 0
2021-08-10 11:00:15,493 - isca - DEBUG - Integration completed through    2 Sep 22   0: 0: 0
2021-08-10 11:00:17,008 - isca - DEBUG - Integration completed through    2 Sep 23   0: 0: 0
2021-08-10 11:00:18,519 - isca - DEBUG - Integration completed through    2 Sep 24   0: 0: 0
2021-08-10 11:00:20,030 - isca - DEBUG - Integration completed through    2 Sep 25   0: 0: 0
2021-08-10 11:00:21,539 - isca - DEBUG - Integration completed through    2 Sep 26   0: 0: 0
2021-08-10 11:00:23,051 - isca - DEBUG - Integration completed through    2 Sep 27   0: 0: 0
2021-08-10 11:00:24,563 - isca - DEBUG - Integration completed through    2 Sep 28   0: 0: 0
2021-08-10 11:00:26,077 - isca - DEBUG - Integration completed through    2 Sep 29   0: 0: 0
2021-08-10 11:00:27,600 - isca - DEBUG - Integration completed through    2 Sep 30   0: 0: 0
2021-08-10 11:00:29,107 - isca - DEBUG - Integration completed through    2 Oct  1   0: 0: 0
2021-08-10 11:00:30,729 - isca - DEBUG - Integration completed through    2 Oct  2   0: 0: 0
2021-08-10 11:00:32,236 - isca - DEBUG - Integration completed through    2 Oct  3   0: 0: 0
2021-08-10 11:00:33,746 - isca - DEBUG - Integration completed through    2 Oct  4   0: 0: 0
2021-08-10 11:00:35,255 - isca - DEBUG - Integration completed through    2 Oct  5   0: 0: 0
2021-08-10 11:00:36,764 - isca - DEBUG - Integration completed through    2 Oct  6   0: 0: 0
2021-08-10 11:00:38,275 - isca - DEBUG - Integration completed through    2 Oct  7   0: 0: 0
2021-08-10 11:00:39,785 - isca - DEBUG - Integration completed through    2 Oct  8   0: 0: 0
2021-08-10 11:00:41,295 - isca - DEBUG - Integration completed through    2 Oct  9   0: 0: 0
2021-08-10 11:00:42,805 - isca - DEBUG - Integration completed through    2 Oct 10   0: 0: 0
2021-08-10 11:00:44,314 - isca - DEBUG - Integration completed through    2 Oct 11   0: 0: 0
2021-08-10 11:00:45,822 - isca - DEBUG - Integration completed through    2 Oct 12   0: 0: 0
2021-08-10 11:00:47,329 - isca - DEBUG - Integration completed through    2 Oct 13   0: 0: 0
2021-08-10 11:00:48,838 - isca - DEBUG - Integration completed through    2 Oct 14   0: 0: 0
2021-08-10 11:00:50,346 - isca - DEBUG - Integration completed through    2 Oct 15   0: 0: 0
2021-08-10 11:00:51,854 - isca - DEBUG - Integration completed through    2 Oct 16   0: 0: 0
2021-08-10 11:00:53,614 - isca - DEBUG - Integration completed through    2 Oct 17   0: 0: 0
2021-08-10 11:00:55,572 - isca - DEBUG - Integration completed through    2 Oct 18   0: 0: 0
2021-08-10 11:00:57,401 - isca - DEBUG - Integration completed through    2 Oct 19   0: 0: 0
2021-08-10 11:00:58,973 - isca - DEBUG - Integration completed through    2 Oct 20   0: 0: 0
2021-08-10 11:01:00,494 - isca - DEBUG - Integration completed through    2 Oct 21   0: 0: 0
2021-08-10 11:01:02,013 - isca - DEBUG - Integration completed through    2 Oct 22   0: 0: 0
2021-08-10 11:01:03,536 - isca - DEBUG - Integration completed through    2 Oct 23   0: 0: 0
2021-08-10 11:01:05,050 - isca - DEBUG - Integration completed through    2 Oct 24   0: 0: 0
2021-08-10 11:01:06,562 - isca - DEBUG - Integration completed through    2 Oct 25   0: 0: 0
2021-08-10 11:01:08,072 - isca - DEBUG - Integration completed through    2 Oct 26   0: 0: 0
2021-08-10 11:01:09,583 - isca - DEBUG - Integration completed through    2 Oct 27   0: 0: 0
2021-08-10 11:01:11,094 - isca - DEBUG - Integration completed through    2 Oct 28   0: 0: 0
2021-08-10 11:01:12,606 - isca - DEBUG - Integration completed through    2 Oct 29   0: 0: 0
2021-08-10 11:01:14,117 - isca - DEBUG - Integration completed through    2 Oct 30   0: 0: 0
2021-08-10 11:01:15,628 - isca - DEBUG - Integration completed through    2 Nov  1   0: 0: 0
2021-08-10 11:01:17,239 - isca - DEBUG - Integration completed through    2 Nov  2   0: 0: 0
2021-08-10 11:01:18,755 - isca - DEBUG - Integration completed through    2 Nov  3   0: 0: 0
2021-08-10 11:01:20,266 - isca - DEBUG - Integration completed through    2 Nov  4   0: 0: 0
2021-08-10 11:01:21,779 - isca - DEBUG - Integration completed through    2 Nov  5   0: 0: 0
2021-08-10 11:01:23,303 - isca - DEBUG - Integration completed through    2 Nov  6   0: 0: 0
2021-08-10 11:01:24,816 - isca - DEBUG - Integration completed through    2 Nov  7   0: 0: 0
2021-08-10 11:01:26,334 - isca - DEBUG - Integration completed through    2 Nov  8   0: 0: 0
2021-08-10 11:01:27,856 - isca - DEBUG - Integration completed through    2 Nov  9   0: 0: 0
2021-08-10 11:01:29,368 - isca - DEBUG - Integration completed through    2 Nov 10   0: 0: 0
2021-08-10 11:01:30,882 - isca - DEBUG - Integration completed through    2 Nov 11   0: 0: 0
2021-08-10 11:01:32,398 - isca - DEBUG - Integration completed through    2 Nov 12   0: 0: 0
2021-08-10 11:01:33,915 - isca - DEBUG - Integration completed through    2 Nov 13   0: 0: 0
2021-08-10 11:01:35,432 - isca - DEBUG - Integration completed through    2 Nov 14   0: 0: 0
2021-08-10 11:01:36,949 - isca - DEBUG - Integration completed through    2 Nov 15   0: 0: 0
2021-08-10 11:01:38,466 - isca - DEBUG - Integration completed through    2 Nov 16   0: 0: 0
2021-08-10 11:01:39,982 - isca - DEBUG - Integration completed through    2 Nov 17   0: 0: 0
2021-08-10 11:01:41,501 - isca - DEBUG - Integration completed through    2 Nov 18   0: 0: 0
2021-08-10 11:01:43,016 - isca - DEBUG - Integration completed through    2 Nov 19   0: 0: 0
2021-08-10 11:01:44,530 - isca - DEBUG - Integration completed through    2 Nov 20   0: 0: 0
2021-08-10 11:01:46,044 - isca - DEBUG - Integration completed through    2 Nov 21   0: 0: 0
2021-08-10 11:01:47,558 - isca - DEBUG - Integration completed through    2 Nov 22   0: 0: 0
2021-08-10 11:01:49,076 - isca - DEBUG - Integration completed through    2 Nov 23   0: 0: 0
2021-08-10 11:01:50,592 - isca - DEBUG - Integration completed through    2 Nov 24   0: 0: 0
2021-08-10 11:01:52,109 - isca - DEBUG - Integration completed through    2 Nov 25   0: 0: 0
2021-08-10 11:01:53,628 - isca - DEBUG - Integration completed through    2 Nov 26   0: 0: 0
2021-08-10 11:01:55,143 - isca - DEBUG - Integration completed through    2 Nov 27   0: 0: 0
2021-08-10 11:01:56,658 - isca - DEBUG - Integration completed through    2 Nov 28   0: 0: 0
2021-08-10 11:01:58,174 - isca - DEBUG - Integration completed through    2 Nov 29   0: 0: 0
2021-08-10 11:01:59,689 - isca - DEBUG - Integration completed through    2 Nov 30   0: 0: 0
2021-08-10 11:02:01,203 - isca - DEBUG - Integration completed through    2 Dec  1   0: 0: 0
2021-08-10 11:02:02,879 - isca - DEBUG - Integration completed through    2 Dec  2   0: 0: 0
2021-08-10 11:02:03,232 - isca - DEBUG - srun: Job step aborted: Waiting up to 32 seconds for job step to finish.
slurmstepd-atmnode023: error: *** JOB 12654 ON atmnode023 CANCELLED AT 2021-08-10T11:02:03 ***
2021-08-10 11:02:03,236 - isca - DEBUG - slurmstepd-atmnode023: error: *** STEP 12654.1 ON atmnode023 CANCELLED AT 2021-08-10T11:02:03 ***
