/home/lewis/.bashrc: line 75: goisca: command not found
2021-08-11 10:06:02,355 - isca - WARNING - Environment variable GFDL_SOC not set, but this is only required if using SocratesCodebase. Setting to None
2021-08-11 10:06:03,032 - isca - INFO - RRTM compilation disabled.
2021-08-11 10:06:03,032 - isca - INFO - SOCRATES compilation disabled.
2021-08-11 10:06:03,128 - isca - INFO - Writing path_names to '/network/group/aopp/planetary/PLR018_LEWIS_VENUS2/isca_work/codebase/_home_lewis_research_isca_dir_Isca/build/grey_isca/path_names'
2021-08-11 10:06:03,273 - isca - INFO - Running compiler
2021-08-11 10:06:03,320 - isca - INFO - loadmodules for oxford machines
2021-08-11 10:06:03,714 - isca - INFO - [?1h=Currently Loaded Modulefiles:[m
2021-08-11 10:06:03,732 - isca - INFO - 1) physicspaths/2.0         6) otheros/generic-arc          [m
2021-08-11 10:06:03,733 - isca - INFO - 2) otheros/generic-oxphys   7) intel-compilers/2018upd4     [m
2021-08-11 10:06:03,733 - isca - INFO - 3) otheros/ubuntu_bionic    8) intel-mpi/2015               [m
2021-08-11 10:06:03,733 - isca - INFO - 4) otheros/ubuntu_trusty    9) netcdf/netcdf-c-4.7.3        [m
2021-08-11 10:06:03,733 - isca - INFO - 5) arcpaths/1.0            10) netcdf/netcdf-fortran-4.5.2  [m
2021-08-11 10:06:03,781 - isca - INFO - [K[?1l>/network/group/aopp/planetary/PLR018_LEWIS_VENUS2/isca_work/codebase/_home_lewis_research_isca_dir_Isca/build/grey_isca/path_names
2021-08-11 10:06:11,660 - isca - INFO - .............................................................................................................................. Makefile is ready.
2021-08-11 10:06:14,718 - isca - INFO - make: Nothing to be done for 'all'.
2021-08-11 10:06:15,110 - isca - INFO - make: 'grey_isca.x' is up to date.
2021-08-11 10:06:15,112 - isca - INFO - Compilation complete.
2021-08-11 10:06:15,167 - isca - DEBUG - Making directory '/network/group/aopp/planetary/PLR018_LEWIS_VENUS2/isca_work/experiment/GREY_T42L30fr_TL_om_1_6_a_1_1_ps_1_1_TJ'
2021-08-11 10:06:15,348 - isca - WARNING - Tried to remove run directory but it doesnt exist
2021-08-11 10:06:15,420 - isca - INFO - Emptied run directory '/network/group/aopp/planetary/PLR018_LEWIS_VENUS2/isca_work/experiment/GREY_T42L30fr_TL_om_1_6_a_1_1_ps_1_1_TJ/run'
2021-08-11 10:06:15,923 - isca - INFO - Emptied run directory '/network/group/aopp/planetary/PLR018_LEWIS_VENUS2/isca_work/experiment/GREY_T42L30fr_TL_om_1_6_a_1_1_ps_1_1_TJ/run'
2021-08-11 10:06:17,140 - isca - INFO - Writing namelist to '/network/group/aopp/planetary/PLR018_LEWIS_VENUS2/isca_work/experiment/GREY_T42L30fr_TL_om_1_6_a_1_1_ps_1_1_TJ/run/input.nml'
2021-08-11 10:06:17,193 - isca - INFO - Writing field_table to '/network/group/aopp/planetary/PLR018_LEWIS_VENUS2/isca_work/experiment/GREY_T42L30fr_TL_om_1_6_a_1_1_ps_1_1_TJ/run/field_table'
2021-08-11 10:06:17,246 - isca - INFO - Writing diag_table to '/network/group/aopp/planetary/PLR018_LEWIS_VENUS2/isca_work/experiment/GREY_T42L30fr_TL_om_1_6_a_1_1_ps_1_1_TJ/run/diag_table'
2021-08-11 10:06:17,302 - isca - INFO - Running without restart file
2021-08-11 10:06:17,334 - isca - INFO - Beginning run 1
2021-08-11 10:06:17,352 - isca - INFO - process running as 54770
2021-08-11 10:06:17,384 - isca - DEBUG - loadmodules for oxford machines
2021-08-11 10:06:17,805 - isca - DEBUG - [?1h=Currently Loaded Modulefiles:[m
2021-08-11 10:06:17,825 - isca - DEBUG - 1) physicspaths/2.0         6) otheros/generic-arc          [m
2021-08-11 10:06:17,825 - isca - DEBUG - 2) otheros/generic-oxphys   7) intel-compilers/2018upd4     [m
2021-08-11 10:06:17,825 - isca - DEBUG - 3) otheros/ubuntu_bionic    8) intel-mpi/2015               [m
2021-08-11 10:06:17,825 - isca - DEBUG - 4) otheros/ubuntu_trusty    9) netcdf/netcdf-c-4.7.3        [m
2021-08-11 10:06:17,825 - isca - DEBUG - 5) arcpaths/1.0            10) netcdf/netcdf-fortran-4.5.2  [m
2021-08-11 10:06:18,284 - isca - DEBUG - [K[?1l>NOTE from PE    0: MPP_DOMAINS_SET_STACK_SIZE: stack size set to    32768.
2021-08-11 10:06:18,284 - isca - DEBUG - &MPP_IO_NML
2021-08-11 10:06:18,284 - isca - DEBUG - HEADER_BUFFER_VAL       =       16384,
2021-08-11 10:06:18,284 - isca - DEBUG - GLOBAL_FIELD_ON_ROOT_PE = T,
2021-08-11 10:06:18,285 - isca - DEBUG - IO_CLOCKS_ON    = F,
2021-08-11 10:06:18,285 - isca - DEBUG - SHUFFLE =           0,
2021-08-11 10:06:18,285 - isca - DEBUG - DEFLATE_LEVEL   =          -1
2021-08-11 10:06:18,285 - isca - DEBUG - /
2021-08-11 10:06:18,287 - isca - DEBUG - NOTE from PE    0: MPP_IO_SET_STACK_SIZE: stack size set to     131072.
2021-08-11 10:06:18,289 - isca - DEBUG - NOTE from PE    0: MPP_DOMAINS_SET_STACK_SIZE: stack size set to   600000.
2021-08-11 10:06:18,498 - isca - DEBUG - starting            1  OpenMP threads per MPI-task
2021-08-11 10:06:18,507 - isca - DEBUG - ATMOS MODEL DOMAIN DECOMPOSITION
2021-08-11 10:06:18,507 - isca - DEBUG - X-AXIS =  128
2021-08-11 10:06:18,507 - isca - DEBUG - Y-AXIS =    2   2   2   2   2   2   2   2   2   2   2   2   2   2   2   2   2   2   2   2   2   2   2   2
2021-08-11 10:06:18,507 - isca - DEBUG - 2   2   2   2   2   2   2   2
2021-08-11 10:06:18,736 - isca - DEBUG - mean surface pressure=1000.0000 mb
2021-08-11 10:06:18,835 - isca - DEBUG - NOTE from PE    0: idealized_moist_phys: Using AM3 dry adjustment convection scheme.
2021-08-11 10:06:18,950 - isca - DEBUG - 
2021-08-11 10:06:18,950 - isca - DEBUG - 
2021-08-11 10:06:18,950 - isca - DEBUG - Rayleigh Drag in boundary layer.
2021-08-11 10:06:18,950 - isca - DEBUG - Extent of frictional layer: sigma_b =     0.70
2021-08-11 10:06:18,951 - isca - DEBUG - Frictional timescale in days:      1.00
2021-08-11 10:06:18,951 - isca - DEBUG - 
2021-08-11 10:06:18,951 - isca - DEBUG - 
2021-08-11 10:06:20,859 - isca - DEBUG - Integration completed through    1 Jan  2   0: 0: 0
2021-08-11 10:06:22,239 - isca - DEBUG - Integration completed through    1 Jan  3   0: 0: 0
2021-08-11 10:06:23,634 - isca - DEBUG - Integration completed through    1 Jan  4   0: 0: 0
2021-08-11 10:06:25,022 - isca - DEBUG - Integration completed through    1 Jan  5   0: 0: 0
2021-08-11 10:06:26,426 - isca - DEBUG - Integration completed through    1 Jan  6   0: 0: 0
2021-08-11 10:06:27,826 - isca - DEBUG - Integration completed through    1 Jan  7   0: 0: 0
2021-08-11 10:06:29,221 - isca - DEBUG - Integration completed through    1 Jan  8   0: 0: 0
2021-08-11 10:06:30,620 - isca - DEBUG - Integration completed through    1 Jan  9   0: 0: 0
2021-08-11 10:06:32,018 - isca - DEBUG - Integration completed through    1 Jan 10   0: 0: 0
2021-08-11 10:06:33,419 - isca - DEBUG - Integration completed through    1 Jan 11   0: 0: 0
2021-08-11 10:06:34,821 - isca - DEBUG - Integration completed through    1 Jan 12   0: 0: 0
2021-08-11 10:06:36,230 - isca - DEBUG - Integration completed through    1 Jan 13   0: 0: 0
2021-08-11 10:06:37,635 - isca - DEBUG - Integration completed through    1 Jan 14   0: 0: 0
2021-08-11 10:06:39,041 - isca - DEBUG - Integration completed through    1 Jan 15   0: 0: 0
2021-08-11 10:06:40,458 - isca - DEBUG - Integration completed through    1 Jan 16   0: 0: 0
2021-08-11 10:06:41,866 - isca - DEBUG - Integration completed through    1 Jan 17   0: 0: 0
2021-08-11 10:06:43,275 - isca - DEBUG - Integration completed through    1 Jan 18   0: 0: 0
2021-08-11 10:06:44,684 - isca - DEBUG - Integration completed through    1 Jan 19   0: 0: 0
2021-08-11 10:06:46,093 - isca - DEBUG - Integration completed through    1 Jan 20   0: 0: 0
2021-08-11 10:06:47,500 - isca - DEBUG - Integration completed through    1 Jan 21   0: 0: 0
2021-08-11 10:06:48,909 - isca - DEBUG - Integration completed through    1 Jan 22   0: 0: 0
2021-08-11 10:06:50,317 - isca - DEBUG - Integration completed through    1 Jan 23   0: 0: 0
2021-08-11 10:06:51,733 - isca - DEBUG - Integration completed through    1 Jan 24   0: 0: 0
2021-08-11 10:06:53,143 - isca - DEBUG - Integration completed through    1 Jan 25   0: 0: 0
2021-08-11 10:06:54,550 - isca - DEBUG - Integration completed through    1 Jan 26   0: 0: 0
2021-08-11 10:06:55,959 - isca - DEBUG - Integration completed through    1 Jan 27   0: 0: 0
2021-08-11 10:06:57,370 - isca - DEBUG - Integration completed through    1 Jan 28   0: 0: 0
2021-08-11 10:06:58,780 - isca - DEBUG - Integration completed through    1 Jan 29   0: 0: 0
2021-08-11 10:07:00,190 - isca - DEBUG - Integration completed through    1 Jan 30   0: 0: 0
2021-08-11 10:07:01,603 - isca - DEBUG - Integration completed through    1 Feb  1   0: 0: 0
2021-08-11 10:07:04,751 - isca - DEBUG - Integration completed through    1 Feb  2   0: 0: 0
2021-08-11 10:07:06,163 - isca - DEBUG - Integration completed through    1 Feb  3   0: 0: 0
2021-08-11 10:07:07,593 - isca - DEBUG - Integration completed through    1 Feb  4   0: 0: 0
2021-08-11 10:07:09,009 - isca - DEBUG - Integration completed through    1 Feb  5   0: 0: 0
2021-08-11 10:07:10,422 - isca - DEBUG - Integration completed through    1 Feb  6   0: 0: 0
2021-08-11 10:07:11,836 - isca - DEBUG - Integration completed through    1 Feb  7   0: 0: 0
2021-08-11 10:07:13,253 - isca - DEBUG - Integration completed through    1 Feb  8   0: 0: 0
2021-08-11 10:07:14,668 - isca - DEBUG - Integration completed through    1 Feb  9   0: 0: 0
2021-08-11 10:07:16,090 - isca - DEBUG - Integration completed through    1 Feb 10   0: 0: 0
2021-08-11 10:07:17,507 - isca - DEBUG - Integration completed through    1 Feb 11   0: 0: 0
2021-08-11 10:07:18,923 - isca - DEBUG - Integration completed through    1 Feb 12   0: 0: 0
2021-08-11 10:07:20,338 - isca - DEBUG - Integration completed through    1 Feb 13   0: 0: 0
2021-08-11 10:07:21,752 - isca - DEBUG - Integration completed through    1 Feb 14   0: 0: 0
2021-08-11 10:07:23,170 - isca - DEBUG - Integration completed through    1 Feb 15   0: 0: 0
2021-08-11 10:07:24,590 - isca - DEBUG - Integration completed through    1 Feb 16   0: 0: 0
2021-08-11 10:07:26,006 - isca - DEBUG - Integration completed through    1 Feb 17   0: 0: 0
2021-08-11 10:07:27,422 - isca - DEBUG - Integration completed through    1 Feb 18   0: 0: 0
2021-08-11 10:07:28,843 - isca - DEBUG - Integration completed through    1 Feb 19   0: 0: 0
2021-08-11 10:07:30,258 - isca - DEBUG - Integration completed through    1 Feb 20   0: 0: 0
2021-08-11 10:07:31,672 - isca - DEBUG - Integration completed through    1 Feb 21   0: 0: 0
2021-08-11 10:07:33,088 - isca - DEBUG - Integration completed through    1 Feb 22   0: 0: 0
2021-08-11 10:07:34,503 - isca - DEBUG - Integration completed through    1 Feb 23   0: 0: 0
2021-08-11 10:07:35,918 - isca - DEBUG - Integration completed through    1 Feb 24   0: 0: 0
2021-08-11 10:07:37,335 - isca - DEBUG - Integration completed through    1 Feb 25   0: 0: 0
2021-08-11 10:07:38,750 - isca - DEBUG - Integration completed through    1 Feb 26   0: 0: 0
2021-08-11 10:07:40,169 - isca - DEBUG - Integration completed through    1 Feb 27   0: 0: 0
2021-08-11 10:07:41,588 - isca - DEBUG - Integration completed through    1 Feb 28   0: 0: 0
2021-08-11 10:07:43,007 - isca - DEBUG - Integration completed through    1 Feb 29   0: 0: 0
2021-08-11 10:07:44,425 - isca - DEBUG - Integration completed through    1 Feb 30   0: 0: 0
2021-08-11 10:07:45,845 - isca - DEBUG - Integration completed through    1 Mar  1   0: 0: 0
2021-08-11 10:07:47,395 - isca - DEBUG - Integration completed through    1 Mar  2   0: 0: 0
2021-08-11 10:07:48,815 - isca - DEBUG - Integration completed through    1 Mar  3   0: 0: 0
2021-08-11 10:07:50,231 - isca - DEBUG - Integration completed through    1 Mar  4   0: 0: 0
2021-08-11 10:07:51,649 - isca - DEBUG - Integration completed through    1 Mar  5   0: 0: 0
2021-08-11 10:07:53,068 - isca - DEBUG - Integration completed through    1 Mar  6   0: 0: 0
2021-08-11 10:07:54,486 - isca - DEBUG - Integration completed through    1 Mar  7   0: 0: 0
2021-08-11 10:07:55,903 - isca - DEBUG - Integration completed through    1 Mar  8   0: 0: 0
2021-08-11 10:07:57,321 - isca - DEBUG - Integration completed through    1 Mar  9   0: 0: 0
2021-08-11 10:07:58,737 - isca - DEBUG - Integration completed through    1 Mar 10   0: 0: 0
2021-08-11 10:08:00,154 - isca - DEBUG - Integration completed through    1 Mar 11   0: 0: 0
2021-08-11 10:08:01,572 - isca - DEBUG - Integration completed through    1 Mar 12   0: 0: 0
2021-08-11 10:08:02,991 - isca - DEBUG - Integration completed through    1 Mar 13   0: 0: 0
2021-08-11 10:08:04,410 - isca - DEBUG - Integration completed through    1 Mar 14   0: 0: 0
2021-08-11 10:08:05,831 - isca - DEBUG - Integration completed through    1 Mar 15   0: 0: 0
2021-08-11 10:08:07,250 - isca - DEBUG - Integration completed through    1 Mar 16   0: 0: 0
2021-08-11 10:08:08,668 - isca - DEBUG - Integration completed through    1 Mar 17   0: 0: 0
2021-08-11 10:08:10,084 - isca - DEBUG - Integration completed through    1 Mar 18   0: 0: 0
2021-08-11 10:08:11,503 - isca - DEBUG - Integration completed through    1 Mar 19   0: 0: 0
2021-08-11 10:08:12,922 - isca - DEBUG - Integration completed through    1 Mar 20   0: 0: 0
2021-08-11 10:08:14,340 - isca - DEBUG - Integration completed through    1 Mar 21   0: 0: 0
2021-08-11 10:08:15,758 - isca - DEBUG - Integration completed through    1 Mar 22   0: 0: 0
2021-08-11 10:08:17,176 - isca - DEBUG - Integration completed through    1 Mar 23   0: 0: 0
2021-08-11 10:08:18,595 - isca - DEBUG - Integration completed through    1 Mar 24   0: 0: 0
2021-08-11 10:08:20,012 - isca - DEBUG - Integration completed through    1 Mar 25   0: 0: 0
2021-08-11 10:08:21,432 - isca - DEBUG - Integration completed through    1 Mar 26   0: 0: 0
2021-08-11 10:08:22,869 - isca - DEBUG - Integration completed through    1 Mar 27   0: 0: 0
2021-08-11 10:08:24,292 - isca - DEBUG - Integration completed through    1 Mar 28   0: 0: 0
2021-08-11 10:08:25,713 - isca - DEBUG - Integration completed through    1 Mar 29   0: 0: 0
2021-08-11 10:08:27,132 - isca - DEBUG - Integration completed through    1 Mar 30   0: 0: 0
2021-08-11 10:08:28,551 - isca - DEBUG - Integration completed through    1 Apr  1   0: 0: 0
2021-08-11 10:08:30,079 - isca - DEBUG - Integration completed through    1 Apr  2   0: 0: 0
2021-08-11 10:08:31,500 - isca - DEBUG - Integration completed through    1 Apr  3   0: 0: 0
2021-08-11 10:08:32,919 - isca - DEBUG - Integration completed through    1 Apr  4   0: 0: 0
2021-08-11 10:08:34,344 - isca - DEBUG - Integration completed through    1 Apr  5   0: 0: 0
2021-08-11 10:08:35,764 - isca - DEBUG - Integration completed through    1 Apr  6   0: 0: 0
2021-08-11 10:08:37,184 - isca - DEBUG - Integration completed through    1 Apr  7   0: 0: 0
2021-08-11 10:08:38,604 - isca - DEBUG - Integration completed through    1 Apr  8   0: 0: 0
2021-08-11 10:08:40,023 - isca - DEBUG - Integration completed through    1 Apr  9   0: 0: 0
2021-08-11 10:08:41,448 - isca - DEBUG - Integration completed through    1 Apr 10   0: 0: 0
2021-08-11 10:08:42,880 - isca - DEBUG - Integration completed through    1 Apr 11   0: 0: 0
2021-08-11 10:08:44,301 - isca - DEBUG - Integration completed through    1 Apr 12   0: 0: 0
2021-08-11 10:08:45,721 - isca - DEBUG - Integration completed through    1 Apr 13   0: 0: 0
2021-08-11 10:08:47,141 - isca - DEBUG - Integration completed through    1 Apr 14   0: 0: 0
2021-08-11 10:08:48,563 - isca - DEBUG - Integration completed through    1 Apr 15   0: 0: 0
2021-08-11 10:08:49,983 - isca - DEBUG - Integration completed through    1 Apr 16   0: 0: 0
2021-08-11 10:08:51,404 - isca - DEBUG - Integration completed through    1 Apr 17   0: 0: 0
2021-08-11 10:08:52,826 - isca - DEBUG - Integration completed through    1 Apr 18   0: 0: 0
2021-08-11 10:08:54,249 - isca - DEBUG - Integration completed through    1 Apr 19   0: 0: 0
2021-08-11 10:08:55,674 - isca - DEBUG - Integration completed through    1 Apr 20   0: 0: 0
2021-08-11 10:08:57,095 - isca - DEBUG - Integration completed through    1 Apr 21   0: 0: 0
2021-08-11 10:08:58,517 - isca - DEBUG - Integration completed through    1 Apr 22   0: 0: 0
2021-08-11 10:08:59,939 - isca - DEBUG - Integration completed through    1 Apr 23   0: 0: 0
2021-08-11 10:09:01,366 - isca - DEBUG - Integration completed through    1 Apr 24   0: 0: 0
2021-08-11 10:09:02,789 - isca - DEBUG - Integration completed through    1 Apr 25   0: 0: 0
2021-08-11 10:09:04,210 - isca - DEBUG - Integration completed through    1 Apr 26   0: 0: 0
2021-08-11 10:09:05,632 - isca - DEBUG - Integration completed through    1 Apr 27   0: 0: 0
2021-08-11 10:09:07,056 - isca - DEBUG - Integration completed through    1 Apr 28   0: 0: 0
2021-08-11 10:09:08,476 - isca - DEBUG - Integration completed through    1 Apr 29   0: 0: 0
2021-08-11 10:09:09,898 - isca - DEBUG - Integration completed through    1 Apr 30   0: 0: 0
2021-08-11 10:09:11,318 - isca - DEBUG - Integration completed through    1 May  1   0: 0: 0
2021-08-11 10:09:12,855 - isca - DEBUG - Integration completed through    1 May  2   0: 0: 0
2021-08-11 10:09:14,274 - isca - DEBUG - Integration completed through    1 May  3   0: 0: 0
2021-08-11 10:09:15,697 - isca - DEBUG - Integration completed through    1 May  4   0: 0: 0
2021-08-11 10:09:17,119 - isca - DEBUG - Integration completed through    1 May  5   0: 0: 0
2021-08-11 10:09:18,542 - isca - DEBUG - Integration completed through    1 May  6   0: 0: 0
2021-08-11 10:09:19,967 - isca - DEBUG - Integration completed through    1 May  7   0: 0: 0
2021-08-11 10:09:21,390 - isca - DEBUG - Integration completed through    1 May  8   0: 0: 0
2021-08-11 10:09:22,813 - isca - DEBUG - Integration completed through    1 May  9   0: 0: 0
2021-08-11 10:09:24,240 - isca - DEBUG - Integration completed through    1 May 10   0: 0: 0
2021-08-11 10:09:25,665 - isca - DEBUG - Integration completed through    1 May 11   0: 0: 0
2021-08-11 10:09:27,087 - isca - DEBUG - Integration completed through    1 May 12   0: 0: 0
2021-08-11 10:09:28,509 - isca - DEBUG - Integration completed through    1 May 13   0: 0: 0
2021-08-11 10:09:29,932 - isca - DEBUG - Integration completed through    1 May 14   0: 0: 0
2021-08-11 10:09:31,355 - isca - DEBUG - Integration completed through    1 May 15   0: 0: 0
2021-08-11 10:09:32,778 - isca - DEBUG - Integration completed through    1 May 16   0: 0: 0
2021-08-11 10:09:34,201 - isca - DEBUG - Integration completed through    1 May 17   0: 0: 0
2021-08-11 10:09:35,623 - isca - DEBUG - Integration completed through    1 May 18   0: 0: 0
2021-08-11 10:09:37,047 - isca - DEBUG - Integration completed through    1 May 19   0: 0: 0
2021-08-11 10:09:38,477 - isca - DEBUG - Integration completed through    1 May 20   0: 0: 0
2021-08-11 10:09:39,898 - isca - DEBUG - Integration completed through    1 May 21   0: 0: 0
2021-08-11 10:09:41,320 - isca - DEBUG - Integration completed through    1 May 22   0: 0: 0
2021-08-11 10:09:42,742 - isca - DEBUG - Integration completed through    1 May 23   0: 0: 0
2021-08-11 10:09:44,167 - isca - DEBUG - Integration completed through    1 May 24   0: 0: 0
2021-08-11 10:09:45,590 - isca - DEBUG - Integration completed through    1 May 25   0: 0: 0
2021-08-11 10:09:47,010 - isca - DEBUG - Integration completed through    1 May 26   0: 0: 0
2021-08-11 10:09:48,435 - isca - DEBUG - Integration completed through    1 May 27   0: 0: 0
2021-08-11 10:09:49,858 - isca - DEBUG - Integration completed through    1 May 28   0: 0: 0
2021-08-11 10:09:51,280 - isca - DEBUG - Integration completed through    1 May 29   0: 0: 0
2021-08-11 10:09:52,704 - isca - DEBUG - Integration completed through    1 May 30   0: 0: 0
2021-08-11 10:09:54,126 - isca - DEBUG - Integration completed through    1 Jun  1   0: 0: 0
2021-08-11 10:09:55,679 - isca - DEBUG - Integration completed through    1 Jun  2   0: 0: 0
2021-08-11 10:09:57,103 - isca - DEBUG - Integration completed through    1 Jun  3   0: 0: 0
2021-08-11 10:09:58,527 - isca - DEBUG - Integration completed through    1 Jun  4   0: 0: 0
2021-08-11 10:09:59,949 - isca - DEBUG - Integration completed through    1 Jun  5   0: 0: 0
2021-08-11 10:10:01,374 - isca - DEBUG - Integration completed through    1 Jun  6   0: 0: 0
2021-08-11 10:10:02,922 - isca - DEBUG - Integration completed through    1 Jun  7   0: 0: 0
2021-08-11 10:10:04,346 - isca - DEBUG - Integration completed through    1 Jun  8   0: 0: 0
2021-08-11 10:10:05,767 - isca - DEBUG - Integration completed through    1 Jun  9   0: 0: 0
2021-08-11 10:10:07,189 - isca - DEBUG - Integration completed through    1 Jun 10   0: 0: 0
2021-08-11 10:10:08,614 - isca - DEBUG - Integration completed through    1 Jun 11   0: 0: 0
2021-08-11 10:10:10,037 - isca - DEBUG - Integration completed through    1 Jun 12   0: 0: 0
2021-08-11 10:10:11,460 - isca - DEBUG - Integration completed through    1 Jun 13   0: 0: 0
2021-08-11 10:10:12,883 - isca - DEBUG - Integration completed through    1 Jun 14   0: 0: 0
2021-08-11 10:10:14,305 - isca - DEBUG - Integration completed through    1 Jun 15   0: 0: 0
2021-08-11 10:10:15,727 - isca - DEBUG - Integration completed through    1 Jun 16   0: 0: 0
2021-08-11 10:10:17,156 - isca - DEBUG - Integration completed through    1 Jun 17   0: 0: 0
2021-08-11 10:10:18,579 - isca - DEBUG - Integration completed through    1 Jun 18   0: 0: 0
2021-08-11 10:10:20,003 - isca - DEBUG - Integration completed through    1 Jun 19   0: 0: 0
2021-08-11 10:10:21,426 - isca - DEBUG - Integration completed through    1 Jun 20   0: 0: 0
2021-08-11 10:10:22,849 - isca - DEBUG - Integration completed through    1 Jun 21   0: 0: 0
2021-08-11 10:10:24,276 - isca - DEBUG - Integration completed through    1 Jun 22   0: 0: 0
2021-08-11 10:10:25,703 - isca - DEBUG - Integration completed through    1 Jun 23   0: 0: 0
2021-08-11 10:10:27,125 - isca - DEBUG - Integration completed through    1 Jun 24   0: 0: 0
2021-08-11 10:10:28,548 - isca - DEBUG - Integration completed through    1 Jun 25   0: 0: 0
2021-08-11 10:10:29,971 - isca - DEBUG - Integration completed through    1 Jun 26   0: 0: 0
2021-08-11 10:10:31,394 - isca - DEBUG - Integration completed through    1 Jun 27   0: 0: 0
2021-08-11 10:10:32,821 - isca - DEBUG - Integration completed through    1 Jun 28   0: 0: 0
2021-08-11 10:10:34,247 - isca - DEBUG - Integration completed through    1 Jun 29   0: 0: 0
2021-08-11 10:10:35,671 - isca - DEBUG - Integration completed through    1 Jun 30   0: 0: 0
2021-08-11 10:10:37,096 - isca - DEBUG - Integration completed through    1 Jul  1   0: 0: 0
2021-08-11 10:10:38,562 - isca - DEBUG - Integration completed through    1 Jul  2   0: 0: 0
2021-08-11 10:10:39,986 - isca - DEBUG - Integration completed through    1 Jul  3   0: 0: 0
2021-08-11 10:10:41,409 - isca - DEBUG - Integration completed through    1 Jul  4   0: 0: 0
2021-08-11 10:10:42,832 - isca - DEBUG - Integration completed through    1 Jul  5   0: 0: 0
2021-08-11 10:10:44,260 - isca - DEBUG - Integration completed through    1 Jul  6   0: 0: 0
2021-08-11 10:10:45,684 - isca - DEBUG - Integration completed through    1 Jul  7   0: 0: 0
2021-08-11 10:10:47,106 - isca - DEBUG - Integration completed through    1 Jul  8   0: 0: 0
2021-08-11 10:10:48,532 - isca - DEBUG - Integration completed through    1 Jul  9   0: 0: 0
2021-08-11 10:10:49,957 - isca - DEBUG - Integration completed through    1 Jul 10   0: 0: 0
2021-08-11 10:10:51,382 - isca - DEBUG - Integration completed through    1 Jul 11   0: 0: 0
2021-08-11 10:10:52,947 - isca - DEBUG - Integration completed through    1 Jul 12   0: 0: 0
2021-08-11 10:10:54,695 - isca - DEBUG - Integration completed through    1 Jul 13   0: 0: 0
2021-08-11 10:10:56,384 - isca - DEBUG - Integration completed through    1 Jul 14   0: 0: 0
2021-08-11 10:10:57,937 - isca - DEBUG - Integration completed through    1 Jul 15   0: 0: 0
2021-08-11 10:10:59,364 - isca - DEBUG - Integration completed through    1 Jul 16   0: 0: 0
2021-08-11 10:11:00,788 - isca - DEBUG - Integration completed through    1 Jul 17   0: 0: 0
2021-08-11 10:11:02,212 - isca - DEBUG - Integration completed through    1 Jul 18   0: 0: 0
2021-08-11 10:11:03,637 - isca - DEBUG - Integration completed through    1 Jul 19   0: 0: 0
2021-08-11 10:11:05,060 - isca - DEBUG - Integration completed through    1 Jul 20   0: 0: 0
2021-08-11 10:11:06,484 - isca - DEBUG - Integration completed through    1 Jul 21   0: 0: 0
2021-08-11 10:11:07,908 - isca - DEBUG - Integration completed through    1 Jul 22   0: 0: 0
2021-08-11 10:11:09,333 - isca - DEBUG - Integration completed through    1 Jul 23   0: 0: 0
2021-08-11 10:11:10,759 - isca - DEBUG - Integration completed through    1 Jul 24   0: 0: 0
2021-08-11 10:11:12,183 - isca - DEBUG - Integration completed through    1 Jul 25   0: 0: 0
2021-08-11 10:11:13,609 - isca - DEBUG - Integration completed through    1 Jul 26   0: 0: 0
2021-08-11 10:11:15,034 - isca - DEBUG - Integration completed through    1 Jul 27   0: 0: 0
2021-08-11 10:11:16,460 - isca - DEBUG - Integration completed through    1 Jul 28   0: 0: 0
2021-08-11 10:11:17,883 - isca - DEBUG - Integration completed through    1 Jul 29   0: 0: 0
2021-08-11 10:11:19,307 - isca - DEBUG - Integration completed through    1 Jul 30   0: 0: 0
2021-08-11 10:11:20,731 - isca - DEBUG - Integration completed through    1 Aug  1   0: 0: 0
2021-08-11 10:11:22,206 - isca - DEBUG - Integration completed through    1 Aug  2   0: 0: 0
2021-08-11 10:11:23,632 - isca - DEBUG - Integration completed through    1 Aug  3   0: 0: 0
2021-08-11 10:11:25,059 - isca - DEBUG - Integration completed through    1 Aug  4   0: 0: 0
2021-08-11 10:11:26,489 - isca - DEBUG - Integration completed through    1 Aug  5   0: 0: 0
2021-08-11 10:11:27,911 - isca - DEBUG - Integration completed through    1 Aug  6   0: 0: 0
2021-08-11 10:11:29,336 - isca - DEBUG - Integration completed through    1 Aug  7   0: 0: 0
2021-08-11 10:11:30,764 - isca - DEBUG - Integration completed through    1 Aug  8   0: 0: 0
2021-08-11 10:11:32,187 - isca - DEBUG - Integration completed through    1 Aug  9   0: 0: 0
2021-08-11 10:11:33,610 - isca - DEBUG - Integration completed through    1 Aug 10   0: 0: 0
2021-08-11 10:11:35,035 - isca - DEBUG - Integration completed through    1 Aug 11   0: 0: 0
2021-08-11 10:11:36,460 - isca - DEBUG - Integration completed through    1 Aug 12   0: 0: 0
2021-08-11 10:11:37,885 - isca - DEBUG - Integration completed through    1 Aug 13   0: 0: 0
2021-08-11 10:11:39,311 - isca - DEBUG - Integration completed through    1 Aug 14   0: 0: 0
2021-08-11 10:11:40,747 - isca - DEBUG - Integration completed through    1 Aug 15   0: 0: 0
2021-08-11 10:11:42,173 - isca - DEBUG - Integration completed through    1 Aug 16   0: 0: 0
2021-08-11 10:11:43,597 - isca - DEBUG - Integration completed through    1 Aug 17   0: 0: 0
2021-08-11 10:11:45,022 - isca - DEBUG - Integration completed through    1 Aug 18   0: 0: 0
2021-08-11 10:11:46,450 - isca - DEBUG - Integration completed through    1 Aug 19   0: 0: 0
2021-08-11 10:11:47,875 - isca - DEBUG - Integration completed through    1 Aug 20   0: 0: 0
2021-08-11 10:11:49,300 - isca - DEBUG - Integration completed through    1 Aug 21   0: 0: 0
2021-08-11 10:11:50,729 - isca - DEBUG - Integration completed through    1 Aug 22   0: 0: 0
2021-08-11 10:11:52,152 - isca - DEBUG - Integration completed through    1 Aug 23   0: 0: 0
2021-08-11 10:11:53,579 - isca - DEBUG - Integration completed through    1 Aug 24   0: 0: 0
2021-08-11 10:11:55,003 - isca - DEBUG - Integration completed through    1 Aug 25   0: 0: 0
2021-08-11 10:11:56,427 - isca - DEBUG - Integration completed through    1 Aug 26   0: 0: 0
2021-08-11 10:11:57,850 - isca - DEBUG - Integration completed through    1 Aug 27   0: 0: 0
2021-08-11 10:11:59,273 - isca - DEBUG - Integration completed through    1 Aug 28   0: 0: 0
2021-08-11 10:12:00,697 - isca - DEBUG - Integration completed through    1 Aug 29   0: 0: 0
2021-08-11 10:12:02,119 - isca - DEBUG - Integration completed through    1 Aug 30   0: 0: 0
2021-08-11 10:12:03,545 - isca - DEBUG - Integration completed through    1 Sep  1   0: 0: 0
2021-08-11 10:12:05,073 - isca - DEBUG - Integration completed through    1 Sep  2   0: 0: 0
2021-08-11 10:12:06,497 - isca - DEBUG - Integration completed through    1 Sep  3   0: 0: 0
2021-08-11 10:12:07,937 - isca - DEBUG - Integration completed through    1 Sep  4   0: 0: 0
2021-08-11 10:12:09,364 - isca - DEBUG - Integration completed through    1 Sep  5   0: 0: 0
2021-08-11 10:12:10,790 - isca - DEBUG - Integration completed through    1 Sep  6   0: 0: 0
2021-08-11 10:12:12,220 - isca - DEBUG - Integration completed through    1 Sep  7   0: 0: 0
2021-08-11 10:12:13,646 - isca - DEBUG - Integration completed through    1 Sep  8   0: 0: 0
2021-08-11 10:12:15,070 - isca - DEBUG - Integration completed through    1 Sep  9   0: 0: 0
2021-08-11 10:12:16,497 - isca - DEBUG - Integration completed through    1 Sep 10   0: 0: 0
2021-08-11 10:12:17,921 - isca - DEBUG - Integration completed through    1 Sep 11   0: 0: 0
2021-08-11 10:12:19,347 - isca - DEBUG - Integration completed through    1 Sep 12   0: 0: 0
2021-08-11 10:12:20,771 - isca - DEBUG - Integration completed through    1 Sep 13   0: 0: 0
2021-08-11 10:12:22,196 - isca - DEBUG - Integration completed through    1 Sep 14   0: 0: 0
2021-08-11 10:12:23,621 - isca - DEBUG - Integration completed through    1 Sep 15   0: 0: 0
2021-08-11 10:12:25,051 - isca - DEBUG - Integration completed through    1 Sep 16   0: 0: 0
2021-08-11 10:12:26,478 - isca - DEBUG - Integration completed through    1 Sep 17   0: 0: 0
2021-08-11 10:12:27,904 - isca - DEBUG - Integration completed through    1 Sep 18   0: 0: 0
2021-08-11 10:12:29,327 - isca - DEBUG - Integration completed through    1 Sep 19   0: 0: 0
2021-08-11 10:12:30,752 - isca - DEBUG - Integration completed through    1 Sep 20   0: 0: 0
2021-08-11 10:12:32,175 - isca - DEBUG - Integration completed through    1 Sep 21   0: 0: 0
2021-08-11 10:12:33,602 - isca - DEBUG - Integration completed through    1 Sep 22   0: 0: 0
2021-08-11 10:12:35,029 - isca - DEBUG - Integration completed through    1 Sep 23   0: 0: 0
2021-08-11 10:12:36,457 - isca - DEBUG - Integration completed through    1 Sep 24   0: 0: 0
2021-08-11 10:12:37,881 - isca - DEBUG - Integration completed through    1 Sep 25   0: 0: 0
2021-08-11 10:12:39,304 - isca - DEBUG - Integration completed through    1 Sep 26   0: 0: 0
2021-08-11 10:12:40,728 - isca - DEBUG - Integration completed through    1 Sep 27   0: 0: 0
2021-08-11 10:12:42,156 - isca - DEBUG - Integration completed through    1 Sep 28   0: 0: 0
2021-08-11 10:12:43,582 - isca - DEBUG - Integration completed through    1 Sep 29   0: 0: 0
2021-08-11 10:12:45,007 - isca - DEBUG - Integration completed through    1 Sep 30   0: 0: 0
2021-08-11 10:12:46,434 - isca - DEBUG - Integration completed through    1 Oct  1   0: 0: 0
2021-08-11 10:12:47,940 - isca - DEBUG - Integration completed through    1 Oct  2   0: 0: 0
2021-08-11 10:12:49,364 - isca - DEBUG - Integration completed through    1 Oct  3   0: 0: 0
2021-08-11 10:12:50,788 - isca - DEBUG - Integration completed through    1 Oct  4   0: 0: 0
2021-08-11 10:12:52,213 - isca - DEBUG - Integration completed through    1 Oct  5   0: 0: 0
2021-08-11 10:12:53,639 - isca - DEBUG - Integration completed through    1 Oct  6   0: 0: 0
2021-08-11 10:12:55,070 - isca - DEBUG - Integration completed through    1 Oct  7   0: 0: 0
2021-08-11 10:12:56,497 - isca - DEBUG - Integration completed through    1 Oct  8   0: 0: 0
2021-08-11 10:12:57,925 - isca - DEBUG - Integration completed through    1 Oct  9   0: 0: 0
2021-08-11 10:12:59,349 - isca - DEBUG - Integration completed through    1 Oct 10   0: 0: 0
2021-08-11 10:13:00,780 - isca - DEBUG - Integration completed through    1 Oct 11   0: 0: 0
2021-08-11 10:13:02,208 - isca - DEBUG - Integration completed through    1 Oct 12   0: 0: 0
2021-08-11 10:13:03,633 - isca - DEBUG - Integration completed through    1 Oct 13   0: 0: 0
2021-08-11 10:13:05,059 - isca - DEBUG - Integration completed through    1 Oct 14   0: 0: 0
2021-08-11 10:13:06,484 - isca - DEBUG - Integration completed through    1 Oct 15   0: 0: 0
2021-08-11 10:13:07,910 - isca - DEBUG - Integration completed through    1 Oct 16   0: 0: 0
2021-08-11 10:13:09,335 - isca - DEBUG - Integration completed through    1 Oct 17   0: 0: 0
2021-08-11 10:13:10,760 - isca - DEBUG - Integration completed through    1 Oct 18   0: 0: 0
2021-08-11 10:13:12,185 - isca - DEBUG - Integration completed through    1 Oct 19   0: 0: 0
2021-08-11 10:13:13,612 - isca - DEBUG - Integration completed through    1 Oct 20   0: 0: 0
2021-08-11 10:13:15,036 - isca - DEBUG - Integration completed through    1 Oct 21   0: 0: 0
2021-08-11 10:13:16,462 - isca - DEBUG - Integration completed through    1 Oct 22   0: 0: 0
2021-08-11 10:13:17,888 - isca - DEBUG - Integration completed through    1 Oct 23   0: 0: 0
2021-08-11 10:13:19,314 - isca - DEBUG - Integration completed through    1 Oct 24   0: 0: 0
2021-08-11 10:13:20,740 - isca - DEBUG - Integration completed through    1 Oct 25   0: 0: 0
2021-08-11 10:13:22,167 - isca - DEBUG - Integration completed through    1 Oct 26   0: 0: 0
2021-08-11 10:13:23,607 - isca - DEBUG - Integration completed through    1 Oct 27   0: 0: 0
2021-08-11 10:13:25,039 - isca - DEBUG - Integration completed through    1 Oct 28   0: 0: 0
2021-08-11 10:13:26,470 - isca - DEBUG - Integration completed through    1 Oct 29   0: 0: 0
2021-08-11 10:13:27,896 - isca - DEBUG - Integration completed through    1 Oct 30   0: 0: 0
2021-08-11 10:13:29,320 - isca - DEBUG - Integration completed through    1 Nov  1   0: 0: 0
2021-08-11 10:13:30,832 - isca - DEBUG - Integration completed through    1 Nov  2   0: 0: 0
2021-08-11 10:13:32,256 - isca - DEBUG - Integration completed through    1 Nov  3   0: 0: 0
2021-08-11 10:13:33,681 - isca - DEBUG - Integration completed through    1 Nov  4   0: 0: 0
2021-08-11 10:13:35,105 - isca - DEBUG - Integration completed through    1 Nov  5   0: 0: 0
2021-08-11 10:13:36,530 - isca - DEBUG - Integration completed through    1 Nov  6   0: 0: 0
2021-08-11 10:13:37,955 - isca - DEBUG - Integration completed through    1 Nov  7   0: 0: 0
2021-08-11 10:13:39,380 - isca - DEBUG - Integration completed through    1 Nov  8   0: 0: 0
2021-08-11 10:13:40,804 - isca - DEBUG - Integration completed through    1 Nov  9   0: 0: 0
2021-08-11 10:13:42,228 - isca - DEBUG - Integration completed through    1 Nov 10   0: 0: 0
2021-08-11 10:13:43,654 - isca - DEBUG - Integration completed through    1 Nov 11   0: 0: 0
2021-08-11 10:13:45,077 - isca - DEBUG - Integration completed through    1 Nov 12   0: 0: 0
2021-08-11 10:13:46,502 - isca - DEBUG - Integration completed through    1 Nov 13   0: 0: 0
2021-08-11 10:13:47,927 - isca - DEBUG - Integration completed through    1 Nov 14   0: 0: 0
2021-08-11 10:13:49,355 - isca - DEBUG - Integration completed through    1 Nov 15   0: 0: 0
2021-08-11 10:13:50,782 - isca - DEBUG - Integration completed through    1 Nov 16   0: 0: 0
2021-08-11 10:13:52,206 - isca - DEBUG - Integration completed through    1 Nov 17   0: 0: 0
2021-08-11 10:13:53,632 - isca - DEBUG - Integration completed through    1 Nov 18   0: 0: 0
2021-08-11 10:13:55,056 - isca - DEBUG - Integration completed through    1 Nov 19   0: 0: 0
2021-08-11 10:13:56,481 - isca - DEBUG - Integration completed through    1 Nov 20   0: 0: 0
2021-08-11 10:13:57,904 - isca - DEBUG - Integration completed through    1 Nov 21   0: 0: 0
2021-08-11 10:13:59,328 - isca - DEBUG - Integration completed through    1 Nov 22   0: 0: 0
2021-08-11 10:14:00,761 - isca - DEBUG - Integration completed through    1 Nov 23   0: 0: 0
2021-08-11 10:14:02,186 - isca - DEBUG - Integration completed through    1 Nov 24   0: 0: 0
2021-08-11 10:14:03,614 - isca - DEBUG - Integration completed through    1 Nov 25   0: 0: 0
2021-08-11 10:14:05,039 - isca - DEBUG - Integration completed through    1 Nov 26   0: 0: 0
2021-08-11 10:14:06,467 - isca - DEBUG - Integration completed through    1 Nov 27   0: 0: 0
2021-08-11 10:14:07,890 - isca - DEBUG - Integration completed through    1 Nov 28   0: 0: 0
2021-08-11 10:14:09,315 - isca - DEBUG - Integration completed through    1 Nov 29   0: 0: 0
2021-08-11 10:14:10,738 - isca - DEBUG - Integration completed through    1 Nov 30   0: 0: 0
2021-08-11 10:14:12,161 - isca - DEBUG - Integration completed through    1 Dec  1   0: 0: 0
2021-08-11 10:14:13,690 - isca - DEBUG - Integration completed through    1 Dec  2   0: 0: 0
2021-08-11 10:14:15,117 - isca - DEBUG - Integration completed through    1 Dec  3   0: 0: 0
2021-08-11 10:14:16,546 - isca - DEBUG - Integration completed through    1 Dec  4   0: 0: 0
2021-08-11 10:14:17,969 - isca - DEBUG - Integration completed through    1 Dec  5   0: 0: 0
2021-08-11 10:14:19,394 - isca - DEBUG - Integration completed through    1 Dec  6   0: 0: 0
2021-08-11 10:14:20,818 - isca - DEBUG - Integration completed through    1 Dec  7   0: 0: 0
2021-08-11 10:14:22,242 - isca - DEBUG - Integration completed through    1 Dec  8   0: 0: 0
2021-08-11 10:14:23,667 - isca - DEBUG - Integration completed through    1 Dec  9   0: 0: 0
2021-08-11 10:14:25,095 - isca - DEBUG - Integration completed through    1 Dec 10   0: 0: 0
2021-08-11 10:14:26,523 - isca - DEBUG - Integration completed through    1 Dec 11   0: 0: 0
2021-08-11 10:14:27,949 - isca - DEBUG - Integration completed through    1 Dec 12   0: 0: 0
2021-08-11 10:14:29,374 - isca - DEBUG - Integration completed through    1 Dec 13   0: 0: 0
2021-08-11 10:14:30,800 - isca - DEBUG - Integration completed through    1 Dec 14   0: 0: 0
2021-08-11 10:14:32,227 - isca - DEBUG - Integration completed through    1 Dec 15   0: 0: 0
2021-08-11 10:14:33,653 - isca - DEBUG - Integration completed through    1 Dec 16   0: 0: 0
2021-08-11 10:14:35,080 - isca - DEBUG - Integration completed through    1 Dec 17   0: 0: 0
2021-08-11 10:14:36,506 - isca - DEBUG - Integration completed through    1 Dec 18   0: 0: 0
2021-08-11 10:14:37,935 - isca - DEBUG - Integration completed through    1 Dec 19   0: 0: 0
2021-08-11 10:14:39,366 - isca - DEBUG - Integration completed through    1 Dec 20   0: 0: 0
2021-08-11 10:14:40,793 - isca - DEBUG - Integration completed through    1 Dec 21   0: 0: 0
2021-08-11 10:14:42,218 - isca - DEBUG - Integration completed through    1 Dec 22   0: 0: 0
2021-08-11 10:14:43,643 - isca - DEBUG - Integration completed through    1 Dec 23   0: 0: 0
2021-08-11 10:14:45,068 - isca - DEBUG - Integration completed through    1 Dec 24   0: 0: 0
2021-08-11 10:14:46,494 - isca - DEBUG - Integration completed through    1 Dec 25   0: 0: 0
2021-08-11 10:14:47,921 - isca - DEBUG - Integration completed through    1 Dec 26   0: 0: 0
2021-08-11 10:14:49,347 - isca - DEBUG - Integration completed through    1 Dec 27   0: 0: 0
2021-08-11 10:14:50,771 - isca - DEBUG - Integration completed through    1 Dec 28   0: 0: 0
2021-08-11 10:14:52,197 - isca - DEBUG - Integration completed through    1 Dec 29   0: 0: 0
2021-08-11 10:14:53,623 - isca - DEBUG - Integration completed through    1 Dec 30   0: 0: 0
2021-08-11 10:14:55,049 - isca - DEBUG - Integration completed through    2 Jan  1   0: 0: 0
2021-08-11 10:14:55,186 - isca - DEBUG - NOTE from PE    0: MPP_IO_SET_STACK_SIZE: stack size set to     245760.
2021-08-11 10:14:55,912 - isca - DEBUG - MPP_DOMAINS_STACK high water mark=       30720
2021-08-11 10:14:55,912 - isca - DEBUG - 
2021-08-11 10:14:55,912 - isca - DEBUG - Tabulating mpp_clock statistics across     32 PEs...
2021-08-11 10:14:55,912 - isca - DEBUG - 
2021-08-11 10:14:55,913 - isca - DEBUG - tmin          tmax          tavg          tstd  tfrac grain pemin pemax
2021-08-11 10:14:55,913 - isca - DEBUG - Total runtime                       517.630398    517.630402    517.630400      0.000001  1.000     0     0    31
2021-08-11 10:14:55,913 - isca - DEBUG - MPP_STACK high water mark=           0
2021-08-11 10:14:56,045 - isca - INFO - Run 1 complete
2021-08-11 10:14:59,915 - isca - DEBUG - atmos_monthly.nc combined and copied to data directory
2021-08-11 10:15:02,240 - isca - INFO - Restart archive created at /network/group/aopp/planetary/PLR018_LEWIS_VENUS2/isca_data/GREY_T42L30fr_TL_om_1_6_a_1_1_ps_1_1_TJ/restarts/res0001.tar.gz
2021-08-11 10:15:02,419 - isca - INFO - Writing namelist to '/network/group/aopp/planetary/PLR018_LEWIS_VENUS2/isca_data/GREY_T42L30fr_TL_om_1_6_a_1_1_ps_1_1_TJ/run0001/input.nml'
2021-08-11 10:15:02,429 - isca - INFO - Writing field_table to '/network/group/aopp/planetary/PLR018_LEWIS_VENUS2/isca_data/GREY_T42L30fr_TL_om_1_6_a_1_1_ps_1_1_TJ/run0001/field_table'
2021-08-11 10:15:02,533 - isca - INFO - Writing diag_table to '/network/group/aopp/planetary/PLR018_LEWIS_VENUS2/isca_data/GREY_T42L30fr_TL_om_1_6_a_1_1_ps_1_1_TJ/run0001/diag_table'
2021-08-11 10:15:03,819 - isca - INFO - Emptied run directory '/network/group/aopp/planetary/PLR018_LEWIS_VENUS2/isca_work/experiment/GREY_T42L30fr_TL_om_1_6_a_1_1_ps_1_1_TJ/run'
2021-08-11 10:15:03,925 - isca - INFO - Emptied run directory '/network/group/aopp/planetary/PLR018_LEWIS_VENUS2/isca_work/experiment/GREY_T42L30fr_TL_om_1_6_a_1_1_ps_1_1_TJ/run'
2021-08-11 10:15:04,601 - isca - INFO - Writing namelist to '/network/group/aopp/planetary/PLR018_LEWIS_VENUS2/isca_work/experiment/GREY_T42L30fr_TL_om_1_6_a_1_1_ps_1_1_TJ/run/input.nml'
2021-08-11 10:15:04,695 - isca - INFO - Writing field_table to '/network/group/aopp/planetary/PLR018_LEWIS_VENUS2/isca_work/experiment/GREY_T42L30fr_TL_om_1_6_a_1_1_ps_1_1_TJ/run/field_table'
2021-08-11 10:15:04,779 - isca - INFO - Writing diag_table to '/network/group/aopp/planetary/PLR018_LEWIS_VENUS2/isca_work/experiment/GREY_T42L30fr_TL_om_1_6_a_1_1_ps_1_1_TJ/run/diag_table'
2021-08-11 10:15:04,846 - isca - INFO - Using restart file '/network/group/aopp/planetary/PLR018_LEWIS_VENUS2/isca_data/GREY_T42L30fr_TL_om_1_6_a_1_1_ps_1_1_TJ/restarts/res0001.tar.gz'
2021-08-11 10:15:05,483 - isca - INFO - Restart /network/group/aopp/planetary/PLR018_LEWIS_VENUS2/isca_data/GREY_T42L30fr_TL_om_1_6_a_1_1_ps_1_1_TJ/restarts/res0001.tar.gz extracted to /network/group/aopp/planetary/PLR018_LEWIS_VENUS2/isca_work/experiment/GREY_T42L30fr_TL_om_1_6_a_1_1_ps_1_1_TJ/run/INPUT
2021-08-11 10:15:05,514 - isca - INFO - Beginning run 2
2021-08-11 10:15:05,524 - isca - INFO - process running as 55250
2021-08-11 10:15:05,559 - isca - DEBUG - loadmodules for oxford machines
2021-08-11 10:15:05,997 - isca - DEBUG - [?1h=Currently Loaded Modulefiles:[m
2021-08-11 10:15:06,019 - isca - DEBUG - 1) physicspaths/2.0         6) otheros/generic-arc          [m
2021-08-11 10:15:06,019 - isca - DEBUG - 2) otheros/generic-oxphys   7) intel-compilers/2018upd4     [m
2021-08-11 10:15:06,019 - isca - DEBUG - 3) otheros/ubuntu_bionic    8) intel-mpi/2015               [m
2021-08-11 10:15:06,019 - isca - DEBUG - 4) otheros/ubuntu_trusty    9) netcdf/netcdf-c-4.7.3        [m
2021-08-11 10:15:06,019 - isca - DEBUG - 5) arcpaths/1.0            10) netcdf/netcdf-fortran-4.5.2  [m
2021-08-11 10:15:06,457 - isca - DEBUG - [K[?1l>NOTE from PE    0: MPP_DOMAINS_SET_STACK_SIZE: stack size set to    32768.
2021-08-11 10:15:06,457 - isca - DEBUG - &MPP_IO_NML
2021-08-11 10:15:06,457 - isca - DEBUG - HEADER_BUFFER_VAL       =       16384,
2021-08-11 10:15:06,457 - isca - DEBUG - GLOBAL_FIELD_ON_ROOT_PE = T,
2021-08-11 10:15:06,457 - isca - DEBUG - IO_CLOCKS_ON    = F,
2021-08-11 10:15:06,457 - isca - DEBUG - SHUFFLE =           0,
2021-08-11 10:15:06,457 - isca - DEBUG - DEFLATE_LEVEL   =          -1
2021-08-11 10:15:06,458 - isca - DEBUG - /
2021-08-11 10:15:06,460 - isca - DEBUG - NOTE from PE    0: MPP_IO_SET_STACK_SIZE: stack size set to     131072.
2021-08-11 10:15:06,463 - isca - DEBUG - NOTE from PE    0: MPP_DOMAINS_SET_STACK_SIZE: stack size set to   600000.
2021-08-11 10:15:06,566 - isca - DEBUG - starting            1  OpenMP threads per MPI-task
2021-08-11 10:15:06,579 - isca - DEBUG - ATMOS MODEL DOMAIN DECOMPOSITION
2021-08-11 10:15:06,580 - isca - DEBUG - X-AXIS =  128
2021-08-11 10:15:06,580 - isca - DEBUG - Y-AXIS =    2   2   2   2   2   2   2   2   2   2   2   2   2   2   2   2   2   2   2   2   2   2   2   2
2021-08-11 10:15:06,580 - isca - DEBUG - 2   2   2   2   2   2   2   2
2021-08-11 10:15:07,563 - isca - DEBUG - NOTE from PE    0: idealized_moist_phys: Using AM3 dry adjustment convection scheme.
2021-08-11 10:15:07,724 - isca - DEBUG - 
2021-08-11 10:15:07,724 - isca - DEBUG - 
2021-08-11 10:15:07,724 - isca - DEBUG - Rayleigh Drag in boundary layer.
2021-08-11 10:15:07,725 - isca - DEBUG - Extent of frictional layer: sigma_b =     0.70
2021-08-11 10:15:07,725 - isca - DEBUG - Frictional timescale in days:      1.00
2021-08-11 10:15:07,725 - isca - DEBUG - 
2021-08-11 10:15:07,725 - isca - DEBUG - 
2021-08-11 10:15:09,833 - isca - DEBUG - Integration completed through    2 Jan  2   0: 0: 0
2021-08-11 10:15:11,249 - isca - DEBUG - Integration completed through    2 Jan  3   0: 0: 0
2021-08-11 10:15:12,676 - isca - DEBUG - Integration completed through    2 Jan  4   0: 0: 0
2021-08-11 10:15:14,097 - isca - DEBUG - Integration completed through    2 Jan  5   0: 0: 0
2021-08-11 10:15:15,514 - isca - DEBUG - Integration completed through    2 Jan  6   0: 0: 0
2021-08-11 10:15:16,938 - isca - DEBUG - Integration completed through    2 Jan  7   0: 0: 0
2021-08-11 10:15:18,356 - isca - DEBUG - Integration completed through    2 Jan  8   0: 0: 0
2021-08-11 10:15:19,776 - isca - DEBUG - Integration completed through    2 Jan  9   0: 0: 0
2021-08-11 10:15:21,196 - isca - DEBUG - Integration completed through    2 Jan 10   0: 0: 0
2021-08-11 10:15:22,629 - isca - DEBUG - Integration completed through    2 Jan 11   0: 0: 0
2021-08-11 10:15:24,053 - isca - DEBUG - Integration completed through    2 Jan 12   0: 0: 0
2021-08-11 10:15:25,481 - isca - DEBUG - Integration completed through    2 Jan 13   0: 0: 0
2021-08-11 10:15:26,904 - isca - DEBUG - Integration completed through    2 Jan 14   0: 0: 0
2021-08-11 10:15:28,326 - isca - DEBUG - Integration completed through    2 Jan 15   0: 0: 0
2021-08-11 10:15:29,749 - isca - DEBUG - Integration completed through    2 Jan 16   0: 0: 0
2021-08-11 10:15:31,172 - isca - DEBUG - Integration completed through    2 Jan 17   0: 0: 0
2021-08-11 10:15:32,601 - isca - DEBUG - Integration completed through    2 Jan 18   0: 0: 0
2021-08-11 10:15:34,022 - isca - DEBUG - Integration completed through    2 Jan 19   0: 0: 0
2021-08-11 10:15:35,443 - isca - DEBUG - Integration completed through    2 Jan 20   0: 0: 0
2021-08-11 10:15:36,869 - isca - DEBUG - Integration completed through    2 Jan 21   0: 0: 0
2021-08-11 10:15:38,291 - isca - DEBUG - Integration completed through    2 Jan 22   0: 0: 0
2021-08-11 10:15:39,718 - isca - DEBUG - Integration completed through    2 Jan 23   0: 0: 0
2021-08-11 10:15:41,153 - isca - DEBUG - Integration completed through    2 Jan 24   0: 0: 0
2021-08-11 10:15:42,576 - isca - DEBUG - Integration completed through    2 Jan 25   0: 0: 0
2021-08-11 10:15:44,003 - isca - DEBUG - Integration completed through    2 Jan 26   0: 0: 0
2021-08-11 10:15:45,427 - isca - DEBUG - Integration completed through    2 Jan 27   0: 0: 0
2021-08-11 10:15:46,852 - isca - DEBUG - Integration completed through    2 Jan 28   0: 0: 0
2021-08-11 10:15:48,276 - isca - DEBUG - Integration completed through    2 Jan 29   0: 0: 0
2021-08-11 10:15:49,699 - isca - DEBUG - Integration completed through    2 Jan 30   0: 0: 0
2021-08-11 10:15:51,124 - isca - DEBUG - Integration completed through    2 Feb  1   0: 0: 0
2021-08-11 10:15:54,437 - isca - DEBUG - Integration completed through    2 Feb  2   0: 0: 0
2021-08-11 10:15:56,091 - isca - DEBUG - Integration completed through    2 Feb  3   0: 0: 0
2021-08-11 10:15:57,613 - isca - DEBUG - Integration completed through    2 Feb  4   0: 0: 0
2021-08-11 10:15:59,035 - isca - DEBUG - Integration completed through    2 Feb  5   0: 0: 0
2021-08-11 10:16:00,456 - isca - DEBUG - Integration completed through    2 Feb  6   0: 0: 0
2021-08-11 10:16:01,879 - isca - DEBUG - Integration completed through    2 Feb  7   0: 0: 0
2021-08-11 10:16:03,305 - isca - DEBUG - Integration completed through    2 Feb  8   0: 0: 0
2021-08-11 10:16:04,728 - isca - DEBUG - Integration completed through    2 Feb  9   0: 0: 0
2021-08-11 10:16:06,152 - isca - DEBUG - Integration completed through    2 Feb 10   0: 0: 0
2021-08-11 10:16:07,576 - isca - DEBUG - Integration completed through    2 Feb 11   0: 0: 0
2021-08-11 10:16:08,999 - isca - DEBUG - Integration completed through    2 Feb 12   0: 0: 0
2021-08-11 10:16:10,425 - isca - DEBUG - Integration completed through    2 Feb 13   0: 0: 0
2021-08-11 10:16:11,851 - isca - DEBUG - Integration completed through    2 Feb 14   0: 0: 0
2021-08-11 10:16:13,283 - isca - DEBUG - Integration completed through    2 Feb 15   0: 0: 0
2021-08-11 10:16:14,710 - isca - DEBUG - Integration completed through    2 Feb 16   0: 0: 0
2021-08-11 10:16:16,135 - isca - DEBUG - Integration completed through    2 Feb 17   0: 0: 0
2021-08-11 10:16:17,560 - isca - DEBUG - Integration completed through    2 Feb 18   0: 0: 0
2021-08-11 10:16:18,986 - isca - DEBUG - Integration completed through    2 Feb 19   0: 0: 0
2021-08-11 10:16:20,409 - isca - DEBUG - Integration completed through    2 Feb 20   0: 0: 0
2021-08-11 10:16:21,832 - isca - DEBUG - Integration completed through    2 Feb 21   0: 0: 0
2021-08-11 10:16:23,256 - isca - DEBUG - Integration completed through    2 Feb 22   0: 0: 0
2021-08-11 10:16:24,681 - isca - DEBUG - Integration completed through    2 Feb 23   0: 0: 0
2021-08-11 10:16:26,111 - isca - DEBUG - Integration completed through    2 Feb 24   0: 0: 0
2021-08-11 10:16:27,536 - isca - DEBUG - Integration completed through    2 Feb 25   0: 0: 0
2021-08-11 10:16:28,960 - isca - DEBUG - Integration completed through    2 Feb 26   0: 0: 0
2021-08-11 10:16:30,389 - isca - DEBUG - Integration completed through    2 Feb 27   0: 0: 0
2021-08-11 10:16:31,815 - isca - DEBUG - Integration completed through    2 Feb 28   0: 0: 0
2021-08-11 10:16:33,242 - isca - DEBUG - Integration completed through    2 Feb 29   0: 0: 0
2021-08-11 10:16:34,668 - isca - DEBUG - Integration completed through    2 Feb 30   0: 0: 0
2021-08-11 10:16:36,093 - isca - DEBUG - Integration completed through    2 Mar  1   0: 0: 0
2021-08-11 10:16:37,625 - isca - DEBUG - Integration completed through    2 Mar  2   0: 0: 0
2021-08-11 10:16:39,051 - isca - DEBUG - Integration completed through    2 Mar  3   0: 0: 0
2021-08-11 10:16:40,490 - isca - DEBUG - Integration completed through    2 Mar  4   0: 0: 0
2021-08-11 10:16:41,918 - isca - DEBUG - Integration completed through    2 Mar  5   0: 0: 0
2021-08-11 10:16:43,348 - isca - DEBUG - Integration completed through    2 Mar  6   0: 0: 0
2021-08-11 10:16:44,776 - isca - DEBUG - Integration completed through    2 Mar  7   0: 0: 0
2021-08-11 10:16:46,204 - isca - DEBUG - Integration completed through    2 Mar  8   0: 0: 0
2021-08-11 10:16:47,633 - isca - DEBUG - Integration completed through    2 Mar  9   0: 0: 0
2021-08-11 10:16:49,061 - isca - DEBUG - Integration completed through    2 Mar 10   0: 0: 0
2021-08-11 10:16:50,489 - isca - DEBUG - Integration completed through    2 Mar 11   0: 0: 0
2021-08-11 10:16:51,918 - isca - DEBUG - Integration completed through    2 Mar 12   0: 0: 0
2021-08-11 10:16:53,348 - isca - DEBUG - Integration completed through    2 Mar 13   0: 0: 0
2021-08-11 10:16:54,777 - isca - DEBUG - Integration completed through    2 Mar 14   0: 0: 0
2021-08-11 10:16:56,207 - isca - DEBUG - Integration completed through    2 Mar 15   0: 0: 0
2021-08-11 10:16:57,637 - isca - DEBUG - Integration completed through    2 Mar 16   0: 0: 0
2021-08-11 10:16:59,068 - isca - DEBUG - Integration completed through    2 Mar 17   0: 0: 0
2021-08-11 10:17:00,497 - isca - DEBUG - Integration completed through    2 Mar 18   0: 0: 0
2021-08-11 10:17:01,931 - isca - DEBUG - Integration completed through    2 Mar 19   0: 0: 0
2021-08-11 10:17:03,364 - isca - DEBUG - Integration completed through    2 Mar 20   0: 0: 0
2021-08-11 10:17:04,795 - isca - DEBUG - Integration completed through    2 Mar 21   0: 0: 0
2021-08-11 10:17:06,226 - isca - DEBUG - Integration completed through    2 Mar 22   0: 0: 0
2021-08-11 10:17:07,673 - isca - DEBUG - Integration completed through    2 Mar 23   0: 0: 0
2021-08-11 10:17:09,106 - isca - DEBUG - Integration completed through    2 Mar 24   0: 0: 0
2021-08-11 10:17:10,537 - isca - DEBUG - Integration completed through    2 Mar 25   0: 0: 0
2021-08-11 10:17:11,968 - isca - DEBUG - Integration completed through    2 Mar 26   0: 0: 0
2021-08-11 10:17:13,403 - isca - DEBUG - Integration completed through    2 Mar 27   0: 0: 0
2021-08-11 10:17:14,834 - isca - DEBUG - Integration completed through    2 Mar 28   0: 0: 0
2021-08-11 10:17:16,266 - isca - DEBUG - Integration completed through    2 Mar 29   0: 0: 0
2021-08-11 10:17:17,700 - isca - DEBUG - Integration completed through    2 Mar 30   0: 0: 0
2021-08-11 10:17:19,131 - isca - DEBUG - Integration completed through    2 Apr  1   0: 0: 0
2021-08-11 10:17:20,704 - isca - DEBUG - Integration completed through    2 Apr  2   0: 0: 0
2021-08-11 10:17:22,136 - isca - DEBUG - Integration completed through    2 Apr  3   0: 0: 0
2021-08-11 10:17:23,574 - isca - DEBUG - Integration completed through    2 Apr  4   0: 0: 0
2021-08-11 10:17:25,009 - isca - DEBUG - Integration completed through    2 Apr  5   0: 0: 0
2021-08-11 10:17:26,449 - isca - DEBUG - Integration completed through    2 Apr  6   0: 0: 0
2021-08-11 10:17:27,886 - isca - DEBUG - Integration completed through    2 Apr  7   0: 0: 0
2021-08-11 10:17:29,322 - isca - DEBUG - Integration completed through    2 Apr  8   0: 0: 0
2021-08-11 10:17:30,752 - isca - DEBUG - Integration completed through    2 Apr  9   0: 0: 0
2021-08-11 10:17:32,183 - isca - DEBUG - Integration completed through    2 Apr 10   0: 0: 0
2021-08-11 10:17:33,616 - isca - DEBUG - Integration completed through    2 Apr 11   0: 0: 0
2021-08-11 10:17:35,050 - isca - DEBUG - Integration completed through    2 Apr 12   0: 0: 0
2021-08-11 10:17:36,486 - isca - DEBUG - Integration completed through    2 Apr 13   0: 0: 0
2021-08-11 10:17:37,919 - isca - DEBUG - Integration completed through    2 Apr 14   0: 0: 0
2021-08-11 10:17:39,353 - isca - DEBUG - Integration completed through    2 Apr 15   0: 0: 0
2021-08-11 10:17:40,787 - isca - DEBUG - Integration completed through    2 Apr 16   0: 0: 0
2021-08-11 10:17:42,221 - isca - DEBUG - Integration completed through    2 Apr 17   0: 0: 0
2021-08-11 10:17:43,654 - isca - DEBUG - Integration completed through    2 Apr 18   0: 0: 0
2021-08-11 10:17:45,103 - isca - DEBUG - Integration completed through    2 Apr 19   0: 0: 0
2021-08-11 10:17:46,536 - isca - DEBUG - Integration completed through    2 Apr 20   0: 0: 0
2021-08-11 10:17:47,967 - isca - DEBUG - Integration completed through    2 Apr 21   0: 0: 0
2021-08-11 10:17:49,399 - isca - DEBUG - Integration completed through    2 Apr 22   0: 0: 0
2021-08-11 10:17:50,833 - isca - DEBUG - Integration completed through    2 Apr 23   0: 0: 0
2021-08-11 10:17:52,264 - isca - DEBUG - Integration completed through    2 Apr 24   0: 0: 0
2021-08-11 10:17:53,694 - isca - DEBUG - Integration completed through    2 Apr 25   0: 0: 0
2021-08-11 10:17:55,122 - isca - DEBUG - Integration completed through    2 Apr 26   0: 0: 0
2021-08-11 10:17:56,552 - isca - DEBUG - Integration completed through    2 Apr 27   0: 0: 0
2021-08-11 10:17:57,982 - isca - DEBUG - Integration completed through    2 Apr 28   0: 0: 0
2021-08-11 10:17:59,411 - isca - DEBUG - Integration completed through    2 Apr 29   0: 0: 0
2021-08-11 10:18:00,844 - isca - DEBUG - Integration completed through    2 Apr 30   0: 0: 0
2021-08-11 10:18:02,275 - isca - DEBUG - Integration completed through    2 May  1   0: 0: 0
2021-08-11 10:18:03,824 - isca - DEBUG - Integration completed through    2 May  2   0: 0: 0
2021-08-11 10:18:05,252 - isca - DEBUG - Integration completed through    2 May  3   0: 0: 0
2021-08-11 10:18:06,678 - isca - DEBUG - Integration completed through    2 May  4   0: 0: 0
2021-08-11 10:18:08,106 - isca - DEBUG - Integration completed through    2 May  5   0: 0: 0
2021-08-11 10:18:09,532 - isca - DEBUG - Integration completed through    2 May  6   0: 0: 0
2021-08-11 10:18:10,957 - isca - DEBUG - Integration completed through    2 May  7   0: 0: 0
2021-08-11 10:18:12,383 - isca - DEBUG - Integration completed through    2 May  8   0: 0: 0
2021-08-11 10:18:13,815 - isca - DEBUG - Integration completed through    2 May  9   0: 0: 0
2021-08-11 10:18:15,240 - isca - DEBUG - Integration completed through    2 May 10   0: 0: 0
2021-08-11 10:18:16,666 - isca - DEBUG - Integration completed through    2 May 11   0: 0: 0
2021-08-11 10:18:18,091 - isca - DEBUG - Integration completed through    2 May 12   0: 0: 0
2021-08-11 10:18:19,515 - isca - DEBUG - Integration completed through    2 May 13   0: 0: 0
2021-08-11 10:18:20,941 - isca - DEBUG - Integration completed through    2 May 14   0: 0: 0
2021-08-11 10:18:22,383 - isca - DEBUG - Integration completed through    2 May 15   0: 0: 0
2021-08-11 10:18:23,811 - isca - DEBUG - Integration completed through    2 May 16   0: 0: 0
2021-08-11 10:18:25,234 - isca - DEBUG - Integration completed through    2 May 17   0: 0: 0
2021-08-11 10:18:26,691 - isca - DEBUG - Integration completed through    2 May 18   0: 0: 0
2021-08-11 10:18:28,711 - isca - DEBUG - Integration completed through    2 May 19   0: 0: 0
2021-08-11 10:18:30,888 - isca - DEBUG - Integration completed through    2 May 20   0: 0: 0
2021-08-11 10:18:33,151 - isca - DEBUG - Integration completed through    2 May 21   0: 0: 0
2021-08-11 10:18:34,837 - isca - DEBUG - Integration completed through    2 May 22   0: 0: 0
2021-08-11 10:18:36,259 - isca - DEBUG - Integration completed through    2 May 23   0: 0: 0
2021-08-11 10:18:37,682 - isca - DEBUG - Integration completed through    2 May 24   0: 0: 0
2021-08-11 10:18:39,106 - isca - DEBUG - Integration completed through    2 May 25   0: 0: 0
2021-08-11 10:18:40,528 - isca - DEBUG - Integration completed through    2 May 26   0: 0: 0
2021-08-11 10:18:41,952 - isca - DEBUG - Integration completed through    2 May 27   0: 0: 0
2021-08-11 10:18:43,375 - isca - DEBUG - Integration completed through    2 May 28   0: 0: 0
2021-08-11 10:18:44,796 - isca - DEBUG - Integration completed through    2 May 29   0: 0: 0
2021-08-11 10:18:46,218 - isca - DEBUG - Integration completed through    2 May 30   0: 0: 0
2021-08-11 10:18:47,643 - isca - DEBUG - Integration completed through    2 Jun  1   0: 0: 0
2021-08-11 10:18:49,205 - isca - DEBUG - Integration completed through    2 Jun  2   0: 0: 0
2021-08-11 10:18:50,625 - isca - DEBUG - Integration completed through    2 Jun  3   0: 0: 0
2021-08-11 10:18:52,047 - isca - DEBUG - Integration completed through    2 Jun  4   0: 0: 0
2021-08-11 10:18:53,471 - isca - DEBUG - Integration completed through    2 Jun  5   0: 0: 0
2021-08-11 10:18:54,893 - isca - DEBUG - Integration completed through    2 Jun  6   0: 0: 0
2021-08-11 10:18:56,316 - isca - DEBUG - Integration completed through    2 Jun  7   0: 0: 0
2021-08-11 10:18:57,738 - isca - DEBUG - Integration completed through    2 Jun  8   0: 0: 0
2021-08-11 10:18:59,161 - isca - DEBUG - Integration completed through    2 Jun  9   0: 0: 0
2021-08-11 10:19:00,588 - isca - DEBUG - Integration completed through    2 Jun 10   0: 0: 0
2021-08-11 10:19:02,011 - isca - DEBUG - Integration completed through    2 Jun 11   0: 0: 0
2021-08-11 10:19:03,431 - isca - DEBUG - Integration completed through    2 Jun 12   0: 0: 0
2021-08-11 10:19:04,854 - isca - DEBUG - Integration completed through    2 Jun 13   0: 0: 0
2021-08-11 10:19:06,276 - isca - DEBUG - Integration completed through    2 Jun 14   0: 0: 0
2021-08-11 10:19:07,698 - isca - DEBUG - Integration completed through    2 Jun 15   0: 0: 0
2021-08-11 10:19:09,122 - isca - DEBUG - Integration completed through    2 Jun 16   0: 0: 0
2021-08-11 10:19:10,545 - isca - DEBUG - Integration completed through    2 Jun 17   0: 0: 0
2021-08-11 10:19:11,969 - isca - DEBUG - Integration completed through    2 Jun 18   0: 0: 0
2021-08-11 10:19:13,395 - isca - DEBUG - Integration completed through    2 Jun 19   0: 0: 0
2021-08-11 10:19:14,822 - isca - DEBUG - Integration completed through    2 Jun 20   0: 0: 0
2021-08-11 10:19:16,246 - isca - DEBUG - Integration completed through    2 Jun 21   0: 0: 0
2021-08-11 10:19:17,669 - isca - DEBUG - Integration completed through    2 Jun 22   0: 0: 0
2021-08-11 10:19:19,090 - isca - DEBUG - Integration completed through    2 Jun 23   0: 0: 0
2021-08-11 10:19:20,514 - isca - DEBUG - Integration completed through    2 Jun 24   0: 0: 0
2021-08-11 10:19:21,936 - isca - DEBUG - Integration completed through    2 Jun 25   0: 0: 0
2021-08-11 10:19:23,360 - isca - DEBUG - Integration completed through    2 Jun 26   0: 0: 0
2021-08-11 10:19:24,785 - isca - DEBUG - Integration completed through    2 Jun 27   0: 0: 0
2021-08-11 10:19:26,209 - isca - DEBUG - Integration completed through    2 Jun 28   0: 0: 0
2021-08-11 10:19:27,636 - isca - DEBUG - Integration completed through    2 Jun 29   0: 0: 0
2021-08-11 10:19:29,061 - isca - DEBUG - Integration completed through    2 Jun 30   0: 0: 0
2021-08-11 10:19:30,489 - isca - DEBUG - Integration completed through    2 Jul  1   0: 0: 0
2021-08-11 10:19:31,977 - isca - DEBUG - Integration completed through    2 Jul  2   0: 0: 0
2021-08-11 10:19:33,402 - isca - DEBUG - Integration completed through    2 Jul  3   0: 0: 0
2021-08-11 10:19:34,827 - isca - DEBUG - Integration completed through    2 Jul  4   0: 0: 0
2021-08-11 10:19:36,252 - isca - DEBUG - Integration completed through    2 Jul  5   0: 0: 0
2021-08-11 10:19:37,681 - isca - DEBUG - Integration completed through    2 Jul  6   0: 0: 0
2021-08-11 10:19:39,107 - isca - DEBUG - Integration completed through    2 Jul  7   0: 0: 0
2021-08-11 10:19:40,533 - isca - DEBUG - Integration completed through    2 Jul  8   0: 0: 0
2021-08-11 10:19:41,958 - isca - DEBUG - Integration completed through    2 Jul  9   0: 0: 0
2021-08-11 10:19:43,385 - isca - DEBUG - Integration completed through    2 Jul 10   0: 0: 0
2021-08-11 10:19:44,812 - isca - DEBUG - Integration completed through    2 Jul 11   0: 0: 0
2021-08-11 10:19:46,237 - isca - DEBUG - Integration completed through    2 Jul 12   0: 0: 0
2021-08-11 10:19:47,660 - isca - DEBUG - Integration completed through    2 Jul 13   0: 0: 0
2021-08-11 10:19:49,086 - isca - DEBUG - Integration completed through    2 Jul 14   0: 0: 0
2021-08-11 10:19:50,509 - isca - DEBUG - Integration completed through    2 Jul 15   0: 0: 0
2021-08-11 10:19:51,932 - isca - DEBUG - Integration completed through    2 Jul 16   0: 0: 0
2021-08-11 10:19:53,356 - isca - DEBUG - Integration completed through    2 Jul 17   0: 0: 0
2021-08-11 10:19:54,780 - isca - DEBUG - Integration completed through    2 Jul 18   0: 0: 0
2021-08-11 10:19:56,205 - isca - DEBUG - Integration completed through    2 Jul 19   0: 0: 0
2021-08-11 10:19:57,631 - isca - DEBUG - Integration completed through    2 Jul 20   0: 0: 0
2021-08-11 10:19:59,056 - isca - DEBUG - Integration completed through    2 Jul 21   0: 0: 0
2021-08-11 10:20:00,483 - isca - DEBUG - Integration completed through    2 Jul 22   0: 0: 0
2021-08-11 10:20:01,953 - isca - DEBUG - Integration completed through    2 Jul 23   0: 0: 0
2021-08-11 10:20:03,386 - isca - DEBUG - Integration completed through    2 Jul 24   0: 0: 0
2021-08-11 10:20:04,814 - isca - DEBUG - Integration completed through    2 Jul 25   0: 0: 0
2021-08-11 10:20:06,242 - isca - DEBUG - Integration completed through    2 Jul 26   0: 0: 0
2021-08-11 10:20:07,672 - isca - DEBUG - Integration completed through    2 Jul 27   0: 0: 0
2021-08-11 10:20:09,100 - isca - DEBUG - Integration completed through    2 Jul 28   0: 0: 0
2021-08-11 10:20:10,527 - isca - DEBUG - Integration completed through    2 Jul 29   0: 0: 0
2021-08-11 10:20:11,951 - isca - DEBUG - Integration completed through    2 Jul 30   0: 0: 0
2021-08-11 10:20:13,378 - isca - DEBUG - Integration completed through    2 Aug  1   0: 0: 0
2021-08-11 10:20:14,865 - isca - DEBUG - Integration completed through    2 Aug  2   0: 0: 0
2021-08-11 10:20:16,292 - isca - DEBUG - Integration completed through    2 Aug  3   0: 0: 0
2021-08-11 10:20:17,719 - isca - DEBUG - Integration completed through    2 Aug  4   0: 0: 0
2021-08-11 10:20:19,143 - isca - DEBUG - Integration completed through    2 Aug  5   0: 0: 0
2021-08-11 10:20:20,568 - isca - DEBUG - Integration completed through    2 Aug  6   0: 0: 0
2021-08-11 10:20:21,992 - isca - DEBUG - Integration completed through    2 Aug  7   0: 0: 0
2021-08-11 10:20:23,419 - isca - DEBUG - Integration completed through    2 Aug  8   0: 0: 0
2021-08-11 10:20:24,846 - isca - DEBUG - Integration completed through    2 Aug  9   0: 0: 0
2021-08-11 10:20:26,274 - isca - DEBUG - Integration completed through    2 Aug 10   0: 0: 0
2021-08-11 10:20:27,701 - isca - DEBUG - Integration completed through    2 Aug 11   0: 0: 0
2021-08-11 10:20:29,127 - isca - DEBUG - Integration completed through    2 Aug 12   0: 0: 0
2021-08-11 10:20:30,554 - isca - DEBUG - Integration completed through    2 Aug 13   0: 0: 0
2021-08-11 10:20:31,981 - isca - DEBUG - Integration completed through    2 Aug 14   0: 0: 0
2021-08-11 10:20:33,411 - isca - DEBUG - Integration completed through    2 Aug 15   0: 0: 0
2021-08-11 10:20:34,837 - isca - DEBUG - Integration completed through    2 Aug 16   0: 0: 0
2021-08-11 10:20:36,264 - isca - DEBUG - Integration completed through    2 Aug 17   0: 0: 0
2021-08-11 10:20:37,693 - isca - DEBUG - Integration completed through    2 Aug 18   0: 0: 0
2021-08-11 10:20:39,118 - isca - DEBUG - Integration completed through    2 Aug 19   0: 0: 0
2021-08-11 10:20:40,544 - isca - DEBUG - Integration completed through    2 Aug 20   0: 0: 0
2021-08-11 10:20:41,971 - isca - DEBUG - Integration completed through    2 Aug 21   0: 0: 0
2021-08-11 10:20:43,396 - isca - DEBUG - Integration completed through    2 Aug 22   0: 0: 0
2021-08-11 10:20:44,821 - isca - DEBUG - Integration completed through    2 Aug 23   0: 0: 0
2021-08-11 10:20:46,244 - isca - DEBUG - Integration completed through    2 Aug 24   0: 0: 0
2021-08-11 10:20:47,672 - isca - DEBUG - Integration completed through    2 Aug 25   0: 0: 0
2021-08-11 10:20:49,097 - isca - DEBUG - Integration completed through    2 Aug 26   0: 0: 0
2021-08-11 10:20:50,523 - isca - DEBUG - Integration completed through    2 Aug 27   0: 0: 0
2021-08-11 10:20:51,949 - isca - DEBUG - Integration completed through    2 Aug 28   0: 0: 0
2021-08-11 10:20:53,776 - isca - DEBUG - Integration completed through    2 Aug 29   0: 0: 0
2021-08-11 10:20:55,605 - isca - DEBUG - Integration completed through    2 Aug 30   0: 0: 0
2021-08-11 10:20:57,320 - isca - DEBUG - Integration completed through    2 Sep  1   0: 0: 0
2021-08-11 10:20:58,852 - isca - DEBUG - Integration completed through    2 Sep  2   0: 0: 0
2021-08-11 10:21:00,274 - isca - DEBUG - Integration completed through    2 Sep  3   0: 0: 0
2021-08-11 10:21:01,698 - isca - DEBUG - Integration completed through    2 Sep  4   0: 0: 0
2021-08-11 10:21:03,122 - isca - DEBUG - Integration completed through    2 Sep  5   0: 0: 0
2021-08-11 10:21:04,547 - isca - DEBUG - Integration completed through    2 Sep  6   0: 0: 0
2021-08-11 10:21:05,970 - isca - DEBUG - Integration completed through    2 Sep  7   0: 0: 0
2021-08-11 10:21:07,393 - isca - DEBUG - Integration completed through    2 Sep  8   0: 0: 0
2021-08-11 10:21:08,818 - isca - DEBUG - Integration completed through    2 Sep  9   0: 0: 0
2021-08-11 10:21:10,240 - isca - DEBUG - Integration completed through    2 Sep 10   0: 0: 0
2021-08-11 10:21:11,663 - isca - DEBUG - Integration completed through    2 Sep 11   0: 0: 0
2021-08-11 10:21:13,087 - isca - DEBUG - Integration completed through    2 Sep 12   0: 0: 0
2021-08-11 10:21:14,514 - isca - DEBUG - Integration completed through    2 Sep 13   0: 0: 0
2021-08-11 10:21:15,937 - isca - DEBUG - Integration completed through    2 Sep 14   0: 0: 0
2021-08-11 10:21:17,356 - isca - DEBUG - Integration completed through    2 Sep 15   0: 0: 0
2021-08-11 10:21:18,777 - isca - DEBUG - Integration completed through    2 Sep 16   0: 0: 0
2021-08-11 10:21:20,197 - isca - DEBUG - Integration completed through    2 Sep 17   0: 0: 0
2021-08-11 10:21:21,615 - isca - DEBUG - Integration completed through    2 Sep 18   0: 0: 0
2021-08-11 10:21:23,036 - isca - DEBUG - Integration completed through    2 Sep 19   0: 0: 0
2021-08-11 10:21:24,455 - isca - DEBUG - Integration completed through    2 Sep 20   0: 0: 0
2021-08-11 10:21:25,874 - isca - DEBUG - Integration completed through    2 Sep 21   0: 0: 0
2021-08-11 10:21:27,299 - isca - DEBUG - Integration completed through    2 Sep 22   0: 0: 0
2021-08-11 10:21:28,718 - isca - DEBUG - Integration completed through    2 Sep 23   0: 0: 0
2021-08-11 10:21:30,141 - isca - DEBUG - Integration completed through    2 Sep 24   0: 0: 0
2021-08-11 10:21:31,557 - isca - DEBUG - Integration completed through    2 Sep 25   0: 0: 0
2021-08-11 10:21:32,975 - isca - DEBUG - Integration completed through    2 Sep 26   0: 0: 0
2021-08-11 10:21:34,392 - isca - DEBUG - Integration completed through    2 Sep 27   0: 0: 0
2021-08-11 10:21:35,809 - isca - DEBUG - Integration completed through    2 Sep 28   0: 0: 0
2021-08-11 10:21:37,229 - isca - DEBUG - Integration completed through    2 Sep 29   0: 0: 0
2021-08-11 10:21:38,647 - isca - DEBUG - Integration completed through    2 Sep 30   0: 0: 0
2021-08-11 10:21:40,066 - isca - DEBUG - Integration completed through    2 Oct  1   0: 0: 0
2021-08-11 10:21:41,573 - isca - DEBUG - Integration completed through    2 Oct  2   0: 0: 0
2021-08-11 10:21:42,992 - isca - DEBUG - Integration completed through    2 Oct  3   0: 0: 0
2021-08-11 10:21:44,410 - isca - DEBUG - Integration completed through    2 Oct  4   0: 0: 0
2021-08-11 10:21:45,829 - isca - DEBUG - Integration completed through    2 Oct  5   0: 0: 0
2021-08-11 10:21:47,247 - isca - DEBUG - Integration completed through    2 Oct  6   0: 0: 0
2021-08-11 10:21:48,665 - isca - DEBUG - Integration completed through    2 Oct  7   0: 0: 0
2021-08-11 10:21:50,083 - isca - DEBUG - Integration completed through    2 Oct  8   0: 0: 0
2021-08-11 10:21:51,501 - isca - DEBUG - Integration completed through    2 Oct  9   0: 0: 0
2021-08-11 10:21:51,787 - isca - DEBUG - srun: Job step aborted: Waiting up to 32 seconds for job step to finish.
slurmstepd-atmnode023: error: *** JOB 30052 ON atmnode023 CANCELLED AT 2021-08-11T10:21:51 ***
2021-08-11 10:21:51,791 - isca - DEBUG - slurmstepd-atmnode023: error: *** STEP 30052.1 ON atmnode023 CANCELLED AT 2021-08-11T10:21:51 ***
