/home/lewis/.bashrc: line 75: goisca: command not found
2021-08-05 13:06:06,050 - isca - WARNING - Environment variable GFDL_SOC not set, but this is only required if using SocratesCodebase. Setting to None
2021-08-05 13:06:06,340 - isca - INFO - RRTM compilation disabled.
2021-08-05 13:06:06,340 - isca - INFO - SOCRATES compilation disabled.
2021-08-05 13:06:06,354 - isca - INFO - Writing path_names to '/network/group/aopp/planetary/PLR018_LEWIS_VENUS2/isca_work/codebase/_home_lewis_research_isca_dir_Isca/build/grey_isca/path_names'
2021-08-05 13:06:06,372 - isca - INFO - Running compiler
2021-08-05 13:06:06,416 - isca - INFO - loadmodules for oxford machines
2021-08-05 13:06:06,841 - isca - INFO - [?1h=Currently Loaded Modulefiles:[m
2021-08-05 13:06:06,862 - isca - INFO - 1) physicspaths/2.0         6) otheros/generic-arc          [m
2021-08-05 13:06:06,862 - isca - INFO - 2) otheros/generic-oxphys   7) intel-compilers/2018upd4     [m
2021-08-05 13:06:06,862 - isca - INFO - 3) otheros/ubuntu_bionic    8) intel-mpi/2015               [m
2021-08-05 13:06:06,863 - isca - INFO - 4) otheros/ubuntu_trusty    9) netcdf/netcdf-c-4.7.3        [m
2021-08-05 13:06:06,863 - isca - INFO - 5) arcpaths/1.0            10) netcdf/netcdf-fortran-4.5.2  [m
2021-08-05 13:06:06,881 - isca - INFO - [K[?1l>/network/group/aopp/planetary/PLR018_LEWIS_VENUS2/isca_work/codebase/_home_lewis_research_isca_dir_Isca/build/grey_isca/path_names
2021-08-05 13:06:15,041 - isca - INFO - .............................................................................................................................. Makefile is ready.
2021-08-05 13:06:15,472 - isca - INFO - make: Nothing to be done for 'all'.
2021-08-05 13:06:15,939 - isca - INFO - make: 'grey_isca.x' is up to date.
2021-08-05 13:06:15,944 - isca - INFO - Compilation complete.
2021-08-05 13:06:15,948 - isca - DEBUG - Making directory '/network/group/aopp/planetary/PLR018_LEWIS_VENUS2/isca_work/experiment/GREY_T42L30fr_Drnl_om_1_10_a_1_1_ps_1_1_12hrly'
2021-08-05 13:06:16,629 - isca - WARNING - Tried to remove run directory but it doesnt exist
2021-08-05 13:06:16,757 - isca - INFO - Emptied run directory '/network/group/aopp/planetary/PLR018_LEWIS_VENUS2/isca_work/experiment/GREY_T42L30fr_Drnl_om_1_10_a_1_1_ps_1_1_12hrly/run'
2021-08-05 13:06:16,832 - isca - INFO - Emptied run directory '/network/group/aopp/planetary/PLR018_LEWIS_VENUS2/isca_work/experiment/GREY_T42L30fr_Drnl_om_1_10_a_1_1_ps_1_1_12hrly/run'
2021-08-05 13:06:17,549 - isca - INFO - Writing namelist to '/network/group/aopp/planetary/PLR018_LEWIS_VENUS2/isca_work/experiment/GREY_T42L30fr_Drnl_om_1_10_a_1_1_ps_1_1_12hrly/run/input.nml'
2021-08-05 13:06:17,587 - isca - INFO - Writing field_table to '/network/group/aopp/planetary/PLR018_LEWIS_VENUS2/isca_work/experiment/GREY_T42L30fr_Drnl_om_1_10_a_1_1_ps_1_1_12hrly/run/field_table'
2021-08-05 13:06:17,648 - isca - INFO - Writing diag_table to '/network/group/aopp/planetary/PLR018_LEWIS_VENUS2/isca_work/experiment/GREY_T42L30fr_Drnl_om_1_10_a_1_1_ps_1_1_12hrly/run/diag_table'
2021-08-05 13:06:17,664 - isca - INFO - Using restart file '/network/group/aopp/planetary/PLR018_LEWIS_VENUS2/isca_data/GREY_T42L30fr_Drnl_om_1_10_a_1_1_ps_1_1/restarts/res0010.tar.gz'
2021-08-05 13:06:18,308 - isca - INFO - Restart /network/group/aopp/planetary/PLR018_LEWIS_VENUS2/isca_data/GREY_T42L30fr_Drnl_om_1_10_a_1_1_ps_1_1/restarts/res0010.tar.gz extracted to /network/group/aopp/planetary/PLR018_LEWIS_VENUS2/isca_work/experiment/GREY_T42L30fr_Drnl_om_1_10_a_1_1_ps_1_1_12hrly/run/INPUT
2021-08-05 13:06:18,359 - isca - INFO - Beginning run 1
2021-08-05 13:06:18,370 - isca - INFO - process running as 61748
2021-08-05 13:06:18,401 - isca - DEBUG - loadmodules for oxford machines
2021-08-05 13:06:18,823 - isca - DEBUG - [?1h=Currently Loaded Modulefiles:[m
2021-08-05 13:06:18,845 - isca - DEBUG - 1) physicspaths/2.0         6) otheros/generic-arc          [m
2021-08-05 13:06:18,845 - isca - DEBUG - 2) otheros/generic-oxphys   7) intel-compilers/2018upd4     [m
2021-08-05 13:06:18,845 - isca - DEBUG - 3) otheros/ubuntu_bionic    8) intel-mpi/2015               [m
2021-08-05 13:06:18,845 - isca - DEBUG - 4) otheros/ubuntu_trusty    9) netcdf/netcdf-c-4.7.3        [m
2021-08-05 13:06:18,845 - isca - DEBUG - 5) arcpaths/1.0            10) netcdf/netcdf-fortran-4.5.2  [m
2021-08-05 13:06:19,299 - isca - DEBUG - [K[?1l>NOTE from PE    0: MPP_DOMAINS_SET_STACK_SIZE: stack size set to    32768.
2021-08-05 13:06:19,299 - isca - DEBUG - &MPP_IO_NML
2021-08-05 13:06:19,299 - isca - DEBUG - HEADER_BUFFER_VAL       =       16384,
2021-08-05 13:06:19,299 - isca - DEBUG - GLOBAL_FIELD_ON_ROOT_PE = T,
2021-08-05 13:06:19,299 - isca - DEBUG - IO_CLOCKS_ON    = F,
2021-08-05 13:06:19,299 - isca - DEBUG - SHUFFLE =           0,
2021-08-05 13:06:19,299 - isca - DEBUG - DEFLATE_LEVEL   =          -1
2021-08-05 13:06:19,299 - isca - DEBUG - /
2021-08-05 13:06:19,302 - isca - DEBUG - NOTE from PE    0: MPP_IO_SET_STACK_SIZE: stack size set to     131072.
2021-08-05 13:06:19,304 - isca - DEBUG - NOTE from PE    0: MPP_DOMAINS_SET_STACK_SIZE: stack size set to   600000.
2021-08-05 13:06:19,348 - isca - DEBUG - starting            1  OpenMP threads per MPI-task
2021-08-05 13:06:19,358 - isca - DEBUG - ATMOS MODEL DOMAIN DECOMPOSITION
2021-08-05 13:06:19,358 - isca - DEBUG - X-AXIS =  128
2021-08-05 13:06:19,358 - isca - DEBUG - Y-AXIS =    2   2   2   2   2   2   2   2   2   2   2   2   2   2   2   2   2   2   2   2   2   2   2   2
2021-08-05 13:06:19,358 - isca - DEBUG - 2   2   2   2   2   2   2   2
2021-08-05 13:06:20,440 - isca - DEBUG - NOTE from PE    0: idealized_moist_phys: Using AM3 dry adjustment convection scheme.
2021-08-05 13:06:23,550 - isca - DEBUG - Integration completed through   11 Jan  2   0: 0: 0
2021-08-05 13:06:24,817 - isca - DEBUG - Integration completed through   11 Jan  3   0: 0: 0
2021-08-05 13:06:26,147 - isca - DEBUG - Integration completed through   11 Jan  4   0: 0: 0
2021-08-05 13:06:27,357 - isca - DEBUG - Integration completed through   11 Jan  5   0: 0: 0
2021-08-05 13:06:28,613 - isca - DEBUG - Integration completed through   11 Jan  6   0: 0: 0
2021-08-05 13:06:29,976 - isca - DEBUG - Integration completed through   11 Jan  7   0: 0: 0
2021-08-05 13:06:31,233 - isca - DEBUG - Integration completed through   11 Jan  8   0: 0: 0
2021-08-05 13:06:32,594 - isca - DEBUG - Integration completed through   11 Jan  9   0: 0: 0
2021-08-05 13:06:33,916 - isca - DEBUG - Integration completed through   11 Jan 10   0: 0: 0
2021-08-05 13:06:35,189 - isca - DEBUG - Integration completed through   11 Jan 11   0: 0: 0
2021-08-05 13:06:36,524 - isca - DEBUG - Integration completed through   11 Jan 12   0: 0: 0
2021-08-05 13:06:37,838 - isca - DEBUG - Integration completed through   11 Jan 13   0: 0: 0
2021-08-05 13:06:39,197 - isca - DEBUG - Integration completed through   11 Jan 14   0: 0: 0
2021-08-05 13:06:40,590 - isca - DEBUG - Integration completed through   11 Jan 15   0: 0: 0
2021-08-05 13:06:41,801 - isca - DEBUG - Integration completed through   11 Jan 16   0: 0: 0
2021-08-05 13:06:43,090 - isca - DEBUG - Integration completed through   11 Jan 17   0: 0: 0
2021-08-05 13:06:44,466 - isca - DEBUG - Integration completed through   11 Jan 18   0: 0: 0
2021-08-05 13:06:45,691 - isca - DEBUG - Integration completed through   11 Jan 19   0: 0: 0
2021-08-05 13:06:47,039 - isca - DEBUG - Integration completed through   11 Jan 20   0: 0: 0
2021-08-05 13:06:48,322 - isca - DEBUG - Integration completed through   11 Jan 21   0: 0: 0
2021-08-05 13:06:49,619 - isca - DEBUG - Integration completed through   11 Jan 22   0: 0: 0
2021-08-05 13:06:50,954 - isca - DEBUG - Integration completed through   11 Jan 23   0: 0: 0
2021-08-05 13:06:52,300 - isca - DEBUG - Integration completed through   11 Jan 24   0: 0: 0
2021-08-05 13:06:53,591 - isca - DEBUG - Integration completed through   11 Jan 25   0: 0: 0
2021-08-05 13:06:54,910 - isca - DEBUG - Integration completed through   11 Jan 26   0: 0: 0
2021-08-05 13:06:56,121 - isca - DEBUG - Integration completed through   11 Jan 27   0: 0: 0
2021-08-05 13:06:57,441 - isca - DEBUG - Integration completed through   11 Jan 28   0: 0: 0
2021-08-05 13:06:58,866 - isca - DEBUG - Integration completed through   11 Jan 29   0: 0: 0
2021-08-05 13:07:00,080 - isca - DEBUG - Integration completed through   11 Jan 30   0: 0: 0
2021-08-05 13:07:01,424 - isca - DEBUG - Integration completed through   11 Feb  1   0: 0: 0
2021-08-05 13:07:02,746 - isca - DEBUG - Integration completed through   11 Feb  2   0: 0: 0
2021-08-05 13:07:03,995 - isca - DEBUG - Integration completed through   11 Feb  3   0: 0: 0
2021-08-05 13:07:05,388 - isca - DEBUG - Integration completed through   11 Feb  4   0: 0: 0
2021-08-05 13:07:06,711 - isca - DEBUG - Integration completed through   11 Feb  5   0: 0: 0
2021-08-05 13:07:07,983 - isca - DEBUG - Integration completed through   11 Feb  6   0: 0: 0
2021-08-05 13:07:09,292 - isca - DEBUG - Integration completed through   11 Feb  7   0: 0: 0
2021-08-05 13:07:10,620 - isca - DEBUG - Integration completed through   11 Feb  8   0: 0: 0
2021-08-05 13:07:11,945 - isca - DEBUG - Integration completed through   11 Feb  9   0: 0: 0
2021-08-05 13:07:13,254 - isca - DEBUG - Integration completed through   11 Feb 10   0: 0: 0
2021-08-05 13:07:14,463 - isca - DEBUG - Integration completed through   11 Feb 11   0: 0: 0
2021-08-05 13:07:15,787 - isca - DEBUG - Integration completed through   11 Feb 12   0: 0: 0
2021-08-05 13:07:17,248 - isca - DEBUG - Integration completed through   11 Feb 13   0: 0: 0
2021-08-05 13:07:18,472 - isca - DEBUG - Integration completed through   11 Feb 14   0: 0: 0
2021-08-05 13:07:19,869 - isca - DEBUG - Integration completed through   11 Feb 15   0: 0: 0
2021-08-05 13:07:21,181 - isca - DEBUG - Integration completed through   11 Feb 16   0: 0: 0
2021-08-05 13:07:22,464 - isca - DEBUG - Integration completed through   11 Feb 17   0: 0: 0
2021-08-05 13:07:23,816 - isca - DEBUG - Integration completed through   11 Feb 18   0: 0: 0
2021-08-05 13:07:25,143 - isca - DEBUG - Integration completed through   11 Feb 19   0: 0: 0
2021-08-05 13:07:26,408 - isca - DEBUG - Integration completed through   11 Feb 20   0: 0: 0
2021-08-05 13:07:27,734 - isca - DEBUG - Integration completed through   11 Feb 21   0: 0: 0
2021-08-05 13:07:28,945 - isca - DEBUG - Integration completed through   11 Feb 22   0: 0: 0
2021-08-05 13:07:30,218 - isca - DEBUG - Integration completed through   11 Feb 23   0: 0: 0
2021-08-05 13:07:31,581 - isca - DEBUG - Integration completed through   11 Feb 24   0: 0: 0
2021-08-05 13:07:32,786 - isca - DEBUG - Integration completed through   11 Feb 25   0: 0: 0
2021-08-05 13:07:34,107 - isca - DEBUG - Integration completed through   11 Feb 26   0: 0: 0
2021-08-05 13:07:35,524 - isca - DEBUG - Integration completed through   11 Feb 27   0: 0: 0
2021-08-05 13:07:36,804 - isca - DEBUG - Integration completed through   11 Feb 28   0: 0: 0
2021-08-05 13:07:38,249 - isca - DEBUG - Integration completed through   11 Feb 29   0: 0: 0
2021-08-05 13:07:39,603 - isca - DEBUG - Integration completed through   11 Feb 30   0: 0: 0
2021-08-05 13:07:40,899 - isca - DEBUG - Integration completed through   11 Mar  1   0: 0: 0
2021-08-05 13:07:42,196 - isca - DEBUG - Integration completed through   11 Mar  2   0: 0: 0
2021-08-05 13:07:43,517 - isca - DEBUG - Integration completed through   11 Mar  3   0: 0: 0
2021-08-05 13:07:44,859 - isca - DEBUG - Integration completed through   11 Mar  4   0: 0: 0
2021-08-05 13:07:46,218 - isca - DEBUG - Integration completed through   11 Mar  5   0: 0: 0
2021-08-05 13:07:47,415 - isca - DEBUG - Integration completed through   11 Mar  6   0: 0: 0
2021-08-05 13:07:48,742 - isca - DEBUG - Integration completed through   11 Mar  7   0: 0: 0
2021-08-05 13:07:50,087 - isca - DEBUG - Integration completed through   11 Mar  8   0: 0: 0
2021-08-05 13:07:51,314 - isca - DEBUG - Integration completed through   11 Mar  9   0: 0: 0
2021-08-05 13:07:52,641 - isca - DEBUG - Integration completed through   11 Mar 10   0: 0: 0
2021-08-05 13:07:53,892 - isca - DEBUG - Integration completed through   11 Mar 11   0: 0: 0
2021-08-05 13:07:55,154 - isca - DEBUG - Integration completed through   11 Mar 12   0: 0: 0
2021-08-05 13:07:56,463 - isca - DEBUG - Integration completed through   11 Mar 13   0: 0: 0
2021-08-05 13:07:57,720 - isca - DEBUG - Integration completed through   11 Mar 14   0: 0: 0
2021-08-05 13:07:58,971 - isca - DEBUG - Integration completed through   11 Mar 15   0: 0: 0
2021-08-05 13:08:00,252 - isca - DEBUG - Integration completed through   11 Mar 16   0: 0: 0
2021-08-05 13:08:01,460 - isca - DEBUG - Integration completed through   11 Mar 17   0: 0: 0
2021-08-05 13:08:02,717 - isca - DEBUG - Integration completed through   11 Mar 18   0: 0: 0
2021-08-05 13:08:04,072 - isca - DEBUG - Integration completed through   11 Mar 19   0: 0: 0
2021-08-05 13:08:05,306 - isca - DEBUG - Integration completed through   11 Mar 20   0: 0: 0
2021-08-05 13:08:06,664 - isca - DEBUG - Integration completed through   11 Mar 21   0: 0: 0
2021-08-05 13:08:08,043 - isca - DEBUG - Integration completed through   11 Mar 22   0: 0: 0
2021-08-05 13:08:09,319 - isca - DEBUG - Integration completed through   11 Mar 23   0: 0: 0
2021-08-05 13:08:10,617 - isca - DEBUG - Integration completed through   11 Mar 24   0: 0: 0
2021-08-05 13:08:11,918 - isca - DEBUG - Integration completed through   11 Mar 25   0: 0: 0
2021-08-05 13:08:13,216 - isca - DEBUG - Integration completed through   11 Mar 26   0: 0: 0
2021-08-05 13:08:14,561 - isca - DEBUG - Integration completed through   11 Mar 27   0: 0: 0
2021-08-05 13:08:15,872 - isca - DEBUG - Integration completed through   11 Mar 28   0: 0: 0
2021-08-05 13:08:17,247 - isca - DEBUG - Integration completed through   11 Mar 29   0: 0: 0
2021-08-05 13:08:18,620 - isca - DEBUG - Integration completed through   11 Mar 30   0: 0: 0
2021-08-05 13:08:19,841 - isca - DEBUG - Integration completed through   11 Apr  1   0: 0: 0
2021-08-05 13:08:21,116 - isca - DEBUG - Integration completed through   11 Apr  2   0: 0: 0
2021-08-05 13:08:22,465 - isca - DEBUG - Integration completed through   11 Apr  3   0: 0: 0
2021-08-05 13:08:23,681 - isca - DEBUG - Integration completed through   11 Apr  4   0: 0: 0
2021-08-05 13:08:25,014 - isca - DEBUG - Integration completed through   11 Apr  5   0: 0: 0
2021-08-05 13:08:26,307 - isca - DEBUG - Integration completed through   11 Apr  6   0: 0: 0
2021-08-05 13:08:27,618 - isca - DEBUG - Integration completed through   11 Apr  7   0: 0: 0
2021-08-05 13:08:29,017 - isca - DEBUG - Integration completed through   11 Apr  8   0: 0: 0
2021-08-05 13:08:30,328 - isca - DEBUG - Integration completed through   11 Apr  9   0: 0: 0
2021-08-05 13:08:31,611 - isca - DEBUG - Integration completed through   11 Apr 10   0: 0: 0
2021-08-05 13:08:32,999 - isca - DEBUG - Integration completed through   11 Apr 11   0: 0: 0
2021-08-05 13:08:34,231 - isca - DEBUG - Integration completed through   11 Apr 12   0: 0: 0
2021-08-05 13:08:35,537 - isca - DEBUG - Integration completed through   11 Apr 13   0: 0: 0
2021-08-05 13:08:37,022 - isca - DEBUG - Integration completed through   11 Apr 14   0: 0: 0
2021-08-05 13:08:38,213 - isca - DEBUG - Integration completed through   11 Apr 15   0: 0: 0
2021-08-05 13:08:39,528 - isca - DEBUG - Integration completed through   11 Apr 16   0: 0: 0
2021-08-05 13:08:40,847 - isca - DEBUG - Integration completed through   11 Apr 17   0: 0: 0
2021-08-05 13:08:42,118 - isca - DEBUG - Integration completed through   11 Apr 18   0: 0: 0
2021-08-05 13:08:43,476 - isca - DEBUG - Integration completed through   11 Apr 19   0: 0: 0
2021-08-05 13:08:44,766 - isca - DEBUG - Integration completed through   11 Apr 20   0: 0: 0
2021-08-05 13:08:46,038 - isca - DEBUG - Integration completed through   11 Apr 21   0: 0: 0
2021-08-05 13:08:47,332 - isca - DEBUG - Integration completed through   11 Apr 22   0: 0: 0
2021-08-05 13:08:48,675 - isca - DEBUG - Integration completed through   11 Apr 23   0: 0: 0
2021-08-05 13:08:49,970 - isca - DEBUG - Integration completed through   11 Apr 24   0: 0: 0
2021-08-05 13:08:51,308 - isca - DEBUG - Integration completed through   11 Apr 25   0: 0: 0
2021-08-05 13:08:52,512 - isca - DEBUG - Integration completed through   11 Apr 26   0: 0: 0
2021-08-05 13:08:53,819 - isca - DEBUG - Integration completed through   11 Apr 27   0: 0: 0
2021-08-05 13:08:55,198 - isca - DEBUG - Integration completed through   11 Apr 28   0: 0: 0
2021-08-05 13:08:56,410 - isca - DEBUG - Integration completed through   11 Apr 29   0: 0: 0
2021-08-05 13:08:57,734 - isca - DEBUG - Integration completed through   11 Apr 30   0: 0: 0
2021-08-05 13:08:59,027 - isca - DEBUG - Integration completed through   11 May  1   0: 0: 0
2021-08-05 13:09:00,300 - isca - DEBUG - Integration completed through   11 May  2   0: 0: 0
2021-08-05 13:09:01,643 - isca - DEBUG - Integration completed through   11 May  3   0: 0: 0
2021-08-05 13:09:02,924 - isca - DEBUG - Integration completed through   11 May  4   0: 0: 0
2021-08-05 13:09:04,229 - isca - DEBUG - Integration completed through   11 May  5   0: 0: 0
2021-08-05 13:09:05,523 - isca - DEBUG - Integration completed through   11 May  6   0: 0: 0
2021-08-05 13:09:06,724 - isca - DEBUG - Integration completed through   11 May  7   0: 0: 0
2021-08-05 13:09:08,001 - isca - DEBUG - Integration completed through   11 May  8   0: 0: 0
2021-08-05 13:09:09,351 - isca - DEBUG - Integration completed through   11 May  9   0: 0: 0
2021-08-05 13:09:10,551 - isca - DEBUG - Integration completed through   11 May 10   0: 0: 0
2021-08-05 13:09:11,882 - isca - DEBUG - Integration completed through   11 May 11   0: 0: 0
2021-08-05 13:09:13,207 - isca - DEBUG - Integration completed through   11 May 12   0: 0: 0
2021-08-05 13:09:14,513 - isca - DEBUG - Integration completed through   11 May 13   0: 0: 0
2021-08-05 13:09:15,847 - isca - DEBUG - Integration completed through   11 May 14   0: 0: 0
2021-08-05 13:09:17,140 - isca - DEBUG - Integration completed through   11 May 15   0: 0: 0
2021-08-05 13:09:18,411 - isca - DEBUG - Integration completed through   11 May 16   0: 0: 0
2021-08-05 13:09:19,728 - isca - DEBUG - Integration completed through   11 May 17   0: 0: 0
2021-08-05 13:09:21,052 - isca - DEBUG - Integration completed through   11 May 18   0: 0: 0
2021-08-05 13:09:22,329 - isca - DEBUG - Integration completed through   11 May 19   0: 0: 0
2021-08-05 13:09:23,631 - isca - DEBUG - Integration completed through   11 May 20   0: 0: 0
2021-08-05 13:09:24,825 - isca - DEBUG - Integration completed through   11 May 21   0: 0: 0
2021-08-05 13:09:26,145 - isca - DEBUG - Integration completed through   11 May 22   0: 0: 0
2021-08-05 13:09:27,486 - isca - DEBUG - Integration completed through   11 May 23   0: 0: 0
2021-08-05 13:09:28,688 - isca - DEBUG - Integration completed through   11 May 24   0: 0: 0
2021-08-05 13:09:30,049 - isca - DEBUG - Integration completed through   11 May 25   0: 0: 0
2021-08-05 13:09:31,358 - isca - DEBUG - Integration completed through   11 May 26   0: 0: 0
2021-08-05 13:09:32,667 - isca - DEBUG - Integration completed through   11 May 27   0: 0: 0
2021-08-05 13:09:33,972 - isca - DEBUG - Integration completed through   11 May 28   0: 0: 0
2021-08-05 13:09:35,272 - isca - DEBUG - Integration completed through   11 May 29   0: 0: 0
2021-08-05 13:09:36,569 - isca - DEBUG - Integration completed through   11 May 30   0: 0: 0
2021-08-05 13:09:37,935 - isca - DEBUG - Integration completed through   11 Jun  1   0: 0: 0
2021-08-05 13:09:39,165 - isca - DEBUG - Integration completed through   11 Jun  2   0: 0: 0
2021-08-05 13:09:40,452 - isca - DEBUG - Integration completed through   11 Jun  3   0: 0: 0
2021-08-05 13:09:41,896 - isca - DEBUG - Integration completed through   11 Jun  4   0: 0: 0
2021-08-05 13:09:43,096 - isca - DEBUG - Integration completed through   11 Jun  5   0: 0: 0
2021-08-05 13:09:44,461 - isca - DEBUG - Integration completed through   11 Jun  6   0: 0: 0
2021-08-05 13:09:45,781 - isca - DEBUG - Integration completed through   11 Jun  7   0: 0: 0
2021-08-05 13:09:47,076 - isca - DEBUG - Integration completed through   11 Jun  8   0: 0: 0
2021-08-05 13:09:48,416 - isca - DEBUG - Integration completed through   11 Jun  9   0: 0: 0
2021-08-05 13:09:49,708 - isca - DEBUG - Integration completed through   11 Jun 10   0: 0: 0
2021-08-05 13:09:50,970 - isca - DEBUG - Integration completed through   11 Jun 11   0: 0: 0
2021-08-05 13:09:52,290 - isca - DEBUG - Integration completed through   11 Jun 12   0: 0: 0
2021-08-05 13:09:53,616 - isca - DEBUG - Integration completed through   11 Jun 13   0: 0: 0
2021-08-05 13:09:54,982 - isca - DEBUG - Integration completed through   11 Jun 14   0: 0: 0
2021-08-05 13:09:56,299 - isca - DEBUG - Integration completed through   11 Jun 15   0: 0: 0
2021-08-05 13:09:57,546 - isca - DEBUG - Integration completed through   11 Jun 16   0: 0: 0
2021-08-05 13:09:58,885 - isca - DEBUG - Integration completed through   11 Jun 17   0: 0: 0
2021-08-05 13:10:00,254 - isca - DEBUG - Integration completed through   11 Jun 18   0: 0: 0
2021-08-05 13:10:01,558 - isca - DEBUG - Integration completed through   11 Jun 19   0: 0: 0
2021-08-05 13:10:02,890 - isca - DEBUG - Integration completed through   11 Jun 20   0: 0: 0
2021-08-05 13:10:04,195 - isca - DEBUG - Integration completed through   11 Jun 21   0: 0: 0
2021-08-05 13:10:05,498 - isca - DEBUG - Integration completed through   11 Jun 22   0: 0: 0
2021-08-05 13:10:06,806 - isca - DEBUG - Integration completed through   11 Jun 23   0: 0: 0
2021-08-05 13:10:08,161 - isca - DEBUG - Integration completed through   11 Jun 24   0: 0: 0
2021-08-05 13:10:09,469 - isca - DEBUG - Integration completed through   11 Jun 25   0: 0: 0
2021-08-05 13:10:10,814 - isca - DEBUG - Integration completed through   11 Jun 26   0: 0: 0
2021-08-05 13:10:12,064 - isca - DEBUG - Integration completed through   11 Jun 27   0: 0: 0
2021-08-05 13:10:13,402 - isca - DEBUG - Integration completed through   11 Jun 28   0: 0: 0
2021-08-05 13:10:14,846 - isca - DEBUG - Integration completed through   11 Jun 29   0: 0: 0
2021-08-05 13:10:16,049 - isca - DEBUG - Integration completed through   11 Jun 30   0: 0: 0
2021-08-05 13:10:17,447 - isca - DEBUG - Integration completed through   11 Jul  1   0: 0: 0
2021-08-05 13:10:18,768 - isca - DEBUG - Integration completed through   11 Jul  2   0: 0: 0
2021-08-05 13:10:20,051 - isca - DEBUG - Integration completed through   11 Jul  3   0: 0: 0
2021-08-05 13:10:21,395 - isca - DEBUG - Integration completed through   11 Jul  4   0: 0: 0
2021-08-05 13:10:22,685 - isca - DEBUG - Integration completed through   11 Jul  5   0: 0: 0
2021-08-05 13:10:23,994 - isca - DEBUG - Integration completed through   11 Jul  6   0: 0: 0
2021-08-05 13:10:25,317 - isca - DEBUG - Integration completed through   11 Jul  7   0: 0: 0
2021-08-05 13:10:26,628 - isca - DEBUG - Integration completed through   11 Jul  8   0: 0: 0
2021-08-05 13:10:27,926 - isca - DEBUG - Integration completed through   11 Jul  9   0: 0: 0
2021-08-05 13:10:29,337 - isca - DEBUG - Integration completed through   11 Jul 10   0: 0: 0
2021-08-05 13:10:30,570 - isca - DEBUG - Integration completed through   11 Jul 11   0: 0: 0
2021-08-05 13:10:31,893 - isca - DEBUG - Integration completed through   11 Jul 12   0: 0: 0
2021-08-05 13:10:33,295 - isca - DEBUG - Integration completed through   11 Jul 13   0: 0: 0
2021-08-05 13:10:34,542 - isca - DEBUG - Integration completed through   11 Jul 14   0: 0: 0
2021-08-05 13:10:35,836 - isca - DEBUG - Integration completed through   11 Jul 15   0: 0: 0
2021-08-05 13:10:37,145 - isca - DEBUG - Integration completed through   11 Jul 16   0: 0: 0
2021-08-05 13:10:38,437 - isca - DEBUG - Integration completed through   11 Jul 17   0: 0: 0
2021-08-05 13:10:39,739 - isca - DEBUG - Integration completed through   11 Jul 18   0: 0: 0
2021-08-05 13:10:41,036 - isca - DEBUG - Integration completed through   11 Jul 19   0: 0: 0
2021-08-05 13:10:42,293 - isca - DEBUG - Integration completed through   11 Jul 20   0: 0: 0
2021-08-05 13:10:43,612 - isca - DEBUG - Integration completed through   11 Jul 21   0: 0: 0
2021-08-05 13:10:44,830 - isca - DEBUG - Integration completed through   11 Jul 22   0: 0: 0
2021-08-05 13:10:46,148 - isca - DEBUG - Integration completed through   11 Jul 23   0: 0: 0
2021-08-05 13:10:47,553 - isca - DEBUG - Integration completed through   11 Jul 24   0: 0: 0
2021-08-05 13:10:48,782 - isca - DEBUG - Integration completed through   11 Jul 25   0: 0: 0
2021-08-05 13:10:50,289 - isca - DEBUG - Integration completed through   11 Jul 26   0: 0: 0
2021-08-05 13:10:51,892 - isca - DEBUG - Integration completed through   11 Jul 27   0: 0: 0
2021-08-05 13:10:53,323 - isca - DEBUG - Integration completed through   11 Jul 28   0: 0: 0
2021-08-05 13:10:54,648 - isca - DEBUG - Integration completed through   11 Jul 29   0: 0: 0
2021-08-05 13:10:55,946 - isca - DEBUG - Integration completed through   11 Jul 30   0: 0: 0
2021-08-05 13:10:57,222 - isca - DEBUG - Integration completed through   11 Aug  1   0: 0: 0
2021-08-05 13:10:58,545 - isca - DEBUG - Integration completed through   11 Aug  2   0: 0: 0
2021-08-05 13:10:59,837 - isca - DEBUG - Integration completed through   11 Aug  3   0: 0: 0
2021-08-05 13:11:01,208 - isca - DEBUG - Integration completed through   11 Aug  4   0: 0: 0
2021-08-05 13:11:02,709 - isca - DEBUG - Integration completed through   11 Aug  5   0: 0: 0
2021-08-05 13:11:03,920 - isca - DEBUG - Integration completed through   11 Aug  6   0: 0: 0
2021-08-05 13:11:05,204 - isca - DEBUG - Integration completed through   11 Aug  7   0: 0: 0
2021-08-05 13:11:06,567 - isca - DEBUG - Integration completed through   11 Aug  8   0: 0: 0
2021-08-05 13:11:07,832 - isca - DEBUG - Integration completed through   11 Aug  9   0: 0: 0
2021-08-05 13:11:09,092 - isca - DEBUG - Integration completed through   11 Aug 10   0: 0: 0
2021-08-05 13:11:10,386 - isca - DEBUG - Integration completed through   11 Aug 11   0: 0: 0
2021-08-05 13:11:11,663 - isca - DEBUG - Integration completed through   11 Aug 12   0: 0: 0
2021-08-05 13:11:12,936 - isca - DEBUG - Integration completed through   11 Aug 13   0: 0: 0
2021-08-05 13:11:14,261 - isca - DEBUG - Integration completed through   11 Aug 14   0: 0: 0
2021-08-05 13:11:15,554 - isca - DEBUG - Integration completed through   11 Aug 15   0: 0: 0
2021-08-05 13:11:16,909 - isca - DEBUG - Integration completed through   11 Aug 16   0: 0: 0
2021-08-05 13:11:18,144 - isca - DEBUG - Integration completed through   11 Aug 17   0: 0: 0
2021-08-05 13:11:19,488 - isca - DEBUG - Integration completed through   11 Aug 18   0: 0: 0
2021-08-05 13:11:20,946 - isca - DEBUG - Integration completed through   11 Aug 19   0: 0: 0
2021-08-05 13:11:22,163 - isca - DEBUG - Integration completed through   11 Aug 20   0: 0: 0
2021-08-05 13:11:23,523 - isca - DEBUG - Integration completed through   11 Aug 21   0: 0: 0
2021-08-05 13:11:24,834 - isca - DEBUG - Integration completed through   11 Aug 22   0: 0: 0
2021-08-05 13:11:26,150 - isca - DEBUG - Integration completed through   11 Aug 23   0: 0: 0
2021-08-05 13:11:27,487 - isca - DEBUG - Integration completed through   11 Aug 24   0: 0: 0
2021-08-05 13:11:28,801 - isca - DEBUG - Integration completed through   11 Aug 25   0: 0: 0
2021-08-05 13:11:30,100 - isca - DEBUG - Integration completed through   11 Aug 26   0: 0: 0
2021-08-05 13:11:31,394 - isca - DEBUG - Integration completed through   11 Aug 27   0: 0: 0
2021-08-05 13:11:32,701 - isca - DEBUG - Integration completed through   11 Aug 28   0: 0: 0
2021-08-05 13:11:34,057 - isca - DEBUG - Integration completed through   11 Aug 29   0: 0: 0
2021-08-05 13:11:35,458 - isca - DEBUG - Integration completed through   11 Aug 30   0: 0: 0
2021-08-05 13:11:36,659 - isca - DEBUG - Integration completed through   11 Sep  1   0: 0: 0
2021-08-05 13:11:37,978 - isca - DEBUG - Integration completed through   11 Sep  2   0: 0: 0
2021-08-05 13:11:39,316 - isca - DEBUG - Integration completed through   11 Sep  3   0: 0: 0
2021-08-05 13:11:40,606 - isca - DEBUG - Integration completed through   11 Sep  4   0: 0: 0
2021-08-05 13:11:41,968 - isca - DEBUG - Integration completed through   11 Sep  5   0: 0: 0
2021-08-05 13:11:43,294 - isca - DEBUG - Integration completed through   11 Sep  6   0: 0: 0
2021-08-05 13:11:44,601 - isca - DEBUG - Integration completed through   11 Sep  7   0: 0: 0
2021-08-05 13:11:46,043 - isca - DEBUG - Integration completed through   11 Sep  8   0: 0: 0
2021-08-05 13:11:47,335 - isca - DEBUG - Integration completed through   11 Sep  9   0: 0: 0
2021-08-05 13:11:48,590 - isca - DEBUG - Integration completed through   11 Sep 10   0: 0: 0
2021-08-05 13:11:49,948 - isca - DEBUG - Integration completed through   11 Sep 11   0: 0: 0
2021-08-05 13:11:51,155 - isca - DEBUG - Integration completed through   11 Sep 12   0: 0: 0
2021-08-05 13:11:52,462 - isca - DEBUG - Integration completed through   11 Sep 13   0: 0: 0
2021-08-05 13:11:53,904 - isca - DEBUG - Integration completed through   11 Sep 14   0: 0: 0
2021-08-05 13:11:55,119 - isca - DEBUG - Integration completed through   11 Sep 15   0: 0: 0
2021-08-05 13:11:56,411 - isca - DEBUG - Integration completed through   11 Sep 16   0: 0: 0
2021-08-05 13:11:57,765 - isca - DEBUG - Integration completed through   11 Sep 17   0: 0: 0
2021-08-05 13:11:59,027 - isca - DEBUG - Integration completed through   11 Sep 18   0: 0: 0
2021-08-05 13:12:00,355 - isca - DEBUG - Integration completed through   11 Sep 19   0: 0: 0
2021-08-05 13:12:01,681 - isca - DEBUG - Integration completed through   11 Sep 20   0: 0: 0
2021-08-05 13:12:02,963 - isca - DEBUG - Integration completed through   11 Sep 21   0: 0: 0
2021-08-05 13:12:04,295 - isca - DEBUG - Integration completed through   11 Sep 22   0: 0: 0
2021-08-05 13:12:05,615 - isca - DEBUG - Integration completed through   11 Sep 23   0: 0: 0
2021-08-05 13:12:06,946 - isca - DEBUG - Integration completed through   11 Sep 24   0: 0: 0
2021-08-05 13:12:08,364 - isca - DEBUG - Integration completed through   11 Sep 25   0: 0: 0
2021-08-05 13:12:09,590 - isca - DEBUG - Integration completed through   11 Sep 26   0: 0: 0
2021-08-05 13:12:10,879 - isca - DEBUG - Integration completed through   11 Sep 27   0: 0: 0
2021-08-05 13:12:12,198 - isca - DEBUG - Integration completed through   11 Sep 28   0: 0: 0
2021-08-05 13:12:13,444 - isca - DEBUG - Integration completed through   11 Sep 29   0: 0: 0
2021-08-05 13:12:14,785 - isca - DEBUG - Integration completed through   11 Sep 30   0: 0: 0
2021-08-05 13:12:16,120 - isca - DEBUG - Integration completed through   11 Oct  1   0: 0: 0
2021-08-05 13:12:17,403 - isca - DEBUG - Integration completed through   11 Oct  2   0: 0: 0
2021-08-05 13:12:18,693 - isca - DEBUG - Integration completed through   11 Oct  3   0: 0: 0
2021-08-05 13:12:20,022 - isca - DEBUG - Integration completed through   11 Oct  4   0: 0: 0
2021-08-05 13:12:21,320 - isca - DEBUG - Integration completed through   11 Oct  5   0: 0: 0
2021-08-05 13:12:22,755 - isca - DEBUG - Integration completed through   11 Oct  6   0: 0: 0
2021-08-05 13:12:23,959 - isca - DEBUG - Integration completed through   11 Oct  7   0: 0: 0
2021-08-05 13:12:25,269 - isca - DEBUG - Integration completed through   11 Oct  8   0: 0: 0
2021-08-05 13:12:26,689 - isca - DEBUG - Integration completed through   11 Oct  9   0: 0: 0
2021-08-05 13:12:27,905 - isca - DEBUG - Integration completed through   11 Oct 10   0: 0: 0
2021-08-05 13:12:29,226 - isca - DEBUG - Integration completed through   11 Oct 11   0: 0: 0
2021-08-05 13:12:30,540 - isca - DEBUG - Integration completed through   11 Oct 12   0: 0: 0
2021-08-05 13:12:31,790 - isca - DEBUG - Integration completed through   11 Oct 13   0: 0: 0
2021-08-05 13:12:33,152 - isca - DEBUG - Integration completed through   11 Oct 14   0: 0: 0
2021-08-05 13:12:34,464 - isca - DEBUG - Integration completed through   11 Oct 15   0: 0: 0
2021-08-05 13:12:35,739 - isca - DEBUG - Integration completed through   11 Oct 16   0: 0: 0
2021-08-05 13:12:37,052 - isca - DEBUG - Integration completed through   11 Oct 17   0: 0: 0
2021-08-05 13:12:38,326 - isca - DEBUG - Integration completed through   11 Oct 18   0: 0: 0
2021-08-05 13:12:39,587 - isca - DEBUG - Integration completed through   11 Oct 19   0: 0: 0
2021-08-05 13:12:40,922 - isca - DEBUG - Integration completed through   11 Oct 20   0: 0: 0
2021-08-05 13:12:42,109 - isca - DEBUG - Integration completed through   11 Oct 21   0: 0: 0
2021-08-05 13:12:43,386 - isca - DEBUG - Integration completed through   11 Oct 22   0: 0: 0
2021-08-05 13:12:44,731 - isca - DEBUG - Integration completed through   11 Oct 23   0: 0: 0
2021-08-05 13:12:45,987 - isca - DEBUG - Integration completed through   11 Oct 24   0: 0: 0
2021-08-05 13:12:48,072 - isca - DEBUG - Integration completed through   11 Oct 25   0: 0: 0
2021-08-05 13:12:49,357 - isca - DEBUG - Integration completed through   11 Oct 26   0: 0: 0
2021-08-05 13:12:50,605 - isca - DEBUG - Integration completed through   11 Oct 27   0: 0: 0
2021-08-05 13:12:51,850 - isca - DEBUG - Integration completed through   11 Oct 28   0: 0: 0
2021-08-05 13:12:53,131 - isca - DEBUG - Integration completed through   11 Oct 29   0: 0: 0
2021-08-05 13:12:54,388 - isca - DEBUG - Integration completed through   11 Oct 30   0: 0: 0
2021-08-05 13:12:55,733 - isca - DEBUG - Integration completed through   11 Nov  1   0: 0: 0
2021-08-05 13:12:57,007 - isca - DEBUG - Integration completed through   11 Nov  2   0: 0: 0
2021-08-05 13:12:58,344 - isca - DEBUG - Integration completed through   11 Nov  3   0: 0: 0
2021-08-05 13:12:59,757 - isca - DEBUG - Integration completed through   11 Nov  4   0: 0: 0
2021-08-05 13:13:00,964 - isca - DEBUG - Integration completed through   11 Nov  5   0: 0: 0
2021-08-05 13:13:02,329 - isca - DEBUG - Integration completed through   11 Nov  6   0: 0: 0
2021-08-05 13:13:03,685 - isca - DEBUG - Integration completed through   11 Nov  7   0: 0: 0
2021-08-05 13:13:04,971 - isca - DEBUG - Integration completed through   11 Nov  8   0: 0: 0
2021-08-05 13:13:06,352 - isca - DEBUG - Integration completed through   11 Nov  9   0: 0: 0
2021-08-05 13:13:07,669 - isca - DEBUG - Integration completed through   11 Nov 10   0: 0: 0
2021-08-05 13:13:08,920 - isca - DEBUG - Integration completed through   11 Nov 11   0: 0: 0
2021-08-05 13:13:10,250 - isca - DEBUG - Integration completed through   11 Nov 12   0: 0: 0
2021-08-05 13:13:11,490 - isca - DEBUG - Integration completed through   11 Nov 13   0: 0: 0
2021-08-05 13:13:12,823 - isca - DEBUG - Integration completed through   11 Nov 14   0: 0: 0
2021-08-05 13:13:14,227 - isca - DEBUG - Integration completed through   11 Nov 15   0: 0: 0
2021-08-05 13:13:15,446 - isca - DEBUG - Integration completed through   11 Nov 16   0: 0: 0
2021-08-05 13:13:16,744 - isca - DEBUG - Integration completed through   11 Nov 17   0: 0: 0
2021-08-05 13:13:18,127 - isca - DEBUG - Integration completed through   11 Nov 18   0: 0: 0
2021-08-05 13:13:19,435 - isca - DEBUG - Integration completed through   11 Nov 19   0: 0: 0
2021-08-05 13:13:20,754 - isca - DEBUG - Integration completed through   11 Nov 20   0: 0: 0
2021-08-05 13:13:22,047 - isca - DEBUG - Integration completed through   11 Nov 21   0: 0: 0
2021-08-05 13:13:23,353 - isca - DEBUG - Integration completed through   11 Nov 22   0: 0: 0
2021-08-05 13:13:24,631 - isca - DEBUG - Integration completed through   11 Nov 23   0: 0: 0
2021-08-05 13:13:25,934 - isca - DEBUG - Integration completed through   11 Nov 24   0: 0: 0
2021-08-05 13:13:27,203 - isca - DEBUG - Integration completed through   11 Nov 25   0: 0: 0
2021-08-05 13:13:28,595 - isca - DEBUG - Integration completed through   11 Nov 26   0: 0: 0
2021-08-05 13:13:29,794 - isca - DEBUG - Integration completed through   11 Nov 27   0: 0: 0
2021-08-05 13:13:31,121 - isca - DEBUG - Integration completed through   11 Nov 28   0: 0: 0
2021-08-05 13:13:32,458 - isca - DEBUG - Integration completed through   11 Nov 29   0: 0: 0
2021-08-05 13:13:33,673 - isca - DEBUG - Integration completed through   11 Nov 30   0: 0: 0
2021-08-05 13:13:35,037 - isca - DEBUG - Integration completed through   11 Dec  1   0: 0: 0
2021-08-05 13:13:36,388 - isca - DEBUG - Integration completed through   11 Dec  2   0: 0: 0
2021-08-05 13:13:37,663 - isca - DEBUG - Integration completed through   11 Dec  3   0: 0: 0
2021-08-05 13:13:39,045 - isca - DEBUG - Integration completed through   11 Dec  4   0: 0: 0
2021-08-05 13:13:40,324 - isca - DEBUG - Integration completed through   11 Dec  5   0: 0: 0
2021-08-05 13:13:41,632 - isca - DEBUG - Integration completed through   11 Dec  6   0: 0: 0
2021-08-05 13:13:42,944 - isca - DEBUG - Integration completed through   11 Dec  7   0: 0: 0
2021-08-05 13:13:44,164 - isca - DEBUG - Integration completed through   11 Dec  8   0: 0: 0
2021-08-05 13:13:45,417 - isca - DEBUG - Integration completed through   11 Dec  9   0: 0: 0
2021-08-05 13:13:46,777 - isca - DEBUG - Integration completed through   11 Dec 10   0: 0: 0
2021-08-05 13:13:47,970 - isca - DEBUG - Integration completed through   11 Dec 11   0: 0: 0
2021-08-05 13:13:49,311 - isca - DEBUG - Integration completed through   11 Dec 12   0: 0: 0
2021-08-05 13:13:50,680 - isca - DEBUG - Integration completed through   11 Dec 13   0: 0: 0
2021-08-05 13:13:51,933 - isca - DEBUG - Integration completed through   11 Dec 14   0: 0: 0
2021-08-05 13:13:53,309 - isca - DEBUG - Integration completed through   11 Dec 15   0: 0: 0
2021-08-05 13:13:54,570 - isca - DEBUG - Integration completed through   11 Dec 16   0: 0: 0
2021-08-05 13:13:55,861 - isca - DEBUG - Integration completed through   11 Dec 17   0: 0: 0
2021-08-05 13:13:57,162 - isca - DEBUG - Integration completed through   11 Dec 18   0: 0: 0
2021-08-05 13:13:58,446 - isca - DEBUG - Integration completed through   11 Dec 19   0: 0: 0
2021-08-05 13:13:59,796 - isca - DEBUG - Integration completed through   11 Dec 20   0: 0: 0
2021-08-05 13:14:01,170 - isca - DEBUG - Integration completed through   11 Dec 21   0: 0: 0
2021-08-05 13:14:02,419 - isca - DEBUG - Integration completed through   11 Dec 22   0: 0: 0
2021-08-05 13:14:03,725 - isca - DEBUG - Integration completed through   11 Dec 23   0: 0: 0
2021-08-05 13:14:05,088 - isca - DEBUG - Integration completed through   11 Dec 24   0: 0: 0
2021-08-05 13:14:06,307 - isca - DEBUG - Integration completed through   11 Dec 25   0: 0: 0
2021-08-05 13:14:07,655 - isca - DEBUG - Integration completed through   11 Dec 26   0: 0: 0
2021-08-05 13:14:08,979 - isca - DEBUG - Integration completed through   11 Dec 27   0: 0: 0
2021-08-05 13:14:10,283 - isca - DEBUG - Integration completed through   11 Dec 28   0: 0: 0
2021-08-05 13:14:11,660 - isca - DEBUG - Integration completed through   11 Dec 29   0: 0: 0
2021-08-05 13:14:13,006 - isca - DEBUG - Integration completed through   11 Dec 30   0: 0: 0
2021-08-05 13:14:14,283 - isca - DEBUG - Integration completed through   12 Jan  1   0: 0: 0
2021-08-05 13:14:14,444 - isca - DEBUG - NOTE from PE    0: MPP_IO_SET_STACK_SIZE: stack size set to     245760.
2021-08-05 13:14:15,199 - isca - DEBUG - MPP_DOMAINS_STACK high water mark=       30720
2021-08-05 13:14:15,199 - isca - DEBUG - 
2021-08-05 13:14:15,199 - isca - DEBUG - Tabulating mpp_clock statistics across     32 PEs...
2021-08-05 13:14:15,199 - isca - DEBUG - 
2021-08-05 13:14:15,199 - isca - DEBUG - tmin          tmax          tavg          tstd  tfrac grain pemin pemax
2021-08-05 13:14:15,200 - isca - DEBUG - Total runtime                       475.902708    475.902714    475.902712      0.000001  1.000     0     0    31
2021-08-05 13:14:15,200 - isca - DEBUG - MPP_STACK high water mark=           0
2021-08-05 13:14:15,320 - isca - INFO - Run 1 complete
2021-08-05 13:16:48,327 - isca - DEBUG - atmos_monthly.nc combined and copied to data directory
2021-08-05 13:16:50,606 - isca - INFO - Restart archive created at /network/group/aopp/planetary/PLR018_LEWIS_VENUS2/isca_data/GREY_T42L30fr_Drnl_om_1_10_a_1_1_ps_1_1_12hrly/restarts/res0001.tar.gz
2021-08-05 13:16:50,864 - isca - INFO - Writing namelist to '/network/group/aopp/planetary/PLR018_LEWIS_VENUS2/isca_data/GREY_T42L30fr_Drnl_om_1_10_a_1_1_ps_1_1_12hrly/run0001/input.nml'
2021-08-05 13:16:50,921 - isca - INFO - Writing field_table to '/network/group/aopp/planetary/PLR018_LEWIS_VENUS2/isca_data/GREY_T42L30fr_Drnl_om_1_10_a_1_1_ps_1_1_12hrly/run0001/field_table'
2021-08-05 13:16:51,007 - isca - INFO - Writing diag_table to '/network/group/aopp/planetary/PLR018_LEWIS_VENUS2/isca_data/GREY_T42L30fr_Drnl_om_1_10_a_1_1_ps_1_1_12hrly/run0001/diag_table'
2021-08-05 13:16:52,331 - isca - INFO - Emptied run directory '/network/group/aopp/planetary/PLR018_LEWIS_VENUS2/isca_work/experiment/GREY_T42L30fr_Drnl_om_1_10_a_1_1_ps_1_1_12hrly/run'
