/home/lewis/.bashrc: line 75: goisca: command not found
2021-08-10 11:22:41,088 - isca - WARNING - Environment variable GFDL_SOC not set, but this is only required if using SocratesCodebase. Setting to None
2021-08-10 11:22:41,423 - isca - INFO - RRTM compilation disabled.
2021-08-10 11:22:41,423 - isca - INFO - SOCRATES compilation disabled.
2021-08-10 11:22:41,440 - isca - INFO - Writing path_names to '/network/group/aopp/planetary/PLR018_LEWIS_VENUS2/isca_work/codebase/_home_lewis_research_isca_dir_Isca/build/grey_isca/path_names'
2021-08-10 11:22:41,461 - isca - INFO - Running compiler
2021-08-10 11:22:41,506 - isca - INFO - loadmodules for oxford machines
2021-08-10 11:22:41,950 - isca - INFO - [?1h=Currently Loaded Modulefiles:[m
2021-08-10 11:22:41,974 - isca - INFO - 1) physicspaths/2.0         6) otheros/generic-arc          [m
2021-08-10 11:22:41,975 - isca - INFO - 2) otheros/generic-oxphys   7) intel-compilers/2018upd4     [m
2021-08-10 11:22:41,975 - isca - INFO - 3) otheros/ubuntu_bionic    8) intel-mpi/2015               [m
2021-08-10 11:22:41,975 - isca - INFO - 4) otheros/ubuntu_trusty    9) netcdf/netcdf-c-4.7.3        [m
2021-08-10 11:22:41,975 - isca - INFO - 5) arcpaths/1.0            10) netcdf/netcdf-fortran-4.5.2  [m
2021-08-10 11:22:41,995 - isca - INFO - [K[?1l>/network/group/aopp/planetary/PLR018_LEWIS_VENUS2/isca_work/codebase/_home_lewis_research_isca_dir_Isca/build/grey_isca/path_names
2021-08-10 11:22:51,486 - isca - INFO - .............................................................................................................................. Makefile is ready.
2021-08-10 11:22:51,913 - isca - INFO - make: Nothing to be done for 'all'.
2021-08-10 11:22:52,419 - isca - INFO - make: 'grey_isca.x' is up to date.
2021-08-10 11:22:52,421 - isca - INFO - Compilation complete.
2021-08-10 11:22:52,426 - isca - DEBUG - Making directory '/network/group/aopp/planetary/PLR018_LEWIS_VENUS2/isca_work/experiment/GREY_T42L30fr_TL_om_1_4_a_1_1_ps_1_1_entr_tautrue_newdry'
2021-08-10 11:22:52,517 - isca - WARNING - Tried to remove run directory but it doesnt exist
2021-08-10 11:22:52,606 - isca - INFO - Emptied run directory '/network/group/aopp/planetary/PLR018_LEWIS_VENUS2/isca_work/experiment/GREY_T42L30fr_TL_om_1_4_a_1_1_ps_1_1_entr_tautrue_newdry/run'
2021-08-10 11:22:52,731 - isca - INFO - Emptied run directory '/network/group/aopp/planetary/PLR018_LEWIS_VENUS2/isca_work/experiment/GREY_T42L30fr_TL_om_1_4_a_1_1_ps_1_1_entr_tautrue_newdry/run'
2021-08-10 11:22:53,665 - isca - INFO - Writing namelist to '/network/group/aopp/planetary/PLR018_LEWIS_VENUS2/isca_work/experiment/GREY_T42L30fr_TL_om_1_4_a_1_1_ps_1_1_entr_tautrue_newdry/run/input.nml'
2021-08-10 11:22:53,730 - isca - INFO - Writing field_table to '/network/group/aopp/planetary/PLR018_LEWIS_VENUS2/isca_work/experiment/GREY_T42L30fr_TL_om_1_4_a_1_1_ps_1_1_entr_tautrue_newdry/run/field_table'
2021-08-10 11:22:53,749 - isca - INFO - Writing diag_table to '/network/group/aopp/planetary/PLR018_LEWIS_VENUS2/isca_work/experiment/GREY_T42L30fr_TL_om_1_4_a_1_1_ps_1_1_entr_tautrue_newdry/run/diag_table'
2021-08-10 11:22:53,768 - isca - INFO - Running without restart file
2021-08-10 11:22:53,780 - isca - INFO - Beginning run 1
2021-08-10 11:22:53,795 - isca - INFO - process running as 37757
2021-08-10 11:22:53,824 - isca - DEBUG - loadmodules for oxford machines
2021-08-10 11:22:54,246 - isca - DEBUG - [?1h=Currently Loaded Modulefiles:[m
2021-08-10 11:22:54,268 - isca - DEBUG - 1) physicspaths/2.0         6) otheros/generic-arc          [m
2021-08-10 11:22:54,268 - isca - DEBUG - 2) otheros/generic-oxphys   7) intel-compilers/2018upd4     [m
2021-08-10 11:22:54,269 - isca - DEBUG - 3) otheros/ubuntu_bionic    8) intel-mpi/2015               [m
2021-08-10 11:22:54,269 - isca - DEBUG - 4) otheros/ubuntu_trusty    9) netcdf/netcdf-c-4.7.3        [m
2021-08-10 11:22:54,269 - isca - DEBUG - 5) arcpaths/1.0            10) netcdf/netcdf-fortran-4.5.2  [m
2021-08-10 11:22:54,699 - isca - DEBUG - [K[?1l>NOTE from PE    0: MPP_DOMAINS_SET_STACK_SIZE: stack size set to    32768.
2021-08-10 11:22:54,700 - isca - DEBUG - &MPP_IO_NML
2021-08-10 11:22:54,700 - isca - DEBUG - HEADER_BUFFER_VAL       =       16384,
2021-08-10 11:22:54,700 - isca - DEBUG - GLOBAL_FIELD_ON_ROOT_PE = T,
2021-08-10 11:22:54,700 - isca - DEBUG - IO_CLOCKS_ON    = F,
2021-08-10 11:22:54,700 - isca - DEBUG - SHUFFLE =           0,
2021-08-10 11:22:54,700 - isca - DEBUG - DEFLATE_LEVEL   =          -1
2021-08-10 11:22:54,700 - isca - DEBUG - /
2021-08-10 11:22:54,702 - isca - DEBUG - NOTE from PE    0: MPP_IO_SET_STACK_SIZE: stack size set to     131072.
2021-08-10 11:22:54,704 - isca - DEBUG - NOTE from PE    0: MPP_DOMAINS_SET_STACK_SIZE: stack size set to   600000.
2021-08-10 11:22:54,969 - isca - DEBUG - starting            1  OpenMP threads per MPI-task
2021-08-10 11:22:54,981 - isca - DEBUG - ATMOS MODEL DOMAIN DECOMPOSITION
2021-08-10 11:22:54,981 - isca - DEBUG - X-AXIS =  128
2021-08-10 11:22:54,981 - isca - DEBUG - Y-AXIS =    2   2   2   2   2   2   2   2   2   2   2   2   2   2   2   2   2   2   2   2   2   2   2   2
2021-08-10 11:22:54,981 - isca - DEBUG - 2   2   2   2   2   2   2   2
2021-08-10 11:22:55,312 - isca - DEBUG - mean surface pressure=1000.0000 mb
2021-08-10 11:22:55,431 - isca - DEBUG - NOTE from PE    0: idealized_moist_phys: Using dry convection scheme.
2021-08-10 11:22:57,827 - isca - DEBUG - Integration completed through    1 Jan  2   0: 0: 0
2021-08-10 11:22:59,291 - isca - DEBUG - Integration completed through    1 Jan  3   0: 0: 0
2021-08-10 11:23:00,774 - isca - DEBUG - Integration completed through    1 Jan  4   0: 0: 0
2021-08-10 11:23:02,251 - isca - DEBUG - Integration completed through    1 Jan  5   0: 0: 0
2021-08-10 11:23:03,733 - isca - DEBUG - Integration completed through    1 Jan  6   0: 0: 0
2021-08-10 11:23:05,216 - isca - DEBUG - Integration completed through    1 Jan  7   0: 0: 0
2021-08-10 11:23:06,698 - isca - DEBUG - Integration completed through    1 Jan  8   0: 0: 0
2021-08-10 11:23:08,183 - isca - DEBUG - Integration completed through    1 Jan  9   0: 0: 0
2021-08-10 11:23:09,668 - isca - DEBUG - Integration completed through    1 Jan 10   0: 0: 0
2021-08-10 11:23:11,152 - isca - DEBUG - Integration completed through    1 Jan 11   0: 0: 0
2021-08-10 11:23:12,645 - isca - DEBUG - Integration completed through    1 Jan 12   0: 0: 0
2021-08-10 11:23:14,133 - isca - DEBUG - Integration completed through    1 Jan 13   0: 0: 0
2021-08-10 11:23:15,625 - isca - DEBUG - Integration completed through    1 Jan 14   0: 0: 0
2021-08-10 11:23:17,121 - isca - DEBUG - Integration completed through    1 Jan 15   0: 0: 0
2021-08-10 11:23:18,619 - isca - DEBUG - Integration completed through    1 Jan 16   0: 0: 0
2021-08-10 11:23:20,113 - isca - DEBUG - Integration completed through    1 Jan 17   0: 0: 0
2021-08-10 11:23:21,611 - isca - DEBUG - Integration completed through    1 Jan 18   0: 0: 0
2021-08-10 11:23:23,125 - isca - DEBUG - Integration completed through    1 Jan 19   0: 0: 0
2021-08-10 11:23:24,628 - isca - DEBUG - Integration completed through    1 Jan 20   0: 0: 0
2021-08-10 11:23:26,162 - isca - DEBUG - Integration completed through    1 Jan 21   0: 0: 0
2021-08-10 11:23:27,752 - isca - DEBUG - Integration completed through    1 Jan 22   0: 0: 0
2021-08-10 11:23:29,260 - isca - DEBUG - Integration completed through    1 Jan 23   0: 0: 0
2021-08-10 11:23:30,767 - isca - DEBUG - Integration completed through    1 Jan 24   0: 0: 0
2021-08-10 11:23:32,271 - isca - DEBUG - Integration completed through    1 Jan 25   0: 0: 0
2021-08-10 11:23:33,778 - isca - DEBUG - Integration completed through    1 Jan 26   0: 0: 0
2021-08-10 11:23:35,281 - isca - DEBUG - Integration completed through    1 Jan 27   0: 0: 0
2021-08-10 11:23:36,787 - isca - DEBUG - Integration completed through    1 Jan 28   0: 0: 0
2021-08-10 11:23:38,292 - isca - DEBUG - Integration completed through    1 Jan 29   0: 0: 0
2021-08-10 11:23:39,797 - isca - DEBUG - Integration completed through    1 Jan 30   0: 0: 0
2021-08-10 11:23:41,304 - isca - DEBUG - Integration completed through    1 Feb  1   0: 0: 0
2021-08-10 11:23:44,010 - isca - DEBUG - Integration completed through    1 Feb  2   0: 0: 0
2021-08-10 11:23:45,516 - isca - DEBUG - Integration completed through    1 Feb  3   0: 0: 0
2021-08-10 11:23:47,022 - isca - DEBUG - Integration completed through    1 Feb  4   0: 0: 0
2021-08-10 11:23:48,528 - isca - DEBUG - Integration completed through    1 Feb  5   0: 0: 0
2021-08-10 11:23:50,032 - isca - DEBUG - Integration completed through    1 Feb  6   0: 0: 0
2021-08-10 11:23:51,533 - isca - DEBUG - Integration completed through    1 Feb  7   0: 0: 0
2021-08-10 11:23:53,039 - isca - DEBUG - Integration completed through    1 Feb  8   0: 0: 0
2021-08-10 11:23:54,544 - isca - DEBUG - Integration completed through    1 Feb  9   0: 0: 0
2021-08-10 11:23:56,051 - isca - DEBUG - Integration completed through    1 Feb 10   0: 0: 0
2021-08-10 11:23:57,556 - isca - DEBUG - Integration completed through    1 Feb 11   0: 0: 0
2021-08-10 11:23:59,058 - isca - DEBUG - Integration completed through    1 Feb 12   0: 0: 0
2021-08-10 11:24:00,568 - isca - DEBUG - Integration completed through    1 Feb 13   0: 0: 0
2021-08-10 11:24:02,074 - isca - DEBUG - Integration completed through    1 Feb 14   0: 0: 0
2021-08-10 11:24:03,578 - isca - DEBUG - Integration completed through    1 Feb 15   0: 0: 0
2021-08-10 11:24:05,086 - isca - DEBUG - Integration completed through    1 Feb 16   0: 0: 0
2021-08-10 11:24:06,588 - isca - DEBUG - Integration completed through    1 Feb 17   0: 0: 0
2021-08-10 11:24:08,089 - isca - DEBUG - Integration completed through    1 Feb 18   0: 0: 0
2021-08-10 11:24:09,593 - isca - DEBUG - Integration completed through    1 Feb 19   0: 0: 0
2021-08-10 11:24:11,099 - isca - DEBUG - Integration completed through    1 Feb 20   0: 0: 0
2021-08-10 11:24:12,605 - isca - DEBUG - Integration completed through    1 Feb 21   0: 0: 0
2021-08-10 11:24:14,109 - isca - DEBUG - Integration completed through    1 Feb 22   0: 0: 0
2021-08-10 11:24:15,612 - isca - DEBUG - Integration completed through    1 Feb 23   0: 0: 0
2021-08-10 11:24:17,116 - isca - DEBUG - Integration completed through    1 Feb 24   0: 0: 0
2021-08-10 11:24:18,618 - isca - DEBUG - Integration completed through    1 Feb 25   0: 0: 0
2021-08-10 11:24:20,122 - isca - DEBUG - Integration completed through    1 Feb 26   0: 0: 0
2021-08-10 11:24:21,628 - isca - DEBUG - Integration completed through    1 Feb 27   0: 0: 0
2021-08-10 11:24:23,133 - isca - DEBUG - Integration completed through    1 Feb 28   0: 0: 0
2021-08-10 11:24:24,639 - isca - DEBUG - Integration completed through    1 Feb 29   0: 0: 0
2021-08-10 11:24:26,144 - isca - DEBUG - Integration completed through    1 Feb 30   0: 0: 0
2021-08-10 11:24:27,648 - isca - DEBUG - Integration completed through    1 Mar  1   0: 0: 0
2021-08-10 11:24:29,797 - isca - DEBUG - Integration completed through    1 Mar  2   0: 0: 0
2021-08-10 11:24:31,311 - isca - DEBUG - Integration completed through    1 Mar  3   0: 0: 0
2021-08-10 11:24:32,826 - isca - DEBUG - Integration completed through    1 Mar  4   0: 0: 0
2021-08-10 11:24:34,339 - isca - DEBUG - Integration completed through    1 Mar  5   0: 0: 0
2021-08-10 11:24:35,849 - isca - DEBUG - Integration completed through    1 Mar  6   0: 0: 0
2021-08-10 11:24:37,362 - isca - DEBUG - Integration completed through    1 Mar  7   0: 0: 0
2021-08-10 11:24:38,871 - isca - DEBUG - Integration completed through    1 Mar  8   0: 0: 0
2021-08-10 11:24:40,381 - isca - DEBUG - Integration completed through    1 Mar  9   0: 0: 0
2021-08-10 11:24:41,901 - isca - DEBUG - Integration completed through    1 Mar 10   0: 0: 0
2021-08-10 11:24:43,417 - isca - DEBUG - Integration completed through    1 Mar 11   0: 0: 0
2021-08-10 11:24:44,934 - isca - DEBUG - Integration completed through    1 Mar 12   0: 0: 0
2021-08-10 11:24:46,451 - isca - DEBUG - Integration completed through    1 Mar 13   0: 0: 0
2021-08-10 11:24:47,964 - isca - DEBUG - Integration completed through    1 Mar 14   0: 0: 0
2021-08-10 11:24:49,477 - isca - DEBUG - Integration completed through    1 Mar 15   0: 0: 0
2021-08-10 11:24:50,984 - isca - DEBUG - Integration completed through    1 Mar 16   0: 0: 0
2021-08-10 11:24:52,491 - isca - DEBUG - Integration completed through    1 Mar 17   0: 0: 0
2021-08-10 11:24:54,001 - isca - DEBUG - Integration completed through    1 Mar 18   0: 0: 0
2021-08-10 11:24:55,512 - isca - DEBUG - Integration completed through    1 Mar 19   0: 0: 0
2021-08-10 11:24:57,022 - isca - DEBUG - Integration completed through    1 Mar 20   0: 0: 0
2021-08-10 11:24:58,533 - isca - DEBUG - Integration completed through    1 Mar 21   0: 0: 0
2021-08-10 11:25:00,044 - isca - DEBUG - Integration completed through    1 Mar 22   0: 0: 0
2021-08-10 11:25:01,575 - isca - DEBUG - Integration completed through    1 Mar 23   0: 0: 0
2021-08-10 11:25:03,102 - isca - DEBUG - Integration completed through    1 Mar 24   0: 0: 0
2021-08-10 11:25:04,606 - isca - DEBUG - Integration completed through    1 Mar 25   0: 0: 0
2021-08-10 11:25:06,110 - isca - DEBUG - Integration completed through    1 Mar 26   0: 0: 0
2021-08-10 11:25:07,615 - isca - DEBUG - Integration completed through    1 Mar 27   0: 0: 0
2021-08-10 11:25:09,121 - isca - DEBUG - Integration completed through    1 Mar 28   0: 0: 0
2021-08-10 11:25:10,627 - isca - DEBUG - Integration completed through    1 Mar 29   0: 0: 0
2021-08-10 11:25:12,136 - isca - DEBUG - Integration completed through    1 Mar 30   0: 0: 0
2021-08-10 11:25:13,642 - isca - DEBUG - Integration completed through    1 Apr  1   0: 0: 0
2021-08-10 11:25:15,218 - isca - DEBUG - Integration completed through    1 Apr  2   0: 0: 0
2021-08-10 11:25:16,724 - isca - DEBUG - Integration completed through    1 Apr  3   0: 0: 0
2021-08-10 11:25:18,232 - isca - DEBUG - Integration completed through    1 Apr  4   0: 0: 0
2021-08-10 11:25:19,741 - isca - DEBUG - Integration completed through    1 Apr  5   0: 0: 0
2021-08-10 11:25:21,247 - isca - DEBUG - Integration completed through    1 Apr  6   0: 0: 0
2021-08-10 11:25:22,752 - isca - DEBUG - Integration completed through    1 Apr  7   0: 0: 0
2021-08-10 11:25:24,256 - isca - DEBUG - Integration completed through    1 Apr  8   0: 0: 0
2021-08-10 11:25:25,763 - isca - DEBUG - Integration completed through    1 Apr  9   0: 0: 0
2021-08-10 11:25:27,271 - isca - DEBUG - Integration completed through    1 Apr 10   0: 0: 0
2021-08-10 11:25:28,780 - isca - DEBUG - Integration completed through    1 Apr 11   0: 0: 0
2021-08-10 11:25:30,287 - isca - DEBUG - Integration completed through    1 Apr 12   0: 0: 0
2021-08-10 11:25:31,796 - isca - DEBUG - Integration completed through    1 Apr 13   0: 0: 0
2021-08-10 11:25:33,307 - isca - DEBUG - Integration completed through    1 Apr 14   0: 0: 0
2021-08-10 11:25:34,813 - isca - DEBUG - Integration completed through    1 Apr 15   0: 0: 0
2021-08-10 11:25:36,316 - isca - DEBUG - Integration completed through    1 Apr 16   0: 0: 0
2021-08-10 11:25:37,820 - isca - DEBUG - Integration completed through    1 Apr 17   0: 0: 0
2021-08-10 11:25:39,326 - isca - DEBUG - Integration completed through    1 Apr 18   0: 0: 0
2021-08-10 11:25:40,836 - isca - DEBUG - Integration completed through    1 Apr 19   0: 0: 0
2021-08-10 11:25:42,344 - isca - DEBUG - Integration completed through    1 Apr 20   0: 0: 0
2021-08-10 11:25:43,851 - isca - DEBUG - Integration completed through    1 Apr 21   0: 0: 0
2021-08-10 11:25:45,360 - isca - DEBUG - Integration completed through    1 Apr 22   0: 0: 0
2021-08-10 11:25:46,867 - isca - DEBUG - Integration completed through    1 Apr 23   0: 0: 0
2021-08-10 11:25:48,376 - isca - DEBUG - Integration completed through    1 Apr 24   0: 0: 0
2021-08-10 11:25:49,883 - isca - DEBUG - Integration completed through    1 Apr 25   0: 0: 0
2021-08-10 11:25:51,392 - isca - DEBUG - Integration completed through    1 Apr 26   0: 0: 0
2021-08-10 11:25:53,093 - isca - DEBUG - Integration completed through    1 Apr 27   0: 0: 0
2021-08-10 11:25:55,019 - isca - DEBUG - Integration completed through    1 Apr 28   0: 0: 0
2021-08-10 11:25:56,868 - isca - DEBUG - Integration completed through    1 Apr 29   0: 0: 0
2021-08-10 11:25:58,538 - isca - DEBUG - Integration completed through    1 Apr 30   0: 0: 0
2021-08-10 11:26:00,047 - isca - DEBUG - Integration completed through    1 May  1   0: 0: 0
2021-08-10 11:26:01,680 - isca - DEBUG - Integration completed through    1 May  2   0: 0: 0
2021-08-10 11:26:03,193 - isca - DEBUG - Integration completed through    1 May  3   0: 0: 0
2021-08-10 11:26:04,701 - isca - DEBUG - Integration completed through    1 May  4   0: 0: 0
2021-08-10 11:26:06,210 - isca - DEBUG - Integration completed through    1 May  5   0: 0: 0
2021-08-10 11:26:07,716 - isca - DEBUG - Integration completed through    1 May  6   0: 0: 0
2021-08-10 11:26:09,224 - isca - DEBUG - Integration completed through    1 May  7   0: 0: 0
2021-08-10 11:26:10,732 - isca - DEBUG - Integration completed through    1 May  8   0: 0: 0
2021-08-10 11:26:12,240 - isca - DEBUG - Integration completed through    1 May  9   0: 0: 0
2021-08-10 11:26:13,751 - isca - DEBUG - Integration completed through    1 May 10   0: 0: 0
2021-08-10 11:26:15,256 - isca - DEBUG - Integration completed through    1 May 11   0: 0: 0
2021-08-10 11:26:16,768 - isca - DEBUG - Integration completed through    1 May 12   0: 0: 0
2021-08-10 11:26:18,272 - isca - DEBUG - Integration completed through    1 May 13   0: 0: 0
2021-08-10 11:26:19,777 - isca - DEBUG - Integration completed through    1 May 14   0: 0: 0
2021-08-10 11:26:21,285 - isca - DEBUG - Integration completed through    1 May 15   0: 0: 0
2021-08-10 11:26:22,791 - isca - DEBUG - Integration completed through    1 May 16   0: 0: 0
2021-08-10 11:26:24,308 - isca - DEBUG - Integration completed through    1 May 17   0: 0: 0
2021-08-10 11:26:25,815 - isca - DEBUG - Integration completed through    1 May 18   0: 0: 0
2021-08-10 11:26:27,319 - isca - DEBUG - Integration completed through    1 May 19   0: 0: 0
2021-08-10 11:26:28,827 - isca - DEBUG - Integration completed through    1 May 20   0: 0: 0
2021-08-10 11:26:30,336 - isca - DEBUG - Integration completed through    1 May 21   0: 0: 0
2021-08-10 11:26:31,842 - isca - DEBUG - Integration completed through    1 May 22   0: 0: 0
2021-08-10 11:26:33,351 - isca - DEBUG - Integration completed through    1 May 23   0: 0: 0
2021-08-10 11:26:34,861 - isca - DEBUG - Integration completed through    1 May 24   0: 0: 0
2021-08-10 11:26:36,369 - isca - DEBUG - Integration completed through    1 May 25   0: 0: 0
2021-08-10 11:26:37,878 - isca - DEBUG - Integration completed through    1 May 26   0: 0: 0
2021-08-10 11:26:39,389 - isca - DEBUG - Integration completed through    1 May 27   0: 0: 0
2021-08-10 11:26:40,903 - isca - DEBUG - Integration completed through    1 May 28   0: 0: 0
2021-08-10 11:26:42,415 - isca - DEBUG - Integration completed through    1 May 29   0: 0: 0
2021-08-10 11:26:43,928 - isca - DEBUG - Integration completed through    1 May 30   0: 0: 0
2021-08-10 11:26:45,437 - isca - DEBUG - Integration completed through    1 Jun  1   0: 0: 0
2021-08-10 11:26:47,092 - isca - DEBUG - Integration completed through    1 Jun  2   0: 0: 0
2021-08-10 11:26:48,596 - isca - DEBUG - Integration completed through    1 Jun  3   0: 0: 0
2021-08-10 11:26:50,099 - isca - DEBUG - Integration completed through    1 Jun  4   0: 0: 0
2021-08-10 11:26:51,607 - isca - DEBUG - Integration completed through    1 Jun  5   0: 0: 0
2021-08-10 11:26:53,113 - isca - DEBUG - Integration completed through    1 Jun  6   0: 0: 0
2021-08-10 11:26:54,618 - isca - DEBUG - Integration completed through    1 Jun  7   0: 0: 0
2021-08-10 11:26:56,124 - isca - DEBUG - Integration completed through    1 Jun  8   0: 0: 0
2021-08-10 11:26:57,633 - isca - DEBUG - Integration completed through    1 Jun  9   0: 0: 0
2021-08-10 11:26:59,140 - isca - DEBUG - Integration completed through    1 Jun 10   0: 0: 0
2021-08-10 11:27:00,650 - isca - DEBUG - Integration completed through    1 Jun 11   0: 0: 0
2021-08-10 11:27:02,166 - isca - DEBUG - Integration completed through    1 Jun 12   0: 0: 0
2021-08-10 11:27:03,675 - isca - DEBUG - Integration completed through    1 Jun 13   0: 0: 0
2021-08-10 11:27:05,183 - isca - DEBUG - Integration completed through    1 Jun 14   0: 0: 0
2021-08-10 11:27:06,690 - isca - DEBUG - Integration completed through    1 Jun 15   0: 0: 0
2021-08-10 11:27:08,212 - isca - DEBUG - Integration completed through    1 Jun 16   0: 0: 0
2021-08-10 11:27:09,717 - isca - DEBUG - Integration completed through    1 Jun 17   0: 0: 0
2021-08-10 11:27:11,220 - isca - DEBUG - Integration completed through    1 Jun 18   0: 0: 0
2021-08-10 11:27:12,726 - isca - DEBUG - Integration completed through    1 Jun 19   0: 0: 0
2021-08-10 11:27:14,235 - isca - DEBUG - Integration completed through    1 Jun 20   0: 0: 0
2021-08-10 11:27:15,747 - isca - DEBUG - Integration completed through    1 Jun 21   0: 0: 0
2021-08-10 11:27:17,251 - isca - DEBUG - Integration completed through    1 Jun 22   0: 0: 0
2021-08-10 11:27:18,758 - isca - DEBUG - Integration completed through    1 Jun 23   0: 0: 0
2021-08-10 11:27:20,267 - isca - DEBUG - Integration completed through    1 Jun 24   0: 0: 0
2021-08-10 11:27:21,777 - isca - DEBUG - Integration completed through    1 Jun 25   0: 0: 0
2021-08-10 11:27:23,286 - isca - DEBUG - Integration completed through    1 Jun 26   0: 0: 0
2021-08-10 11:27:24,792 - isca - DEBUG - Integration completed through    1 Jun 27   0: 0: 0
2021-08-10 11:27:26,302 - isca - DEBUG - Integration completed through    1 Jun 28   0: 0: 0
2021-08-10 11:27:27,809 - isca - DEBUG - Integration completed through    1 Jun 29   0: 0: 0
2021-08-10 11:27:29,316 - isca - DEBUG - Integration completed through    1 Jun 30   0: 0: 0
2021-08-10 11:27:30,827 - isca - DEBUG - Integration completed through    1 Jul  1   0: 0: 0
2021-08-10 11:27:32,398 - isca - DEBUG - Integration completed through    1 Jul  2   0: 0: 0
2021-08-10 11:27:33,910 - isca - DEBUG - Integration completed through    1 Jul  3   0: 0: 0
2021-08-10 11:27:35,418 - isca - DEBUG - Integration completed through    1 Jul  4   0: 0: 0
2021-08-10 11:27:36,928 - isca - DEBUG - Integration completed through    1 Jul  5   0: 0: 0
2021-08-10 11:27:38,439 - isca - DEBUG - Integration completed through    1 Jul  6   0: 0: 0
2021-08-10 11:27:39,949 - isca - DEBUG - Integration completed through    1 Jul  7   0: 0: 0
2021-08-10 11:27:41,456 - isca - DEBUG - Integration completed through    1 Jul  8   0: 0: 0
2021-08-10 11:27:42,965 - isca - DEBUG - Integration completed through    1 Jul  9   0: 0: 0
2021-08-10 11:27:44,472 - isca - DEBUG - Integration completed through    1 Jul 10   0: 0: 0
2021-08-10 11:27:45,990 - isca - DEBUG - Integration completed through    1 Jul 11   0: 0: 0
2021-08-10 11:27:47,505 - isca - DEBUG - Integration completed through    1 Jul 12   0: 0: 0
2021-08-10 11:27:49,015 - isca - DEBUG - Integration completed through    1 Jul 13   0: 0: 0
2021-08-10 11:27:50,524 - isca - DEBUG - Integration completed through    1 Jul 14   0: 0: 0
2021-08-10 11:27:52,038 - isca - DEBUG - Integration completed through    1 Jul 15   0: 0: 0
2021-08-10 11:27:53,551 - isca - DEBUG - Integration completed through    1 Jul 16   0: 0: 0
2021-08-10 11:27:55,064 - isca - DEBUG - Integration completed through    1 Jul 17   0: 0: 0
2021-08-10 11:27:56,574 - isca - DEBUG - Integration completed through    1 Jul 18   0: 0: 0
2021-08-10 11:27:58,086 - isca - DEBUG - Integration completed through    1 Jul 19   0: 0: 0
2021-08-10 11:27:59,595 - isca - DEBUG - Integration completed through    1 Jul 20   0: 0: 0
2021-08-10 11:28:01,114 - isca - DEBUG - Integration completed through    1 Jul 21   0: 0: 0
2021-08-10 11:28:02,630 - isca - DEBUG - Integration completed through    1 Jul 22   0: 0: 0
2021-08-10 11:28:04,141 - isca - DEBUG - Integration completed through    1 Jul 23   0: 0: 0
2021-08-10 11:28:05,655 - isca - DEBUG - Integration completed through    1 Jul 24   0: 0: 0
2021-08-10 11:28:07,171 - isca - DEBUG - Integration completed through    1 Jul 25   0: 0: 0
2021-08-10 11:28:08,681 - isca - DEBUG - Integration completed through    1 Jul 26   0: 0: 0
2021-08-10 11:28:10,191 - isca - DEBUG - Integration completed through    1 Jul 27   0: 0: 0
2021-08-10 11:28:11,702 - isca - DEBUG - Integration completed through    1 Jul 28   0: 0: 0
2021-08-10 11:28:13,215 - isca - DEBUG - Integration completed through    1 Jul 29   0: 0: 0
2021-08-10 11:28:14,726 - isca - DEBUG - Integration completed through    1 Jul 30   0: 0: 0
2021-08-10 11:28:16,235 - isca - DEBUG - Integration completed through    1 Aug  1   0: 0: 0
2021-08-10 11:28:17,820 - isca - DEBUG - Integration completed through    1 Aug  2   0: 0: 0
2021-08-10 11:28:19,332 - isca - DEBUG - Integration completed through    1 Aug  3   0: 0: 0
2021-08-10 11:28:20,842 - isca - DEBUG - Integration completed through    1 Aug  4   0: 0: 0
2021-08-10 11:28:22,370 - isca - DEBUG - Integration completed through    1 Aug  5   0: 0: 0
2021-08-10 11:28:23,883 - isca - DEBUG - Integration completed through    1 Aug  6   0: 0: 0
2021-08-10 11:28:25,398 - isca - DEBUG - Integration completed through    1 Aug  7   0: 0: 0
2021-08-10 11:28:26,916 - isca - DEBUG - Integration completed through    1 Aug  8   0: 0: 0
2021-08-10 11:28:28,436 - isca - DEBUG - Integration completed through    1 Aug  9   0: 0: 0
2021-08-10 11:28:29,947 - isca - DEBUG - Integration completed through    1 Aug 10   0: 0: 0
2021-08-10 11:28:31,488 - isca - DEBUG - Integration completed through    1 Aug 11   0: 0: 0
2021-08-10 11:28:33,438 - isca - DEBUG - Integration completed through    1 Aug 12   0: 0: 0
2021-08-10 11:28:35,306 - isca - DEBUG - Integration completed through    1 Aug 13   0: 0: 0
2021-08-10 11:28:37,275 - isca - DEBUG - Integration completed through    1 Aug 14   0: 0: 0
2021-08-10 11:28:39,082 - isca - DEBUG - Integration completed through    1 Aug 15   0: 0: 0
2021-08-10 11:28:40,864 - isca - DEBUG - Integration completed through    1 Aug 16   0: 0: 0
2021-08-10 11:28:42,879 - isca - DEBUG - Integration completed through    1 Aug 17   0: 0: 0
2021-08-10 11:28:44,788 - isca - DEBUG - Integration completed through    1 Aug 18   0: 0: 0
2021-08-10 11:28:46,726 - isca - DEBUG - Integration completed through    1 Aug 19   0: 0: 0
2021-08-10 11:28:48,436 - isca - DEBUG - Integration completed through    1 Aug 20   0: 0: 0
2021-08-10 11:28:49,954 - isca - DEBUG - Integration completed through    1 Aug 21   0: 0: 0
2021-08-10 11:28:51,795 - isca - DEBUG - Integration completed through    1 Aug 22   0: 0: 0
2021-08-10 11:28:53,719 - isca - DEBUG - Integration completed through    1 Aug 23   0: 0: 0
2021-08-10 11:28:55,744 - isca - DEBUG - Integration completed through    1 Aug 24   0: 0: 0
2021-08-10 11:28:57,697 - isca - DEBUG - Integration completed through    1 Aug 25   0: 0: 0
2021-08-10 11:28:59,621 - isca - DEBUG - Integration completed through    1 Aug 26   0: 0: 0
2021-08-10 11:29:01,578 - isca - DEBUG - Integration completed through    1 Aug 27   0: 0: 0
2021-08-10 11:29:03,505 - isca - DEBUG - Integration completed through    1 Aug 28   0: 0: 0
2021-08-10 11:29:05,445 - isca - DEBUG - Integration completed through    1 Aug 29   0: 0: 0
2021-08-10 11:29:07,459 - isca - DEBUG - Integration completed through    1 Aug 30   0: 0: 0
2021-08-10 11:29:09,518 - isca - DEBUG - Integration completed through    1 Sep  1   0: 0: 0
2021-08-10 11:29:11,730 - isca - DEBUG - Integration completed through    1 Sep  2   0: 0: 0
2021-08-10 11:29:13,788 - isca - DEBUG - Integration completed through    1 Sep  3   0: 0: 0
2021-08-10 11:29:15,849 - isca - DEBUG - Integration completed through    1 Sep  4   0: 0: 0
2021-08-10 11:29:17,906 - isca - DEBUG - Integration completed through    1 Sep  5   0: 0: 0
2021-08-10 11:29:19,960 - isca - DEBUG - Integration completed through    1 Sep  6   0: 0: 0
2021-08-10 11:29:22,012 - isca - DEBUG - Integration completed through    1 Sep  7   0: 0: 0
2021-08-10 11:29:24,071 - isca - DEBUG - Integration completed through    1 Sep  8   0: 0: 0
2021-08-10 11:29:26,130 - isca - DEBUG - Integration completed through    1 Sep  9   0: 0: 0
2021-08-10 11:29:28,187 - isca - DEBUG - Integration completed through    1 Sep 10   0: 0: 0
2021-08-10 11:29:30,239 - isca - DEBUG - Integration completed through    1 Sep 11   0: 0: 0
2021-08-10 11:29:32,288 - isca - DEBUG - Integration completed through    1 Sep 12   0: 0: 0
2021-08-10 11:29:34,340 - isca - DEBUG - Integration completed through    1 Sep 13   0: 0: 0
2021-08-10 11:29:36,398 - isca - DEBUG - Integration completed through    1 Sep 14   0: 0: 0
2021-08-10 11:29:38,431 - isca - DEBUG - Integration completed through    1 Sep 15   0: 0: 0
2021-08-10 11:29:40,327 - isca - DEBUG - Integration completed through    1 Sep 16   0: 0: 0
2021-08-10 11:29:42,141 - isca - DEBUG - Integration completed through    1 Sep 17   0: 0: 0
2021-08-10 11:29:43,774 - isca - DEBUG - Integration completed through    1 Sep 18   0: 0: 0
2021-08-10 11:29:45,279 - isca - DEBUG - Integration completed through    1 Sep 19   0: 0: 0
2021-08-10 11:29:46,786 - isca - DEBUG - Integration completed through    1 Sep 20   0: 0: 0
2021-08-10 11:29:48,295 - isca - DEBUG - Integration completed through    1 Sep 21   0: 0: 0
2021-08-10 11:29:49,806 - isca - DEBUG - Integration completed through    1 Sep 22   0: 0: 0
2021-08-10 11:29:51,315 - isca - DEBUG - Integration completed through    1 Sep 23   0: 0: 0
2021-08-10 11:29:52,826 - isca - DEBUG - Integration completed through    1 Sep 24   0: 0: 0
2021-08-10 11:29:54,335 - isca - DEBUG - Integration completed through    1 Sep 25   0: 0: 0
2021-08-10 11:29:55,846 - isca - DEBUG - Integration completed through    1 Sep 26   0: 0: 0
2021-08-10 11:29:57,357 - isca - DEBUG - Integration completed through    1 Sep 27   0: 0: 0
2021-08-10 11:29:58,870 - isca - DEBUG - Integration completed through    1 Sep 28   0: 0: 0
2021-08-10 11:30:00,379 - isca - DEBUG - Integration completed through    1 Sep 29   0: 0: 0
2021-08-10 11:30:01,896 - isca - DEBUG - Integration completed through    1 Sep 30   0: 0: 0
2021-08-10 11:30:03,459 - isca - DEBUG - Integration completed through    1 Oct  1   0: 0: 0
2021-08-10 11:30:05,065 - isca - DEBUG - Integration completed through    1 Oct  2   0: 0: 0
2021-08-10 11:30:06,579 - isca - DEBUG - Integration completed through    1 Oct  3   0: 0: 0
2021-08-10 11:30:08,092 - isca - DEBUG - Integration completed through    1 Oct  4   0: 0: 0
2021-08-10 11:30:09,603 - isca - DEBUG - Integration completed through    1 Oct  5   0: 0: 0
2021-08-10 11:30:11,116 - isca - DEBUG - Integration completed through    1 Oct  6   0: 0: 0
2021-08-10 11:30:12,631 - isca - DEBUG - Integration completed through    1 Oct  7   0: 0: 0
2021-08-10 11:30:14,143 - isca - DEBUG - Integration completed through    1 Oct  8   0: 0: 0
2021-08-10 11:30:15,660 - isca - DEBUG - Integration completed through    1 Oct  9   0: 0: 0
2021-08-10 11:30:17,173 - isca - DEBUG - Integration completed through    1 Oct 10   0: 0: 0
2021-08-10 11:30:18,688 - isca - DEBUG - Integration completed through    1 Oct 11   0: 0: 0
2021-08-10 11:30:20,200 - isca - DEBUG - Integration completed through    1 Oct 12   0: 0: 0
2021-08-10 11:30:21,712 - isca - DEBUG - Integration completed through    1 Oct 13   0: 0: 0
2021-08-10 11:30:23,225 - isca - DEBUG - Integration completed through    1 Oct 14   0: 0: 0
2021-08-10 11:30:24,737 - isca - DEBUG - Integration completed through    1 Oct 15   0: 0: 0
2021-08-10 11:30:26,250 - isca - DEBUG - Integration completed through    1 Oct 16   0: 0: 0
2021-08-10 11:30:27,763 - isca - DEBUG - Integration completed through    1 Oct 17   0: 0: 0
2021-08-10 11:30:29,281 - isca - DEBUG - Integration completed through    1 Oct 18   0: 0: 0
2021-08-10 11:30:30,800 - isca - DEBUG - Integration completed through    1 Oct 19   0: 0: 0
2021-08-10 11:30:32,316 - isca - DEBUG - Integration completed through    1 Oct 20   0: 0: 0
2021-08-10 11:30:33,828 - isca - DEBUG - Integration completed through    1 Oct 21   0: 0: 0
2021-08-10 11:30:35,337 - isca - DEBUG - Integration completed through    1 Oct 22   0: 0: 0
2021-08-10 11:30:36,848 - isca - DEBUG - Integration completed through    1 Oct 23   0: 0: 0
2021-08-10 11:30:38,361 - isca - DEBUG - Integration completed through    1 Oct 24   0: 0: 0
2021-08-10 11:30:39,878 - isca - DEBUG - Integration completed through    1 Oct 25   0: 0: 0
2021-08-10 11:30:41,389 - isca - DEBUG - Integration completed through    1 Oct 26   0: 0: 0
2021-08-10 11:30:42,901 - isca - DEBUG - Integration completed through    1 Oct 27   0: 0: 0
2021-08-10 11:30:44,413 - isca - DEBUG - Integration completed through    1 Oct 28   0: 0: 0
2021-08-10 11:30:45,929 - isca - DEBUG - Integration completed through    1 Oct 29   0: 0: 0
2021-08-10 11:30:47,442 - isca - DEBUG - Integration completed through    1 Oct 30   0: 0: 0
2021-08-10 11:30:48,953 - isca - DEBUG - Integration completed through    1 Nov  1   0: 0: 0
2021-08-10 11:30:50,568 - isca - DEBUG - Integration completed through    1 Nov  2   0: 0: 0
2021-08-10 11:30:52,084 - isca - DEBUG - Integration completed through    1 Nov  3   0: 0: 0
2021-08-10 11:30:53,881 - isca - DEBUG - Integration completed through    1 Nov  4   0: 0: 0
2021-08-10 11:30:55,761 - isca - DEBUG - Integration completed through    1 Nov  5   0: 0: 0
2021-08-10 11:30:57,512 - isca - DEBUG - Integration completed through    1 Nov  6   0: 0: 0
2021-08-10 11:30:59,104 - isca - DEBUG - Integration completed through    1 Nov  7   0: 0: 0
2021-08-10 11:31:00,622 - isca - DEBUG - Integration completed through    1 Nov  8   0: 0: 0
2021-08-10 11:31:02,138 - isca - DEBUG - Integration completed through    1 Nov  9   0: 0: 0
2021-08-10 11:31:03,655 - isca - DEBUG - Integration completed through    1 Nov 10   0: 0: 0
2021-08-10 11:31:05,174 - isca - DEBUG - Integration completed through    1 Nov 11   0: 0: 0
2021-08-10 11:31:06,691 - isca - DEBUG - Integration completed through    1 Nov 12   0: 0: 0
2021-08-10 11:31:08,206 - isca - DEBUG - Integration completed through    1 Nov 13   0: 0: 0
2021-08-10 11:31:09,724 - isca - DEBUG - Integration completed through    1 Nov 14   0: 0: 0
2021-08-10 11:31:11,241 - isca - DEBUG - Integration completed through    1 Nov 15   0: 0: 0
2021-08-10 11:31:12,760 - isca - DEBUG - Integration completed through    1 Nov 16   0: 0: 0
2021-08-10 11:31:14,280 - isca - DEBUG - Integration completed through    1 Nov 17   0: 0: 0
2021-08-10 11:31:15,798 - isca - DEBUG - Integration completed through    1 Nov 18   0: 0: 0
2021-08-10 11:31:17,323 - isca - DEBUG - Integration completed through    1 Nov 19   0: 0: 0
2021-08-10 11:31:18,845 - isca - DEBUG - Integration completed through    1 Nov 20   0: 0: 0
2021-08-10 11:31:20,363 - isca - DEBUG - Integration completed through    1 Nov 21   0: 0: 0
2021-08-10 11:31:21,880 - isca - DEBUG - Integration completed through    1 Nov 22   0: 0: 0
2021-08-10 11:31:23,411 - isca - DEBUG - Integration completed through    1 Nov 23   0: 0: 0
2021-08-10 11:31:24,933 - isca - DEBUG - Integration completed through    1 Nov 24   0: 0: 0
2021-08-10 11:31:26,453 - isca - DEBUG - Integration completed through    1 Nov 25   0: 0: 0
2021-08-10 11:31:27,972 - isca - DEBUG - Integration completed through    1 Nov 26   0: 0: 0
2021-08-10 11:31:29,490 - isca - DEBUG - Integration completed through    1 Nov 27   0: 0: 0
2021-08-10 11:31:31,009 - isca - DEBUG - Integration completed through    1 Nov 28   0: 0: 0
2021-08-10 11:31:32,524 - isca - DEBUG - Integration completed through    1 Nov 29   0: 0: 0
2021-08-10 11:31:34,043 - isca - DEBUG - Integration completed through    1 Nov 30   0: 0: 0
2021-08-10 11:31:35,560 - isca - DEBUG - Integration completed through    1 Dec  1   0: 0: 0
2021-08-10 11:31:37,260 - isca - DEBUG - Integration completed through    1 Dec  2   0: 0: 0
2021-08-10 11:31:38,770 - isca - DEBUG - Integration completed through    1 Dec  3   0: 0: 0
2021-08-10 11:31:40,281 - isca - DEBUG - Integration completed through    1 Dec  4   0: 0: 0
2021-08-10 11:31:41,791 - isca - DEBUG - Integration completed through    1 Dec  5   0: 0: 0
2021-08-10 11:31:43,303 - isca - DEBUG - Integration completed through    1 Dec  6   0: 0: 0
2021-08-10 11:31:44,814 - isca - DEBUG - Integration completed through    1 Dec  7   0: 0: 0
2021-08-10 11:31:46,325 - isca - DEBUG - Integration completed through    1 Dec  8   0: 0: 0
2021-08-10 11:31:47,836 - isca - DEBUG - Integration completed through    1 Dec  9   0: 0: 0
2021-08-10 11:31:49,348 - isca - DEBUG - Integration completed through    1 Dec 10   0: 0: 0
2021-08-10 11:31:50,858 - isca - DEBUG - Integration completed through    1 Dec 11   0: 0: 0
2021-08-10 11:31:52,373 - isca - DEBUG - Integration completed through    1 Dec 12   0: 0: 0
2021-08-10 11:31:53,887 - isca - DEBUG - Integration completed through    1 Dec 13   0: 0: 0
2021-08-10 11:31:55,397 - isca - DEBUG - Integration completed through    1 Dec 14   0: 0: 0
2021-08-10 11:31:56,906 - isca - DEBUG - Integration completed through    1 Dec 15   0: 0: 0
2021-08-10 11:31:58,416 - isca - DEBUG - Integration completed through    1 Dec 16   0: 0: 0
2021-08-10 11:31:59,926 - isca - DEBUG - Integration completed through    1 Dec 17   0: 0: 0
2021-08-10 11:32:01,441 - isca - DEBUG - Integration completed through    1 Dec 18   0: 0: 0
2021-08-10 11:32:02,956 - isca - DEBUG - Integration completed through    1 Dec 19   0: 0: 0
2021-08-10 11:32:04,464 - isca - DEBUG - Integration completed through    1 Dec 20   0: 0: 0
2021-08-10 11:32:05,978 - isca - DEBUG - Integration completed through    1 Dec 21   0: 0: 0
2021-08-10 11:32:07,500 - isca - DEBUG - Integration completed through    1 Dec 22   0: 0: 0
2021-08-10 11:32:09,010 - isca - DEBUG - Integration completed through    1 Dec 23   0: 0: 0
2021-08-10 11:32:10,519 - isca - DEBUG - Integration completed through    1 Dec 24   0: 0: 0
2021-08-10 11:32:12,031 - isca - DEBUG - Integration completed through    1 Dec 25   0: 0: 0
2021-08-10 11:32:13,546 - isca - DEBUG - Integration completed through    1 Dec 26   0: 0: 0
2021-08-10 11:32:15,057 - isca - DEBUG - Integration completed through    1 Dec 27   0: 0: 0
2021-08-10 11:32:16,568 - isca - DEBUG - Integration completed through    1 Dec 28   0: 0: 0
2021-08-10 11:32:18,077 - isca - DEBUG - Integration completed through    1 Dec 29   0: 0: 0
2021-08-10 11:32:19,587 - isca - DEBUG - Integration completed through    1 Dec 30   0: 0: 0
2021-08-10 11:32:21,097 - isca - DEBUG - Integration completed through    2 Jan  1   0: 0: 0
2021-08-10 11:32:21,329 - isca - DEBUG - NOTE from PE    0: MPP_IO_SET_STACK_SIZE: stack size set to     245760.
2021-08-10 11:32:22,070 - isca - DEBUG - MPP_DOMAINS_STACK high water mark=       30720
2021-08-10 11:32:22,070 - isca - DEBUG - 
2021-08-10 11:32:22,071 - isca - DEBUG - Tabulating mpp_clock statistics across     32 PEs...
2021-08-10 11:32:22,071 - isca - DEBUG - 
2021-08-10 11:32:22,071 - isca - DEBUG - tmin          tmax          tavg          tstd  tfrac grain pemin pemax
2021-08-10 11:32:22,071 - isca - DEBUG - Total runtime                       567.374049    567.374056    567.374053      0.000002  1.000     0     0    31
2021-08-10 11:32:22,071 - isca - DEBUG - MPP_STACK high water mark=           0
2021-08-10 11:32:22,147 - isca - INFO - Run 1 complete
2021-08-10 11:32:25,855 - isca - DEBUG - atmos_monthly.nc combined and copied to data directory
2021-08-10 11:32:27,980 - isca - INFO - Restart archive created at /network/group/aopp/planetary/PLR018_LEWIS_VENUS2/isca_data/GREY_T42L30fr_TL_om_1_4_a_1_1_ps_1_1_entr_tautrue_newdry/restarts/res0001.tar.gz
2021-08-10 11:32:28,084 - isca - INFO - Writing namelist to '/network/group/aopp/planetary/PLR018_LEWIS_VENUS2/isca_data/GREY_T42L30fr_TL_om_1_4_a_1_1_ps_1_1_entr_tautrue_newdry/run0001/input.nml'
2021-08-10 11:32:28,093 - isca - INFO - Writing field_table to '/network/group/aopp/planetary/PLR018_LEWIS_VENUS2/isca_data/GREY_T42L30fr_TL_om_1_4_a_1_1_ps_1_1_entr_tautrue_newdry/run0001/field_table'
2021-08-10 11:32:28,188 - isca - INFO - Writing diag_table to '/network/group/aopp/planetary/PLR018_LEWIS_VENUS2/isca_data/GREY_T42L30fr_TL_om_1_4_a_1_1_ps_1_1_entr_tautrue_newdry/run0001/diag_table'
2021-08-10 11:32:29,298 - isca - INFO - Emptied run directory '/network/group/aopp/planetary/PLR018_LEWIS_VENUS2/isca_work/experiment/GREY_T42L30fr_TL_om_1_4_a_1_1_ps_1_1_entr_tautrue_newdry/run'
2021-08-10 11:32:29,458 - isca - INFO - Emptied run directory '/network/group/aopp/planetary/PLR018_LEWIS_VENUS2/isca_work/experiment/GREY_T42L30fr_TL_om_1_4_a_1_1_ps_1_1_entr_tautrue_newdry/run'
2021-08-10 11:32:30,151 - isca - INFO - Writing namelist to '/network/group/aopp/planetary/PLR018_LEWIS_VENUS2/isca_work/experiment/GREY_T42L30fr_TL_om_1_4_a_1_1_ps_1_1_entr_tautrue_newdry/run/input.nml'
2021-08-10 11:32:30,229 - isca - INFO - Writing field_table to '/network/group/aopp/planetary/PLR018_LEWIS_VENUS2/isca_work/experiment/GREY_T42L30fr_TL_om_1_4_a_1_1_ps_1_1_entr_tautrue_newdry/run/field_table'
2021-08-10 11:32:30,249 - isca - INFO - Writing diag_table to '/network/group/aopp/planetary/PLR018_LEWIS_VENUS2/isca_work/experiment/GREY_T42L30fr_TL_om_1_4_a_1_1_ps_1_1_entr_tautrue_newdry/run/diag_table'
2021-08-10 11:32:30,328 - isca - INFO - Using restart file '/network/group/aopp/planetary/PLR018_LEWIS_VENUS2/isca_data/GREY_T42L30fr_TL_om_1_4_a_1_1_ps_1_1_entr_tautrue_newdry/restarts/res0001.tar.gz'
2021-08-10 11:32:30,999 - isca - INFO - Restart /network/group/aopp/planetary/PLR018_LEWIS_VENUS2/isca_data/GREY_T42L30fr_TL_om_1_4_a_1_1_ps_1_1_entr_tautrue_newdry/restarts/res0001.tar.gz extracted to /network/group/aopp/planetary/PLR018_LEWIS_VENUS2/isca_work/experiment/GREY_T42L30fr_TL_om_1_4_a_1_1_ps_1_1_entr_tautrue_newdry/run/INPUT
2021-08-10 11:32:31,025 - isca - INFO - Beginning run 2
2021-08-10 11:32:31,036 - isca - INFO - process running as 38981
2021-08-10 11:32:31,072 - isca - DEBUG - loadmodules for oxford machines
2021-08-10 11:32:31,490 - isca - DEBUG - [?1h=Currently Loaded Modulefiles:[m
2021-08-10 11:32:31,513 - isca - DEBUG - 1) physicspaths/2.0         6) otheros/generic-arc          [m
2021-08-10 11:32:31,513 - isca - DEBUG - 2) otheros/generic-oxphys   7) intel-compilers/2018upd4     [m
2021-08-10 11:32:31,513 - isca - DEBUG - 3) otheros/ubuntu_bionic    8) intel-mpi/2015               [m
2021-08-10 11:32:31,513 - isca - DEBUG - 4) otheros/ubuntu_trusty    9) netcdf/netcdf-c-4.7.3        [m
2021-08-10 11:32:31,513 - isca - DEBUG - 5) arcpaths/1.0            10) netcdf/netcdf-fortran-4.5.2  [m
2021-08-10 11:32:31,905 - isca - DEBUG - [K[?1l>NOTE from PE    0: MPP_DOMAINS_SET_STACK_SIZE: stack size set to    32768.
2021-08-10 11:32:31,905 - isca - DEBUG - &MPP_IO_NML
2021-08-10 11:32:31,905 - isca - DEBUG - HEADER_BUFFER_VAL       =       16384,
2021-08-10 11:32:31,905 - isca - DEBUG - GLOBAL_FIELD_ON_ROOT_PE = T,
2021-08-10 11:32:31,905 - isca - DEBUG - IO_CLOCKS_ON    = F,
2021-08-10 11:32:31,905 - isca - DEBUG - SHUFFLE =           0,
2021-08-10 11:32:31,905 - isca - DEBUG - DEFLATE_LEVEL   =          -1
2021-08-10 11:32:31,905 - isca - DEBUG - /
2021-08-10 11:32:31,908 - isca - DEBUG - NOTE from PE    0: MPP_IO_SET_STACK_SIZE: stack size set to     131072.
2021-08-10 11:32:31,910 - isca - DEBUG - NOTE from PE    0: MPP_DOMAINS_SET_STACK_SIZE: stack size set to   600000.
2021-08-10 11:32:31,967 - isca - DEBUG - starting            1  OpenMP threads per MPI-task
2021-08-10 11:32:31,979 - isca - DEBUG - ATMOS MODEL DOMAIN DECOMPOSITION
2021-08-10 11:32:31,979 - isca - DEBUG - X-AXIS =  128
2021-08-10 11:32:31,979 - isca - DEBUG - Y-AXIS =    2   2   2   2   2   2   2   2   2   2   2   2   2   2   2   2   2   2   2   2   2   2   2   2
2021-08-10 11:32:31,980 - isca - DEBUG - 2   2   2   2   2   2   2   2
2021-08-10 11:32:32,988 - isca - DEBUG - NOTE from PE    0: idealized_moist_phys: Using dry convection scheme.
2021-08-10 11:32:35,411 - isca - DEBUG - Integration completed through    2 Jan  2   0: 0: 0
2021-08-10 11:32:36,910 - isca - DEBUG - Integration completed through    2 Jan  3   0: 0: 0
2021-08-10 11:32:38,423 - isca - DEBUG - Integration completed through    2 Jan  4   0: 0: 0
2021-08-10 11:32:39,931 - isca - DEBUG - Integration completed through    2 Jan  5   0: 0: 0
2021-08-10 11:32:41,441 - isca - DEBUG - Integration completed through    2 Jan  6   0: 0: 0
2021-08-10 11:32:42,954 - isca - DEBUG - Integration completed through    2 Jan  7   0: 0: 0
2021-08-10 11:32:44,463 - isca - DEBUG - Integration completed through    2 Jan  8   0: 0: 0
2021-08-10 11:32:45,974 - isca - DEBUG - Integration completed through    2 Jan  9   0: 0: 0
2021-08-10 11:32:47,479 - isca - DEBUG - Integration completed through    2 Jan 10   0: 0: 0
2021-08-10 11:32:48,988 - isca - DEBUG - Integration completed through    2 Jan 11   0: 0: 0
2021-08-10 11:32:50,502 - isca - DEBUG - Integration completed through    2 Jan 12   0: 0: 0
2021-08-10 11:32:52,011 - isca - DEBUG - Integration completed through    2 Jan 13   0: 0: 0
2021-08-10 11:32:53,519 - isca - DEBUG - Integration completed through    2 Jan 14   0: 0: 0
2021-08-10 11:32:55,029 - isca - DEBUG - Integration completed through    2 Jan 15   0: 0: 0
2021-08-10 11:32:56,538 - isca - DEBUG - Integration completed through    2 Jan 16   0: 0: 0
2021-08-10 11:32:58,046 - isca - DEBUG - Integration completed through    2 Jan 17   0: 0: 0
2021-08-10 11:32:59,554 - isca - DEBUG - Integration completed through    2 Jan 18   0: 0: 0
2021-08-10 11:33:01,065 - isca - DEBUG - Integration completed through    2 Jan 19   0: 0: 0
2021-08-10 11:33:02,579 - isca - DEBUG - Integration completed through    2 Jan 20   0: 0: 0
2021-08-10 11:33:04,090 - isca - DEBUG - Integration completed through    2 Jan 21   0: 0: 0
2021-08-10 11:33:05,604 - isca - DEBUG - Integration completed through    2 Jan 22   0: 0: 0
2021-08-10 11:33:07,120 - isca - DEBUG - Integration completed through    2 Jan 23   0: 0: 0
2021-08-10 11:33:08,632 - isca - DEBUG - Integration completed through    2 Jan 24   0: 0: 0
2021-08-10 11:33:10,142 - isca - DEBUG - Integration completed through    2 Jan 25   0: 0: 0
2021-08-10 11:33:11,651 - isca - DEBUG - Integration completed through    2 Jan 26   0: 0: 0
2021-08-10 11:33:13,164 - isca - DEBUG - Integration completed through    2 Jan 27   0: 0: 0
2021-08-10 11:33:14,677 - isca - DEBUG - Integration completed through    2 Jan 28   0: 0: 0
2021-08-10 11:33:16,185 - isca - DEBUG - Integration completed through    2 Jan 29   0: 0: 0
2021-08-10 11:33:17,693 - isca - DEBUG - Integration completed through    2 Jan 30   0: 0: 0
2021-08-10 11:33:19,201 - isca - DEBUG - Integration completed through    2 Feb  1   0: 0: 0
2021-08-10 11:33:21,490 - isca - DEBUG - Integration completed through    2 Feb  2   0: 0: 0
2021-08-10 11:33:23,012 - isca - DEBUG - Integration completed through    2 Feb  3   0: 0: 0
2021-08-10 11:33:24,521 - isca - DEBUG - Integration completed through    2 Feb  4   0: 0: 0
2021-08-10 11:33:26,035 - isca - DEBUG - Integration completed through    2 Feb  5   0: 0: 0
2021-08-10 11:33:27,546 - isca - DEBUG - Integration completed through    2 Feb  6   0: 0: 0
2021-08-10 11:33:29,056 - isca - DEBUG - Integration completed through    2 Feb  7   0: 0: 0
2021-08-10 11:33:30,565 - isca - DEBUG - Integration completed through    2 Feb  8   0: 0: 0
2021-08-10 11:33:32,074 - isca - DEBUG - Integration completed through    2 Feb  9   0: 0: 0
2021-08-10 11:33:33,580 - isca - DEBUG - Integration completed through    2 Feb 10   0: 0: 0
2021-08-10 11:33:35,085 - isca - DEBUG - Integration completed through    2 Feb 11   0: 0: 0
2021-08-10 11:33:36,593 - isca - DEBUG - Integration completed through    2 Feb 12   0: 0: 0
2021-08-10 11:33:38,105 - isca - DEBUG - Integration completed through    2 Feb 13   0: 0: 0
2021-08-10 11:33:39,620 - isca - DEBUG - Integration completed through    2 Feb 14   0: 0: 0
2021-08-10 11:33:41,128 - isca - DEBUG - Integration completed through    2 Feb 15   0: 0: 0
2021-08-10 11:33:42,642 - isca - DEBUG - Integration completed through    2 Feb 16   0: 0: 0
2021-08-10 11:33:44,154 - isca - DEBUG - Integration completed through    2 Feb 17   0: 0: 0
2021-08-10 11:33:45,668 - isca - DEBUG - Integration completed through    2 Feb 18   0: 0: 0
2021-08-10 11:33:47,178 - isca - DEBUG - Integration completed through    2 Feb 19   0: 0: 0
2021-08-10 11:33:48,688 - isca - DEBUG - Integration completed through    2 Feb 20   0: 0: 0
2021-08-10 11:33:50,199 - isca - DEBUG - Integration completed through    2 Feb 21   0: 0: 0
2021-08-10 11:33:51,711 - isca - DEBUG - Integration completed through    2 Feb 22   0: 0: 0
2021-08-10 11:33:53,227 - isca - DEBUG - Integration completed through    2 Feb 23   0: 0: 0
2021-08-10 11:33:54,741 - isca - DEBUG - Integration completed through    2 Feb 24   0: 0: 0
2021-08-10 11:33:56,257 - isca - DEBUG - Integration completed through    2 Feb 25   0: 0: 0
2021-08-10 11:33:57,773 - isca - DEBUG - Integration completed through    2 Feb 26   0: 0: 0
2021-08-10 11:33:59,286 - isca - DEBUG - Integration completed through    2 Feb 27   0: 0: 0
2021-08-10 11:34:00,805 - isca - DEBUG - Integration completed through    2 Feb 28   0: 0: 0
2021-08-10 11:34:02,315 - isca - DEBUG - Integration completed through    2 Feb 29   0: 0: 0
2021-08-10 11:34:03,827 - isca - DEBUG - Integration completed through    2 Feb 30   0: 0: 0
2021-08-10 11:34:05,335 - isca - DEBUG - Integration completed through    2 Mar  1   0: 0: 0
2021-08-10 11:34:06,946 - isca - DEBUG - Integration completed through    2 Mar  2   0: 0: 0
2021-08-10 11:34:08,457 - isca - DEBUG - Integration completed through    2 Mar  3   0: 0: 0
2021-08-10 11:34:09,970 - isca - DEBUG - Integration completed through    2 Mar  4   0: 0: 0
2021-08-10 11:34:11,482 - isca - DEBUG - Integration completed through    2 Mar  5   0: 0: 0
2021-08-10 11:34:12,994 - isca - DEBUG - Integration completed through    2 Mar  6   0: 0: 0
2021-08-10 11:34:14,505 - isca - DEBUG - Integration completed through    2 Mar  7   0: 0: 0
2021-08-10 11:34:16,018 - isca - DEBUG - Integration completed through    2 Mar  8   0: 0: 0
2021-08-10 11:34:17,529 - isca - DEBUG - Integration completed through    2 Mar  9   0: 0: 0
2021-08-10 11:34:19,038 - isca - DEBUG - Integration completed through    2 Mar 10   0: 0: 0
2021-08-10 11:34:20,548 - isca - DEBUG - Integration completed through    2 Mar 11   0: 0: 0
2021-08-10 11:34:22,063 - isca - DEBUG - Integration completed through    2 Mar 12   0: 0: 0
2021-08-10 11:34:23,575 - isca - DEBUG - Integration completed through    2 Mar 13   0: 0: 0
2021-08-10 11:34:25,090 - isca - DEBUG - Integration completed through    2 Mar 14   0: 0: 0
2021-08-10 11:34:26,608 - isca - DEBUG - Integration completed through    2 Mar 15   0: 0: 0
2021-08-10 11:34:28,123 - isca - DEBUG - Integration completed through    2 Mar 16   0: 0: 0
2021-08-10 11:34:29,636 - isca - DEBUG - Integration completed through    2 Mar 17   0: 0: 0
2021-08-10 11:34:31,149 - isca - DEBUG - Integration completed through    2 Mar 18   0: 0: 0
2021-08-10 11:34:32,663 - isca - DEBUG - Integration completed through    2 Mar 19   0: 0: 0
2021-08-10 11:34:34,173 - isca - DEBUG - Integration completed through    2 Mar 20   0: 0: 0
2021-08-10 11:34:35,684 - isca - DEBUG - Integration completed through    2 Mar 21   0: 0: 0
2021-08-10 11:34:37,200 - isca - DEBUG - Integration completed through    2 Mar 22   0: 0: 0
2021-08-10 11:34:38,722 - isca - DEBUG - Integration completed through    2 Mar 23   0: 0: 0
2021-08-10 11:34:40,233 - isca - DEBUG - Integration completed through    2 Mar 24   0: 0: 0
2021-08-10 11:34:41,744 - isca - DEBUG - Integration completed through    2 Mar 25   0: 0: 0
2021-08-10 11:34:43,256 - isca - DEBUG - Integration completed through    2 Mar 26   0: 0: 0
2021-08-10 11:34:44,766 - isca - DEBUG - Integration completed through    2 Mar 27   0: 0: 0
2021-08-10 11:34:46,280 - isca - DEBUG - Integration completed through    2 Mar 28   0: 0: 0
2021-08-10 11:34:47,795 - isca - DEBUG - Integration completed through    2 Mar 29   0: 0: 0
2021-08-10 11:34:49,307 - isca - DEBUG - Integration completed through    2 Mar 30   0: 0: 0
2021-08-10 11:34:50,817 - isca - DEBUG - Integration completed through    2 Apr  1   0: 0: 0
2021-08-10 11:34:52,385 - isca - DEBUG - Integration completed through    2 Apr  2   0: 0: 0
2021-08-10 11:34:53,896 - isca - DEBUG - Integration completed through    2 Apr  3   0: 0: 0
2021-08-10 11:34:55,409 - isca - DEBUG - Integration completed through    2 Apr  4   0: 0: 0
2021-08-10 11:34:56,920 - isca - DEBUG - Integration completed through    2 Apr  5   0: 0: 0
2021-08-10 11:34:58,430 - isca - DEBUG - Integration completed through    2 Apr  6   0: 0: 0
2021-08-10 11:34:59,942 - isca - DEBUG - Integration completed through    2 Apr  7   0: 0: 0
2021-08-10 11:35:01,451 - isca - DEBUG - Integration completed through    2 Apr  8   0: 0: 0
2021-08-10 11:35:03,085 - isca - DEBUG - Integration completed through    2 Apr  9   0: 0: 0
2021-08-10 11:35:04,595 - isca - DEBUG - Integration completed through    2 Apr 10   0: 0: 0
2021-08-10 11:35:06,103 - isca - DEBUG - Integration completed through    2 Apr 11   0: 0: 0
2021-08-10 11:35:07,611 - isca - DEBUG - Integration completed through    2 Apr 12   0: 0: 0
2021-08-10 11:35:09,120 - isca - DEBUG - Integration completed through    2 Apr 13   0: 0: 0
2021-08-10 11:35:10,632 - isca - DEBUG - Integration completed through    2 Apr 14   0: 0: 0
2021-08-10 11:35:12,145 - isca - DEBUG - Integration completed through    2 Apr 15   0: 0: 0
2021-08-10 11:35:13,653 - isca - DEBUG - Integration completed through    2 Apr 16   0: 0: 0
2021-08-10 11:35:15,163 - isca - DEBUG - Integration completed through    2 Apr 17   0: 0: 0
2021-08-10 11:35:16,675 - isca - DEBUG - Integration completed through    2 Apr 18   0: 0: 0
2021-08-10 11:35:18,181 - isca - DEBUG - Integration completed through    2 Apr 19   0: 0: 0
2021-08-10 11:35:19,692 - isca - DEBUG - Integration completed through    2 Apr 20   0: 0: 0
2021-08-10 11:35:21,205 - isca - DEBUG - Integration completed through    2 Apr 21   0: 0: 0
2021-08-10 11:35:22,716 - isca - DEBUG - Integration completed through    2 Apr 22   0: 0: 0
2021-08-10 11:35:24,227 - isca - DEBUG - Integration completed through    2 Apr 23   0: 0: 0
2021-08-10 11:35:25,738 - isca - DEBUG - Integration completed through    2 Apr 24   0: 0: 0
2021-08-10 11:35:27,251 - isca - DEBUG - Integration completed through    2 Apr 25   0: 0: 0
2021-08-10 11:35:28,766 - isca - DEBUG - Integration completed through    2 Apr 26   0: 0: 0
2021-08-10 11:35:30,280 - isca - DEBUG - Integration completed through    2 Apr 27   0: 0: 0
2021-08-10 11:35:31,791 - isca - DEBUG - Integration completed through    2 Apr 28   0: 0: 0
2021-08-10 11:35:33,299 - isca - DEBUG - Integration completed through    2 Apr 29   0: 0: 0
2021-08-10 11:35:34,811 - isca - DEBUG - Integration completed through    2 Apr 30   0: 0: 0
2021-08-10 11:35:36,328 - isca - DEBUG - Integration completed through    2 May  1   0: 0: 0
2021-08-10 11:35:37,977 - isca - DEBUG - Integration completed through    2 May  2   0: 0: 0
2021-08-10 11:35:39,495 - isca - DEBUG - Integration completed through    2 May  3   0: 0: 0
2021-08-10 11:35:41,010 - isca - DEBUG - Integration completed through    2 May  4   0: 0: 0
2021-08-10 11:35:42,526 - isca - DEBUG - Integration completed through    2 May  5   0: 0: 0
2021-08-10 11:35:44,044 - isca - DEBUG - Integration completed through    2 May  6   0: 0: 0
2021-08-10 11:35:45,556 - isca - DEBUG - Integration completed through    2 May  7   0: 0: 0
2021-08-10 11:35:47,073 - isca - DEBUG - Integration completed through    2 May  8   0: 0: 0
2021-08-10 11:35:48,583 - isca - DEBUG - Integration completed through    2 May  9   0: 0: 0
2021-08-10 11:35:50,095 - isca - DEBUG - Integration completed through    2 May 10   0: 0: 0
2021-08-10 11:35:51,611 - isca - DEBUG - Integration completed through    2 May 11   0: 0: 0
2021-08-10 11:35:53,360 - isca - DEBUG - Integration completed through    2 May 12   0: 0: 0
2021-08-10 11:35:55,208 - isca - DEBUG - Integration completed through    2 May 13   0: 0: 0
2021-08-10 11:35:57,016 - isca - DEBUG - Integration completed through    2 May 14   0: 0: 0
2021-08-10 11:35:58,594 - isca - DEBUG - Integration completed through    2 May 15   0: 0: 0
2021-08-10 11:36:00,108 - isca - DEBUG - Integration completed through    2 May 16   0: 0: 0
2021-08-10 11:36:01,624 - isca - DEBUG - Integration completed through    2 May 17   0: 0: 0
2021-08-10 11:36:03,137 - isca - DEBUG - Integration completed through    2 May 18   0: 0: 0
2021-08-10 11:36:04,650 - isca - DEBUG - Integration completed through    2 May 19   0: 0: 0
2021-08-10 11:36:06,163 - isca - DEBUG - Integration completed through    2 May 20   0: 0: 0
2021-08-10 11:36:07,677 - isca - DEBUG - Integration completed through    2 May 21   0: 0: 0
2021-08-10 11:36:09,199 - isca - DEBUG - Integration completed through    2 May 22   0: 0: 0
2021-08-10 11:36:10,716 - isca - DEBUG - Integration completed through    2 May 23   0: 0: 0
2021-08-10 11:36:12,231 - isca - DEBUG - Integration completed through    2 May 24   0: 0: 0
2021-08-10 11:36:13,748 - isca - DEBUG - Integration completed through    2 May 25   0: 0: 0
2021-08-10 11:36:15,262 - isca - DEBUG - Integration completed through    2 May 26   0: 0: 0
2021-08-10 11:36:16,783 - isca - DEBUG - Integration completed through    2 May 27   0: 0: 0
2021-08-10 11:36:18,295 - isca - DEBUG - Integration completed through    2 May 28   0: 0: 0
2021-08-10 11:36:19,809 - isca - DEBUG - Integration completed through    2 May 29   0: 0: 0
2021-08-10 11:36:21,325 - isca - DEBUG - Integration completed through    2 May 30   0: 0: 0
2021-08-10 11:36:22,843 - isca - DEBUG - Integration completed through    2 Jun  1   0: 0: 0
2021-08-10 11:36:24,519 - isca - DEBUG - Integration completed through    2 Jun  2   0: 0: 0
2021-08-10 11:36:26,038 - isca - DEBUG - Integration completed through    2 Jun  3   0: 0: 0
2021-08-10 11:36:27,555 - isca - DEBUG - Integration completed through    2 Jun  4   0: 0: 0
2021-08-10 11:36:29,070 - isca - DEBUG - Integration completed through    2 Jun  5   0: 0: 0
2021-08-10 11:36:30,589 - isca - DEBUG - Integration completed through    2 Jun  6   0: 0: 0
2021-08-10 11:36:32,103 - isca - DEBUG - Integration completed through    2 Jun  7   0: 0: 0
2021-08-10 11:36:33,620 - isca - DEBUG - Integration completed through    2 Jun  8   0: 0: 0
2021-08-10 11:36:35,136 - isca - DEBUG - Integration completed through    2 Jun  9   0: 0: 0
2021-08-10 11:36:36,654 - isca - DEBUG - Integration completed through    2 Jun 10   0: 0: 0
2021-08-10 11:36:38,172 - isca - DEBUG - Integration completed through    2 Jun 11   0: 0: 0
2021-08-10 11:36:39,688 - isca - DEBUG - Integration completed through    2 Jun 12   0: 0: 0
2021-08-10 11:36:41,202 - isca - DEBUG - Integration completed through    2 Jun 13   0: 0: 0
2021-08-10 11:36:42,716 - isca - DEBUG - Integration completed through    2 Jun 14   0: 0: 0
2021-08-10 11:36:44,230 - isca - DEBUG - Integration completed through    2 Jun 15   0: 0: 0
2021-08-10 11:36:45,744 - isca - DEBUG - Integration completed through    2 Jun 16   0: 0: 0
2021-08-10 11:36:47,257 - isca - DEBUG - Integration completed through    2 Jun 17   0: 0: 0
2021-08-10 11:36:48,772 - isca - DEBUG - Integration completed through    2 Jun 18   0: 0: 0
2021-08-10 11:36:50,289 - isca - DEBUG - Integration completed through    2 Jun 19   0: 0: 0
2021-08-10 11:36:51,803 - isca - DEBUG - Integration completed through    2 Jun 20   0: 0: 0
2021-08-10 11:36:53,321 - isca - DEBUG - Integration completed through    2 Jun 21   0: 0: 0
2021-08-10 11:36:54,837 - isca - DEBUG - Integration completed through    2 Jun 22   0: 0: 0
2021-08-10 11:36:56,353 - isca - DEBUG - Integration completed through    2 Jun 23   0: 0: 0
2021-08-10 11:36:57,871 - isca - DEBUG - Integration completed through    2 Jun 24   0: 0: 0
2021-08-10 11:36:59,389 - isca - DEBUG - Integration completed through    2 Jun 25   0: 0: 0
2021-08-10 11:37:00,907 - isca - DEBUG - Integration completed through    2 Jun 26   0: 0: 0
2021-08-10 11:37:02,426 - isca - DEBUG - Integration completed through    2 Jun 27   0: 0: 0
2021-08-10 11:37:03,943 - isca - DEBUG - Integration completed through    2 Jun 28   0: 0: 0
2021-08-10 11:37:05,458 - isca - DEBUG - Integration completed through    2 Jun 29   0: 0: 0
2021-08-10 11:37:06,974 - isca - DEBUG - Integration completed through    2 Jun 30   0: 0: 0
2021-08-10 11:37:08,507 - isca - DEBUG - Integration completed through    2 Jul  1   0: 0: 0
2021-08-10 11:37:10,082 - isca - DEBUG - Integration completed through    2 Jul  2   0: 0: 0
2021-08-10 11:37:11,596 - isca - DEBUG - Integration completed through    2 Jul  3   0: 0: 0
2021-08-10 11:37:13,109 - isca - DEBUG - Integration completed through    2 Jul  4   0: 0: 0
2021-08-10 11:37:14,626 - isca - DEBUG - Integration completed through    2 Jul  5   0: 0: 0
2021-08-10 11:37:16,139 - isca - DEBUG - Integration completed through    2 Jul  6   0: 0: 0
2021-08-10 11:37:17,649 - isca - DEBUG - Integration completed through    2 Jul  7   0: 0: 0
2021-08-10 11:37:19,161 - isca - DEBUG - Integration completed through    2 Jul  8   0: 0: 0
2021-08-10 11:37:20,672 - isca - DEBUG - Integration completed through    2 Jul  9   0: 0: 0
2021-08-10 11:37:22,182 - isca - DEBUG - Integration completed through    2 Jul 10   0: 0: 0
2021-08-10 11:37:23,694 - isca - DEBUG - Integration completed through    2 Jul 11   0: 0: 0
2021-08-10 11:37:25,206 - isca - DEBUG - Integration completed through    2 Jul 12   0: 0: 0
2021-08-10 11:37:26,715 - isca - DEBUG - Integration completed through    2 Jul 13   0: 0: 0
2021-08-10 11:37:28,227 - isca - DEBUG - Integration completed through    2 Jul 14   0: 0: 0
2021-08-10 11:37:29,737 - isca - DEBUG - Integration completed through    2 Jul 15   0: 0: 0
2021-08-10 11:37:31,247 - isca - DEBUG - Integration completed through    2 Jul 16   0: 0: 0
2021-08-10 11:37:32,755 - isca - DEBUG - Integration completed through    2 Jul 17   0: 0: 0
2021-08-10 11:37:34,266 - isca - DEBUG - Integration completed through    2 Jul 18   0: 0: 0
2021-08-10 11:37:35,777 - isca - DEBUG - Integration completed through    2 Jul 19   0: 0: 0
2021-08-10 11:37:37,288 - isca - DEBUG - Integration completed through    2 Jul 20   0: 0: 0
2021-08-10 11:37:38,810 - isca - DEBUG - Integration completed through    2 Jul 21   0: 0: 0
2021-08-10 11:37:40,322 - isca - DEBUG - Integration completed through    2 Jul 22   0: 0: 0
2021-08-10 11:37:41,837 - isca - DEBUG - Integration completed through    2 Jul 23   0: 0: 0
2021-08-10 11:37:43,347 - isca - DEBUG - Integration completed through    2 Jul 24   0: 0: 0
2021-08-10 11:37:44,858 - isca - DEBUG - Integration completed through    2 Jul 25   0: 0: 0
2021-08-10 11:37:46,370 - isca - DEBUG - Integration completed through    2 Jul 26   0: 0: 0
2021-08-10 11:37:47,881 - isca - DEBUG - Integration completed through    2 Jul 27   0: 0: 0
2021-08-10 11:37:49,391 - isca - DEBUG - Integration completed through    2 Jul 28   0: 0: 0
2021-08-10 11:37:50,902 - isca - DEBUG - Integration completed through    2 Jul 29   0: 0: 0
2021-08-10 11:37:52,413 - isca - DEBUG - Integration completed through    2 Jul 30   0: 0: 0
2021-08-10 11:37:53,923 - isca - DEBUG - Integration completed through    2 Aug  1   0: 0: 0
2021-08-10 11:37:55,491 - isca - DEBUG - Integration completed through    2 Aug  2   0: 0: 0
2021-08-10 11:37:57,000 - isca - DEBUG - Integration completed through    2 Aug  3   0: 0: 0
2021-08-10 11:37:58,510 - isca - DEBUG - Integration completed through    2 Aug  4   0: 0: 0
2021-08-10 11:38:00,017 - isca - DEBUG - Integration completed through    2 Aug  5   0: 0: 0
2021-08-10 11:38:01,523 - isca - DEBUG - Integration completed through    2 Aug  6   0: 0: 0
2021-08-10 11:38:03,033 - isca - DEBUG - Integration completed through    2 Aug  7   0: 0: 0
2021-08-10 11:38:04,542 - isca - DEBUG - Integration completed through    2 Aug  8   0: 0: 0
2021-08-10 11:38:06,046 - isca - DEBUG - Integration completed through    2 Aug  9   0: 0: 0
2021-08-10 11:38:07,551 - isca - DEBUG - Integration completed through    2 Aug 10   0: 0: 0
2021-08-10 11:38:09,059 - isca - DEBUG - Integration completed through    2 Aug 11   0: 0: 0
2021-08-10 11:38:10,568 - isca - DEBUG - Integration completed through    2 Aug 12   0: 0: 0
2021-08-10 11:38:12,079 - isca - DEBUG - Integration completed through    2 Aug 13   0: 0: 0
2021-08-10 11:38:13,592 - isca - DEBUG - Integration completed through    2 Aug 14   0: 0: 0
2021-08-10 11:38:15,106 - isca - DEBUG - Integration completed through    2 Aug 15   0: 0: 0
2021-08-10 11:38:16,621 - isca - DEBUG - Integration completed through    2 Aug 16   0: 0: 0
2021-08-10 11:38:18,133 - isca - DEBUG - Integration completed through    2 Aug 17   0: 0: 0
2021-08-10 11:38:19,648 - isca - DEBUG - Integration completed through    2 Aug 18   0: 0: 0
2021-08-10 11:38:21,157 - isca - DEBUG - Integration completed through    2 Aug 19   0: 0: 0
2021-08-10 11:38:22,684 - isca - DEBUG - Integration completed through    2 Aug 20   0: 0: 0
2021-08-10 11:38:24,196 - isca - DEBUG - Integration completed through    2 Aug 21   0: 0: 0
2021-08-10 11:38:25,709 - isca - DEBUG - Integration completed through    2 Aug 22   0: 0: 0
2021-08-10 11:38:27,224 - isca - DEBUG - Integration completed through    2 Aug 23   0: 0: 0
2021-08-10 11:38:28,742 - isca - DEBUG - Integration completed through    2 Aug 24   0: 0: 0
2021-08-10 11:38:30,252 - isca - DEBUG - Integration completed through    2 Aug 25   0: 0: 0
2021-08-10 11:38:31,765 - isca - DEBUG - Integration completed through    2 Aug 26   0: 0: 0
2021-08-10 11:38:33,280 - isca - DEBUG - Integration completed through    2 Aug 27   0: 0: 0
2021-08-10 11:38:34,791 - isca - DEBUG - Integration completed through    2 Aug 28   0: 0: 0
2021-08-10 11:38:36,304 - isca - DEBUG - Integration completed through    2 Aug 29   0: 0: 0
2021-08-10 11:38:37,816 - isca - DEBUG - Integration completed through    2 Aug 30   0: 0: 0
2021-08-10 11:38:39,335 - isca - DEBUG - Integration completed through    2 Sep  1   0: 0: 0
2021-08-10 11:38:40,983 - isca - DEBUG - Integration completed through    2 Sep  2   0: 0: 0
2021-08-10 11:38:42,496 - isca - DEBUG - Integration completed through    2 Sep  3   0: 0: 0
2021-08-10 11:38:44,005 - isca - DEBUG - Integration completed through    2 Sep  4   0: 0: 0
2021-08-10 11:38:45,511 - isca - DEBUG - Integration completed through    2 Sep  5   0: 0: 0
2021-08-10 11:38:47,023 - isca - DEBUG - Integration completed through    2 Sep  6   0: 0: 0
2021-08-10 11:38:48,533 - isca - DEBUG - Integration completed through    2 Sep  7   0: 0: 0
2021-08-10 11:38:50,044 - isca - DEBUG - Integration completed through    2 Sep  8   0: 0: 0
2021-08-10 11:38:51,557 - isca - DEBUG - Integration completed through    2 Sep  9   0: 0: 0
2021-08-10 11:38:53,074 - isca - DEBUG - Integration completed through    2 Sep 10   0: 0: 0
2021-08-10 11:38:54,591 - isca - DEBUG - Integration completed through    2 Sep 11   0: 0: 0
2021-08-10 11:38:56,105 - isca - DEBUG - Integration completed through    2 Sep 12   0: 0: 0
2021-08-10 11:38:57,621 - isca - DEBUG - Integration completed through    2 Sep 13   0: 0: 0
2021-08-10 11:38:59,134 - isca - DEBUG - Integration completed through    2 Sep 14   0: 0: 0
2021-08-10 11:39:00,652 - isca - DEBUG - Integration completed through    2 Sep 15   0: 0: 0
2021-08-10 11:39:02,167 - isca - DEBUG - Integration completed through    2 Sep 16   0: 0: 0
2021-08-10 11:39:03,684 - isca - DEBUG - Integration completed through    2 Sep 17   0: 0: 0
2021-08-10 11:39:05,199 - isca - DEBUG - Integration completed through    2 Sep 18   0: 0: 0
2021-08-10 11:39:06,715 - isca - DEBUG - Integration completed through    2 Sep 19   0: 0: 0
2021-08-10 11:39:08,231 - isca - DEBUG - Integration completed through    2 Sep 20   0: 0: 0
2021-08-10 11:39:09,749 - isca - DEBUG - Integration completed through    2 Sep 21   0: 0: 0
2021-08-10 11:39:11,264 - isca - DEBUG - Integration completed through    2 Sep 22   0: 0: 0
2021-08-10 11:39:12,780 - isca - DEBUG - Integration completed through    2 Sep 23   0: 0: 0
2021-08-10 11:39:14,295 - isca - DEBUG - Integration completed through    2 Sep 24   0: 0: 0
2021-08-10 11:39:15,808 - isca - DEBUG - Integration completed through    2 Sep 25   0: 0: 0
2021-08-10 11:39:17,323 - isca - DEBUG - Integration completed through    2 Sep 26   0: 0: 0
2021-08-10 11:39:18,841 - isca - DEBUG - Integration completed through    2 Sep 27   0: 0: 0
2021-08-10 11:39:20,356 - isca - DEBUG - Integration completed through    2 Sep 28   0: 0: 0
2021-08-10 11:39:21,869 - isca - DEBUG - Integration completed through    2 Sep 29   0: 0: 0
2021-08-10 11:39:23,383 - isca - DEBUG - Integration completed through    2 Sep 30   0: 0: 0
2021-08-10 11:39:24,899 - isca - DEBUG - Integration completed through    2 Oct  1   0: 0: 0
2021-08-10 11:39:26,496 - isca - DEBUG - Integration completed through    2 Oct  2   0: 0: 0
2021-08-10 11:39:28,012 - isca - DEBUG - Integration completed through    2 Oct  3   0: 0: 0
2021-08-10 11:39:29,530 - isca - DEBUG - Integration completed through    2 Oct  4   0: 0: 0
2021-08-10 11:39:31,048 - isca - DEBUG - Integration completed through    2 Oct  5   0: 0: 0
2021-08-10 11:39:32,565 - isca - DEBUG - Integration completed through    2 Oct  6   0: 0: 0
2021-08-10 11:39:33,817 - isca - DEBUG - srun: Job step aborted: Waiting up to 32 seconds for job step to finish.
2021-08-10 11:39:33,818 - isca - DEBUG - slurmstepd-atmnode023: error: *** STEP 12661.1 ON atmnode023 CANCELLED AT 2021-08-10T11:39:33 ***
slurmstepd-atmnode023: error: *** JOB 12661 ON atmnode023 CANCELLED AT 2021-08-10T11:39:33 ***
