/home/lewis/.bashrc: line 75: goisca: command not found
2021-08-10 16:14:03,300 - isca - WARNING - Environment variable GFDL_SOC not set, but this is only required if using SocratesCodebase. Setting to None
2021-08-10 16:14:03,548 - isca - INFO - RRTM compilation disabled.
2021-08-10 16:14:03,548 - isca - INFO - SOCRATES compilation disabled.
2021-08-10 16:14:03,565 - isca - INFO - Writing path_names to '/network/group/aopp/planetary/PLR018_LEWIS_VENUS2/isca_work/codebase/_home_lewis_research_isca_dir_Isca/build/grey_isca/path_names'
2021-08-10 16:14:03,584 - isca - INFO - Running compiler
2021-08-10 16:14:03,628 - isca - INFO - loadmodules for oxford machines
2021-08-10 16:14:04,038 - isca - INFO - [?1h=Currently Loaded Modulefiles:[m
2021-08-10 16:14:04,062 - isca - INFO - 1) physicspaths/2.0         6) otheros/generic-arc          [m
2021-08-10 16:14:04,062 - isca - INFO - 2) otheros/generic-oxphys   7) intel-compilers/2018upd4     [m
2021-08-10 16:14:04,062 - isca - INFO - 3) otheros/ubuntu_bionic    8) intel-mpi/2015               [m
2021-08-10 16:14:04,062 - isca - INFO - 4) otheros/ubuntu_trusty    9) netcdf/netcdf-c-4.7.3        [m
2021-08-10 16:14:04,063 - isca - INFO - 5) arcpaths/1.0            10) netcdf/netcdf-fortran-4.5.2  [m
2021-08-10 16:14:04,083 - isca - INFO - [K[?1l>/network/group/aopp/planetary/PLR018_LEWIS_VENUS2/isca_work/codebase/_home_lewis_research_isca_dir_Isca/build/grey_isca/path_names
2021-08-10 16:14:13,389 - isca - INFO - .............................................................................................................................. Makefile is ready.
2021-08-10 16:14:13,864 - isca - INFO - make: Nothing to be done for 'all'.
2021-08-10 16:14:14,333 - isca - INFO - make: 'grey_isca.x' is up to date.
2021-08-10 16:14:14,335 - isca - INFO - Compilation complete.
2021-08-10 16:14:14,340 - isca - DEBUG - Making directory '/network/group/aopp/planetary/PLR018_LEWIS_VENUS2/isca_work/experiment/GREY_T42L30fr_p2_om_1_16_a_1_1_ps_1_1_tautrue_simple_gust_1m3'
2021-08-10 16:14:14,373 - isca - WARNING - Tried to remove run directory but it doesnt exist
2021-08-10 16:14:14,390 - isca - INFO - Emptied run directory '/network/group/aopp/planetary/PLR018_LEWIS_VENUS2/isca_work/experiment/GREY_T42L30fr_p2_om_1_16_a_1_1_ps_1_1_tautrue_simple_gust_1m3/run'
2021-08-10 16:14:14,478 - isca - INFO - Emptied run directory '/network/group/aopp/planetary/PLR018_LEWIS_VENUS2/isca_work/experiment/GREY_T42L30fr_p2_om_1_16_a_1_1_ps_1_1_tautrue_simple_gust_1m3/run'
2021-08-10 16:14:15,191 - isca - INFO - Writing namelist to '/network/group/aopp/planetary/PLR018_LEWIS_VENUS2/isca_work/experiment/GREY_T42L30fr_p2_om_1_16_a_1_1_ps_1_1_tautrue_simple_gust_1m3/run/input.nml'
2021-08-10 16:14:15,263 - isca - INFO - Writing field_table to '/network/group/aopp/planetary/PLR018_LEWIS_VENUS2/isca_work/experiment/GREY_T42L30fr_p2_om_1_16_a_1_1_ps_1_1_tautrue_simple_gust_1m3/run/field_table'
2021-08-10 16:14:15,361 - isca - INFO - Writing diag_table to '/network/group/aopp/planetary/PLR018_LEWIS_VENUS2/isca_work/experiment/GREY_T42L30fr_p2_om_1_16_a_1_1_ps_1_1_tautrue_simple_gust_1m3/run/diag_table'
2021-08-10 16:14:15,429 - isca - INFO - Running without restart file
2021-08-10 16:14:15,466 - isca - INFO - Beginning run 1
2021-08-10 16:14:15,484 - isca - INFO - process running as 61692
2021-08-10 16:14:15,516 - isca - DEBUG - loadmodules for oxford machines
2021-08-10 16:14:15,949 - isca - DEBUG - [?1h=Currently Loaded Modulefiles:[m
2021-08-10 16:14:15,969 - isca - DEBUG - 1) physicspaths/2.0         6) otheros/generic-arc          [m
2021-08-10 16:14:15,969 - isca - DEBUG - 2) otheros/generic-oxphys   7) intel-compilers/2018upd4     [m
2021-08-10 16:14:15,970 - isca - DEBUG - 3) otheros/ubuntu_bionic    8) intel-mpi/2015               [m
2021-08-10 16:14:15,970 - isca - DEBUG - 4) otheros/ubuntu_trusty    9) netcdf/netcdf-c-4.7.3        [m
2021-08-10 16:14:15,970 - isca - DEBUG - 5) arcpaths/1.0            10) netcdf/netcdf-fortran-4.5.2  [m
2021-08-10 16:14:16,449 - isca - DEBUG - [K[?1l>NOTE from PE    0: MPP_DOMAINS_SET_STACK_SIZE: stack size set to    32768.
2021-08-10 16:14:16,449 - isca - DEBUG - &MPP_IO_NML
2021-08-10 16:14:16,449 - isca - DEBUG - HEADER_BUFFER_VAL       =       16384,
2021-08-10 16:14:16,450 - isca - DEBUG - GLOBAL_FIELD_ON_ROOT_PE = T,
2021-08-10 16:14:16,450 - isca - DEBUG - IO_CLOCKS_ON    = F,
2021-08-10 16:14:16,450 - isca - DEBUG - SHUFFLE =           0,
2021-08-10 16:14:16,450 - isca - DEBUG - DEFLATE_LEVEL   =          -1
2021-08-10 16:14:16,450 - isca - DEBUG - /
2021-08-10 16:14:16,453 - isca - DEBUG - NOTE from PE    0: MPP_IO_SET_STACK_SIZE: stack size set to     131072.
2021-08-10 16:14:16,455 - isca - DEBUG - NOTE from PE    0: MPP_DOMAINS_SET_STACK_SIZE: stack size set to   600000.
2021-08-10 16:14:16,668 - isca - DEBUG - starting            1  OpenMP threads per MPI-task
2021-08-10 16:14:16,676 - isca - DEBUG - ATMOS MODEL DOMAIN DECOMPOSITION
2021-08-10 16:14:16,676 - isca - DEBUG - X-AXIS =  128
2021-08-10 16:14:16,676 - isca - DEBUG - Y-AXIS =    2   2   2   2   2   2   2   2   2   2   2   2   2   2   2   2   2   2   2   2   2   2   2   2
2021-08-10 16:14:16,676 - isca - DEBUG - 2   2   2   2   2   2   2   2
2021-08-10 16:14:17,130 - isca - DEBUG - mean surface pressure=1000.0000 mb
2021-08-10 16:14:17,449 - isca - DEBUG - NOTE from PE    0: idealized_moist_phys: Using AM3 dry adjustment convection scheme.
2021-08-10 16:14:19,290 - isca - DEBUG - Integration completed through    1 Jan  2   0: 0: 0
2021-08-10 16:14:20,752 - isca - DEBUG - Integration completed through    1 Jan  3   0: 0: 0
2021-08-10 16:14:22,227 - isca - DEBUG - Integration completed through    1 Jan  4   0: 0: 0
2021-08-10 16:14:23,702 - isca - DEBUG - Integration completed through    1 Jan  5   0: 0: 0
2021-08-10 16:14:25,175 - isca - DEBUG - Integration completed through    1 Jan  6   0: 0: 0
2021-08-10 16:14:26,655 - isca - DEBUG - Integration completed through    1 Jan  7   0: 0: 0
2021-08-10 16:14:28,132 - isca - DEBUG - Integration completed through    1 Jan  8   0: 0: 0
2021-08-10 16:14:29,611 - isca - DEBUG - Integration completed through    1 Jan  9   0: 0: 0
2021-08-10 16:14:31,089 - isca - DEBUG - Integration completed through    1 Jan 10   0: 0: 0
2021-08-10 16:14:32,568 - isca - DEBUG - Integration completed through    1 Jan 11   0: 0: 0
2021-08-10 16:14:34,056 - isca - DEBUG - Integration completed through    1 Jan 12   0: 0: 0
2021-08-10 16:14:35,537 - isca - DEBUG - Integration completed through    1 Jan 13   0: 0: 0
2021-08-10 16:14:37,021 - isca - DEBUG - Integration completed through    1 Jan 14   0: 0: 0
2021-08-10 16:14:38,509 - isca - DEBUG - Integration completed through    1 Jan 15   0: 0: 0
2021-08-10 16:14:39,995 - isca - DEBUG - Integration completed through    1 Jan 16   0: 0: 0
2021-08-10 16:14:41,479 - isca - DEBUG - Integration completed through    1 Jan 17   0: 0: 0
2021-08-10 16:14:42,964 - isca - DEBUG - Integration completed through    1 Jan 18   0: 0: 0
2021-08-10 16:14:44,452 - isca - DEBUG - Integration completed through    1 Jan 19   0: 0: 0
2021-08-10 16:14:45,936 - isca - DEBUG - Integration completed through    1 Jan 20   0: 0: 0
2021-08-10 16:14:47,423 - isca - DEBUG - Integration completed through    1 Jan 21   0: 0: 0
2021-08-10 16:14:48,912 - isca - DEBUG - Integration completed through    1 Jan 22   0: 0: 0
2021-08-10 16:14:50,407 - isca - DEBUG - Integration completed through    1 Jan 23   0: 0: 0
2021-08-10 16:14:51,893 - isca - DEBUG - Integration completed through    1 Jan 24   0: 0: 0
2021-08-10 16:14:53,384 - isca - DEBUG - Integration completed through    1 Jan 25   0: 0: 0
2021-08-10 16:14:54,876 - isca - DEBUG - Integration completed through    1 Jan 26   0: 0: 0
2021-08-10 16:14:56,370 - isca - DEBUG - Integration completed through    1 Jan 27   0: 0: 0
2021-08-10 16:14:57,862 - isca - DEBUG - Integration completed through    1 Jan 28   0: 0: 0
2021-08-10 16:14:59,355 - isca - DEBUG - Integration completed through    1 Jan 29   0: 0: 0
2021-08-10 16:15:00,849 - isca - DEBUG - Integration completed through    1 Jan 30   0: 0: 0
2021-08-10 16:15:02,390 - isca - DEBUG - Integration completed through    1 Feb  1   0: 0: 0
2021-08-10 16:15:04,849 - isca - DEBUG - Integration completed through    1 Feb  2   0: 0: 0
2021-08-10 16:15:06,346 - isca - DEBUG - Integration completed through    1 Feb  3   0: 0: 0
2021-08-10 16:15:07,843 - isca - DEBUG - Integration completed through    1 Feb  4   0: 0: 0
2021-08-10 16:15:09,337 - isca - DEBUG - Integration completed through    1 Feb  5   0: 0: 0
2021-08-10 16:15:10,834 - isca - DEBUG - Integration completed through    1 Feb  6   0: 0: 0
2021-08-10 16:15:12,334 - isca - DEBUG - Integration completed through    1 Feb  7   0: 0: 0
2021-08-10 16:15:13,833 - isca - DEBUG - Integration completed through    1 Feb  8   0: 0: 0
2021-08-10 16:15:15,332 - isca - DEBUG - Integration completed through    1 Feb  9   0: 0: 0
2021-08-10 16:15:16,832 - isca - DEBUG - Integration completed through    1 Feb 10   0: 0: 0
2021-08-10 16:15:18,331 - isca - DEBUG - Integration completed through    1 Feb 11   0: 0: 0
2021-08-10 16:15:19,830 - isca - DEBUG - Integration completed through    1 Feb 12   0: 0: 0
2021-08-10 16:15:21,335 - isca - DEBUG - Integration completed through    1 Feb 13   0: 0: 0
2021-08-10 16:15:22,842 - isca - DEBUG - Integration completed through    1 Feb 14   0: 0: 0
2021-08-10 16:15:24,340 - isca - DEBUG - Integration completed through    1 Feb 15   0: 0: 0
2021-08-10 16:15:25,839 - isca - DEBUG - Integration completed through    1 Feb 16   0: 0: 0
2021-08-10 16:15:27,337 - isca - DEBUG - Integration completed through    1 Feb 17   0: 0: 0
2021-08-10 16:15:28,840 - isca - DEBUG - Integration completed through    1 Feb 18   0: 0: 0
2021-08-10 16:15:30,339 - isca - DEBUG - Integration completed through    1 Feb 19   0: 0: 0
2021-08-10 16:15:31,841 - isca - DEBUG - Integration completed through    1 Feb 20   0: 0: 0
2021-08-10 16:15:33,344 - isca - DEBUG - Integration completed through    1 Feb 21   0: 0: 0
2021-08-10 16:15:34,845 - isca - DEBUG - Integration completed through    1 Feb 22   0: 0: 0
2021-08-10 16:15:36,347 - isca - DEBUG - Integration completed through    1 Feb 23   0: 0: 0
2021-08-10 16:15:37,848 - isca - DEBUG - Integration completed through    1 Feb 24   0: 0: 0
2021-08-10 16:15:39,350 - isca - DEBUG - Integration completed through    1 Feb 25   0: 0: 0
2021-08-10 16:15:40,852 - isca - DEBUG - Integration completed through    1 Feb 26   0: 0: 0
2021-08-10 16:15:42,357 - isca - DEBUG - Integration completed through    1 Feb 27   0: 0: 0
2021-08-10 16:15:43,861 - isca - DEBUG - Integration completed through    1 Feb 28   0: 0: 0
2021-08-10 16:15:45,364 - isca - DEBUG - Integration completed through    1 Feb 29   0: 0: 0
2021-08-10 16:15:46,873 - isca - DEBUG - Integration completed through    1 Feb 30   0: 0: 0
2021-08-10 16:15:48,375 - isca - DEBUG - Integration completed through    1 Mar  1   0: 0: 0
2021-08-10 16:15:50,015 - isca - DEBUG - Integration completed through    1 Mar  2   0: 0: 0
2021-08-10 16:15:51,525 - isca - DEBUG - Integration completed through    1 Mar  3   0: 0: 0
2021-08-10 16:15:53,245 - isca - DEBUG - Integration completed through    1 Mar  4   0: 0: 0
2021-08-10 16:15:55,103 - isca - DEBUG - Integration completed through    1 Mar  5   0: 0: 0
2021-08-10 16:15:56,800 - isca - DEBUG - Integration completed through    1 Mar  6   0: 0: 0
2021-08-10 16:15:58,323 - isca - DEBUG - Integration completed through    1 Mar  7   0: 0: 0
2021-08-10 16:15:59,831 - isca - DEBUG - Integration completed through    1 Mar  8   0: 0: 0
2021-08-10 16:16:01,347 - isca - DEBUG - Integration completed through    1 Mar  9   0: 0: 0
2021-08-10 16:16:02,857 - isca - DEBUG - Integration completed through    1 Mar 10   0: 0: 0
2021-08-10 16:16:04,361 - isca - DEBUG - Integration completed through    1 Mar 11   0: 0: 0
2021-08-10 16:16:05,868 - isca - DEBUG - Integration completed through    1 Mar 12   0: 0: 0
2021-08-10 16:16:07,381 - isca - DEBUG - Integration completed through    1 Mar 13   0: 0: 0
2021-08-10 16:16:08,885 - isca - DEBUG - Integration completed through    1 Mar 14   0: 0: 0
2021-08-10 16:16:10,389 - isca - DEBUG - Integration completed through    1 Mar 15   0: 0: 0
2021-08-10 16:16:11,895 - isca - DEBUG - Integration completed through    1 Mar 16   0: 0: 0
2021-08-10 16:16:13,405 - isca - DEBUG - Integration completed through    1 Mar 17   0: 0: 0
2021-08-10 16:16:14,911 - isca - DEBUG - Integration completed through    1 Mar 18   0: 0: 0
2021-08-10 16:16:16,425 - isca - DEBUG - Integration completed through    1 Mar 19   0: 0: 0
2021-08-10 16:16:17,934 - isca - DEBUG - Integration completed through    1 Mar 20   0: 0: 0
2021-08-10 16:16:19,448 - isca - DEBUG - Integration completed through    1 Mar 21   0: 0: 0
2021-08-10 16:16:20,961 - isca - DEBUG - Integration completed through    1 Mar 22   0: 0: 0
2021-08-10 16:16:22,477 - isca - DEBUG - Integration completed through    1 Mar 23   0: 0: 0
2021-08-10 16:16:23,987 - isca - DEBUG - Integration completed through    1 Mar 24   0: 0: 0
2021-08-10 16:16:25,498 - isca - DEBUG - Integration completed through    1 Mar 25   0: 0: 0
2021-08-10 16:16:27,024 - isca - DEBUG - Integration completed through    1 Mar 26   0: 0: 0
2021-08-10 16:16:28,534 - isca - DEBUG - Integration completed through    1 Mar 27   0: 0: 0
2021-08-10 16:16:30,044 - isca - DEBUG - Integration completed through    1 Mar 28   0: 0: 0
2021-08-10 16:16:31,555 - isca - DEBUG - Integration completed through    1 Mar 29   0: 0: 0
2021-08-10 16:16:33,063 - isca - DEBUG - Integration completed through    1 Mar 30   0: 0: 0
2021-08-10 16:16:34,571 - isca - DEBUG - Integration completed through    1 Apr  1   0: 0: 0
2021-08-10 16:16:36,159 - isca - DEBUG - Integration completed through    1 Apr  2   0: 0: 0
2021-08-10 16:16:37,663 - isca - DEBUG - Integration completed through    1 Apr  3   0: 0: 0
2021-08-10 16:16:39,171 - isca - DEBUG - Integration completed through    1 Apr  4   0: 0: 0
2021-08-10 16:16:40,679 - isca - DEBUG - Integration completed through    1 Apr  5   0: 0: 0
2021-08-10 16:16:42,186 - isca - DEBUG - Integration completed through    1 Apr  6   0: 0: 0
2021-08-10 16:16:43,695 - isca - DEBUG - Integration completed through    1 Apr  7   0: 0: 0
2021-08-10 16:16:45,203 - isca - DEBUG - Integration completed through    1 Apr  8   0: 0: 0
2021-08-10 16:16:46,710 - isca - DEBUG - Integration completed through    1 Apr  9   0: 0: 0
2021-08-10 16:16:48,216 - isca - DEBUG - Integration completed through    1 Apr 10   0: 0: 0
2021-08-10 16:16:49,724 - isca - DEBUG - Integration completed through    1 Apr 11   0: 0: 0
2021-08-10 16:16:51,233 - isca - DEBUG - Integration completed through    1 Apr 12   0: 0: 0
2021-08-10 16:16:52,745 - isca - DEBUG - Integration completed through    1 Apr 13   0: 0: 0
2021-08-10 16:16:54,251 - isca - DEBUG - Integration completed through    1 Apr 14   0: 0: 0
2021-08-10 16:16:55,758 - isca - DEBUG - Integration completed through    1 Apr 15   0: 0: 0
2021-08-10 16:16:57,265 - isca - DEBUG - Integration completed through    1 Apr 16   0: 0: 0
2021-08-10 16:16:58,772 - isca - DEBUG - Integration completed through    1 Apr 17   0: 0: 0
2021-08-10 16:17:00,279 - isca - DEBUG - Integration completed through    1 Apr 18   0: 0: 0
2021-08-10 16:17:01,790 - isca - DEBUG - Integration completed through    1 Apr 19   0: 0: 0
2021-08-10 16:17:03,299 - isca - DEBUG - Integration completed through    1 Apr 20   0: 0: 0
2021-08-10 16:17:04,807 - isca - DEBUG - Integration completed through    1 Apr 21   0: 0: 0
2021-08-10 16:17:06,312 - isca - DEBUG - Integration completed through    1 Apr 22   0: 0: 0
2021-08-10 16:17:07,835 - isca - DEBUG - Integration completed through    1 Apr 23   0: 0: 0
2021-08-10 16:17:09,343 - isca - DEBUG - Integration completed through    1 Apr 24   0: 0: 0
2021-08-10 16:17:10,848 - isca - DEBUG - Integration completed through    1 Apr 25   0: 0: 0
2021-08-10 16:17:12,354 - isca - DEBUG - Integration completed through    1 Apr 26   0: 0: 0
2021-08-10 16:17:13,861 - isca - DEBUG - Integration completed through    1 Apr 27   0: 0: 0
2021-08-10 16:17:15,371 - isca - DEBUG - Integration completed through    1 Apr 28   0: 0: 0
2021-08-10 16:17:16,879 - isca - DEBUG - Integration completed through    1 Apr 29   0: 0: 0
2021-08-10 16:17:18,385 - isca - DEBUG - Integration completed through    1 Apr 30   0: 0: 0
2021-08-10 16:17:19,893 - isca - DEBUG - Integration completed through    1 May  1   0: 0: 0
2021-08-10 16:17:21,545 - isca - DEBUG - Integration completed through    1 May  2   0: 0: 0
2021-08-10 16:17:23,058 - isca - DEBUG - Integration completed through    1 May  3   0: 0: 0
2021-08-10 16:17:24,566 - isca - DEBUG - Integration completed through    1 May  4   0: 0: 0
2021-08-10 16:17:26,073 - isca - DEBUG - Integration completed through    1 May  5   0: 0: 0
2021-08-10 16:17:27,579 - isca - DEBUG - Integration completed through    1 May  6   0: 0: 0
2021-08-10 16:17:29,087 - isca - DEBUG - Integration completed through    1 May  7   0: 0: 0
2021-08-10 16:17:30,594 - isca - DEBUG - Integration completed through    1 May  8   0: 0: 0
2021-08-10 16:17:32,100 - isca - DEBUG - Integration completed through    1 May  9   0: 0: 0
2021-08-10 16:17:33,607 - isca - DEBUG - Integration completed through    1 May 10   0: 0: 0
2021-08-10 16:17:35,114 - isca - DEBUG - Integration completed through    1 May 11   0: 0: 0
2021-08-10 16:17:36,624 - isca - DEBUG - Integration completed through    1 May 12   0: 0: 0
2021-08-10 16:17:38,133 - isca - DEBUG - Integration completed through    1 May 13   0: 0: 0
2021-08-10 16:17:39,645 - isca - DEBUG - Integration completed through    1 May 14   0: 0: 0
2021-08-10 16:17:41,155 - isca - DEBUG - Integration completed through    1 May 15   0: 0: 0
2021-08-10 16:17:42,661 - isca - DEBUG - Integration completed through    1 May 16   0: 0: 0
2021-08-10 16:17:44,171 - isca - DEBUG - Integration completed through    1 May 17   0: 0: 0
2021-08-10 16:17:45,682 - isca - DEBUG - Integration completed through    1 May 18   0: 0: 0
2021-08-10 16:17:47,191 - isca - DEBUG - Integration completed through    1 May 19   0: 0: 0
2021-08-10 16:17:48,700 - isca - DEBUG - Integration completed through    1 May 20   0: 0: 0
2021-08-10 16:17:50,209 - isca - DEBUG - Integration completed through    1 May 21   0: 0: 0
2021-08-10 16:17:51,718 - isca - DEBUG - Integration completed through    1 May 22   0: 0: 0
2021-08-10 16:17:53,230 - isca - DEBUG - Integration completed through    1 May 23   0: 0: 0
2021-08-10 16:17:54,738 - isca - DEBUG - Integration completed through    1 May 24   0: 0: 0
2021-08-10 16:17:56,246 - isca - DEBUG - Integration completed through    1 May 25   0: 0: 0
2021-08-10 16:17:57,760 - isca - DEBUG - Integration completed through    1 May 26   0: 0: 0
2021-08-10 16:17:59,270 - isca - DEBUG - Integration completed through    1 May 27   0: 0: 0
2021-08-10 16:18:00,779 - isca - DEBUG - Integration completed through    1 May 28   0: 0: 0
2021-08-10 16:18:02,286 - isca - DEBUG - Integration completed through    1 May 29   0: 0: 0
2021-08-10 16:18:03,796 - isca - DEBUG - Integration completed through    1 May 30   0: 0: 0
2021-08-10 16:18:05,306 - isca - DEBUG - Integration completed through    1 Jun  1   0: 0: 0
2021-08-10 16:18:06,946 - isca - DEBUG - Integration completed through    1 Jun  2   0: 0: 0
2021-08-10 16:18:08,456 - isca - DEBUG - Integration completed through    1 Jun  3   0: 0: 0
2021-08-10 16:18:09,968 - isca - DEBUG - Integration completed through    1 Jun  4   0: 0: 0
2021-08-10 16:18:11,478 - isca - DEBUG - Integration completed through    1 Jun  5   0: 0: 0
2021-08-10 16:18:12,990 - isca - DEBUG - Integration completed through    1 Jun  6   0: 0: 0
2021-08-10 16:18:14,503 - isca - DEBUG - Integration completed through    1 Jun  7   0: 0: 0
2021-08-10 16:18:16,018 - isca - DEBUG - Integration completed through    1 Jun  8   0: 0: 0
2021-08-10 16:18:17,534 - isca - DEBUG - Integration completed through    1 Jun  9   0: 0: 0
2021-08-10 16:18:19,049 - isca - DEBUG - Integration completed through    1 Jun 10   0: 0: 0
2021-08-10 16:18:20,560 - isca - DEBUG - Integration completed through    1 Jun 11   0: 0: 0
2021-08-10 16:18:22,069 - isca - DEBUG - Integration completed through    1 Jun 12   0: 0: 0
2021-08-10 16:18:23,601 - isca - DEBUG - Integration completed through    1 Jun 13   0: 0: 0
2021-08-10 16:18:25,112 - isca - DEBUG - Integration completed through    1 Jun 14   0: 0: 0
2021-08-10 16:18:26,655 - isca - DEBUG - Integration completed through    1 Jun 15   0: 0: 0
2021-08-10 16:18:28,687 - isca - DEBUG - Integration completed through    1 Jun 16   0: 0: 0
2021-08-10 16:18:30,952 - isca - DEBUG - Integration completed through    1 Jun 17   0: 0: 0
2021-08-10 16:18:33,121 - isca - DEBUG - Integration completed through    1 Jun 18   0: 0: 0
2021-08-10 16:18:34,903 - isca - DEBUG - Integration completed through    1 Jun 19   0: 0: 0
2021-08-10 16:18:36,418 - isca - DEBUG - Integration completed through    1 Jun 20   0: 0: 0
2021-08-10 16:18:37,933 - isca - DEBUG - Integration completed through    1 Jun 21   0: 0: 0
2021-08-10 16:18:39,445 - isca - DEBUG - Integration completed through    1 Jun 22   0: 0: 0
2021-08-10 16:18:40,956 - isca - DEBUG - Integration completed through    1 Jun 23   0: 0: 0
2021-08-10 16:18:42,476 - isca - DEBUG - Integration completed through    1 Jun 24   0: 0: 0
2021-08-10 16:18:43,990 - isca - DEBUG - Integration completed through    1 Jun 25   0: 0: 0
2021-08-10 16:18:45,503 - isca - DEBUG - Integration completed through    1 Jun 26   0: 0: 0
2021-08-10 16:18:47,019 - isca - DEBUG - Integration completed through    1 Jun 27   0: 0: 0
2021-08-10 16:18:48,531 - isca - DEBUG - Integration completed through    1 Jun 28   0: 0: 0
2021-08-10 16:18:50,043 - isca - DEBUG - Integration completed through    1 Jun 29   0: 0: 0
2021-08-10 16:18:51,556 - isca - DEBUG - Integration completed through    1 Jun 30   0: 0: 0
2021-08-10 16:18:53,071 - isca - DEBUG - Integration completed through    1 Jul  1   0: 0: 0
2021-08-10 16:18:54,648 - isca - DEBUG - Integration completed through    1 Jul  2   0: 0: 0
2021-08-10 16:18:56,156 - isca - DEBUG - Integration completed through    1 Jul  3   0: 0: 0
2021-08-10 16:18:57,667 - isca - DEBUG - Integration completed through    1 Jul  4   0: 0: 0
2021-08-10 16:18:59,176 - isca - DEBUG - Integration completed through    1 Jul  5   0: 0: 0
2021-08-10 16:19:00,690 - isca - DEBUG - Integration completed through    1 Jul  6   0: 0: 0
2021-08-10 16:19:02,202 - isca - DEBUG - Integration completed through    1 Jul  7   0: 0: 0
2021-08-10 16:19:03,718 - isca - DEBUG - Integration completed through    1 Jul  8   0: 0: 0
2021-08-10 16:19:05,228 - isca - DEBUG - Integration completed through    1 Jul  9   0: 0: 0
2021-08-10 16:19:06,737 - isca - DEBUG - Integration completed through    1 Jul 10   0: 0: 0
2021-08-10 16:19:08,245 - isca - DEBUG - Integration completed through    1 Jul 11   0: 0: 0
2021-08-10 16:19:09,754 - isca - DEBUG - Integration completed through    1 Jul 12   0: 0: 0
2021-08-10 16:19:11,263 - isca - DEBUG - Integration completed through    1 Jul 13   0: 0: 0
2021-08-10 16:19:12,773 - isca - DEBUG - Integration completed through    1 Jul 14   0: 0: 0
2021-08-10 16:19:14,284 - isca - DEBUG - Integration completed through    1 Jul 15   0: 0: 0
2021-08-10 16:19:15,795 - isca - DEBUG - Integration completed through    1 Jul 16   0: 0: 0
2021-08-10 16:19:17,304 - isca - DEBUG - Integration completed through    1 Jul 17   0: 0: 0
2021-08-10 16:19:18,819 - isca - DEBUG - Integration completed through    1 Jul 18   0: 0: 0
2021-08-10 16:19:20,330 - isca - DEBUG - Integration completed through    1 Jul 19   0: 0: 0
2021-08-10 16:19:21,846 - isca - DEBUG - Integration completed through    1 Jul 20   0: 0: 0
2021-08-10 16:19:23,361 - isca - DEBUG - Integration completed through    1 Jul 21   0: 0: 0
2021-08-10 16:19:24,873 - isca - DEBUG - Integration completed through    1 Jul 22   0: 0: 0
2021-08-10 16:19:26,383 - isca - DEBUG - Integration completed through    1 Jul 23   0: 0: 0
2021-08-10 16:19:27,891 - isca - DEBUG - Integration completed through    1 Jul 24   0: 0: 0
2021-08-10 16:19:29,401 - isca - DEBUG - Integration completed through    1 Jul 25   0: 0: 0
2021-08-10 16:19:30,911 - isca - DEBUG - Integration completed through    1 Jul 26   0: 0: 0
2021-08-10 16:19:32,420 - isca - DEBUG - Integration completed through    1 Jul 27   0: 0: 0
2021-08-10 16:19:33,928 - isca - DEBUG - Integration completed through    1 Jul 28   0: 0: 0
2021-08-10 16:19:35,437 - isca - DEBUG - Integration completed through    1 Jul 29   0: 0: 0
2021-08-10 16:19:36,947 - isca - DEBUG - Integration completed through    1 Jul 30   0: 0: 0
2021-08-10 16:19:38,459 - isca - DEBUG - Integration completed through    1 Aug  1   0: 0: 0
2021-08-10 16:19:40,031 - isca - DEBUG - Integration completed through    1 Aug  2   0: 0: 0
2021-08-10 16:19:41,542 - isca - DEBUG - Integration completed through    1 Aug  3   0: 0: 0
2021-08-10 16:19:43,054 - isca - DEBUG - Integration completed through    1 Aug  4   0: 0: 0
2021-08-10 16:19:44,565 - isca - DEBUG - Integration completed through    1 Aug  5   0: 0: 0
2021-08-10 16:19:46,075 - isca - DEBUG - Integration completed through    1 Aug  6   0: 0: 0
2021-08-10 16:19:47,581 - isca - DEBUG - Integration completed through    1 Aug  7   0: 0: 0
2021-08-10 16:19:49,090 - isca - DEBUG - Integration completed through    1 Aug  8   0: 0: 0
2021-08-10 16:19:50,598 - isca - DEBUG - Integration completed through    1 Aug  9   0: 0: 0
2021-08-10 16:19:52,107 - isca - DEBUG - Integration completed through    1 Aug 10   0: 0: 0
2021-08-10 16:19:53,617 - isca - DEBUG - Integration completed through    1 Aug 11   0: 0: 0
2021-08-10 16:19:55,128 - isca - DEBUG - Integration completed through    1 Aug 12   0: 0: 0
2021-08-10 16:19:56,639 - isca - DEBUG - Integration completed through    1 Aug 13   0: 0: 0
2021-08-10 16:19:58,150 - isca - DEBUG - Integration completed through    1 Aug 14   0: 0: 0
2021-08-10 16:19:59,659 - isca - DEBUG - Integration completed through    1 Aug 15   0: 0: 0
2021-08-10 16:20:01,169 - isca - DEBUG - Integration completed through    1 Aug 16   0: 0: 0
2021-08-10 16:20:02,808 - isca - DEBUG - Integration completed through    1 Aug 17   0: 0: 0
2021-08-10 16:20:04,316 - isca - DEBUG - Integration completed through    1 Aug 18   0: 0: 0
2021-08-10 16:20:05,826 - isca - DEBUG - Integration completed through    1 Aug 19   0: 0: 0
2021-08-10 16:20:07,337 - isca - DEBUG - Integration completed through    1 Aug 20   0: 0: 0
2021-08-10 16:20:08,853 - isca - DEBUG - Integration completed through    1 Aug 21   0: 0: 0
2021-08-10 16:20:10,361 - isca - DEBUG - Integration completed through    1 Aug 22   0: 0: 0
2021-08-10 16:20:11,871 - isca - DEBUG - Integration completed through    1 Aug 23   0: 0: 0
2021-08-10 16:20:13,383 - isca - DEBUG - Integration completed through    1 Aug 24   0: 0: 0
2021-08-10 16:20:14,894 - isca - DEBUG - Integration completed through    1 Aug 25   0: 0: 0
2021-08-10 16:20:16,407 - isca - DEBUG - Integration completed through    1 Aug 26   0: 0: 0
2021-08-10 16:20:17,917 - isca - DEBUG - Integration completed through    1 Aug 27   0: 0: 0
2021-08-10 16:20:19,427 - isca - DEBUG - Integration completed through    1 Aug 28   0: 0: 0
2021-08-10 16:20:20,937 - isca - DEBUG - Integration completed through    1 Aug 29   0: 0: 0
2021-08-10 16:20:22,450 - isca - DEBUG - Integration completed through    1 Aug 30   0: 0: 0
2021-08-10 16:20:23,964 - isca - DEBUG - Integration completed through    1 Sep  1   0: 0: 0
2021-08-10 16:20:25,554 - isca - DEBUG - Integration completed through    1 Sep  2   0: 0: 0
2021-08-10 16:20:27,065 - isca - DEBUG - Integration completed through    1 Sep  3   0: 0: 0
2021-08-10 16:20:28,576 - isca - DEBUG - Integration completed through    1 Sep  4   0: 0: 0
2021-08-10 16:20:30,088 - isca - DEBUG - Integration completed through    1 Sep  5   0: 0: 0
2021-08-10 16:20:31,600 - isca - DEBUG - Integration completed through    1 Sep  6   0: 0: 0
2021-08-10 16:20:33,115 - isca - DEBUG - Integration completed through    1 Sep  7   0: 0: 0
2021-08-10 16:20:34,624 - isca - DEBUG - Integration completed through    1 Sep  8   0: 0: 0
2021-08-10 16:20:36,132 - isca - DEBUG - Integration completed through    1 Sep  9   0: 0: 0
2021-08-10 16:20:37,642 - isca - DEBUG - Integration completed through    1 Sep 10   0: 0: 0
2021-08-10 16:20:39,151 - isca - DEBUG - Integration completed through    1 Sep 11   0: 0: 0
2021-08-10 16:20:40,661 - isca - DEBUG - Integration completed through    1 Sep 12   0: 0: 0
2021-08-10 16:20:42,172 - isca - DEBUG - Integration completed through    1 Sep 13   0: 0: 0
2021-08-10 16:20:43,683 - isca - DEBUG - Integration completed through    1 Sep 14   0: 0: 0
2021-08-10 16:20:45,193 - isca - DEBUG - Integration completed through    1 Sep 15   0: 0: 0
2021-08-10 16:20:46,703 - isca - DEBUG - Integration completed through    1 Sep 16   0: 0: 0
2021-08-10 16:20:48,213 - isca - DEBUG - Integration completed through    1 Sep 17   0: 0: 0
2021-08-10 16:20:49,722 - isca - DEBUG - Integration completed through    1 Sep 18   0: 0: 0
2021-08-10 16:20:51,232 - isca - DEBUG - Integration completed through    1 Sep 19   0: 0: 0
2021-08-10 16:20:52,896 - isca - DEBUG - Integration completed through    1 Sep 20   0: 0: 0
2021-08-10 16:20:54,815 - isca - DEBUG - Integration completed through    1 Sep 21   0: 0: 0
2021-08-10 16:20:56,689 - isca - DEBUG - Integration completed through    1 Sep 22   0: 0: 0
2021-08-10 16:20:58,406 - isca - DEBUG - Integration completed through    1 Sep 23   0: 0: 0
2021-08-10 16:20:59,917 - isca - DEBUG - Integration completed through    1 Sep 24   0: 0: 0
2021-08-10 16:21:01,427 - isca - DEBUG - Integration completed through    1 Sep 25   0: 0: 0
2021-08-10 16:21:02,940 - isca - DEBUG - Integration completed through    1 Sep 26   0: 0: 0
2021-08-10 16:21:04,452 - isca - DEBUG - Integration completed through    1 Sep 27   0: 0: 0
2021-08-10 16:21:05,962 - isca - DEBUG - Integration completed through    1 Sep 28   0: 0: 0
2021-08-10 16:21:07,472 - isca - DEBUG - Integration completed through    1 Sep 29   0: 0: 0
2021-08-10 16:21:08,983 - isca - DEBUG - Integration completed through    1 Sep 30   0: 0: 0
2021-08-10 16:21:10,497 - isca - DEBUG - Integration completed through    1 Oct  1   0: 0: 0
2021-08-10 16:21:12,083 - isca - DEBUG - Integration completed through    1 Oct  2   0: 0: 0
2021-08-10 16:21:13,602 - isca - DEBUG - Integration completed through    1 Oct  3   0: 0: 0
2021-08-10 16:21:15,112 - isca - DEBUG - Integration completed through    1 Oct  4   0: 0: 0
2021-08-10 16:21:16,625 - isca - DEBUG - Integration completed through    1 Oct  5   0: 0: 0
2021-08-10 16:21:18,137 - isca - DEBUG - Integration completed through    1 Oct  6   0: 0: 0
2021-08-10 16:21:19,652 - isca - DEBUG - Integration completed through    1 Oct  7   0: 0: 0
2021-08-10 16:21:21,165 - isca - DEBUG - Integration completed through    1 Oct  8   0: 0: 0
2021-08-10 16:21:22,684 - isca - DEBUG - Integration completed through    1 Oct  9   0: 0: 0
2021-08-10 16:21:24,200 - isca - DEBUG - Integration completed through    1 Oct 10   0: 0: 0
2021-08-10 16:21:25,713 - isca - DEBUG - Integration completed through    1 Oct 11   0: 0: 0
2021-08-10 16:21:27,236 - isca - DEBUG - Integration completed through    1 Oct 12   0: 0: 0
2021-08-10 16:21:28,748 - isca - DEBUG - Integration completed through    1 Oct 13   0: 0: 0
2021-08-10 16:21:30,262 - isca - DEBUG - Integration completed through    1 Oct 14   0: 0: 0
2021-08-10 16:21:31,774 - isca - DEBUG - Integration completed through    1 Oct 15   0: 0: 0
2021-08-10 16:21:33,286 - isca - DEBUG - Integration completed through    1 Oct 16   0: 0: 0
2021-08-10 16:21:34,797 - isca - DEBUG - Integration completed through    1 Oct 17   0: 0: 0
2021-08-10 16:21:36,310 - isca - DEBUG - Integration completed through    1 Oct 18   0: 0: 0
2021-08-10 16:21:37,821 - isca - DEBUG - Integration completed through    1 Oct 19   0: 0: 0
2021-08-10 16:21:39,333 - isca - DEBUG - Integration completed through    1 Oct 20   0: 0: 0
2021-08-10 16:21:40,845 - isca - DEBUG - Integration completed through    1 Oct 21   0: 0: 0
2021-08-10 16:21:42,357 - isca - DEBUG - Integration completed through    1 Oct 22   0: 0: 0
2021-08-10 16:21:43,871 - isca - DEBUG - Integration completed through    1 Oct 23   0: 0: 0
2021-08-10 16:21:45,383 - isca - DEBUG - Integration completed through    1 Oct 24   0: 0: 0
2021-08-10 16:21:46,902 - isca - DEBUG - Integration completed through    1 Oct 25   0: 0: 0
2021-08-10 16:21:48,413 - isca - DEBUG - Integration completed through    1 Oct 26   0: 0: 0
2021-08-10 16:21:49,925 - isca - DEBUG - Integration completed through    1 Oct 27   0: 0: 0
2021-08-10 16:21:51,436 - isca - DEBUG - Integration completed through    1 Oct 28   0: 0: 0
2021-08-10 16:21:52,951 - isca - DEBUG - Integration completed through    1 Oct 29   0: 0: 0
2021-08-10 16:21:54,465 - isca - DEBUG - Integration completed through    1 Oct 30   0: 0: 0
2021-08-10 16:21:55,976 - isca - DEBUG - Integration completed through    1 Nov  1   0: 0: 0
2021-08-10 16:21:57,585 - isca - DEBUG - Integration completed through    1 Nov  2   0: 0: 0
2021-08-10 16:21:59,098 - isca - DEBUG - Integration completed through    1 Nov  3   0: 0: 0
2021-08-10 16:22:00,611 - isca - DEBUG - Integration completed through    1 Nov  4   0: 0: 0
2021-08-10 16:22:02,125 - isca - DEBUG - Integration completed through    1 Nov  5   0: 0: 0
2021-08-10 16:22:03,639 - isca - DEBUG - Integration completed through    1 Nov  6   0: 0: 0
2021-08-10 16:22:05,152 - isca - DEBUG - Integration completed through    1 Nov  7   0: 0: 0
2021-08-10 16:22:06,666 - isca - DEBUG - Integration completed through    1 Nov  8   0: 0: 0
2021-08-10 16:22:08,195 - isca - DEBUG - Integration completed through    1 Nov  9   0: 0: 0
2021-08-10 16:22:09,708 - isca - DEBUG - Integration completed through    1 Nov 10   0: 0: 0
2021-08-10 16:22:11,224 - isca - DEBUG - Integration completed through    1 Nov 11   0: 0: 0
2021-08-10 16:22:12,740 - isca - DEBUG - Integration completed through    1 Nov 12   0: 0: 0
2021-08-10 16:22:14,254 - isca - DEBUG - Integration completed through    1 Nov 13   0: 0: 0
2021-08-10 16:22:15,766 - isca - DEBUG - Integration completed through    1 Nov 14   0: 0: 0
2021-08-10 16:22:17,278 - isca - DEBUG - Integration completed through    1 Nov 15   0: 0: 0
2021-08-10 16:22:18,799 - isca - DEBUG - Integration completed through    1 Nov 16   0: 0: 0
2021-08-10 16:22:20,310 - isca - DEBUG - Integration completed through    1 Nov 17   0: 0: 0
2021-08-10 16:22:21,822 - isca - DEBUG - Integration completed through    1 Nov 18   0: 0: 0
2021-08-10 16:22:23,339 - isca - DEBUG - Integration completed through    1 Nov 19   0: 0: 0
2021-08-10 16:22:24,851 - isca - DEBUG - Integration completed through    1 Nov 20   0: 0: 0
2021-08-10 16:22:26,366 - isca - DEBUG - Integration completed through    1 Nov 21   0: 0: 0
2021-08-10 16:22:27,879 - isca - DEBUG - Integration completed through    1 Nov 22   0: 0: 0
2021-08-10 16:22:29,390 - isca - DEBUG - Integration completed through    1 Nov 23   0: 0: 0
2021-08-10 16:22:30,905 - isca - DEBUG - Integration completed through    1 Nov 24   0: 0: 0
2021-08-10 16:22:32,417 - isca - DEBUG - Integration completed through    1 Nov 25   0: 0: 0
2021-08-10 16:22:33,930 - isca - DEBUG - Integration completed through    1 Nov 26   0: 0: 0
2021-08-10 16:22:35,446 - isca - DEBUG - Integration completed through    1 Nov 27   0: 0: 0
2021-08-10 16:22:36,961 - isca - DEBUG - Integration completed through    1 Nov 28   0: 0: 0
2021-08-10 16:22:38,474 - isca - DEBUG - Integration completed through    1 Nov 29   0: 0: 0
2021-08-10 16:22:39,986 - isca - DEBUG - Integration completed through    1 Nov 30   0: 0: 0
2021-08-10 16:22:41,499 - isca - DEBUG - Integration completed through    1 Dec  1   0: 0: 0
2021-08-10 16:22:43,132 - isca - DEBUG - Integration completed through    1 Dec  2   0: 0: 0
2021-08-10 16:22:44,646 - isca - DEBUG - Integration completed through    1 Dec  3   0: 0: 0
2021-08-10 16:22:46,164 - isca - DEBUG - Integration completed through    1 Dec  4   0: 0: 0
2021-08-10 16:22:47,681 - isca - DEBUG - Integration completed through    1 Dec  5   0: 0: 0
2021-08-10 16:22:49,196 - isca - DEBUG - Integration completed through    1 Dec  6   0: 0: 0
2021-08-10 16:22:50,711 - isca - DEBUG - Integration completed through    1 Dec  7   0: 0: 0
2021-08-10 16:22:52,225 - isca - DEBUG - Integration completed through    1 Dec  8   0: 0: 0
2021-08-10 16:22:53,743 - isca - DEBUG - Integration completed through    1 Dec  9   0: 0: 0
2021-08-10 16:22:55,260 - isca - DEBUG - Integration completed through    1 Dec 10   0: 0: 0
2021-08-10 16:22:56,773 - isca - DEBUG - Integration completed through    1 Dec 11   0: 0: 0
2021-08-10 16:22:58,288 - isca - DEBUG - Integration completed through    1 Dec 12   0: 0: 0
2021-08-10 16:22:59,807 - isca - DEBUG - Integration completed through    1 Dec 13   0: 0: 0
2021-08-10 16:23:01,327 - isca - DEBUG - Integration completed through    1 Dec 14   0: 0: 0
2021-08-10 16:23:02,843 - isca - DEBUG - Integration completed through    1 Dec 15   0: 0: 0
2021-08-10 16:23:04,360 - isca - DEBUG - Integration completed through    1 Dec 16   0: 0: 0
2021-08-10 16:23:05,875 - isca - DEBUG - Integration completed through    1 Dec 17   0: 0: 0
2021-08-10 16:23:07,386 - isca - DEBUG - Integration completed through    1 Dec 18   0: 0: 0
2021-08-10 16:23:08,903 - isca - DEBUG - Integration completed through    1 Dec 19   0: 0: 0
2021-08-10 16:23:10,417 - isca - DEBUG - Integration completed through    1 Dec 20   0: 0: 0
2021-08-10 16:23:11,930 - isca - DEBUG - Integration completed through    1 Dec 21   0: 0: 0
2021-08-10 16:23:13,444 - isca - DEBUG - Integration completed through    1 Dec 22   0: 0: 0
2021-08-10 16:23:14,958 - isca - DEBUG - Integration completed through    1 Dec 23   0: 0: 0
2021-08-10 16:23:16,471 - isca - DEBUG - Integration completed through    1 Dec 24   0: 0: 0
2021-08-10 16:23:17,987 - isca - DEBUG - Integration completed through    1 Dec 25   0: 0: 0
2021-08-10 16:23:19,503 - isca - DEBUG - Integration completed through    1 Dec 26   0: 0: 0
2021-08-10 16:23:21,016 - isca - DEBUG - Integration completed through    1 Dec 27   0: 0: 0
2021-08-10 16:23:22,543 - isca - DEBUG - Integration completed through    1 Dec 28   0: 0: 0
2021-08-10 16:23:24,067 - isca - DEBUG - Integration completed through    1 Dec 29   0: 0: 0
2021-08-10 16:23:25,584 - isca - DEBUG - Integration completed through    1 Dec 30   0: 0: 0
2021-08-10 16:23:27,450 - isca - DEBUG - Integration completed through    2 Jan  1   0: 0: 0
2021-08-10 16:23:27,555 - isca - DEBUG - NOTE from PE    0: MPP_IO_SET_STACK_SIZE: stack size set to     245760.
2021-08-10 16:23:28,175 - isca - DEBUG - MPP_DOMAINS_STACK high water mark=       30720
2021-08-10 16:23:28,176 - isca - DEBUG - 
2021-08-10 16:23:28,176 - isca - DEBUG - Tabulating mpp_clock statistics across     32 PEs...
2021-08-10 16:23:28,176 - isca - DEBUG - 
2021-08-10 16:23:28,176 - isca - DEBUG - tmin          tmax          tavg          tstd  tfrac grain pemin pemax
2021-08-10 16:23:28,176 - isca - DEBUG - Total runtime                       551.728809    551.728815    551.728812      0.000002  1.000     0     0    31
2021-08-10 16:23:28,176 - isca - DEBUG - MPP_STACK high water mark=           0
2021-08-10 16:23:28,241 - isca - INFO - Run 1 complete
2021-08-10 16:23:31,741 - isca - DEBUG - atmos_monthly.nc combined and copied to data directory
2021-08-10 16:23:34,039 - isca - INFO - Restart archive created at /network/group/aopp/planetary/PLR018_LEWIS_VENUS2/isca_data/GREY_T42L30fr_p2_om_1_16_a_1_1_ps_1_1_tautrue_simple_gust_1m3/restarts/res0001.tar.gz
2021-08-10 16:23:34,148 - isca - INFO - Writing namelist to '/network/group/aopp/planetary/PLR018_LEWIS_VENUS2/isca_data/GREY_T42L30fr_p2_om_1_16_a_1_1_ps_1_1_tautrue_simple_gust_1m3/run0001/input.nml'
2021-08-10 16:23:34,157 - isca - INFO - Writing field_table to '/network/group/aopp/planetary/PLR018_LEWIS_VENUS2/isca_data/GREY_T42L30fr_p2_om_1_16_a_1_1_ps_1_1_tautrue_simple_gust_1m3/run0001/field_table'
2021-08-10 16:23:34,201 - isca - INFO - Writing diag_table to '/network/group/aopp/planetary/PLR018_LEWIS_VENUS2/isca_data/GREY_T42L30fr_p2_om_1_16_a_1_1_ps_1_1_tautrue_simple_gust_1m3/run0001/diag_table'
2021-08-10 16:23:35,097 - isca - INFO - Emptied run directory '/network/group/aopp/planetary/PLR018_LEWIS_VENUS2/isca_work/experiment/GREY_T42L30fr_p2_om_1_16_a_1_1_ps_1_1_tautrue_simple_gust_1m3/run'
2021-08-10 16:23:35,150 - isca - INFO - Emptied run directory '/network/group/aopp/planetary/PLR018_LEWIS_VENUS2/isca_work/experiment/GREY_T42L30fr_p2_om_1_16_a_1_1_ps_1_1_tautrue_simple_gust_1m3/run'
2021-08-10 16:23:35,722 - isca - INFO - Writing namelist to '/network/group/aopp/planetary/PLR018_LEWIS_VENUS2/isca_work/experiment/GREY_T42L30fr_p2_om_1_16_a_1_1_ps_1_1_tautrue_simple_gust_1m3/run/input.nml'
2021-08-10 16:23:35,730 - isca - INFO - Writing field_table to '/network/group/aopp/planetary/PLR018_LEWIS_VENUS2/isca_work/experiment/GREY_T42L30fr_p2_om_1_16_a_1_1_ps_1_1_tautrue_simple_gust_1m3/run/field_table'
2021-08-10 16:23:35,751 - isca - INFO - Writing diag_table to '/network/group/aopp/planetary/PLR018_LEWIS_VENUS2/isca_work/experiment/GREY_T42L30fr_p2_om_1_16_a_1_1_ps_1_1_tautrue_simple_gust_1m3/run/diag_table'
2021-08-10 16:23:35,802 - isca - INFO - Using restart file '/network/group/aopp/planetary/PLR018_LEWIS_VENUS2/isca_data/GREY_T42L30fr_p2_om_1_16_a_1_1_ps_1_1_tautrue_simple_gust_1m3/restarts/res0001.tar.gz'
2021-08-10 16:23:36,347 - isca - INFO - Restart /network/group/aopp/planetary/PLR018_LEWIS_VENUS2/isca_data/GREY_T42L30fr_p2_om_1_16_a_1_1_ps_1_1_tautrue_simple_gust_1m3/restarts/res0001.tar.gz extracted to /network/group/aopp/planetary/PLR018_LEWIS_VENUS2/isca_work/experiment/GREY_T42L30fr_p2_om_1_16_a_1_1_ps_1_1_tautrue_simple_gust_1m3/run/INPUT
2021-08-10 16:23:36,372 - isca - INFO - Beginning run 2
2021-08-10 16:23:36,382 - isca - INFO - process running as 62203
2021-08-10 16:23:36,418 - isca - DEBUG - loadmodules for oxford machines
2021-08-10 16:23:36,844 - isca - DEBUG - [?1h=Currently Loaded Modulefiles:[m
2021-08-10 16:23:36,867 - isca - DEBUG - 1) physicspaths/2.0         6) otheros/generic-arc          [m
2021-08-10 16:23:36,867 - isca - DEBUG - 2) otheros/generic-oxphys   7) intel-compilers/2018upd4     [m
2021-08-10 16:23:36,867 - isca - DEBUG - 3) otheros/ubuntu_bionic    8) intel-mpi/2015               [m
2021-08-10 16:23:36,867 - isca - DEBUG - 4) otheros/ubuntu_trusty    9) netcdf/netcdf-c-4.7.3        [m
2021-08-10 16:23:36,868 - isca - DEBUG - 5) arcpaths/1.0            10) netcdf/netcdf-fortran-4.5.2  [m
2021-08-10 16:23:37,281 - isca - DEBUG - [K[?1l>NOTE from PE    0: MPP_DOMAINS_SET_STACK_SIZE: stack size set to    32768.
2021-08-10 16:23:37,281 - isca - DEBUG - &MPP_IO_NML
2021-08-10 16:23:37,281 - isca - DEBUG - HEADER_BUFFER_VAL       =       16384,
2021-08-10 16:23:37,281 - isca - DEBUG - GLOBAL_FIELD_ON_ROOT_PE = T,
2021-08-10 16:23:37,281 - isca - DEBUG - IO_CLOCKS_ON    = F,
2021-08-10 16:23:37,281 - isca - DEBUG - SHUFFLE =           0,
2021-08-10 16:23:37,281 - isca - DEBUG - DEFLATE_LEVEL   =          -1
2021-08-10 16:23:37,281 - isca - DEBUG - /
2021-08-10 16:23:37,284 - isca - DEBUG - NOTE from PE    0: MPP_IO_SET_STACK_SIZE: stack size set to     131072.
2021-08-10 16:23:37,286 - isca - DEBUG - NOTE from PE    0: MPP_DOMAINS_SET_STACK_SIZE: stack size set to   600000.
2021-08-10 16:23:37,346 - isca - DEBUG - starting            1  OpenMP threads per MPI-task
2021-08-10 16:23:37,357 - isca - DEBUG - ATMOS MODEL DOMAIN DECOMPOSITION
2021-08-10 16:23:37,357 - isca - DEBUG - X-AXIS =  128
2021-08-10 16:23:37,358 - isca - DEBUG - Y-AXIS =    2   2   2   2   2   2   2   2   2   2   2   2   2   2   2   2   2   2   2   2   2   2   2   2
2021-08-10 16:23:37,358 - isca - DEBUG - 2   2   2   2   2   2   2   2
2021-08-10 16:23:38,519 - isca - DEBUG - NOTE from PE    0: idealized_moist_phys: Using AM3 dry adjustment convection scheme.
2021-08-10 16:23:40,695 - isca - DEBUG - Integration completed through    2 Jan  2   0: 0: 0
2021-08-10 16:23:42,184 - isca - DEBUG - Integration completed through    2 Jan  3   0: 0: 0
2021-08-10 16:23:43,691 - isca - DEBUG - Integration completed through    2 Jan  4   0: 0: 0
2021-08-10 16:23:45,190 - isca - DEBUG - Integration completed through    2 Jan  5   0: 0: 0
2021-08-10 16:23:46,686 - isca - DEBUG - Integration completed through    2 Jan  6   0: 0: 0
2021-08-10 16:23:48,187 - isca - DEBUG - Integration completed through    2 Jan  7   0: 0: 0
2021-08-10 16:23:49,685 - isca - DEBUG - Integration completed through    2 Jan  8   0: 0: 0
2021-08-10 16:23:51,182 - isca - DEBUG - Integration completed through    2 Jan  9   0: 0: 0
2021-08-10 16:23:52,681 - isca - DEBUG - Integration completed through    2 Jan 10   0: 0: 0
2021-08-10 16:23:54,176 - isca - DEBUG - Integration completed through    2 Jan 11   0: 0: 0
2021-08-10 16:23:55,683 - isca - DEBUG - Integration completed through    2 Jan 12   0: 0: 0
2021-08-10 16:23:57,179 - isca - DEBUG - Integration completed through    2 Jan 13   0: 0: 0
2021-08-10 16:23:58,678 - isca - DEBUG - Integration completed through    2 Jan 14   0: 0: 0
2021-08-10 16:24:00,180 - isca - DEBUG - Integration completed through    2 Jan 15   0: 0: 0
2021-08-10 16:24:01,676 - isca - DEBUG - Integration completed through    2 Jan 16   0: 0: 0
2021-08-10 16:24:03,172 - isca - DEBUG - Integration completed through    2 Jan 17   0: 0: 0
2021-08-10 16:24:04,671 - isca - DEBUG - Integration completed through    2 Jan 18   0: 0: 0
2021-08-10 16:24:06,166 - isca - DEBUG - Integration completed through    2 Jan 19   0: 0: 0
2021-08-10 16:24:07,662 - isca - DEBUG - Integration completed through    2 Jan 20   0: 0: 0
2021-08-10 16:24:09,159 - isca - DEBUG - Integration completed through    2 Jan 21   0: 0: 0
2021-08-10 16:24:10,659 - isca - DEBUG - Integration completed through    2 Jan 22   0: 0: 0
2021-08-10 16:24:12,160 - isca - DEBUG - Integration completed through    2 Jan 23   0: 0: 0
2021-08-10 16:24:13,659 - isca - DEBUG - Integration completed through    2 Jan 24   0: 0: 0
2021-08-10 16:24:15,159 - isca - DEBUG - Integration completed through    2 Jan 25   0: 0: 0
2021-08-10 16:24:16,655 - isca - DEBUG - Integration completed through    2 Jan 26   0: 0: 0
2021-08-10 16:24:18,150 - isca - DEBUG - Integration completed through    2 Jan 27   0: 0: 0
2021-08-10 16:24:19,649 - isca - DEBUG - Integration completed through    2 Jan 28   0: 0: 0
2021-08-10 16:24:21,149 - isca - DEBUG - Integration completed through    2 Jan 29   0: 0: 0
2021-08-10 16:24:22,650 - isca - DEBUG - Integration completed through    2 Jan 30   0: 0: 0
2021-08-10 16:24:24,148 - isca - DEBUG - Integration completed through    2 Feb  1   0: 0: 0
2021-08-10 16:24:26,399 - isca - DEBUG - Integration completed through    2 Feb  2   0: 0: 0
2021-08-10 16:24:27,897 - isca - DEBUG - Integration completed through    2 Feb  3   0: 0: 0
2021-08-10 16:24:29,397 - isca - DEBUG - Integration completed through    2 Feb  4   0: 0: 0
2021-08-10 16:24:30,894 - isca - DEBUG - Integration completed through    2 Feb  5   0: 0: 0
2021-08-10 16:24:32,394 - isca - DEBUG - Integration completed through    2 Feb  6   0: 0: 0
2021-08-10 16:24:33,894 - isca - DEBUG - Integration completed through    2 Feb  7   0: 0: 0
2021-08-10 16:24:35,395 - isca - DEBUG - Integration completed through    2 Feb  8   0: 0: 0
2021-08-10 16:24:36,894 - isca - DEBUG - Integration completed through    2 Feb  9   0: 0: 0
2021-08-10 16:24:38,397 - isca - DEBUG - Integration completed through    2 Feb 10   0: 0: 0
2021-08-10 16:24:39,898 - isca - DEBUG - Integration completed through    2 Feb 11   0: 0: 0
2021-08-10 16:24:41,397 - isca - DEBUG - Integration completed through    2 Feb 12   0: 0: 0
2021-08-10 16:24:42,897 - isca - DEBUG - Integration completed through    2 Feb 13   0: 0: 0
2021-08-10 16:24:44,405 - isca - DEBUG - Integration completed through    2 Feb 14   0: 0: 0
2021-08-10 16:24:45,905 - isca - DEBUG - Integration completed through    2 Feb 15   0: 0: 0
2021-08-10 16:24:47,406 - isca - DEBUG - Integration completed through    2 Feb 16   0: 0: 0
2021-08-10 16:24:48,908 - isca - DEBUG - Integration completed through    2 Feb 17   0: 0: 0
2021-08-10 16:24:50,410 - isca - DEBUG - Integration completed through    2 Feb 18   0: 0: 0
2021-08-10 16:24:51,912 - isca - DEBUG - Integration completed through    2 Feb 19   0: 0: 0
2021-08-10 16:24:53,416 - isca - DEBUG - Integration completed through    2 Feb 20   0: 0: 0
2021-08-10 16:24:54,921 - isca - DEBUG - Integration completed through    2 Feb 21   0: 0: 0
2021-08-10 16:24:56,425 - isca - DEBUG - Integration completed through    2 Feb 22   0: 0: 0
2021-08-10 16:24:57,928 - isca - DEBUG - Integration completed through    2 Feb 23   0: 0: 0
2021-08-10 16:24:59,432 - isca - DEBUG - Integration completed through    2 Feb 24   0: 0: 0
2021-08-10 16:25:00,935 - isca - DEBUG - Integration completed through    2 Feb 25   0: 0: 0
2021-08-10 16:25:02,486 - isca - DEBUG - Integration completed through    2 Feb 26   0: 0: 0
2021-08-10 16:25:03,991 - isca - DEBUG - Integration completed through    2 Feb 27   0: 0: 0
2021-08-10 16:25:05,495 - isca - DEBUG - Integration completed through    2 Feb 28   0: 0: 0
2021-08-10 16:25:06,999 - isca - DEBUG - Integration completed through    2 Feb 29   0: 0: 0
2021-08-10 16:25:08,505 - isca - DEBUG - Integration completed through    2 Feb 30   0: 0: 0
2021-08-10 16:25:10,010 - isca - DEBUG - Integration completed through    2 Mar  1   0: 0: 0
2021-08-10 16:25:11,603 - isca - DEBUG - Integration completed through    2 Mar  2   0: 0: 0
2021-08-10 16:25:13,109 - isca - DEBUG - Integration completed through    2 Mar  3   0: 0: 0
2021-08-10 16:25:14,614 - isca - DEBUG - Integration completed through    2 Mar  4   0: 0: 0
2021-08-10 16:25:16,119 - isca - DEBUG - Integration completed through    2 Mar  5   0: 0: 0
2021-08-10 16:25:17,624 - isca - DEBUG - Integration completed through    2 Mar  6   0: 0: 0
2021-08-10 16:25:19,128 - isca - DEBUG - Integration completed through    2 Mar  7   0: 0: 0
2021-08-10 16:25:20,636 - isca - DEBUG - Integration completed through    2 Mar  8   0: 0: 0
2021-08-10 16:25:22,143 - isca - DEBUG - Integration completed through    2 Mar  9   0: 0: 0
2021-08-10 16:25:23,652 - isca - DEBUG - Integration completed through    2 Mar 10   0: 0: 0
2021-08-10 16:25:25,160 - isca - DEBUG - Integration completed through    2 Mar 11   0: 0: 0
2021-08-10 16:25:26,667 - isca - DEBUG - Integration completed through    2 Mar 12   0: 0: 0
2021-08-10 16:25:28,175 - isca - DEBUG - Integration completed through    2 Mar 13   0: 0: 0
2021-08-10 16:25:29,682 - isca - DEBUG - Integration completed through    2 Mar 14   0: 0: 0
2021-08-10 16:25:31,188 - isca - DEBUG - Integration completed through    2 Mar 15   0: 0: 0
2021-08-10 16:25:32,697 - isca - DEBUG - Integration completed through    2 Mar 16   0: 0: 0
2021-08-10 16:25:34,201 - isca - DEBUG - Integration completed through    2 Mar 17   0: 0: 0
2021-08-10 16:25:35,706 - isca - DEBUG - Integration completed through    2 Mar 18   0: 0: 0
2021-08-10 16:25:37,214 - isca - DEBUG - Integration completed through    2 Mar 19   0: 0: 0
2021-08-10 16:25:38,722 - isca - DEBUG - Integration completed through    2 Mar 20   0: 0: 0
2021-08-10 16:25:40,230 - isca - DEBUG - Integration completed through    2 Mar 21   0: 0: 0
2021-08-10 16:25:41,740 - isca - DEBUG - Integration completed through    2 Mar 22   0: 0: 0
2021-08-10 16:25:43,253 - isca - DEBUG - Integration completed through    2 Mar 23   0: 0: 0
2021-08-10 16:25:44,763 - isca - DEBUG - Integration completed through    2 Mar 24   0: 0: 0
2021-08-10 16:25:46,271 - isca - DEBUG - Integration completed through    2 Mar 25   0: 0: 0
2021-08-10 16:25:47,778 - isca - DEBUG - Integration completed through    2 Mar 26   0: 0: 0
2021-08-10 16:25:49,287 - isca - DEBUG - Integration completed through    2 Mar 27   0: 0: 0
2021-08-10 16:25:50,797 - isca - DEBUG - Integration completed through    2 Mar 28   0: 0: 0
2021-08-10 16:25:52,353 - isca - DEBUG - Integration completed through    2 Mar 29   0: 0: 0
2021-08-10 16:25:54,197 - isca - DEBUG - Integration completed through    2 Mar 30   0: 0: 0
2021-08-10 16:25:56,106 - isca - DEBUG - Integration completed through    2 Apr  1   0: 0: 0
2021-08-10 16:25:57,907 - isca - DEBUG - Integration completed through    2 Apr  2   0: 0: 0
2021-08-10 16:25:59,413 - isca - DEBUG - Integration completed through    2 Apr  3   0: 0: 0
2021-08-10 16:26:00,919 - isca - DEBUG - Integration completed through    2 Apr  4   0: 0: 0
2021-08-10 16:26:02,423 - isca - DEBUG - Integration completed through    2 Apr  5   0: 0: 0
2021-08-10 16:26:03,930 - isca - DEBUG - Integration completed through    2 Apr  6   0: 0: 0
2021-08-10 16:26:05,436 - isca - DEBUG - Integration completed through    2 Apr  7   0: 0: 0
2021-08-10 16:26:06,941 - isca - DEBUG - Integration completed through    2 Apr  8   0: 0: 0
2021-08-10 16:26:08,445 - isca - DEBUG - Integration completed through    2 Apr  9   0: 0: 0
2021-08-10 16:26:09,949 - isca - DEBUG - Integration completed through    2 Apr 10   0: 0: 0
2021-08-10 16:26:11,451 - isca - DEBUG - Integration completed through    2 Apr 11   0: 0: 0
2021-08-10 16:26:12,957 - isca - DEBUG - Integration completed through    2 Apr 12   0: 0: 0
2021-08-10 16:26:14,458 - isca - DEBUG - Integration completed through    2 Apr 13   0: 0: 0
2021-08-10 16:26:15,960 - isca - DEBUG - Integration completed through    2 Apr 14   0: 0: 0
2021-08-10 16:26:17,467 - isca - DEBUG - Integration completed through    2 Apr 15   0: 0: 0
2021-08-10 16:26:18,976 - isca - DEBUG - Integration completed through    2 Apr 16   0: 0: 0
2021-08-10 16:26:20,480 - isca - DEBUG - Integration completed through    2 Apr 17   0: 0: 0
2021-08-10 16:26:21,982 - isca - DEBUG - Integration completed through    2 Apr 18   0: 0: 0
2021-08-10 16:26:23,486 - isca - DEBUG - Integration completed through    2 Apr 19   0: 0: 0
2021-08-10 16:26:24,987 - isca - DEBUG - Integration completed through    2 Apr 20   0: 0: 0
2021-08-10 16:26:26,501 - isca - DEBUG - Integration completed through    2 Apr 21   0: 0: 0
2021-08-10 16:26:28,004 - isca - DEBUG - Integration completed through    2 Apr 22   0: 0: 0
2021-08-10 16:26:29,503 - isca - DEBUG - Integration completed through    2 Apr 23   0: 0: 0
2021-08-10 16:26:31,007 - isca - DEBUG - Integration completed through    2 Apr 24   0: 0: 0
2021-08-10 16:26:32,509 - isca - DEBUG - Integration completed through    2 Apr 25   0: 0: 0
2021-08-10 16:26:34,010 - isca - DEBUG - Integration completed through    2 Apr 26   0: 0: 0
2021-08-10 16:26:35,508 - isca - DEBUG - Integration completed through    2 Apr 27   0: 0: 0
2021-08-10 16:26:37,006 - isca - DEBUG - Integration completed through    2 Apr 28   0: 0: 0
2021-08-10 16:26:38,507 - isca - DEBUG - Integration completed through    2 Apr 29   0: 0: 0
2021-08-10 16:26:40,011 - isca - DEBUG - Integration completed through    2 Apr 30   0: 0: 0
2021-08-10 16:26:41,509 - isca - DEBUG - Integration completed through    2 May  1   0: 0: 0
2021-08-10 16:26:43,133 - isca - DEBUG - Integration completed through    2 May  2   0: 0: 0
2021-08-10 16:26:44,640 - isca - DEBUG - Integration completed through    2 May  3   0: 0: 0
2021-08-10 16:26:46,140 - isca - DEBUG - Integration completed through    2 May  4   0: 0: 0
2021-08-10 16:26:47,637 - isca - DEBUG - Integration completed through    2 May  5   0: 0: 0
2021-08-10 16:26:49,136 - isca - DEBUG - Integration completed through    2 May  6   0: 0: 0
2021-08-10 16:26:50,635 - isca - DEBUG - Integration completed through    2 May  7   0: 0: 0
2021-08-10 16:26:52,136 - isca - DEBUG - Integration completed through    2 May  8   0: 0: 0
2021-08-10 16:26:53,638 - isca - DEBUG - Integration completed through    2 May  9   0: 0: 0
2021-08-10 16:26:55,136 - isca - DEBUG - Integration completed through    2 May 10   0: 0: 0
2021-08-10 16:26:56,636 - isca - DEBUG - Integration completed through    2 May 11   0: 0: 0
2021-08-10 16:26:58,135 - isca - DEBUG - Integration completed through    2 May 12   0: 0: 0
2021-08-10 16:26:59,635 - isca - DEBUG - Integration completed through    2 May 13   0: 0: 0
2021-08-10 16:27:01,134 - isca - DEBUG - Integration completed through    2 May 14   0: 0: 0
2021-08-10 16:27:02,634 - isca - DEBUG - Integration completed through    2 May 15   0: 0: 0
2021-08-10 16:27:04,131 - isca - DEBUG - Integration completed through    2 May 16   0: 0: 0
2021-08-10 16:27:05,630 - isca - DEBUG - Integration completed through    2 May 17   0: 0: 0
2021-08-10 16:27:07,145 - isca - DEBUG - Integration completed through    2 May 18   0: 0: 0
2021-08-10 16:27:08,649 - isca - DEBUG - Integration completed through    2 May 19   0: 0: 0
2021-08-10 16:27:10,151 - isca - DEBUG - Integration completed through    2 May 20   0: 0: 0
2021-08-10 16:27:11,652 - isca - DEBUG - Integration completed through    2 May 21   0: 0: 0
2021-08-10 16:27:13,154 - isca - DEBUG - Integration completed through    2 May 22   0: 0: 0
2021-08-10 16:27:14,656 - isca - DEBUG - Integration completed through    2 May 23   0: 0: 0
2021-08-10 16:27:16,158 - isca - DEBUG - Integration completed through    2 May 24   0: 0: 0
2021-08-10 16:27:17,661 - isca - DEBUG - Integration completed through    2 May 25   0: 0: 0
2021-08-10 16:27:19,164 - isca - DEBUG - Integration completed through    2 May 26   0: 0: 0
2021-08-10 16:27:20,667 - isca - DEBUG - Integration completed through    2 May 27   0: 0: 0
2021-08-10 16:27:22,170 - isca - DEBUG - Integration completed through    2 May 28   0: 0: 0
2021-08-10 16:27:23,675 - isca - DEBUG - Integration completed through    2 May 29   0: 0: 0
2021-08-10 16:27:25,178 - isca - DEBUG - Integration completed through    2 May 30   0: 0: 0
2021-08-10 16:27:26,681 - isca - DEBUG - Integration completed through    2 Jun  1   0: 0: 0
2021-08-10 16:27:28,319 - isca - DEBUG - Integration completed through    2 Jun  2   0: 0: 0
2021-08-10 16:27:29,820 - isca - DEBUG - Integration completed through    2 Jun  3   0: 0: 0
2021-08-10 16:27:31,325 - isca - DEBUG - Integration completed through    2 Jun  4   0: 0: 0
2021-08-10 16:27:32,831 - isca - DEBUG - Integration completed through    2 Jun  5   0: 0: 0
2021-08-10 16:27:34,337 - isca - DEBUG - Integration completed through    2 Jun  6   0: 0: 0
2021-08-10 16:27:35,844 - isca - DEBUG - Integration completed through    2 Jun  7   0: 0: 0
2021-08-10 16:27:37,348 - isca - DEBUG - Integration completed through    2 Jun  8   0: 0: 0
2021-08-10 16:27:38,853 - isca - DEBUG - Integration completed through    2 Jun  9   0: 0: 0
2021-08-10 16:27:40,359 - isca - DEBUG - Integration completed through    2 Jun 10   0: 0: 0
2021-08-10 16:27:41,862 - isca - DEBUG - Integration completed through    2 Jun 11   0: 0: 0
2021-08-10 16:27:43,369 - isca - DEBUG - Integration completed through    2 Jun 12   0: 0: 0
2021-08-10 16:27:44,883 - isca - DEBUG - Integration completed through    2 Jun 13   0: 0: 0
2021-08-10 16:27:46,391 - isca - DEBUG - Integration completed through    2 Jun 14   0: 0: 0
2021-08-10 16:27:47,898 - isca - DEBUG - Integration completed through    2 Jun 15   0: 0: 0
2021-08-10 16:27:49,404 - isca - DEBUG - Integration completed through    2 Jun 16   0: 0: 0
2021-08-10 16:27:50,911 - isca - DEBUG - Integration completed through    2 Jun 17   0: 0: 0
2021-08-10 16:27:52,414 - isca - DEBUG - Integration completed through    2 Jun 18   0: 0: 0
2021-08-10 16:27:53,919 - isca - DEBUG - Integration completed through    2 Jun 19   0: 0: 0
2021-08-10 16:27:55,423 - isca - DEBUG - Integration completed through    2 Jun 20   0: 0: 0
2021-08-10 16:27:56,929 - isca - DEBUG - Integration completed through    2 Jun 21   0: 0: 0
2021-08-10 16:27:58,434 - isca - DEBUG - Integration completed through    2 Jun 22   0: 0: 0
2021-08-10 16:27:59,939 - isca - DEBUG - Integration completed through    2 Jun 23   0: 0: 0
2021-08-10 16:28:01,444 - isca - DEBUG - Integration completed through    2 Jun 24   0: 0: 0
2021-08-10 16:28:02,952 - isca - DEBUG - Integration completed through    2 Jun 25   0: 0: 0
2021-08-10 16:28:04,460 - isca - DEBUG - Integration completed through    2 Jun 26   0: 0: 0
2021-08-10 16:28:05,967 - isca - DEBUG - Integration completed through    2 Jun 27   0: 0: 0
2021-08-10 16:28:07,474 - isca - DEBUG - Integration completed through    2 Jun 28   0: 0: 0
2021-08-10 16:28:08,984 - isca - DEBUG - Integration completed through    2 Jun 29   0: 0: 0
2021-08-10 16:28:10,492 - isca - DEBUG - Integration completed through    2 Jun 30   0: 0: 0
2021-08-10 16:28:12,000 - isca - DEBUG - Integration completed through    2 Jul  1   0: 0: 0
2021-08-10 16:28:13,571 - isca - DEBUG - Integration completed through    2 Jul  2   0: 0: 0
2021-08-10 16:28:15,077 - isca - DEBUG - Integration completed through    2 Jul  3   0: 0: 0
2021-08-10 16:28:16,585 - isca - DEBUG - Integration completed through    2 Jul  4   0: 0: 0
2021-08-10 16:28:18,090 - isca - DEBUG - Integration completed through    2 Jul  5   0: 0: 0
2021-08-10 16:28:19,596 - isca - DEBUG - Integration completed through    2 Jul  6   0: 0: 0
2021-08-10 16:28:21,106 - isca - DEBUG - Integration completed through    2 Jul  7   0: 0: 0
2021-08-10 16:28:22,627 - isca - DEBUG - Integration completed through    2 Jul  8   0: 0: 0
2021-08-10 16:28:24,134 - isca - DEBUG - Integration completed through    2 Jul  9   0: 0: 0
2021-08-10 16:28:25,640 - isca - DEBUG - Integration completed through    2 Jul 10   0: 0: 0
2021-08-10 16:28:27,261 - isca - DEBUG - Integration completed through    2 Jul 11   0: 0: 0
2021-08-10 16:28:28,765 - isca - DEBUG - Integration completed through    2 Jul 12   0: 0: 0
2021-08-10 16:28:30,272 - isca - DEBUG - Integration completed through    2 Jul 13   0: 0: 0
2021-08-10 16:28:31,859 - isca - DEBUG - Integration completed through    2 Jul 14   0: 0: 0
2021-08-10 16:28:33,707 - isca - DEBUG - Integration completed through    2 Jul 15   0: 0: 0
2021-08-10 16:28:35,570 - isca - DEBUG - Integration completed through    2 Jul 16   0: 0: 0
2021-08-10 16:28:37,580 - isca - DEBUG - Integration completed through    2 Jul 17   0: 0: 0
2021-08-10 16:28:39,410 - isca - DEBUG - Integration completed through    2 Jul 18   0: 0: 0
2021-08-10 16:28:41,182 - isca - DEBUG - Integration completed through    2 Jul 19   0: 0: 0
2021-08-10 16:28:43,104 - isca - DEBUG - Integration completed through    2 Jul 20   0: 0: 0
2021-08-10 16:28:44,857 - isca - DEBUG - Integration completed through    2 Jul 21   0: 0: 0
2021-08-10 16:28:46,771 - isca - DEBUG - Integration completed through    2 Jul 22   0: 0: 0
2021-08-10 16:28:48,466 - isca - DEBUG - Integration completed through    2 Jul 23   0: 0: 0
2021-08-10 16:28:49,971 - isca - DEBUG - Integration completed through    2 Jul 24   0: 0: 0
2021-08-10 16:28:51,679 - isca - DEBUG - Integration completed through    2 Jul 25   0: 0: 0
2021-08-10 16:28:53,614 - isca - DEBUG - Integration completed through    2 Jul 26   0: 0: 0
2021-08-10 16:28:55,516 - isca - DEBUG - Integration completed through    2 Jul 27   0: 0: 0
2021-08-10 16:28:57,431 - isca - DEBUG - Integration completed through    2 Jul 28   0: 0: 0
2021-08-10 16:28:59,244 - isca - DEBUG - Integration completed through    2 Jul 29   0: 0: 0
2021-08-10 16:29:01,110 - isca - DEBUG - Integration completed through    2 Jul 30   0: 0: 0
2021-08-10 16:29:02,925 - isca - DEBUG - Integration completed through    2 Aug  1   0: 0: 0
2021-08-10 16:29:04,837 - isca - DEBUG - Integration completed through    2 Aug  2   0: 0: 0
2021-08-10 16:29:06,665 - isca - DEBUG - Integration completed through    2 Aug  3   0: 0: 0
2021-08-10 16:29:08,739 - isca - DEBUG - Integration completed through    2 Aug  4   0: 0: 0
2021-08-10 16:29:10,874 - isca - DEBUG - Integration completed through    2 Aug  5   0: 0: 0
2021-08-10 16:29:13,006 - isca - DEBUG - Integration completed through    2 Aug  6   0: 0: 0
2021-08-10 16:29:15,136 - isca - DEBUG - Integration completed through    2 Aug  7   0: 0: 0
2021-08-10 16:29:17,271 - isca - DEBUG - Integration completed through    2 Aug  8   0: 0: 0
2021-08-10 16:29:19,404 - isca - DEBUG - Integration completed through    2 Aug  9   0: 0: 0
2021-08-10 16:29:21,533 - isca - DEBUG - Integration completed through    2 Aug 10   0: 0: 0
2021-08-10 16:29:23,665 - isca - DEBUG - Integration completed through    2 Aug 11   0: 0: 0
2021-08-10 16:29:25,794 - isca - DEBUG - Integration completed through    2 Aug 12   0: 0: 0
2021-08-10 16:29:27,926 - isca - DEBUG - Integration completed through    2 Aug 13   0: 0: 0
2021-08-10 16:29:30,056 - isca - DEBUG - Integration completed through    2 Aug 14   0: 0: 0
2021-08-10 16:29:32,190 - isca - DEBUG - Integration completed through    2 Aug 15   0: 0: 0
2021-08-10 16:29:34,317 - isca - DEBUG - Integration completed through    2 Aug 16   0: 0: 0
2021-08-10 16:29:36,442 - isca - DEBUG - Integration completed through    2 Aug 17   0: 0: 0
2021-08-10 16:29:38,547 - isca - DEBUG - Integration completed through    2 Aug 18   0: 0: 0
2021-08-10 16:29:40,449 - isca - DEBUG - Integration completed through    2 Aug 19   0: 0: 0
2021-08-10 16:29:42,276 - isca - DEBUG - Integration completed through    2 Aug 20   0: 0: 0
2021-08-10 16:29:43,890 - isca - DEBUG - Integration completed through    2 Aug 21   0: 0: 0
2021-08-10 16:29:44,901 - isca - DEBUG - srun: Job step aborted: Waiting up to 32 seconds for job step to finish.
slurmstepd-atmnode023: error: *** JOB 24529 ON atmnode023 CANCELLED AT 2021-08-10T16:29:44 ***
2021-08-10 16:29:44,905 - isca - DEBUG - slurmstepd-atmnode023: error: *** STEP 24529.1 ON atmnode023 CANCELLED AT 2021-08-10T16:29:44 ***
