/home/lewis/.bashrc: line 75: goisca: command not found
2021-08-10 11:02:21,890 - isca - WARNING - Environment variable GFDL_SOC not set, but this is only required if using SocratesCodebase. Setting to None
2021-08-10 11:02:22,221 - isca - INFO - RRTM compilation disabled.
2021-08-10 11:02:22,222 - isca - INFO - SOCRATES compilation disabled.
2021-08-10 11:02:22,240 - isca - INFO - Writing path_names to '/network/group/aopp/planetary/PLR018_LEWIS_VENUS2/isca_work/codebase/_home_lewis_research_isca_dir_Isca/build/grey_isca/path_names'
2021-08-10 11:02:22,262 - isca - INFO - Running compiler
2021-08-10 11:02:22,308 - isca - INFO - loadmodules for oxford machines
2021-08-10 11:02:22,731 - isca - INFO - [?1h=Currently Loaded Modulefiles:[m
2021-08-10 11:02:22,756 - isca - INFO - 1) physicspaths/2.0         6) otheros/generic-arc          [m
2021-08-10 11:02:22,756 - isca - INFO - 2) otheros/generic-oxphys   7) intel-compilers/2018upd4     [m
2021-08-10 11:02:22,756 - isca - INFO - 3) otheros/ubuntu_bionic    8) intel-mpi/2015               [m
2021-08-10 11:02:22,756 - isca - INFO - 4) otheros/ubuntu_trusty    9) netcdf/netcdf-c-4.7.3        [m
2021-08-10 11:02:22,756 - isca - INFO - 5) arcpaths/1.0            10) netcdf/netcdf-fortran-4.5.2  [m
2021-08-10 11:02:22,777 - isca - INFO - [K[?1l>/network/group/aopp/planetary/PLR018_LEWIS_VENUS2/isca_work/codebase/_home_lewis_research_isca_dir_Isca/build/grey_isca/path_names
2021-08-10 11:02:32,611 - isca - INFO - .............................................................................................................................. Makefile is ready.
2021-08-10 11:02:33,083 - isca - INFO - make: Nothing to be done for 'all'.
2021-08-10 11:02:33,571 - isca - INFO - make: 'grey_isca.x' is up to date.
2021-08-10 11:02:33,573 - isca - INFO - Compilation complete.
2021-08-10 11:02:33,578 - isca - DEBUG - Making directory '/network/group/aopp/planetary/PLR018_LEWIS_VENUS2/isca_work/experiment/GREY_T42L30fr_TL_om_1_4_a_1_1_ps_1_1_entr_tautrue_rough'
2021-08-10 11:02:33,688 - isca - WARNING - Tried to remove run directory but it doesnt exist
2021-08-10 11:02:33,780 - isca - INFO - Emptied run directory '/network/group/aopp/planetary/PLR018_LEWIS_VENUS2/isca_work/experiment/GREY_T42L30fr_TL_om_1_4_a_1_1_ps_1_1_entr_tautrue_rough/run'
2021-08-10 11:02:33,915 - isca - INFO - Emptied run directory '/network/group/aopp/planetary/PLR018_LEWIS_VENUS2/isca_work/experiment/GREY_T42L30fr_TL_om_1_4_a_1_1_ps_1_1_entr_tautrue_rough/run'
2021-08-10 11:02:35,468 - isca - INFO - Writing namelist to '/network/group/aopp/planetary/PLR018_LEWIS_VENUS2/isca_work/experiment/GREY_T42L30fr_TL_om_1_4_a_1_1_ps_1_1_entr_tautrue_rough/run/input.nml'
2021-08-10 11:02:35,494 - isca - INFO - Writing field_table to '/network/group/aopp/planetary/PLR018_LEWIS_VENUS2/isca_work/experiment/GREY_T42L30fr_TL_om_1_4_a_1_1_ps_1_1_entr_tautrue_rough/run/field_table'
2021-08-10 11:02:35,568 - isca - INFO - Writing diag_table to '/network/group/aopp/planetary/PLR018_LEWIS_VENUS2/isca_work/experiment/GREY_T42L30fr_TL_om_1_4_a_1_1_ps_1_1_entr_tautrue_rough/run/diag_table'
2021-08-10 11:02:35,606 - isca - INFO - Running without restart file
2021-08-10 11:02:35,680 - isca - INFO - Beginning run 1
2021-08-10 11:02:35,697 - isca - INFO - process running as 36175
2021-08-10 11:02:35,728 - isca - DEBUG - loadmodules for oxford machines
2021-08-10 11:02:36,154 - isca - DEBUG - [?1h=Currently Loaded Modulefiles:[m
2021-08-10 11:02:36,176 - isca - DEBUG - 1) physicspaths/2.0         6) otheros/generic-arc          [m
2021-08-10 11:02:36,176 - isca - DEBUG - 2) otheros/generic-oxphys   7) intel-compilers/2018upd4     [m
2021-08-10 11:02:36,177 - isca - DEBUG - 3) otheros/ubuntu_bionic    8) intel-mpi/2015               [m
2021-08-10 11:02:36,177 - isca - DEBUG - 4) otheros/ubuntu_trusty    9) netcdf/netcdf-c-4.7.3        [m
2021-08-10 11:02:36,177 - isca - DEBUG - 5) arcpaths/1.0            10) netcdf/netcdf-fortran-4.5.2  [m
2021-08-10 11:02:36,592 - isca - DEBUG - [K[?1l>NOTE from PE    0: MPP_DOMAINS_SET_STACK_SIZE: stack size set to    32768.
2021-08-10 11:02:36,592 - isca - DEBUG - &MPP_IO_NML
2021-08-10 11:02:36,592 - isca - DEBUG - HEADER_BUFFER_VAL       =       16384,
2021-08-10 11:02:36,592 - isca - DEBUG - GLOBAL_FIELD_ON_ROOT_PE = T,
2021-08-10 11:02:36,592 - isca - DEBUG - IO_CLOCKS_ON    = F,
2021-08-10 11:02:36,592 - isca - DEBUG - SHUFFLE =           0,
2021-08-10 11:02:36,592 - isca - DEBUG - DEFLATE_LEVEL   =          -1
2021-08-10 11:02:36,593 - isca - DEBUG - /
2021-08-10 11:02:36,595 - isca - DEBUG - NOTE from PE    0: MPP_IO_SET_STACK_SIZE: stack size set to     131072.
2021-08-10 11:02:36,598 - isca - DEBUG - NOTE from PE    0: MPP_DOMAINS_SET_STACK_SIZE: stack size set to   600000.
2021-08-10 11:02:36,707 - isca - DEBUG - starting            1  OpenMP threads per MPI-task
2021-08-10 11:02:36,716 - isca - DEBUG - ATMOS MODEL DOMAIN DECOMPOSITION
2021-08-10 11:02:36,716 - isca - DEBUG - X-AXIS =  128
2021-08-10 11:02:36,717 - isca - DEBUG - Y-AXIS =    2   2   2   2   2   2   2   2   2   2   2   2   2   2   2   2   2   2   2   2   2   2   2   2
2021-08-10 11:02:36,717 - isca - DEBUG - 2   2   2   2   2   2   2   2
2021-08-10 11:02:37,248 - isca - DEBUG - mean surface pressure=1000.0000 mb
2021-08-10 11:02:37,349 - isca - DEBUG - NOTE from PE    0: idealized_moist_phys: Using AM3 dry adjustment convection scheme.
2021-08-10 11:02:39,427 - isca - DEBUG - Integration completed through    1 Jan  2   0: 0: 0
2021-08-10 11:02:40,891 - isca - DEBUG - Integration completed through    1 Jan  3   0: 0: 0
2021-08-10 11:02:42,369 - isca - DEBUG - Integration completed through    1 Jan  4   0: 0: 0
2021-08-10 11:02:43,845 - isca - DEBUG - Integration completed through    1 Jan  5   0: 0: 0
2021-08-10 11:02:45,328 - isca - DEBUG - Integration completed through    1 Jan  6   0: 0: 0
2021-08-10 11:02:46,817 - isca - DEBUG - Integration completed through    1 Jan  7   0: 0: 0
2021-08-10 11:02:48,304 - isca - DEBUG - Integration completed through    1 Jan  8   0: 0: 0
2021-08-10 11:02:49,793 - isca - DEBUG - Integration completed through    1 Jan  9   0: 0: 0
2021-08-10 11:02:51,284 - isca - DEBUG - Integration completed through    1 Jan 10   0: 0: 0
2021-08-10 11:02:52,775 - isca - DEBUG - Integration completed through    1 Jan 11   0: 0: 0
2021-08-10 11:02:54,274 - isca - DEBUG - Integration completed through    1 Jan 12   0: 0: 0
2021-08-10 11:02:55,771 - isca - DEBUG - Integration completed through    1 Jan 13   0: 0: 0
2021-08-10 11:02:57,267 - isca - DEBUG - Integration completed through    1 Jan 14   0: 0: 0
2021-08-10 11:02:58,767 - isca - DEBUG - Integration completed through    1 Jan 15   0: 0: 0
2021-08-10 11:03:00,268 - isca - DEBUG - Integration completed through    1 Jan 16   0: 0: 0
2021-08-10 11:03:01,768 - isca - DEBUG - Integration completed through    1 Jan 17   0: 0: 0
2021-08-10 11:03:03,271 - isca - DEBUG - Integration completed through    1 Jan 18   0: 0: 0
2021-08-10 11:03:04,770 - isca - DEBUG - Integration completed through    1 Jan 19   0: 0: 0
2021-08-10 11:03:06,273 - isca - DEBUG - Integration completed through    1 Jan 20   0: 0: 0
2021-08-10 11:03:07,777 - isca - DEBUG - Integration completed through    1 Jan 21   0: 0: 0
2021-08-10 11:03:09,280 - isca - DEBUG - Integration completed through    1 Jan 22   0: 0: 0
2021-08-10 11:03:10,788 - isca - DEBUG - Integration completed through    1 Jan 23   0: 0: 0
2021-08-10 11:03:12,289 - isca - DEBUG - Integration completed through    1 Jan 24   0: 0: 0
2021-08-10 11:03:13,792 - isca - DEBUG - Integration completed through    1 Jan 25   0: 0: 0
2021-08-10 11:03:15,297 - isca - DEBUG - Integration completed through    1 Jan 26   0: 0: 0
2021-08-10 11:03:16,800 - isca - DEBUG - Integration completed through    1 Jan 27   0: 0: 0
2021-08-10 11:03:18,301 - isca - DEBUG - Integration completed through    1 Jan 28   0: 0: 0
2021-08-10 11:03:19,802 - isca - DEBUG - Integration completed through    1 Jan 29   0: 0: 0
2021-08-10 11:03:21,305 - isca - DEBUG - Integration completed through    1 Jan 30   0: 0: 0
2021-08-10 11:03:22,823 - isca - DEBUG - Integration completed through    1 Feb  1   0: 0: 0
2021-08-10 11:03:25,673 - isca - DEBUG - Integration completed through    1 Feb  2   0: 0: 0
2021-08-10 11:03:27,589 - isca - DEBUG - Integration completed through    1 Feb  3   0: 0: 0
2021-08-10 11:03:29,934 - isca - DEBUG - Integration completed through    1 Feb  4   0: 0: 0
2021-08-10 11:03:32,281 - isca - DEBUG - Integration completed through    1 Feb  5   0: 0: 0
2021-08-10 11:03:34,145 - isca - DEBUG - Integration completed through    1 Feb  6   0: 0: 0
2021-08-10 11:03:35,652 - isca - DEBUG - Integration completed through    1 Feb  7   0: 0: 0
2021-08-10 11:03:37,158 - isca - DEBUG - Integration completed through    1 Feb  8   0: 0: 0
2021-08-10 11:03:38,662 - isca - DEBUG - Integration completed through    1 Feb  9   0: 0: 0
2021-08-10 11:03:40,166 - isca - DEBUG - Integration completed through    1 Feb 10   0: 0: 0
2021-08-10 11:03:41,668 - isca - DEBUG - Integration completed through    1 Feb 11   0: 0: 0
2021-08-10 11:03:43,179 - isca - DEBUG - Integration completed through    1 Feb 12   0: 0: 0
2021-08-10 11:03:44,685 - isca - DEBUG - Integration completed through    1 Feb 13   0: 0: 0
2021-08-10 11:03:46,190 - isca - DEBUG - Integration completed through    1 Feb 14   0: 0: 0
2021-08-10 11:03:47,697 - isca - DEBUG - Integration completed through    1 Feb 15   0: 0: 0
2021-08-10 11:03:49,208 - isca - DEBUG - Integration completed through    1 Feb 16   0: 0: 0
2021-08-10 11:03:50,721 - isca - DEBUG - Integration completed through    1 Feb 17   0: 0: 0
2021-08-10 11:03:52,236 - isca - DEBUG - Integration completed through    1 Feb 18   0: 0: 0
2021-08-10 11:03:53,749 - isca - DEBUG - Integration completed through    1 Feb 19   0: 0: 0
2021-08-10 11:03:55,260 - isca - DEBUG - Integration completed through    1 Feb 20   0: 0: 0
2021-08-10 11:03:56,772 - isca - DEBUG - Integration completed through    1 Feb 21   0: 0: 0
2021-08-10 11:03:58,282 - isca - DEBUG - Integration completed through    1 Feb 22   0: 0: 0
2021-08-10 11:03:59,792 - isca - DEBUG - Integration completed through    1 Feb 23   0: 0: 0
2021-08-10 11:04:01,303 - isca - DEBUG - Integration completed through    1 Feb 24   0: 0: 0
2021-08-10 11:04:02,814 - isca - DEBUG - Integration completed through    1 Feb 25   0: 0: 0
2021-08-10 11:04:04,323 - isca - DEBUG - Integration completed through    1 Feb 26   0: 0: 0
2021-08-10 11:04:05,835 - isca - DEBUG - Integration completed through    1 Feb 27   0: 0: 0
2021-08-10 11:04:07,348 - isca - DEBUG - Integration completed through    1 Feb 28   0: 0: 0
2021-08-10 11:04:08,864 - isca - DEBUG - Integration completed through    1 Feb 29   0: 0: 0
2021-08-10 11:04:10,378 - isca - DEBUG - Integration completed through    1 Feb 30   0: 0: 0
2021-08-10 11:04:11,890 - isca - DEBUG - Integration completed through    1 Mar  1   0: 0: 0
2021-08-10 11:04:13,518 - isca - DEBUG - Integration completed through    1 Mar  2   0: 0: 0
2021-08-10 11:04:15,031 - isca - DEBUG - Integration completed through    1 Mar  3   0: 0: 0
2021-08-10 11:04:16,543 - isca - DEBUG - Integration completed through    1 Mar  4   0: 0: 0
2021-08-10 11:04:18,054 - isca - DEBUG - Integration completed through    1 Mar  5   0: 0: 0
2021-08-10 11:04:19,567 - isca - DEBUG - Integration completed through    1 Mar  6   0: 0: 0
2021-08-10 11:04:21,081 - isca - DEBUG - Integration completed through    1 Mar  7   0: 0: 0
2021-08-10 11:04:22,594 - isca - DEBUG - Integration completed through    1 Mar  8   0: 0: 0
2021-08-10 11:04:24,107 - isca - DEBUG - Integration completed through    1 Mar  9   0: 0: 0
2021-08-10 11:04:25,622 - isca - DEBUG - Integration completed through    1 Mar 10   0: 0: 0
2021-08-10 11:04:27,135 - isca - DEBUG - Integration completed through    1 Mar 11   0: 0: 0
2021-08-10 11:04:28,649 - isca - DEBUG - Integration completed through    1 Mar 12   0: 0: 0
2021-08-10 11:04:30,161 - isca - DEBUG - Integration completed through    1 Mar 13   0: 0: 0
2021-08-10 11:04:31,673 - isca - DEBUG - Integration completed through    1 Mar 14   0: 0: 0
2021-08-10 11:04:33,185 - isca - DEBUG - Integration completed through    1 Mar 15   0: 0: 0
2021-08-10 11:04:34,695 - isca - DEBUG - Integration completed through    1 Mar 16   0: 0: 0
2021-08-10 11:04:36,207 - isca - DEBUG - Integration completed through    1 Mar 17   0: 0: 0
2021-08-10 11:04:37,724 - isca - DEBUG - Integration completed through    1 Mar 18   0: 0: 0
2021-08-10 11:04:39,239 - isca - DEBUG - Integration completed through    1 Mar 19   0: 0: 0
2021-08-10 11:04:40,751 - isca - DEBUG - Integration completed through    1 Mar 20   0: 0: 0
2021-08-10 11:04:42,263 - isca - DEBUG - Integration completed through    1 Mar 21   0: 0: 0
2021-08-10 11:04:43,776 - isca - DEBUG - Integration completed through    1 Mar 22   0: 0: 0
2021-08-10 11:04:45,288 - isca - DEBUG - Integration completed through    1 Mar 23   0: 0: 0
2021-08-10 11:04:46,797 - isca - DEBUG - Integration completed through    1 Mar 24   0: 0: 0
2021-08-10 11:04:48,308 - isca - DEBUG - Integration completed through    1 Mar 25   0: 0: 0
2021-08-10 11:04:49,817 - isca - DEBUG - Integration completed through    1 Mar 26   0: 0: 0
2021-08-10 11:04:51,327 - isca - DEBUG - Integration completed through    1 Mar 27   0: 0: 0
2021-08-10 11:04:52,837 - isca - DEBUG - Integration completed through    1 Mar 28   0: 0: 0
2021-08-10 11:04:54,339 - isca - DEBUG - Integration completed through    1 Mar 29   0: 0: 0
2021-08-10 11:04:55,847 - isca - DEBUG - Integration completed through    1 Mar 30   0: 0: 0
2021-08-10 11:04:57,356 - isca - DEBUG - Integration completed through    1 Apr  1   0: 0: 0
2021-08-10 11:04:58,956 - isca - DEBUG - Integration completed through    1 Apr  2   0: 0: 0
2021-08-10 11:05:00,466 - isca - DEBUG - Integration completed through    1 Apr  3   0: 0: 0
2021-08-10 11:05:02,007 - isca - DEBUG - Integration completed through    1 Apr  4   0: 0: 0
2021-08-10 11:05:03,529 - isca - DEBUG - Integration completed through    1 Apr  5   0: 0: 0
2021-08-10 11:05:05,041 - isca - DEBUG - Integration completed through    1 Apr  6   0: 0: 0
2021-08-10 11:05:06,549 - isca - DEBUG - Integration completed through    1 Apr  7   0: 0: 0
2021-08-10 11:05:08,054 - isca - DEBUG - Integration completed through    1 Apr  8   0: 0: 0
2021-08-10 11:05:09,563 - isca - DEBUG - Integration completed through    1 Apr  9   0: 0: 0
2021-08-10 11:05:11,072 - isca - DEBUG - Integration completed through    1 Apr 10   0: 0: 0
2021-08-10 11:05:12,582 - isca - DEBUG - Integration completed through    1 Apr 11   0: 0: 0
2021-08-10 11:05:14,088 - isca - DEBUG - Integration completed through    1 Apr 12   0: 0: 0
2021-08-10 11:05:15,594 - isca - DEBUG - Integration completed through    1 Apr 13   0: 0: 0
2021-08-10 11:05:17,100 - isca - DEBUG - Integration completed through    1 Apr 14   0: 0: 0
2021-08-10 11:05:18,608 - isca - DEBUG - Integration completed through    1 Apr 15   0: 0: 0
2021-08-10 11:05:20,117 - isca - DEBUG - Integration completed through    1 Apr 16   0: 0: 0
2021-08-10 11:05:21,630 - isca - DEBUG - Integration completed through    1 Apr 17   0: 0: 0
2021-08-10 11:05:23,138 - isca - DEBUG - Integration completed through    1 Apr 18   0: 0: 0
2021-08-10 11:05:24,647 - isca - DEBUG - Integration completed through    1 Apr 19   0: 0: 0
2021-08-10 11:05:26,155 - isca - DEBUG - Integration completed through    1 Apr 20   0: 0: 0
2021-08-10 11:05:27,659 - isca - DEBUG - Integration completed through    1 Apr 21   0: 0: 0
2021-08-10 11:05:29,168 - isca - DEBUG - Integration completed through    1 Apr 22   0: 0: 0
2021-08-10 11:05:30,673 - isca - DEBUG - Integration completed through    1 Apr 23   0: 0: 0
2021-08-10 11:05:32,181 - isca - DEBUG - Integration completed through    1 Apr 24   0: 0: 0
2021-08-10 11:05:33,691 - isca - DEBUG - Integration completed through    1 Apr 25   0: 0: 0
2021-08-10 11:05:35,201 - isca - DEBUG - Integration completed through    1 Apr 26   0: 0: 0
2021-08-10 11:05:36,710 - isca - DEBUG - Integration completed through    1 Apr 27   0: 0: 0
2021-08-10 11:05:38,215 - isca - DEBUG - Integration completed through    1 Apr 28   0: 0: 0
2021-08-10 11:05:39,723 - isca - DEBUG - Integration completed through    1 Apr 29   0: 0: 0
2021-08-10 11:05:41,230 - isca - DEBUG - Integration completed through    1 Apr 30   0: 0: 0
2021-08-10 11:05:42,745 - isca - DEBUG - Integration completed through    1 May  1   0: 0: 0
2021-08-10 11:05:44,402 - isca - DEBUG - Integration completed through    1 May  2   0: 0: 0
2021-08-10 11:05:45,910 - isca - DEBUG - Integration completed through    1 May  3   0: 0: 0
2021-08-10 11:05:47,417 - isca - DEBUG - Integration completed through    1 May  4   0: 0: 0
2021-08-10 11:05:48,926 - isca - DEBUG - Integration completed through    1 May  5   0: 0: 0
2021-08-10 11:05:50,435 - isca - DEBUG - Integration completed through    1 May  6   0: 0: 0
2021-08-10 11:05:51,946 - isca - DEBUG - Integration completed through    1 May  7   0: 0: 0
2021-08-10 11:05:53,743 - isca - DEBUG - Integration completed through    1 May  8   0: 0: 0
2021-08-10 11:05:55,661 - isca - DEBUG - Integration completed through    1 May  9   0: 0: 0
2021-08-10 11:05:57,491 - isca - DEBUG - Integration completed through    1 May 10   0: 0: 0
2021-08-10 11:05:59,004 - isca - DEBUG - Integration completed through    1 May 11   0: 0: 0
2021-08-10 11:06:00,516 - isca - DEBUG - Integration completed through    1 May 12   0: 0: 0
2021-08-10 11:06:02,027 - isca - DEBUG - Integration completed through    1 May 13   0: 0: 0
2021-08-10 11:06:03,539 - isca - DEBUG - Integration completed through    1 May 14   0: 0: 0
2021-08-10 11:06:05,050 - isca - DEBUG - Integration completed through    1 May 15   0: 0: 0
2021-08-10 11:06:06,563 - isca - DEBUG - Integration completed through    1 May 16   0: 0: 0
2021-08-10 11:06:08,074 - isca - DEBUG - Integration completed through    1 May 17   0: 0: 0
2021-08-10 11:06:09,587 - isca - DEBUG - Integration completed through    1 May 18   0: 0: 0
2021-08-10 11:06:11,100 - isca - DEBUG - Integration completed through    1 May 19   0: 0: 0
2021-08-10 11:06:12,614 - isca - DEBUG - Integration completed through    1 May 20   0: 0: 0
2021-08-10 11:06:14,127 - isca - DEBUG - Integration completed through    1 May 21   0: 0: 0
2021-08-10 11:06:15,640 - isca - DEBUG - Integration completed through    1 May 22   0: 0: 0
2021-08-10 11:06:17,161 - isca - DEBUG - Integration completed through    1 May 23   0: 0: 0
2021-08-10 11:06:18,674 - isca - DEBUG - Integration completed through    1 May 24   0: 0: 0
2021-08-10 11:06:20,188 - isca - DEBUG - Integration completed through    1 May 25   0: 0: 0
2021-08-10 11:06:21,700 - isca - DEBUG - Integration completed through    1 May 26   0: 0: 0
2021-08-10 11:06:23,224 - isca - DEBUG - Integration completed through    1 May 27   0: 0: 0
2021-08-10 11:06:24,739 - isca - DEBUG - Integration completed through    1 May 28   0: 0: 0
2021-08-10 11:06:26,254 - isca - DEBUG - Integration completed through    1 May 29   0: 0: 0
2021-08-10 11:06:27,770 - isca - DEBUG - Integration completed through    1 May 30   0: 0: 0
2021-08-10 11:06:29,286 - isca - DEBUG - Integration completed through    1 Jun  1   0: 0: 0
2021-08-10 11:06:30,944 - isca - DEBUG - Integration completed through    1 Jun  2   0: 0: 0
2021-08-10 11:06:32,459 - isca - DEBUG - Integration completed through    1 Jun  3   0: 0: 0
2021-08-10 11:06:33,977 - isca - DEBUG - Integration completed through    1 Jun  4   0: 0: 0
2021-08-10 11:06:35,494 - isca - DEBUG - Integration completed through    1 Jun  5   0: 0: 0
2021-08-10 11:06:37,011 - isca - DEBUG - Integration completed through    1 Jun  6   0: 0: 0
2021-08-10 11:06:38,531 - isca - DEBUG - Integration completed through    1 Jun  7   0: 0: 0
2021-08-10 11:06:40,048 - isca - DEBUG - Integration completed through    1 Jun  8   0: 0: 0
2021-08-10 11:06:41,568 - isca - DEBUG - Integration completed through    1 Jun  9   0: 0: 0
2021-08-10 11:06:43,091 - isca - DEBUG - Integration completed through    1 Jun 10   0: 0: 0
2021-08-10 11:06:44,613 - isca - DEBUG - Integration completed through    1 Jun 11   0: 0: 0
2021-08-10 11:06:46,132 - isca - DEBUG - Integration completed through    1 Jun 12   0: 0: 0
2021-08-10 11:06:47,650 - isca - DEBUG - Integration completed through    1 Jun 13   0: 0: 0
2021-08-10 11:06:49,169 - isca - DEBUG - Integration completed through    1 Jun 14   0: 0: 0
2021-08-10 11:06:50,687 - isca - DEBUG - Integration completed through    1 Jun 15   0: 0: 0
2021-08-10 11:06:52,206 - isca - DEBUG - Integration completed through    1 Jun 16   0: 0: 0
2021-08-10 11:06:53,726 - isca - DEBUG - Integration completed through    1 Jun 17   0: 0: 0
2021-08-10 11:06:55,247 - isca - DEBUG - Integration completed through    1 Jun 18   0: 0: 0
2021-08-10 11:06:56,767 - isca - DEBUG - Integration completed through    1 Jun 19   0: 0: 0
2021-08-10 11:06:58,289 - isca - DEBUG - Integration completed through    1 Jun 20   0: 0: 0
2021-08-10 11:06:59,811 - isca - DEBUG - Integration completed through    1 Jun 21   0: 0: 0
2021-08-10 11:07:01,330 - isca - DEBUG - Integration completed through    1 Jun 22   0: 0: 0
2021-08-10 11:07:02,852 - isca - DEBUG - Integration completed through    1 Jun 23   0: 0: 0
2021-08-10 11:07:04,372 - isca - DEBUG - Integration completed through    1 Jun 24   0: 0: 0
2021-08-10 11:07:05,891 - isca - DEBUG - Integration completed through    1 Jun 25   0: 0: 0
2021-08-10 11:07:07,427 - isca - DEBUG - Integration completed through    1 Jun 26   0: 0: 0
2021-08-10 11:07:08,946 - isca - DEBUG - Integration completed through    1 Jun 27   0: 0: 0
2021-08-10 11:07:10,467 - isca - DEBUG - Integration completed through    1 Jun 28   0: 0: 0
2021-08-10 11:07:11,985 - isca - DEBUG - Integration completed through    1 Jun 29   0: 0: 0
2021-08-10 11:07:13,507 - isca - DEBUG - Integration completed through    1 Jun 30   0: 0: 0
2021-08-10 11:07:15,029 - isca - DEBUG - Integration completed through    1 Jul  1   0: 0: 0
2021-08-10 11:07:16,609 - isca - DEBUG - Integration completed through    1 Jul  2   0: 0: 0
2021-08-10 11:07:18,128 - isca - DEBUG - Integration completed through    1 Jul  3   0: 0: 0
2021-08-10 11:07:19,645 - isca - DEBUG - Integration completed through    1 Jul  4   0: 0: 0
2021-08-10 11:07:21,163 - isca - DEBUG - Integration completed through    1 Jul  5   0: 0: 0
2021-08-10 11:07:22,681 - isca - DEBUG - Integration completed through    1 Jul  6   0: 0: 0
2021-08-10 11:07:24,196 - isca - DEBUG - Integration completed through    1 Jul  7   0: 0: 0
2021-08-10 11:07:25,711 - isca - DEBUG - Integration completed through    1 Jul  8   0: 0: 0
2021-08-10 11:07:27,225 - isca - DEBUG - Integration completed through    1 Jul  9   0: 0: 0
2021-08-10 11:07:28,742 - isca - DEBUG - Integration completed through    1 Jul 10   0: 0: 0
2021-08-10 11:07:30,259 - isca - DEBUG - Integration completed through    1 Jul 11   0: 0: 0
2021-08-10 11:07:31,778 - isca - DEBUG - Integration completed through    1 Jul 12   0: 0: 0
2021-08-10 11:07:33,296 - isca - DEBUG - Integration completed through    1 Jul 13   0: 0: 0
2021-08-10 11:07:34,812 - isca - DEBUG - Integration completed through    1 Jul 14   0: 0: 0
2021-08-10 11:07:36,329 - isca - DEBUG - Integration completed through    1 Jul 15   0: 0: 0
2021-08-10 11:07:37,845 - isca - DEBUG - Integration completed through    1 Jul 16   0: 0: 0
2021-08-10 11:07:39,362 - isca - DEBUG - Integration completed through    1 Jul 17   0: 0: 0
2021-08-10 11:07:40,878 - isca - DEBUG - Integration completed through    1 Jul 18   0: 0: 0
2021-08-10 11:07:42,392 - isca - DEBUG - Integration completed through    1 Jul 19   0: 0: 0
2021-08-10 11:07:43,913 - isca - DEBUG - Integration completed through    1 Jul 20   0: 0: 0
2021-08-10 11:07:45,433 - isca - DEBUG - Integration completed through    1 Jul 21   0: 0: 0
2021-08-10 11:07:46,947 - isca - DEBUG - Integration completed through    1 Jul 22   0: 0: 0
2021-08-10 11:07:48,463 - isca - DEBUG - Integration completed through    1 Jul 23   0: 0: 0
2021-08-10 11:07:49,977 - isca - DEBUG - Integration completed through    1 Jul 24   0: 0: 0
2021-08-10 11:07:51,493 - isca - DEBUG - Integration completed through    1 Jul 25   0: 0: 0
2021-08-10 11:07:53,009 - isca - DEBUG - Integration completed through    1 Jul 26   0: 0: 0
2021-08-10 11:07:54,526 - isca - DEBUG - Integration completed through    1 Jul 27   0: 0: 0
2021-08-10 11:07:56,043 - isca - DEBUG - Integration completed through    1 Jul 28   0: 0: 0
2021-08-10 11:07:57,561 - isca - DEBUG - Integration completed through    1 Jul 29   0: 0: 0
2021-08-10 11:07:59,079 - isca - DEBUG - Integration completed through    1 Jul 30   0: 0: 0
2021-08-10 11:08:00,596 - isca - DEBUG - Integration completed through    1 Aug  1   0: 0: 0
2021-08-10 11:08:02,186 - isca - DEBUG - Integration completed through    1 Aug  2   0: 0: 0
2021-08-10 11:08:03,704 - isca - DEBUG - Integration completed through    1 Aug  3   0: 0: 0
2021-08-10 11:08:05,220 - isca - DEBUG - Integration completed through    1 Aug  4   0: 0: 0
2021-08-10 11:08:06,737 - isca - DEBUG - Integration completed through    1 Aug  5   0: 0: 0
2021-08-10 11:08:08,255 - isca - DEBUG - Integration completed through    1 Aug  6   0: 0: 0
2021-08-10 11:08:09,771 - isca - DEBUG - Integration completed through    1 Aug  7   0: 0: 0
2021-08-10 11:08:11,288 - isca - DEBUG - Integration completed through    1 Aug  8   0: 0: 0
2021-08-10 11:08:12,805 - isca - DEBUG - Integration completed through    1 Aug  9   0: 0: 0
2021-08-10 11:08:14,324 - isca - DEBUG - Integration completed through    1 Aug 10   0: 0: 0
2021-08-10 11:08:15,841 - isca - DEBUG - Integration completed through    1 Aug 11   0: 0: 0
2021-08-10 11:08:17,359 - isca - DEBUG - Integration completed through    1 Aug 12   0: 0: 0
2021-08-10 11:08:18,876 - isca - DEBUG - Integration completed through    1 Aug 13   0: 0: 0
2021-08-10 11:08:20,394 - isca - DEBUG - Integration completed through    1 Aug 14   0: 0: 0
2021-08-10 11:08:21,911 - isca - DEBUG - Integration completed through    1 Aug 15   0: 0: 0
2021-08-10 11:08:23,444 - isca - DEBUG - Integration completed through    1 Aug 16   0: 0: 0
2021-08-10 11:08:24,963 - isca - DEBUG - Integration completed through    1 Aug 17   0: 0: 0
2021-08-10 11:08:26,586 - isca - DEBUG - Integration completed through    1 Aug 18   0: 0: 0
2021-08-10 11:08:28,104 - isca - DEBUG - Integration completed through    1 Aug 19   0: 0: 0
2021-08-10 11:08:29,623 - isca - DEBUG - Integration completed through    1 Aug 20   0: 0: 0
2021-08-10 11:08:31,141 - isca - DEBUG - Integration completed through    1 Aug 21   0: 0: 0
2021-08-10 11:08:32,660 - isca - DEBUG - Integration completed through    1 Aug 22   0: 0: 0
2021-08-10 11:08:34,177 - isca - DEBUG - Integration completed through    1 Aug 23   0: 0: 0
2021-08-10 11:08:35,695 - isca - DEBUG - Integration completed through    1 Aug 24   0: 0: 0
2021-08-10 11:08:37,212 - isca - DEBUG - Integration completed through    1 Aug 25   0: 0: 0
2021-08-10 11:08:38,732 - isca - DEBUG - Integration completed through    1 Aug 26   0: 0: 0
2021-08-10 11:08:40,251 - isca - DEBUG - Integration completed through    1 Aug 27   0: 0: 0
2021-08-10 11:08:41,772 - isca - DEBUG - Integration completed through    1 Aug 28   0: 0: 0
2021-08-10 11:08:43,290 - isca - DEBUG - Integration completed through    1 Aug 29   0: 0: 0
2021-08-10 11:08:44,809 - isca - DEBUG - Integration completed through    1 Aug 30   0: 0: 0
2021-08-10 11:08:46,325 - isca - DEBUG - Integration completed through    1 Sep  1   0: 0: 0
2021-08-10 11:08:47,965 - isca - DEBUG - Integration completed through    1 Sep  2   0: 0: 0
2021-08-10 11:08:49,481 - isca - DEBUG - Integration completed through    1 Sep  3   0: 0: 0
2021-08-10 11:08:50,999 - isca - DEBUG - Integration completed through    1 Sep  4   0: 0: 0
2021-08-10 11:08:52,519 - isca - DEBUG - Integration completed through    1 Sep  5   0: 0: 0
2021-08-10 11:08:54,036 - isca - DEBUG - Integration completed through    1 Sep  6   0: 0: 0
2021-08-10 11:08:55,553 - isca - DEBUG - Integration completed through    1 Sep  7   0: 0: 0
2021-08-10 11:08:57,070 - isca - DEBUG - Integration completed through    1 Sep  8   0: 0: 0
2021-08-10 11:08:58,585 - isca - DEBUG - Integration completed through    1 Sep  9   0: 0: 0
2021-08-10 11:09:00,102 - isca - DEBUG - Integration completed through    1 Sep 10   0: 0: 0
2021-08-10 11:09:01,623 - isca - DEBUG - Integration completed through    1 Sep 11   0: 0: 0
2021-08-10 11:09:03,139 - isca - DEBUG - Integration completed through    1 Sep 12   0: 0: 0
2021-08-10 11:09:04,653 - isca - DEBUG - Integration completed through    1 Sep 13   0: 0: 0
2021-08-10 11:09:06,170 - isca - DEBUG - Integration completed through    1 Sep 14   0: 0: 0
2021-08-10 11:09:07,686 - isca - DEBUG - Integration completed through    1 Sep 15   0: 0: 0
2021-08-10 11:09:09,202 - isca - DEBUG - Integration completed through    1 Sep 16   0: 0: 0
2021-08-10 11:09:10,718 - isca - DEBUG - Integration completed through    1 Sep 17   0: 0: 0
2021-08-10 11:09:12,233 - isca - DEBUG - Integration completed through    1 Sep 18   0: 0: 0
2021-08-10 11:09:13,749 - isca - DEBUG - Integration completed through    1 Sep 19   0: 0: 0
2021-08-10 11:09:15,265 - isca - DEBUG - Integration completed through    1 Sep 20   0: 0: 0
2021-08-10 11:09:16,785 - isca - DEBUG - Integration completed through    1 Sep 21   0: 0: 0
2021-08-10 11:09:18,300 - isca - DEBUG - Integration completed through    1 Sep 22   0: 0: 0
2021-08-10 11:09:19,815 - isca - DEBUG - Integration completed through    1 Sep 23   0: 0: 0
2021-08-10 11:09:21,334 - isca - DEBUG - Integration completed through    1 Sep 24   0: 0: 0
2021-08-10 11:09:22,850 - isca - DEBUG - Integration completed through    1 Sep 25   0: 0: 0
2021-08-10 11:09:24,366 - isca - DEBUG - Integration completed through    1 Sep 26   0: 0: 0
2021-08-10 11:09:25,883 - isca - DEBUG - Integration completed through    1 Sep 27   0: 0: 0
2021-08-10 11:09:27,401 - isca - DEBUG - Integration completed through    1 Sep 28   0: 0: 0
2021-08-10 11:09:28,916 - isca - DEBUG - Integration completed through    1 Sep 29   0: 0: 0
2021-08-10 11:09:30,430 - isca - DEBUG - Integration completed through    1 Sep 30   0: 0: 0
2021-08-10 11:09:31,945 - isca - DEBUG - Integration completed through    1 Oct  1   0: 0: 0
2021-08-10 11:09:33,555 - isca - DEBUG - Integration completed through    1 Oct  2   0: 0: 0
2021-08-10 11:09:35,069 - isca - DEBUG - Integration completed through    1 Oct  3   0: 0: 0
2021-08-10 11:09:36,586 - isca - DEBUG - Integration completed through    1 Oct  4   0: 0: 0
2021-08-10 11:09:38,105 - isca - DEBUG - Integration completed through    1 Oct  5   0: 0: 0
2021-08-10 11:09:39,620 - isca - DEBUG - Integration completed through    1 Oct  6   0: 0: 0
2021-08-10 11:09:41,137 - isca - DEBUG - Integration completed through    1 Oct  7   0: 0: 0
2021-08-10 11:09:42,653 - isca - DEBUG - Integration completed through    1 Oct  8   0: 0: 0
2021-08-10 11:09:44,177 - isca - DEBUG - Integration completed through    1 Oct  9   0: 0: 0
2021-08-10 11:09:45,691 - isca - DEBUG - Integration completed through    1 Oct 10   0: 0: 0
2021-08-10 11:09:47,206 - isca - DEBUG - Integration completed through    1 Oct 11   0: 0: 0
2021-08-10 11:09:48,721 - isca - DEBUG - Integration completed through    1 Oct 12   0: 0: 0
2021-08-10 11:09:50,234 - isca - DEBUG - Integration completed through    1 Oct 13   0: 0: 0
2021-08-10 11:09:51,744 - isca - DEBUG - Integration completed through    1 Oct 14   0: 0: 0
2021-08-10 11:09:53,257 - isca - DEBUG - Integration completed through    1 Oct 15   0: 0: 0
2021-08-10 11:09:54,771 - isca - DEBUG - Integration completed through    1 Oct 16   0: 0: 0
2021-08-10 11:09:56,285 - isca - DEBUG - Integration completed through    1 Oct 17   0: 0: 0
2021-08-10 11:09:57,800 - isca - DEBUG - Integration completed through    1 Oct 18   0: 0: 0
2021-08-10 11:09:59,315 - isca - DEBUG - Integration completed through    1 Oct 19   0: 0: 0
2021-08-10 11:10:00,828 - isca - DEBUG - Integration completed through    1 Oct 20   0: 0: 0
2021-08-10 11:10:02,465 - isca - DEBUG - Integration completed through    1 Oct 21   0: 0: 0
2021-08-10 11:10:03,979 - isca - DEBUG - Integration completed through    1 Oct 22   0: 0: 0
2021-08-10 11:10:05,495 - isca - DEBUG - Integration completed through    1 Oct 23   0: 0: 0
2021-08-10 11:10:07,010 - isca - DEBUG - Integration completed through    1 Oct 24   0: 0: 0
2021-08-10 11:10:08,524 - isca - DEBUG - Integration completed through    1 Oct 25   0: 0: 0
2021-08-10 11:10:10,035 - isca - DEBUG - Integration completed through    1 Oct 26   0: 0: 0
2021-08-10 11:10:11,546 - isca - DEBUG - Integration completed through    1 Oct 27   0: 0: 0
2021-08-10 11:10:13,057 - isca - DEBUG - Integration completed through    1 Oct 28   0: 0: 0
2021-08-10 11:10:14,569 - isca - DEBUG - Integration completed through    1 Oct 29   0: 0: 0
2021-08-10 11:10:16,079 - isca - DEBUG - Integration completed through    1 Oct 30   0: 0: 0
2021-08-10 11:10:17,591 - isca - DEBUG - Integration completed through    1 Nov  1   0: 0: 0
2021-08-10 11:10:19,231 - isca - DEBUG - Integration completed through    1 Nov  2   0: 0: 0
2021-08-10 11:10:20,745 - isca - DEBUG - Integration completed through    1 Nov  3   0: 0: 0
2021-08-10 11:10:22,260 - isca - DEBUG - Integration completed through    1 Nov  4   0: 0: 0
2021-08-10 11:10:23,776 - isca - DEBUG - Integration completed through    1 Nov  5   0: 0: 0
2021-08-10 11:10:25,293 - isca - DEBUG - Integration completed through    1 Nov  6   0: 0: 0
2021-08-10 11:10:26,803 - isca - DEBUG - Integration completed through    1 Nov  7   0: 0: 0
2021-08-10 11:10:28,314 - isca - DEBUG - Integration completed through    1 Nov  8   0: 0: 0
2021-08-10 11:10:29,829 - isca - DEBUG - Integration completed through    1 Nov  9   0: 0: 0
2021-08-10 11:10:31,344 - isca - DEBUG - Integration completed through    1 Nov 10   0: 0: 0
2021-08-10 11:10:32,859 - isca - DEBUG - Integration completed through    1 Nov 11   0: 0: 0
2021-08-10 11:10:34,372 - isca - DEBUG - Integration completed through    1 Nov 12   0: 0: 0
2021-08-10 11:10:35,884 - isca - DEBUG - Integration completed through    1 Nov 13   0: 0: 0
2021-08-10 11:10:37,398 - isca - DEBUG - Integration completed through    1 Nov 14   0: 0: 0
2021-08-10 11:10:38,913 - isca - DEBUG - Integration completed through    1 Nov 15   0: 0: 0
2021-08-10 11:10:40,429 - isca - DEBUG - Integration completed through    1 Nov 16   0: 0: 0
2021-08-10 11:10:41,944 - isca - DEBUG - Integration completed through    1 Nov 17   0: 0: 0
2021-08-10 11:10:43,462 - isca - DEBUG - Integration completed through    1 Nov 18   0: 0: 0
2021-08-10 11:10:44,981 - isca - DEBUG - Integration completed through    1 Nov 19   0: 0: 0
2021-08-10 11:10:46,496 - isca - DEBUG - Integration completed through    1 Nov 20   0: 0: 0
2021-08-10 11:10:48,009 - isca - DEBUG - Integration completed through    1 Nov 21   0: 0: 0
2021-08-10 11:10:49,524 - isca - DEBUG - Integration completed through    1 Nov 22   0: 0: 0
2021-08-10 11:10:51,037 - isca - DEBUG - Integration completed through    1 Nov 23   0: 0: 0
2021-08-10 11:10:52,624 - isca - DEBUG - Integration completed through    1 Nov 24   0: 0: 0
2021-08-10 11:10:54,424 - isca - DEBUG - Integration completed through    1 Nov 25   0: 0: 0
2021-08-10 11:10:56,265 - isca - DEBUG - Integration completed through    1 Nov 26   0: 0: 0
2021-08-10 11:10:57,902 - isca - DEBUG - Integration completed through    1 Nov 27   0: 0: 0
2021-08-10 11:10:59,415 - isca - DEBUG - Integration completed through    1 Nov 28   0: 0: 0
2021-08-10 11:11:00,929 - isca - DEBUG - Integration completed through    1 Nov 29   0: 0: 0
2021-08-10 11:11:02,443 - isca - DEBUG - Integration completed through    1 Nov 30   0: 0: 0
2021-08-10 11:11:03,959 - isca - DEBUG - Integration completed through    1 Dec  1   0: 0: 0
2021-08-10 11:11:05,677 - isca - DEBUG - Integration completed through    1 Dec  2   0: 0: 0
2021-08-10 11:11:07,191 - isca - DEBUG - Integration completed through    1 Dec  3   0: 0: 0
2021-08-10 11:11:08,708 - isca - DEBUG - Integration completed through    1 Dec  4   0: 0: 0
2021-08-10 11:11:10,224 - isca - DEBUG - Integration completed through    1 Dec  5   0: 0: 0
2021-08-10 11:11:11,741 - isca - DEBUG - Integration completed through    1 Dec  6   0: 0: 0
2021-08-10 11:11:13,257 - isca - DEBUG - Integration completed through    1 Dec  7   0: 0: 0
2021-08-10 11:11:14,774 - isca - DEBUG - Integration completed through    1 Dec  8   0: 0: 0
2021-08-10 11:11:16,296 - isca - DEBUG - Integration completed through    1 Dec  9   0: 0: 0
2021-08-10 11:11:17,815 - isca - DEBUG - Integration completed through    1 Dec 10   0: 0: 0
2021-08-10 11:11:19,337 - isca - DEBUG - Integration completed through    1 Dec 11   0: 0: 0
2021-08-10 11:11:20,857 - isca - DEBUG - Integration completed through    1 Dec 12   0: 0: 0
2021-08-10 11:11:22,374 - isca - DEBUG - Integration completed through    1 Dec 13   0: 0: 0
2021-08-10 11:11:23,901 - isca - DEBUG - Integration completed through    1 Dec 14   0: 0: 0
2021-08-10 11:11:25,418 - isca - DEBUG - Integration completed through    1 Dec 15   0: 0: 0
2021-08-10 11:11:26,933 - isca - DEBUG - Integration completed through    1 Dec 16   0: 0: 0
2021-08-10 11:11:28,449 - isca - DEBUG - Integration completed through    1 Dec 17   0: 0: 0
2021-08-10 11:11:29,967 - isca - DEBUG - Integration completed through    1 Dec 18   0: 0: 0
2021-08-10 11:11:31,491 - isca - DEBUG - Integration completed through    1 Dec 19   0: 0: 0
2021-08-10 11:11:33,010 - isca - DEBUG - Integration completed through    1 Dec 20   0: 0: 0
2021-08-10 11:11:34,525 - isca - DEBUG - Integration completed through    1 Dec 21   0: 0: 0
2021-08-10 11:11:36,042 - isca - DEBUG - Integration completed through    1 Dec 22   0: 0: 0
2021-08-10 11:11:37,560 - isca - DEBUG - Integration completed through    1 Dec 23   0: 0: 0
2021-08-10 11:11:39,076 - isca - DEBUG - Integration completed through    1 Dec 24   0: 0: 0
2021-08-10 11:11:40,592 - isca - DEBUG - Integration completed through    1 Dec 25   0: 0: 0
2021-08-10 11:11:42,109 - isca - DEBUG - Integration completed through    1 Dec 26   0: 0: 0
2021-08-10 11:11:43,630 - isca - DEBUG - Integration completed through    1 Dec 27   0: 0: 0
2021-08-10 11:11:45,154 - isca - DEBUG - Integration completed through    1 Dec 28   0: 0: 0
2021-08-10 11:11:46,671 - isca - DEBUG - Integration completed through    1 Dec 29   0: 0: 0
2021-08-10 11:11:48,187 - isca - DEBUG - Integration completed through    1 Dec 30   0: 0: 0
2021-08-10 11:11:49,701 - isca - DEBUG - Integration completed through    2 Jan  1   0: 0: 0
2021-08-10 11:11:49,894 - isca - DEBUG - NOTE from PE    0: MPP_IO_SET_STACK_SIZE: stack size set to     245760.
2021-08-10 11:11:50,622 - isca - DEBUG - MPP_DOMAINS_STACK high water mark=       30720
2021-08-10 11:11:50,623 - isca - DEBUG - 
2021-08-10 11:11:50,623 - isca - DEBUG - Tabulating mpp_clock statistics across     32 PEs...
2021-08-10 11:11:50,623 - isca - DEBUG - 
2021-08-10 11:11:50,623 - isca - DEBUG - tmin          tmax          tavg          tstd  tfrac grain pemin pemax
2021-08-10 11:11:50,623 - isca - DEBUG - Total runtime                       554.032505    554.032524    554.032515      0.000007  1.000     0     0    31
2021-08-10 11:11:50,623 - isca - DEBUG - MPP_STACK high water mark=           0
2021-08-10 11:11:50,703 - isca - INFO - Run 1 complete
2021-08-10 11:11:54,535 - isca - DEBUG - atmos_monthly.nc combined and copied to data directory
2021-08-10 11:11:56,660 - isca - INFO - Restart archive created at /network/group/aopp/planetary/PLR018_LEWIS_VENUS2/isca_data/GREY_T42L30fr_TL_om_1_4_a_1_1_ps_1_1_entr_tautrue_rough/restarts/res0001.tar.gz
2021-08-10 11:11:56,775 - isca - INFO - Writing namelist to '/network/group/aopp/planetary/PLR018_LEWIS_VENUS2/isca_data/GREY_T42L30fr_TL_om_1_4_a_1_1_ps_1_1_entr_tautrue_rough/run0001/input.nml'
2021-08-10 11:11:56,832 - isca - INFO - Writing field_table to '/network/group/aopp/planetary/PLR018_LEWIS_VENUS2/isca_data/GREY_T42L30fr_TL_om_1_4_a_1_1_ps_1_1_entr_tautrue_rough/run0001/field_table'
2021-08-10 11:11:56,878 - isca - INFO - Writing diag_table to '/network/group/aopp/planetary/PLR018_LEWIS_VENUS2/isca_data/GREY_T42L30fr_TL_om_1_4_a_1_1_ps_1_1_entr_tautrue_rough/run0001/diag_table'
2021-08-10 11:11:57,939 - isca - INFO - Emptied run directory '/network/group/aopp/planetary/PLR018_LEWIS_VENUS2/isca_work/experiment/GREY_T42L30fr_TL_om_1_4_a_1_1_ps_1_1_entr_tautrue_rough/run'
2021-08-10 11:11:58,057 - isca - INFO - Emptied run directory '/network/group/aopp/planetary/PLR018_LEWIS_VENUS2/isca_work/experiment/GREY_T42L30fr_TL_om_1_4_a_1_1_ps_1_1_entr_tautrue_rough/run'
2021-08-10 11:11:58,764 - isca - INFO - Writing namelist to '/network/group/aopp/planetary/PLR018_LEWIS_VENUS2/isca_work/experiment/GREY_T42L30fr_TL_om_1_4_a_1_1_ps_1_1_entr_tautrue_rough/run/input.nml'
2021-08-10 11:11:58,798 - isca - INFO - Writing field_table to '/network/group/aopp/planetary/PLR018_LEWIS_VENUS2/isca_work/experiment/GREY_T42L30fr_TL_om_1_4_a_1_1_ps_1_1_entr_tautrue_rough/run/field_table'
2021-08-10 11:11:58,860 - isca - INFO - Writing diag_table to '/network/group/aopp/planetary/PLR018_LEWIS_VENUS2/isca_work/experiment/GREY_T42L30fr_TL_om_1_4_a_1_1_ps_1_1_entr_tautrue_rough/run/diag_table'
2021-08-10 11:11:58,893 - isca - INFO - Using restart file '/network/group/aopp/planetary/PLR018_LEWIS_VENUS2/isca_data/GREY_T42L30fr_TL_om_1_4_a_1_1_ps_1_1_entr_tautrue_rough/restarts/res0001.tar.gz'
2021-08-10 11:11:59,459 - isca - INFO - Restart /network/group/aopp/planetary/PLR018_LEWIS_VENUS2/isca_data/GREY_T42L30fr_TL_om_1_4_a_1_1_ps_1_1_entr_tautrue_rough/restarts/res0001.tar.gz extracted to /network/group/aopp/planetary/PLR018_LEWIS_VENUS2/isca_work/experiment/GREY_T42L30fr_TL_om_1_4_a_1_1_ps_1_1_entr_tautrue_rough/run/INPUT
2021-08-10 11:11:59,488 - isca - INFO - Beginning run 2
2021-08-10 11:11:59,498 - isca - INFO - process running as 36677
2021-08-10 11:11:59,535 - isca - DEBUG - loadmodules for oxford machines
2021-08-10 11:11:59,966 - isca - DEBUG - [?1h=Currently Loaded Modulefiles:[m
2021-08-10 11:11:59,989 - isca - DEBUG - 1) physicspaths/2.0         6) otheros/generic-arc          [m
2021-08-10 11:11:59,989 - isca - DEBUG - 2) otheros/generic-oxphys   7) intel-compilers/2018upd4     [m
2021-08-10 11:11:59,989 - isca - DEBUG - 3) otheros/ubuntu_bionic    8) intel-mpi/2015               [m
2021-08-10 11:11:59,989 - isca - DEBUG - 4) otheros/ubuntu_trusty    9) netcdf/netcdf-c-4.7.3        [m
2021-08-10 11:11:59,989 - isca - DEBUG - 5) arcpaths/1.0            10) netcdf/netcdf-fortran-4.5.2  [m
2021-08-10 11:12:00,394 - isca - DEBUG - [K[?1l>NOTE from PE    0: MPP_DOMAINS_SET_STACK_SIZE: stack size set to    32768.
2021-08-10 11:12:00,394 - isca - DEBUG - &MPP_IO_NML
2021-08-10 11:12:00,394 - isca - DEBUG - HEADER_BUFFER_VAL       =       16384,
2021-08-10 11:12:00,394 - isca - DEBUG - GLOBAL_FIELD_ON_ROOT_PE = T,
2021-08-10 11:12:00,394 - isca - DEBUG - IO_CLOCKS_ON    = F,
2021-08-10 11:12:00,394 - isca - DEBUG - SHUFFLE =           0,
2021-08-10 11:12:00,394 - isca - DEBUG - DEFLATE_LEVEL   =          -1
2021-08-10 11:12:00,394 - isca - DEBUG - /
2021-08-10 11:12:00,397 - isca - DEBUG - NOTE from PE    0: MPP_IO_SET_STACK_SIZE: stack size set to     131072.
2021-08-10 11:12:00,400 - isca - DEBUG - NOTE from PE    0: MPP_DOMAINS_SET_STACK_SIZE: stack size set to   600000.
2021-08-10 11:12:00,497 - isca - DEBUG - starting            1  OpenMP threads per MPI-task
2021-08-10 11:12:00,510 - isca - DEBUG - ATMOS MODEL DOMAIN DECOMPOSITION
2021-08-10 11:12:00,510 - isca - DEBUG - X-AXIS =  128
2021-08-10 11:12:00,510 - isca - DEBUG - Y-AXIS =    2   2   2   2   2   2   2   2   2   2   2   2   2   2   2   2   2   2   2   2   2   2   2   2
2021-08-10 11:12:00,511 - isca - DEBUG - 2   2   2   2   2   2   2   2
2021-08-10 11:12:01,625 - isca - DEBUG - NOTE from PE    0: idealized_moist_phys: Using AM3 dry adjustment convection scheme.
2021-08-10 11:12:03,873 - isca - DEBUG - Integration completed through    2 Jan  2   0: 0: 0
2021-08-10 11:12:05,383 - isca - DEBUG - Integration completed through    2 Jan  3   0: 0: 0
2021-08-10 11:12:06,906 - isca - DEBUG - Integration completed through    2 Jan  4   0: 0: 0
2021-08-10 11:12:08,442 - isca - DEBUG - Integration completed through    2 Jan  5   0: 0: 0
2021-08-10 11:12:09,965 - isca - DEBUG - Integration completed through    2 Jan  6   0: 0: 0
2021-08-10 11:12:11,486 - isca - DEBUG - Integration completed through    2 Jan  7   0: 0: 0
2021-08-10 11:12:12,996 - isca - DEBUG - Integration completed through    2 Jan  8   0: 0: 0
2021-08-10 11:12:14,501 - isca - DEBUG - Integration completed through    2 Jan  9   0: 0: 0
2021-08-10 11:12:16,011 - isca - DEBUG - Integration completed through    2 Jan 10   0: 0: 0
2021-08-10 11:12:17,518 - isca - DEBUG - Integration completed through    2 Jan 11   0: 0: 0
2021-08-10 11:12:19,032 - isca - DEBUG - Integration completed through    2 Jan 12   0: 0: 0
2021-08-10 11:12:20,543 - isca - DEBUG - Integration completed through    2 Jan 13   0: 0: 0
2021-08-10 11:12:22,054 - isca - DEBUG - Integration completed through    2 Jan 14   0: 0: 0
2021-08-10 11:12:23,563 - isca - DEBUG - Integration completed through    2 Jan 15   0: 0: 0
2021-08-10 11:12:25,069 - isca - DEBUG - Integration completed through    2 Jan 16   0: 0: 0
2021-08-10 11:12:26,578 - isca - DEBUG - Integration completed through    2 Jan 17   0: 0: 0
2021-08-10 11:12:28,083 - isca - DEBUG - Integration completed through    2 Jan 18   0: 0: 0
2021-08-10 11:12:29,590 - isca - DEBUG - Integration completed through    2 Jan 19   0: 0: 0
2021-08-10 11:12:31,097 - isca - DEBUG - Integration completed through    2 Jan 20   0: 0: 0
2021-08-10 11:12:32,604 - isca - DEBUG - Integration completed through    2 Jan 21   0: 0: 0
2021-08-10 11:12:34,116 - isca - DEBUG - Integration completed through    2 Jan 22   0: 0: 0
2021-08-10 11:12:35,627 - isca - DEBUG - Integration completed through    2 Jan 23   0: 0: 0
2021-08-10 11:12:37,138 - isca - DEBUG - Integration completed through    2 Jan 24   0: 0: 0
2021-08-10 11:12:38,645 - isca - DEBUG - Integration completed through    2 Jan 25   0: 0: 0
2021-08-10 11:12:40,155 - isca - DEBUG - Integration completed through    2 Jan 26   0: 0: 0
2021-08-10 11:12:41,663 - isca - DEBUG - Integration completed through    2 Jan 27   0: 0: 0
2021-08-10 11:12:43,170 - isca - DEBUG - Integration completed through    2 Jan 28   0: 0: 0
2021-08-10 11:12:44,675 - isca - DEBUG - Integration completed through    2 Jan 29   0: 0: 0
2021-08-10 11:12:46,184 - isca - DEBUG - Integration completed through    2 Jan 30   0: 0: 0
2021-08-10 11:12:47,694 - isca - DEBUG - Integration completed through    2 Feb  1   0: 0: 0
2021-08-10 11:12:50,404 - isca - DEBUG - Integration completed through    2 Feb  2   0: 0: 0
2021-08-10 11:12:51,915 - isca - DEBUG - Integration completed through    2 Feb  3   0: 0: 0
2021-08-10 11:12:53,424 - isca - DEBUG - Integration completed through    2 Feb  4   0: 0: 0
2021-08-10 11:12:54,929 - isca - DEBUG - Integration completed through    2 Feb  5   0: 0: 0
2021-08-10 11:12:56,440 - isca - DEBUG - Integration completed through    2 Feb  6   0: 0: 0
2021-08-10 11:12:57,951 - isca - DEBUG - Integration completed through    2 Feb  7   0: 0: 0
2021-08-10 11:12:59,459 - isca - DEBUG - Integration completed through    2 Feb  8   0: 0: 0
2021-08-10 11:13:00,966 - isca - DEBUG - Integration completed through    2 Feb  9   0: 0: 0
2021-08-10 11:13:02,475 - isca - DEBUG - Integration completed through    2 Feb 10   0: 0: 0
2021-08-10 11:13:03,988 - isca - DEBUG - Integration completed through    2 Feb 11   0: 0: 0
2021-08-10 11:13:05,495 - isca - DEBUG - Integration completed through    2 Feb 12   0: 0: 0
2021-08-10 11:13:07,006 - isca - DEBUG - Integration completed through    2 Feb 13   0: 0: 0
2021-08-10 11:13:08,515 - isca - DEBUG - Integration completed through    2 Feb 14   0: 0: 0
2021-08-10 11:13:10,022 - isca - DEBUG - Integration completed through    2 Feb 15   0: 0: 0
2021-08-10 11:13:11,531 - isca - DEBUG - Integration completed through    2 Feb 16   0: 0: 0
2021-08-10 11:13:13,041 - isca - DEBUG - Integration completed through    2 Feb 17   0: 0: 0
2021-08-10 11:13:14,549 - isca - DEBUG - Integration completed through    2 Feb 18   0: 0: 0
2021-08-10 11:13:16,058 - isca - DEBUG - Integration completed through    2 Feb 19   0: 0: 0
2021-08-10 11:13:17,565 - isca - DEBUG - Integration completed through    2 Feb 20   0: 0: 0
2021-08-10 11:13:19,073 - isca - DEBUG - Integration completed through    2 Feb 21   0: 0: 0
2021-08-10 11:13:20,580 - isca - DEBUG - Integration completed through    2 Feb 22   0: 0: 0
2021-08-10 11:13:22,087 - isca - DEBUG - Integration completed through    2 Feb 23   0: 0: 0
2021-08-10 11:13:23,613 - isca - DEBUG - Integration completed through    2 Feb 24   0: 0: 0
2021-08-10 11:13:25,119 - isca - DEBUG - Integration completed through    2 Feb 25   0: 0: 0
2021-08-10 11:13:26,627 - isca - DEBUG - Integration completed through    2 Feb 26   0: 0: 0
2021-08-10 11:13:28,136 - isca - DEBUG - Integration completed through    2 Feb 27   0: 0: 0
2021-08-10 11:13:29,643 - isca - DEBUG - Integration completed through    2 Feb 28   0: 0: 0
2021-08-10 11:13:31,151 - isca - DEBUG - Integration completed through    2 Feb 29   0: 0: 0
2021-08-10 11:13:32,666 - isca - DEBUG - Integration completed through    2 Feb 30   0: 0: 0
2021-08-10 11:13:34,176 - isca - DEBUG - Integration completed through    2 Mar  1   0: 0: 0
2021-08-10 11:13:37,673 - isca - DEBUG - Integration completed through    2 Mar  2   0: 0: 0
2021-08-10 11:13:39,185 - isca - DEBUG - Integration completed through    2 Mar  3   0: 0: 0
2021-08-10 11:13:40,705 - isca - DEBUG - Integration completed through    2 Mar  4   0: 0: 0
2021-08-10 11:13:42,224 - isca - DEBUG - Integration completed through    2 Mar  5   0: 0: 0
2021-08-10 11:13:43,744 - isca - DEBUG - Integration completed through    2 Mar  6   0: 0: 0
2021-08-10 11:13:45,265 - isca - DEBUG - Integration completed through    2 Mar  7   0: 0: 0
2021-08-10 11:13:46,781 - isca - DEBUG - Integration completed through    2 Mar  8   0: 0: 0
2021-08-10 11:13:48,298 - isca - DEBUG - Integration completed through    2 Mar  9   0: 0: 0
2021-08-10 11:13:49,811 - isca - DEBUG - Integration completed through    2 Mar 10   0: 0: 0
2021-08-10 11:13:51,327 - isca - DEBUG - Integration completed through    2 Mar 11   0: 0: 0
2021-08-10 11:13:52,845 - isca - DEBUG - Integration completed through    2 Mar 12   0: 0: 0
2021-08-10 11:13:54,363 - isca - DEBUG - Integration completed through    2 Mar 13   0: 0: 0
2021-08-10 11:13:55,883 - isca - DEBUG - Integration completed through    2 Mar 14   0: 0: 0
2021-08-10 11:13:57,402 - isca - DEBUG - Integration completed through    2 Mar 15   0: 0: 0
2021-08-10 11:13:58,923 - isca - DEBUG - Integration completed through    2 Mar 16   0: 0: 0
2021-08-10 11:14:00,444 - isca - DEBUG - Integration completed through    2 Mar 17   0: 0: 0
2021-08-10 11:14:01,964 - isca - DEBUG - Integration completed through    2 Mar 18   0: 0: 0
2021-08-10 11:14:03,488 - isca - DEBUG - Integration completed through    2 Mar 19   0: 0: 0
2021-08-10 11:14:05,011 - isca - DEBUG - Integration completed through    2 Mar 20   0: 0: 0
2021-08-10 11:14:06,532 - isca - DEBUG - Integration completed through    2 Mar 21   0: 0: 0
2021-08-10 11:14:08,062 - isca - DEBUG - Integration completed through    2 Mar 22   0: 0: 0
2021-08-10 11:14:09,587 - isca - DEBUG - Integration completed through    2 Mar 23   0: 0: 0
2021-08-10 11:14:11,111 - isca - DEBUG - Integration completed through    2 Mar 24   0: 0: 0
2021-08-10 11:14:12,633 - isca - DEBUG - Integration completed through    2 Mar 25   0: 0: 0
2021-08-10 11:14:14,158 - isca - DEBUG - Integration completed through    2 Mar 26   0: 0: 0
2021-08-10 11:14:15,679 - isca - DEBUG - Integration completed through    2 Mar 27   0: 0: 0
2021-08-10 11:14:17,199 - isca - DEBUG - Integration completed through    2 Mar 28   0: 0: 0
2021-08-10 11:14:18,719 - isca - DEBUG - Integration completed through    2 Mar 29   0: 0: 0
2021-08-10 11:14:20,239 - isca - DEBUG - Integration completed through    2 Mar 30   0: 0: 0
2021-08-10 11:14:21,759 - isca - DEBUG - Integration completed through    2 Apr  1   0: 0: 0
2021-08-10 11:14:23,378 - isca - DEBUG - Integration completed through    2 Apr  2   0: 0: 0
2021-08-10 11:14:24,898 - isca - DEBUG - Integration completed through    2 Apr  3   0: 0: 0
2021-08-10 11:14:26,419 - isca - DEBUG - Integration completed through    2 Apr  4   0: 0: 0
2021-08-10 11:14:27,939 - isca - DEBUG - Integration completed through    2 Apr  5   0: 0: 0
2021-08-10 11:14:29,456 - isca - DEBUG - Integration completed through    2 Apr  6   0: 0: 0
2021-08-10 11:14:30,975 - isca - DEBUG - Integration completed through    2 Apr  7   0: 0: 0
2021-08-10 11:14:32,491 - isca - DEBUG - Integration completed through    2 Apr  8   0: 0: 0
2021-08-10 11:14:34,005 - isca - DEBUG - Integration completed through    2 Apr  9   0: 0: 0
2021-08-10 11:14:35,522 - isca - DEBUG - Integration completed through    2 Apr 10   0: 0: 0
2021-08-10 11:14:37,042 - isca - DEBUG - Integration completed through    2 Apr 11   0: 0: 0
2021-08-10 11:14:38,565 - isca - DEBUG - Integration completed through    2 Apr 12   0: 0: 0
2021-08-10 11:14:40,085 - isca - DEBUG - Integration completed through    2 Apr 13   0: 0: 0
2021-08-10 11:14:41,604 - isca - DEBUG - Integration completed through    2 Apr 14   0: 0: 0
2021-08-10 11:14:43,123 - isca - DEBUG - Integration completed through    2 Apr 15   0: 0: 0
2021-08-10 11:14:44,644 - isca - DEBUG - Integration completed through    2 Apr 16   0: 0: 0
2021-08-10 11:14:46,163 - isca - DEBUG - Integration completed through    2 Apr 17   0: 0: 0
2021-08-10 11:14:47,683 - isca - DEBUG - Integration completed through    2 Apr 18   0: 0: 0
2021-08-10 11:14:49,199 - isca - DEBUG - Integration completed through    2 Apr 19   0: 0: 0
2021-08-10 11:14:50,718 - isca - DEBUG - Integration completed through    2 Apr 20   0: 0: 0
2021-08-10 11:14:52,236 - isca - DEBUG - Integration completed through    2 Apr 21   0: 0: 0
2021-08-10 11:14:53,756 - isca - DEBUG - Integration completed through    2 Apr 22   0: 0: 0
2021-08-10 11:14:55,274 - isca - DEBUG - Integration completed through    2 Apr 23   0: 0: 0
2021-08-10 11:14:56,791 - isca - DEBUG - Integration completed through    2 Apr 24   0: 0: 0
2021-08-10 11:14:58,308 - isca - DEBUG - Integration completed through    2 Apr 25   0: 0: 0
2021-08-10 11:14:59,826 - isca - DEBUG - Integration completed through    2 Apr 26   0: 0: 0
2021-08-10 11:15:01,347 - isca - DEBUG - Integration completed through    2 Apr 27   0: 0: 0
2021-08-10 11:15:02,923 - isca - DEBUG - Integration completed through    2 Apr 28   0: 0: 0
2021-08-10 11:15:04,446 - isca - DEBUG - Integration completed through    2 Apr 29   0: 0: 0
2021-08-10 11:15:05,965 - isca - DEBUG - Integration completed through    2 Apr 30   0: 0: 0
2021-08-10 11:15:07,491 - isca - DEBUG - Integration completed through    2 May  1   0: 0: 0
2021-08-10 11:15:09,124 - isca - DEBUG - Integration completed through    2 May  2   0: 0: 0
2021-08-10 11:15:10,646 - isca - DEBUG - Integration completed through    2 May  3   0: 0: 0
2021-08-10 11:15:12,166 - isca - DEBUG - Integration completed through    2 May  4   0: 0: 0
2021-08-10 11:15:13,686 - isca - DEBUG - Integration completed through    2 May  5   0: 0: 0
2021-08-10 11:15:15,203 - isca - DEBUG - Integration completed through    2 May  6   0: 0: 0
2021-08-10 11:15:16,725 - isca - DEBUG - Integration completed through    2 May  7   0: 0: 0
2021-08-10 11:15:18,245 - isca - DEBUG - Integration completed through    2 May  8   0: 0: 0
2021-08-10 11:15:19,765 - isca - DEBUG - Integration completed through    2 May  9   0: 0: 0
2021-08-10 11:15:21,285 - isca - DEBUG - Integration completed through    2 May 10   0: 0: 0
2021-08-10 11:15:22,801 - isca - DEBUG - Integration completed through    2 May 11   0: 0: 0
2021-08-10 11:15:24,321 - isca - DEBUG - Integration completed through    2 May 12   0: 0: 0
2021-08-10 11:15:25,837 - isca - DEBUG - Integration completed through    2 May 13   0: 0: 0
2021-08-10 11:15:27,351 - isca - DEBUG - Integration completed through    2 May 14   0: 0: 0
2021-08-10 11:15:28,867 - isca - DEBUG - Integration completed through    2 May 15   0: 0: 0
2021-08-10 11:15:30,376 - isca - DEBUG - Integration completed through    2 May 16   0: 0: 0
2021-08-10 11:15:31,888 - isca - DEBUG - Integration completed through    2 May 17   0: 0: 0
2021-08-10 11:15:33,405 - isca - DEBUG - Integration completed through    2 May 18   0: 0: 0
2021-08-10 11:15:34,921 - isca - DEBUG - Integration completed through    2 May 19   0: 0: 0
2021-08-10 11:15:36,437 - isca - DEBUG - Integration completed through    2 May 20   0: 0: 0
2021-08-10 11:15:37,950 - isca - DEBUG - Integration completed through    2 May 21   0: 0: 0
2021-08-10 11:15:39,466 - isca - DEBUG - Integration completed through    2 May 22   0: 0: 0
2021-08-10 11:15:40,981 - isca - DEBUG - Integration completed through    2 May 23   0: 0: 0
2021-08-10 11:15:42,492 - isca - DEBUG - Integration completed through    2 May 24   0: 0: 0
2021-08-10 11:15:44,005 - isca - DEBUG - Integration completed through    2 May 25   0: 0: 0
2021-08-10 11:15:45,521 - isca - DEBUG - Integration completed through    2 May 26   0: 0: 0
2021-08-10 11:15:47,037 - isca - DEBUG - Integration completed through    2 May 27   0: 0: 0
2021-08-10 11:15:48,551 - isca - DEBUG - Integration completed through    2 May 28   0: 0: 0
2021-08-10 11:15:50,064 - isca - DEBUG - Integration completed through    2 May 29   0: 0: 0
2021-08-10 11:15:51,579 - isca - DEBUG - Integration completed through    2 May 30   0: 0: 0
2021-08-10 11:15:53,316 - isca - DEBUG - Integration completed through    2 Jun  1   0: 0: 0
2021-08-10 11:15:55,292 - isca - DEBUG - Integration completed through    2 Jun  2   0: 0: 0
2021-08-10 11:15:56,926 - isca - DEBUG - Integration completed through    2 Jun  3   0: 0: 0
2021-08-10 11:15:58,433 - isca - DEBUG - Integration completed through    2 Jun  4   0: 0: 0
2021-08-10 11:15:59,943 - isca - DEBUG - Integration completed through    2 Jun  5   0: 0: 0
2021-08-10 11:16:01,450 - isca - DEBUG - Integration completed through    2 Jun  6   0: 0: 0
2021-08-10 11:16:02,958 - isca - DEBUG - Integration completed through    2 Jun  7   0: 0: 0
2021-08-10 11:16:04,463 - isca - DEBUG - Integration completed through    2 Jun  8   0: 0: 0
2021-08-10 11:16:05,972 - isca - DEBUG - Integration completed through    2 Jun  9   0: 0: 0
2021-08-10 11:16:07,487 - isca - DEBUG - Integration completed through    2 Jun 10   0: 0: 0
2021-08-10 11:16:09,003 - isca - DEBUG - Integration completed through    2 Jun 11   0: 0: 0
2021-08-10 11:16:10,511 - isca - DEBUG - Integration completed through    2 Jun 12   0: 0: 0
2021-08-10 11:16:12,020 - isca - DEBUG - Integration completed through    2 Jun 13   0: 0: 0
2021-08-10 11:16:13,529 - isca - DEBUG - Integration completed through    2 Jun 14   0: 0: 0
2021-08-10 11:16:15,038 - isca - DEBUG - Integration completed through    2 Jun 15   0: 0: 0
2021-08-10 11:16:16,562 - isca - DEBUG - Integration completed through    2 Jun 16   0: 0: 0
2021-08-10 11:16:18,081 - isca - DEBUG - Integration completed through    2 Jun 17   0: 0: 0
2021-08-10 11:16:19,602 - isca - DEBUG - Integration completed through    2 Jun 18   0: 0: 0
2021-08-10 11:16:21,123 - isca - DEBUG - Integration completed through    2 Jun 19   0: 0: 0
2021-08-10 11:16:22,637 - isca - DEBUG - Integration completed through    2 Jun 20   0: 0: 0
2021-08-10 11:16:24,158 - isca - DEBUG - Integration completed through    2 Jun 21   0: 0: 0
2021-08-10 11:16:25,669 - isca - DEBUG - Integration completed through    2 Jun 22   0: 0: 0
2021-08-10 11:16:27,179 - isca - DEBUG - Integration completed through    2 Jun 23   0: 0: 0
2021-08-10 11:16:28,688 - isca - DEBUG - Integration completed through    2 Jun 24   0: 0: 0
2021-08-10 11:16:30,202 - isca - DEBUG - Integration completed through    2 Jun 25   0: 0: 0
2021-08-10 11:16:31,721 - isca - DEBUG - Integration completed through    2 Jun 26   0: 0: 0
2021-08-10 11:16:33,241 - isca - DEBUG - Integration completed through    2 Jun 27   0: 0: 0
2021-08-10 11:16:34,762 - isca - DEBUG - Integration completed through    2 Jun 28   0: 0: 0
2021-08-10 11:16:36,282 - isca - DEBUG - Integration completed through    2 Jun 29   0: 0: 0
2021-08-10 11:16:37,802 - isca - DEBUG - Integration completed through    2 Jun 30   0: 0: 0
2021-08-10 11:16:39,322 - isca - DEBUG - Integration completed through    2 Jul  1   0: 0: 0
2021-08-10 11:16:40,906 - isca - DEBUG - Integration completed through    2 Jul  2   0: 0: 0
2021-08-10 11:16:42,422 - isca - DEBUG - Integration completed through    2 Jul  3   0: 0: 0
2021-08-10 11:16:43,938 - isca - DEBUG - Integration completed through    2 Jul  4   0: 0: 0
2021-08-10 11:16:45,451 - isca - DEBUG - Integration completed through    2 Jul  5   0: 0: 0
2021-08-10 11:16:46,964 - isca - DEBUG - Integration completed through    2 Jul  6   0: 0: 0
2021-08-10 11:16:48,476 - isca - DEBUG - Integration completed through    2 Jul  7   0: 0: 0
2021-08-10 11:16:49,990 - isca - DEBUG - Integration completed through    2 Jul  8   0: 0: 0
2021-08-10 11:16:51,502 - isca - DEBUG - Integration completed through    2 Jul  9   0: 0: 0
2021-08-10 11:16:53,018 - isca - DEBUG - Integration completed through    2 Jul 10   0: 0: 0
2021-08-10 11:16:54,531 - isca - DEBUG - Integration completed through    2 Jul 11   0: 0: 0
2021-08-10 11:16:56,047 - isca - DEBUG - Integration completed through    2 Jul 12   0: 0: 0
2021-08-10 11:16:57,563 - isca - DEBUG - Integration completed through    2 Jul 13   0: 0: 0
2021-08-10 11:16:59,078 - isca - DEBUG - Integration completed through    2 Jul 14   0: 0: 0
2021-08-10 11:17:00,594 - isca - DEBUG - Integration completed through    2 Jul 15   0: 0: 0
2021-08-10 11:17:02,115 - isca - DEBUG - Integration completed through    2 Jul 16   0: 0: 0
2021-08-10 11:17:03,632 - isca - DEBUG - Integration completed through    2 Jul 17   0: 0: 0
2021-08-10 11:17:05,149 - isca - DEBUG - Integration completed through    2 Jul 18   0: 0: 0
2021-08-10 11:17:06,665 - isca - DEBUG - Integration completed through    2 Jul 19   0: 0: 0
2021-08-10 11:17:08,203 - isca - DEBUG - Integration completed through    2 Jul 20   0: 0: 0
2021-08-10 11:17:09,723 - isca - DEBUG - Integration completed through    2 Jul 21   0: 0: 0
2021-08-10 11:17:11,241 - isca - DEBUG - Integration completed through    2 Jul 22   0: 0: 0
2021-08-10 11:17:12,760 - isca - DEBUG - Integration completed through    2 Jul 23   0: 0: 0
2021-08-10 11:17:14,278 - isca - DEBUG - Integration completed through    2 Jul 24   0: 0: 0
2021-08-10 11:17:15,794 - isca - DEBUG - Integration completed through    2 Jul 25   0: 0: 0
2021-08-10 11:17:17,312 - isca - DEBUG - Integration completed through    2 Jul 26   0: 0: 0
2021-08-10 11:17:18,829 - isca - DEBUG - Integration completed through    2 Jul 27   0: 0: 0
2021-08-10 11:17:20,347 - isca - DEBUG - Integration completed through    2 Jul 28   0: 0: 0
2021-08-10 11:17:21,866 - isca - DEBUG - Integration completed through    2 Jul 29   0: 0: 0
2021-08-10 11:17:23,385 - isca - DEBUG - Integration completed through    2 Jul 30   0: 0: 0
2021-08-10 11:17:24,903 - isca - DEBUG - Integration completed through    2 Aug  1   0: 0: 0
2021-08-10 11:17:26,488 - isca - DEBUG - Integration completed through    2 Aug  2   0: 0: 0
2021-08-10 11:17:28,005 - isca - DEBUG - Integration completed through    2 Aug  3   0: 0: 0
2021-08-10 11:17:29,524 - isca - DEBUG - Integration completed through    2 Aug  4   0: 0: 0
2021-08-10 11:17:31,044 - isca - DEBUG - Integration completed through    2 Aug  5   0: 0: 0
2021-08-10 11:17:32,563 - isca - DEBUG - Integration completed through    2 Aug  6   0: 0: 0
2021-08-10 11:17:34,081 - isca - DEBUG - Integration completed through    2 Aug  7   0: 0: 0
2021-08-10 11:17:35,603 - isca - DEBUG - Integration completed through    2 Aug  8   0: 0: 0
2021-08-10 11:17:37,127 - isca - DEBUG - Integration completed through    2 Aug  9   0: 0: 0
2021-08-10 11:17:38,644 - isca - DEBUG - Integration completed through    2 Aug 10   0: 0: 0
2021-08-10 11:17:40,162 - isca - DEBUG - Integration completed through    2 Aug 11   0: 0: 0
2021-08-10 11:17:41,680 - isca - DEBUG - Integration completed through    2 Aug 12   0: 0: 0
2021-08-10 11:17:43,195 - isca - DEBUG - Integration completed through    2 Aug 13   0: 0: 0
2021-08-10 11:17:44,709 - isca - DEBUG - Integration completed through    2 Aug 14   0: 0: 0
2021-08-10 11:17:46,230 - isca - DEBUG - Integration completed through    2 Aug 15   0: 0: 0
2021-08-10 11:17:47,745 - isca - DEBUG - Integration completed through    2 Aug 16   0: 0: 0
2021-08-10 11:17:49,262 - isca - DEBUG - Integration completed through    2 Aug 17   0: 0: 0
2021-08-10 11:17:50,777 - isca - DEBUG - Integration completed through    2 Aug 18   0: 0: 0
2021-08-10 11:17:52,294 - isca - DEBUG - Integration completed through    2 Aug 19   0: 0: 0
2021-08-10 11:17:53,812 - isca - DEBUG - Integration completed through    2 Aug 20   0: 0: 0
2021-08-10 11:17:55,332 - isca - DEBUG - Integration completed through    2 Aug 21   0: 0: 0
2021-08-10 11:17:56,852 - isca - DEBUG - Integration completed through    2 Aug 22   0: 0: 0
2021-08-10 11:17:58,372 - isca - DEBUG - Integration completed through    2 Aug 23   0: 0: 0
2021-08-10 11:17:59,890 - isca - DEBUG - Integration completed through    2 Aug 24   0: 0: 0
2021-08-10 11:18:01,409 - isca - DEBUG - Integration completed through    2 Aug 25   0: 0: 0
2021-08-10 11:18:02,924 - isca - DEBUG - Integration completed through    2 Aug 26   0: 0: 0
2021-08-10 11:18:04,440 - isca - DEBUG - Integration completed through    2 Aug 27   0: 0: 0
2021-08-10 11:18:05,955 - isca - DEBUG - Integration completed through    2 Aug 28   0: 0: 0
2021-08-10 11:18:07,472 - isca - DEBUG - Integration completed through    2 Aug 29   0: 0: 0
2021-08-10 11:18:08,989 - isca - DEBUG - Integration completed through    2 Aug 30   0: 0: 0
2021-08-10 11:18:10,503 - isca - DEBUG - Integration completed through    2 Sep  1   0: 0: 0
2021-08-10 11:18:12,161 - isca - DEBUG - Integration completed through    2 Sep  2   0: 0: 0
2021-08-10 11:18:13,678 - isca - DEBUG - Integration completed through    2 Sep  3   0: 0: 0
2021-08-10 11:18:15,194 - isca - DEBUG - Integration completed through    2 Sep  4   0: 0: 0
2021-08-10 11:18:16,708 - isca - DEBUG - Integration completed through    2 Sep  5   0: 0: 0
2021-08-10 11:18:18,219 - isca - DEBUG - Integration completed through    2 Sep  6   0: 0: 0
2021-08-10 11:18:19,732 - isca - DEBUG - Integration completed through    2 Sep  7   0: 0: 0
2021-08-10 11:18:21,243 - isca - DEBUG - Integration completed through    2 Sep  8   0: 0: 0
2021-08-10 11:18:22,772 - isca - DEBUG - Integration completed through    2 Sep  9   0: 0: 0
2021-08-10 11:18:24,284 - isca - DEBUG - Integration completed through    2 Sep 10   0: 0: 0
2021-08-10 11:18:25,795 - isca - DEBUG - Integration completed through    2 Sep 11   0: 0: 0
2021-08-10 11:18:27,615 - isca - DEBUG - Integration completed through    2 Sep 12   0: 0: 0
2021-08-10 11:18:29,977 - isca - DEBUG - Integration completed through    2 Sep 13   0: 0: 0
2021-08-10 11:18:32,337 - isca - DEBUG - Integration completed through    2 Sep 14   0: 0: 0
2021-08-10 11:18:34,296 - isca - DEBUG - Integration completed through    2 Sep 15   0: 0: 0
2021-08-10 11:18:35,807 - isca - DEBUG - Integration completed through    2 Sep 16   0: 0: 0
2021-08-10 11:18:37,315 - isca - DEBUG - Integration completed through    2 Sep 17   0: 0: 0
2021-08-10 11:18:38,825 - isca - DEBUG - Integration completed through    2 Sep 18   0: 0: 0
2021-08-10 11:18:40,336 - isca - DEBUG - Integration completed through    2 Sep 19   0: 0: 0
2021-08-10 11:18:41,850 - isca - DEBUG - Integration completed through    2 Sep 20   0: 0: 0
2021-08-10 11:18:43,363 - isca - DEBUG - Integration completed through    2 Sep 21   0: 0: 0
2021-08-10 11:18:44,874 - isca - DEBUG - Integration completed through    2 Sep 22   0: 0: 0
2021-08-10 11:18:46,381 - isca - DEBUG - Integration completed through    2 Sep 23   0: 0: 0
2021-08-10 11:18:47,890 - isca - DEBUG - Integration completed through    2 Sep 24   0: 0: 0
2021-08-10 11:18:49,397 - isca - DEBUG - Integration completed through    2 Sep 25   0: 0: 0
2021-08-10 11:18:50,905 - isca - DEBUG - Integration completed through    2 Sep 26   0: 0: 0
2021-08-10 11:18:52,411 - isca - DEBUG - Integration completed through    2 Sep 27   0: 0: 0
2021-08-10 11:18:53,920 - isca - DEBUG - Integration completed through    2 Sep 28   0: 0: 0
2021-08-10 11:18:55,426 - isca - DEBUG - Integration completed through    2 Sep 29   0: 0: 0
2021-08-10 11:18:56,934 - isca - DEBUG - Integration completed through    2 Sep 30   0: 0: 0
2021-08-10 11:18:58,439 - isca - DEBUG - Integration completed through    2 Oct  1   0: 0: 0
2021-08-10 11:19:00,044 - isca - DEBUG - Integration completed through    2 Oct  2   0: 0: 0
2021-08-10 11:19:01,557 - isca - DEBUG - Integration completed through    2 Oct  3   0: 0: 0
2021-08-10 11:19:03,066 - isca - DEBUG - Integration completed through    2 Oct  4   0: 0: 0
2021-08-10 11:19:04,574 - isca - DEBUG - Integration completed through    2 Oct  5   0: 0: 0
2021-08-10 11:19:06,083 - isca - DEBUG - Integration completed through    2 Oct  6   0: 0: 0
2021-08-10 11:19:07,597 - isca - DEBUG - Integration completed through    2 Oct  7   0: 0: 0
2021-08-10 11:19:09,110 - isca - DEBUG - Integration completed through    2 Oct  8   0: 0: 0
2021-08-10 11:19:10,620 - isca - DEBUG - Integration completed through    2 Oct  9   0: 0: 0
2021-08-10 11:19:12,128 - isca - DEBUG - Integration completed through    2 Oct 10   0: 0: 0
2021-08-10 11:19:13,637 - isca - DEBUG - Integration completed through    2 Oct 11   0: 0: 0
2021-08-10 11:19:15,146 - isca - DEBUG - Integration completed through    2 Oct 12   0: 0: 0
2021-08-10 11:19:16,656 - isca - DEBUG - Integration completed through    2 Oct 13   0: 0: 0
2021-08-10 11:19:18,163 - isca - DEBUG - Integration completed through    2 Oct 14   0: 0: 0
2021-08-10 11:19:19,671 - isca - DEBUG - Integration completed through    2 Oct 15   0: 0: 0
2021-08-10 11:19:21,179 - isca - DEBUG - Integration completed through    2 Oct 16   0: 0: 0
2021-08-10 11:19:22,690 - isca - DEBUG - Integration completed through    2 Oct 17   0: 0: 0
2021-08-10 11:19:24,198 - isca - DEBUG - Integration completed through    2 Oct 18   0: 0: 0
2021-08-10 11:19:25,709 - isca - DEBUG - Integration completed through    2 Oct 19   0: 0: 0
2021-08-10 11:19:27,218 - isca - DEBUG - Integration completed through    2 Oct 20   0: 0: 0
2021-08-10 11:19:28,728 - isca - DEBUG - Integration completed through    2 Oct 21   0: 0: 0
2021-08-10 11:19:30,239 - isca - DEBUG - Integration completed through    2 Oct 22   0: 0: 0
2021-08-10 11:19:31,750 - isca - DEBUG - Integration completed through    2 Oct 23   0: 0: 0
2021-08-10 11:19:33,262 - isca - DEBUG - Integration completed through    2 Oct 24   0: 0: 0
2021-08-10 11:19:34,772 - isca - DEBUG - Integration completed through    2 Oct 25   0: 0: 0
2021-08-10 11:19:36,281 - isca - DEBUG - Integration completed through    2 Oct 26   0: 0: 0
2021-08-10 11:19:37,795 - isca - DEBUG - Integration completed through    2 Oct 27   0: 0: 0
2021-08-10 11:19:39,306 - isca - DEBUG - Integration completed through    2 Oct 28   0: 0: 0
2021-08-10 11:19:40,820 - isca - DEBUG - Integration completed through    2 Oct 29   0: 0: 0
2021-08-10 11:19:42,334 - isca - DEBUG - Integration completed through    2 Oct 30   0: 0: 0
2021-08-10 11:19:43,846 - isca - DEBUG - Integration completed through    2 Nov  1   0: 0: 0
2021-08-10 11:19:45,475 - isca - DEBUG - Integration completed through    2 Nov  2   0: 0: 0
2021-08-10 11:19:46,989 - isca - DEBUG - Integration completed through    2 Nov  3   0: 0: 0
2021-08-10 11:19:48,500 - isca - DEBUG - Integration completed through    2 Nov  4   0: 0: 0
2021-08-10 11:19:50,011 - isca - DEBUG - Integration completed through    2 Nov  5   0: 0: 0
2021-08-10 11:19:51,523 - isca - DEBUG - Integration completed through    2 Nov  6   0: 0: 0
2021-08-10 11:19:53,035 - isca - DEBUG - Integration completed through    2 Nov  7   0: 0: 0
2021-08-10 11:19:54,546 - isca - DEBUG - Integration completed through    2 Nov  8   0: 0: 0
2021-08-10 11:19:56,058 - isca - DEBUG - Integration completed through    2 Nov  9   0: 0: 0
2021-08-10 11:19:57,574 - isca - DEBUG - Integration completed through    2 Nov 10   0: 0: 0
2021-08-10 11:19:59,088 - isca - DEBUG - Integration completed through    2 Nov 11   0: 0: 0
2021-08-10 11:20:00,600 - isca - DEBUG - Integration completed through    2 Nov 12   0: 0: 0
2021-08-10 11:20:02,140 - isca - DEBUG - Integration completed through    2 Nov 13   0: 0: 0
2021-08-10 11:20:03,681 - isca - DEBUG - Integration completed through    2 Nov 14   0: 0: 0
2021-08-10 11:20:05,200 - isca - DEBUG - Integration completed through    2 Nov 15   0: 0: 0
2021-08-10 11:20:06,722 - isca - DEBUG - Integration completed through    2 Nov 16   0: 0: 0
2021-08-10 11:20:08,255 - isca - DEBUG - Integration completed through    2 Nov 17   0: 0: 0
2021-08-10 11:20:09,779 - isca - DEBUG - Integration completed through    2 Nov 18   0: 0: 0
2021-08-10 11:20:11,303 - isca - DEBUG - Integration completed through    2 Nov 19   0: 0: 0
2021-08-10 11:20:12,825 - isca - DEBUG - Integration completed through    2 Nov 20   0: 0: 0
2021-08-10 11:20:14,345 - isca - DEBUG - Integration completed through    2 Nov 21   0: 0: 0
2021-08-10 11:20:15,859 - isca - DEBUG - Integration completed through    2 Nov 22   0: 0: 0
2021-08-10 11:20:17,375 - isca - DEBUG - Integration completed through    2 Nov 23   0: 0: 0
2021-08-10 11:20:18,896 - isca - DEBUG - Integration completed through    2 Nov 24   0: 0: 0
2021-08-10 11:20:20,417 - isca - DEBUG - Integration completed through    2 Nov 25   0: 0: 0
2021-08-10 11:20:21,931 - isca - DEBUG - Integration completed through    2 Nov 26   0: 0: 0
2021-08-10 11:20:23,448 - isca - DEBUG - Integration completed through    2 Nov 27   0: 0: 0
2021-08-10 11:20:24,963 - isca - DEBUG - Integration completed through    2 Nov 28   0: 0: 0
2021-08-10 11:20:26,478 - isca - DEBUG - Integration completed through    2 Nov 29   0: 0: 0
2021-08-10 11:20:27,996 - isca - DEBUG - Integration completed through    2 Nov 30   0: 0: 0
2021-08-10 11:20:29,512 - isca - DEBUG - Integration completed through    2 Dec  1   0: 0: 0
2021-08-10 11:20:31,172 - isca - DEBUG - Integration completed through    2 Dec  2   0: 0: 0
2021-08-10 11:20:32,689 - isca - DEBUG - Integration completed through    2 Dec  3   0: 0: 0
2021-08-10 11:20:34,206 - isca - DEBUG - Integration completed through    2 Dec  4   0: 0: 0
2021-08-10 11:20:35,724 - isca - DEBUG - Integration completed through    2 Dec  5   0: 0: 0
2021-08-10 11:20:37,240 - isca - DEBUG - Integration completed through    2 Dec  6   0: 0: 0
2021-08-10 11:20:38,756 - isca - DEBUG - Integration completed through    2 Dec  7   0: 0: 0
2021-08-10 11:20:40,273 - isca - DEBUG - Integration completed through    2 Dec  8   0: 0: 0
2021-08-10 11:20:41,789 - isca - DEBUG - Integration completed through    2 Dec  9   0: 0: 0
2021-08-10 11:20:43,307 - isca - DEBUG - Integration completed through    2 Dec 10   0: 0: 0
2021-08-10 11:20:44,824 - isca - DEBUG - Integration completed through    2 Dec 11   0: 0: 0
2021-08-10 11:20:46,340 - isca - DEBUG - Integration completed through    2 Dec 12   0: 0: 0
2021-08-10 11:20:47,859 - isca - DEBUG - Integration completed through    2 Dec 13   0: 0: 0
2021-08-10 11:20:49,376 - isca - DEBUG - Integration completed through    2 Dec 14   0: 0: 0
2021-08-10 11:20:50,891 - isca - DEBUG - Integration completed through    2 Dec 15   0: 0: 0
2021-08-10 11:20:52,454 - isca - DEBUG - Integration completed through    2 Dec 16   0: 0: 0
2021-08-10 11:20:54,314 - isca - DEBUG - Integration completed through    2 Dec 17   0: 0: 0
2021-08-10 11:20:56,108 - isca - DEBUG - Integration completed through    2 Dec 18   0: 0: 0
2021-08-10 11:20:57,711 - isca - DEBUG - Integration completed through    2 Dec 19   0: 0: 0
2021-08-10 11:20:59,225 - isca - DEBUG - Integration completed through    2 Dec 20   0: 0: 0
2021-08-10 11:21:00,739 - isca - DEBUG - Integration completed through    2 Dec 21   0: 0: 0
2021-08-10 11:21:02,251 - isca - DEBUG - Integration completed through    2 Dec 22   0: 0: 0
2021-08-10 11:21:03,765 - isca - DEBUG - Integration completed through    2 Dec 23   0: 0: 0
2021-08-10 11:21:05,280 - isca - DEBUG - Integration completed through    2 Dec 24   0: 0: 0
2021-08-10 11:21:06,793 - isca - DEBUG - Integration completed through    2 Dec 25   0: 0: 0
2021-08-10 11:21:08,310 - isca - DEBUG - Integration completed through    2 Dec 26   0: 0: 0
2021-08-10 11:21:09,825 - isca - DEBUG - Integration completed through    2 Dec 27   0: 0: 0
2021-08-10 11:21:11,340 - isca - DEBUG - Integration completed through    2 Dec 28   0: 0: 0
2021-08-10 11:21:12,852 - isca - DEBUG - Integration completed through    2 Dec 29   0: 0: 0
2021-08-10 11:21:14,362 - isca - DEBUG - Integration completed through    2 Dec 30   0: 0: 0
2021-08-10 11:21:15,875 - isca - DEBUG - Integration completed through    3 Jan  1   0: 0: 0
2021-08-10 11:21:16,074 - isca - DEBUG - NOTE from PE    0: MPP_IO_SET_STACK_SIZE: stack size set to     245760.
2021-08-10 11:21:16,777 - isca - DEBUG - MPP_DOMAINS_STACK high water mark=       30720
2021-08-10 11:21:16,777 - isca - DEBUG - 
2021-08-10 11:21:16,777 - isca - DEBUG - Tabulating mpp_clock statistics across     32 PEs...
2021-08-10 11:21:16,777 - isca - DEBUG - 
2021-08-10 11:21:16,777 - isca - DEBUG - tmin          tmax          tavg          tstd  tfrac grain pemin pemax
2021-08-10 11:21:16,778 - isca - DEBUG - Total runtime                       556.386160    556.386165    556.386163      0.000002  1.000     0     0    31
2021-08-10 11:21:16,778 - isca - DEBUG - MPP_STACK high water mark=           0
2021-08-10 11:21:16,860 - isca - INFO - Run 2 complete
2021-08-10 11:21:20,541 - isca - DEBUG - atmos_monthly.nc combined and copied to data directory
2021-08-10 11:21:22,653 - isca - INFO - Restart archive created at /network/group/aopp/planetary/PLR018_LEWIS_VENUS2/isca_data/GREY_T42L30fr_TL_om_1_4_a_1_1_ps_1_1_entr_tautrue_rough/restarts/res0002.tar.gz
2021-08-10 11:21:22,774 - isca - INFO - Writing namelist to '/network/group/aopp/planetary/PLR018_LEWIS_VENUS2/isca_data/GREY_T42L30fr_TL_om_1_4_a_1_1_ps_1_1_entr_tautrue_rough/run0002/input.nml'
2021-08-10 11:21:22,783 - isca - INFO - Writing field_table to '/network/group/aopp/planetary/PLR018_LEWIS_VENUS2/isca_data/GREY_T42L30fr_TL_om_1_4_a_1_1_ps_1_1_entr_tautrue_rough/run0002/field_table'
2021-08-10 11:21:22,804 - isca - INFO - Writing diag_table to '/network/group/aopp/planetary/PLR018_LEWIS_VENUS2/isca_data/GREY_T42L30fr_TL_om_1_4_a_1_1_ps_1_1_entr_tautrue_rough/run0002/diag_table'
2021-08-10 11:21:23,979 - isca - INFO - Emptied run directory '/network/group/aopp/planetary/PLR018_LEWIS_VENUS2/isca_work/experiment/GREY_T42L30fr_TL_om_1_4_a_1_1_ps_1_1_entr_tautrue_rough/run'
2021-08-10 11:21:24,097 - isca - INFO - Emptied run directory '/network/group/aopp/planetary/PLR018_LEWIS_VENUS2/isca_work/experiment/GREY_T42L30fr_TL_om_1_4_a_1_1_ps_1_1_entr_tautrue_rough/run'
2021-08-10 11:21:24,807 - isca - INFO - Writing namelist to '/network/group/aopp/planetary/PLR018_LEWIS_VENUS2/isca_work/experiment/GREY_T42L30fr_TL_om_1_4_a_1_1_ps_1_1_entr_tautrue_rough/run/input.nml'
2021-08-10 11:21:24,829 - isca - INFO - Writing field_table to '/network/group/aopp/planetary/PLR018_LEWIS_VENUS2/isca_work/experiment/GREY_T42L30fr_TL_om_1_4_a_1_1_ps_1_1_entr_tautrue_rough/run/field_table'
2021-08-10 11:21:24,948 - isca - INFO - Writing diag_table to '/network/group/aopp/planetary/PLR018_LEWIS_VENUS2/isca_work/experiment/GREY_T42L30fr_TL_om_1_4_a_1_1_ps_1_1_entr_tautrue_rough/run/diag_table'
2021-08-10 11:21:24,962 - isca - INFO - Using restart file '/network/group/aopp/planetary/PLR018_LEWIS_VENUS2/isca_data/GREY_T42L30fr_TL_om_1_4_a_1_1_ps_1_1_entr_tautrue_rough/restarts/res0002.tar.gz'
2021-08-10 11:21:25,611 - isca - INFO - Restart /network/group/aopp/planetary/PLR018_LEWIS_VENUS2/isca_data/GREY_T42L30fr_TL_om_1_4_a_1_1_ps_1_1_entr_tautrue_rough/restarts/res0002.tar.gz extracted to /network/group/aopp/planetary/PLR018_LEWIS_VENUS2/isca_work/experiment/GREY_T42L30fr_TL_om_1_4_a_1_1_ps_1_1_entr_tautrue_rough/run/INPUT
2021-08-10 11:21:25,615 - isca - INFO - Beginning run 3
2021-08-10 11:21:25,627 - isca - INFO - process running as 37185
2021-08-10 11:21:25,660 - isca - DEBUG - loadmodules for oxford machines
2021-08-10 11:21:26,083 - isca - DEBUG - [?1h=Currently Loaded Modulefiles:[m
2021-08-10 11:21:26,105 - isca - DEBUG - 1) physicspaths/2.0         6) otheros/generic-arc          [m
2021-08-10 11:21:26,106 - isca - DEBUG - 2) otheros/generic-oxphys   7) intel-compilers/2018upd4     [m
2021-08-10 11:21:26,106 - isca - DEBUG - 3) otheros/ubuntu_bionic    8) intel-mpi/2015               [m
2021-08-10 11:21:26,106 - isca - DEBUG - 4) otheros/ubuntu_trusty    9) netcdf/netcdf-c-4.7.3        [m
2021-08-10 11:21:26,106 - isca - DEBUG - 5) arcpaths/1.0            10) netcdf/netcdf-fortran-4.5.2  [m
2021-08-10 11:21:26,564 - isca - DEBUG - [K[?1l>NOTE from PE    0: MPP_DOMAINS_SET_STACK_SIZE: stack size set to    32768.
2021-08-10 11:21:26,564 - isca - DEBUG - &MPP_IO_NML
2021-08-10 11:21:26,564 - isca - DEBUG - HEADER_BUFFER_VAL       =       16384,
2021-08-10 11:21:26,564 - isca - DEBUG - GLOBAL_FIELD_ON_ROOT_PE = T,
2021-08-10 11:21:26,564 - isca - DEBUG - IO_CLOCKS_ON    = F,
2021-08-10 11:21:26,564 - isca - DEBUG - SHUFFLE =           0,
2021-08-10 11:21:26,564 - isca - DEBUG - DEFLATE_LEVEL   =          -1
2021-08-10 11:21:26,564 - isca - DEBUG - /
2021-08-10 11:21:26,567 - isca - DEBUG - NOTE from PE    0: MPP_IO_SET_STACK_SIZE: stack size set to     131072.
2021-08-10 11:21:26,569 - isca - DEBUG - NOTE from PE    0: MPP_DOMAINS_SET_STACK_SIZE: stack size set to   600000.
2021-08-10 11:21:26,674 - isca - DEBUG - starting            1  OpenMP threads per MPI-task
2021-08-10 11:21:26,686 - isca - DEBUG - ATMOS MODEL DOMAIN DECOMPOSITION
2021-08-10 11:21:26,686 - isca - DEBUG - X-AXIS =  128
2021-08-10 11:21:26,686 - isca - DEBUG - Y-AXIS =    2   2   2   2   2   2   2   2   2   2   2   2   2   2   2   2   2   2   2   2   2   2   2   2
2021-08-10 11:21:26,686 - isca - DEBUG - 2   2   2   2   2   2   2   2
2021-08-10 11:21:27,725 - isca - DEBUG - NOTE from PE    0: idealized_moist_phys: Using AM3 dry adjustment convection scheme.
2021-08-10 11:21:29,901 - isca - DEBUG - Integration completed through    3 Jan  2   0: 0: 0
2021-08-10 11:21:31,402 - isca - DEBUG - Integration completed through    3 Jan  3   0: 0: 0
2021-08-10 11:21:32,913 - isca - DEBUG - Integration completed through    3 Jan  4   0: 0: 0
2021-08-10 11:21:34,419 - isca - DEBUG - Integration completed through    3 Jan  5   0: 0: 0
2021-08-10 11:21:35,925 - isca - DEBUG - Integration completed through    3 Jan  6   0: 0: 0
2021-08-10 11:21:37,438 - isca - DEBUG - Integration completed through    3 Jan  7   0: 0: 0
2021-08-10 11:21:38,941 - isca - DEBUG - Integration completed through    3 Jan  8   0: 0: 0
2021-08-10 11:21:40,451 - isca - DEBUG - Integration completed through    3 Jan  9   0: 0: 0
2021-08-10 11:21:41,957 - isca - DEBUG - Integration completed through    3 Jan 10   0: 0: 0
2021-08-10 11:21:43,465 - isca - DEBUG - Integration completed through    3 Jan 11   0: 0: 0
2021-08-10 11:21:44,977 - isca - DEBUG - Integration completed through    3 Jan 12   0: 0: 0
2021-08-10 11:21:46,481 - isca - DEBUG - Integration completed through    3 Jan 13   0: 0: 0
2021-08-10 11:21:47,986 - isca - DEBUG - Integration completed through    3 Jan 14   0: 0: 0
2021-08-10 11:21:49,490 - isca - DEBUG - Integration completed through    3 Jan 15   0: 0: 0
2021-08-10 11:21:50,996 - isca - DEBUG - Integration completed through    3 Jan 16   0: 0: 0
2021-08-10 11:21:52,502 - isca - DEBUG - Integration completed through    3 Jan 17   0: 0: 0
2021-08-10 11:21:54,010 - isca - DEBUG - Integration completed through    3 Jan 18   0: 0: 0
2021-08-10 11:21:55,521 - isca - DEBUG - Integration completed through    3 Jan 19   0: 0: 0
2021-08-10 11:21:57,028 - isca - DEBUG - Integration completed through    3 Jan 20   0: 0: 0
2021-08-10 11:21:58,536 - isca - DEBUG - Integration completed through    3 Jan 21   0: 0: 0
2021-08-10 11:22:00,044 - isca - DEBUG - Integration completed through    3 Jan 22   0: 0: 0
2021-08-10 11:22:01,561 - isca - DEBUG - Integration completed through    3 Jan 23   0: 0: 0
2021-08-10 11:22:03,073 - isca - DEBUG - Integration completed through    3 Jan 24   0: 0: 0
2021-08-10 11:22:04,581 - isca - DEBUG - Integration completed through    3 Jan 25   0: 0: 0
2021-08-10 11:22:06,091 - isca - DEBUG - Integration completed through    3 Jan 26   0: 0: 0
2021-08-10 11:22:07,615 - isca - DEBUG - Integration completed through    3 Jan 27   0: 0: 0
2021-08-10 11:22:09,121 - isca - DEBUG - Integration completed through    3 Jan 28   0: 0: 0
2021-08-10 11:22:10,627 - isca - DEBUG - Integration completed through    3 Jan 29   0: 0: 0
2021-08-10 11:22:12,133 - isca - DEBUG - Integration completed through    3 Jan 30   0: 0: 0
2021-08-10 11:22:13,641 - isca - DEBUG - Integration completed through    3 Feb  1   0: 0: 0
2021-08-10 11:22:16,095 - isca - DEBUG - Integration completed through    3 Feb  2   0: 0: 0
2021-08-10 11:22:16,628 - isca - DEBUG - srun: Job step aborted: Waiting up to 32 seconds for job step to finish.
slurmstepd-atmnode023: error: *** JOB 12655 ON atmnode023 CANCELLED AT 2021-08-10T11:22:16 ***
2021-08-10 11:22:16,632 - isca - DEBUG - slurmstepd-atmnode023: error: *** STEP 12655.2 ON atmnode023 CANCELLED AT 2021-08-10T11:22:16 ***
