/home/lewis/.bashrc: line 75: goisca: command not found
2021-08-05 13:21:59,681 - isca - WARNING - Environment variable GFDL_SOC not set, but this is only required if using SocratesCodebase. Setting to None
2021-08-05 13:22:00,058 - isca - INFO - RRTM compilation disabled.
2021-08-05 13:22:00,059 - isca - INFO - SOCRATES compilation disabled.
2021-08-05 13:22:00,075 - isca - INFO - Writing path_names to '/network/group/aopp/planetary/PLR018_LEWIS_VENUS2/isca_work/codebase/_home_lewis_research_isca_dir_Isca/build/grey_isca/path_names'
2021-08-05 13:22:00,095 - isca - INFO - Running compiler
2021-08-05 13:22:00,139 - isca - INFO - loadmodules for oxford machines
2021-08-05 13:22:00,568 - isca - INFO - [?1h=Currently Loaded Modulefiles:[m
2021-08-05 13:22:00,593 - isca - INFO - 1) physicspaths/2.0         6) otheros/generic-arc          [m
2021-08-05 13:22:00,593 - isca - INFO - 2) otheros/generic-oxphys   7) intel-compilers/2018upd4     [m
2021-08-05 13:22:00,593 - isca - INFO - 3) otheros/ubuntu_bionic    8) intel-mpi/2015               [m
2021-08-05 13:22:00,593 - isca - INFO - 4) otheros/ubuntu_trusty    9) netcdf/netcdf-c-4.7.3        [m
2021-08-05 13:22:00,593 - isca - INFO - 5) arcpaths/1.0            10) netcdf/netcdf-fortran-4.5.2  [m
2021-08-05 13:22:00,613 - isca - INFO - [K[?1l>/network/group/aopp/planetary/PLR018_LEWIS_VENUS2/isca_work/codebase/_home_lewis_research_isca_dir_Isca/build/grey_isca/path_names
2021-08-05 13:22:08,659 - isca - INFO - .............................................................................................................................. Makefile is ready.
2021-08-05 13:22:09,092 - isca - INFO - make: Nothing to be done for 'all'.
2021-08-05 13:22:09,570 - isca - INFO - make: 'grey_isca.x' is up to date.
2021-08-05 13:22:09,572 - isca - INFO - Compilation complete.
2021-08-05 13:22:09,577 - isca - DEBUG - Making directory '/network/group/aopp/planetary/PLR018_LEWIS_VENUS2/isca_work/experiment/GREY_T42L30fr_perpeq_om_1_40_a_1_1_ps_1_1_12hrly'
2021-08-05 13:22:09,624 - isca - WARNING - Tried to remove run directory but it doesnt exist
2021-08-05 13:22:09,687 - isca - INFO - Emptied run directory '/network/group/aopp/planetary/PLR018_LEWIS_VENUS2/isca_work/experiment/GREY_T42L30fr_perpeq_om_1_40_a_1_1_ps_1_1_12hrly/run'
2021-08-05 13:22:09,813 - isca - INFO - Emptied run directory '/network/group/aopp/planetary/PLR018_LEWIS_VENUS2/isca_work/experiment/GREY_T42L30fr_perpeq_om_1_40_a_1_1_ps_1_1_12hrly/run'
2021-08-05 13:22:10,740 - isca - INFO - Writing namelist to '/network/group/aopp/planetary/PLR018_LEWIS_VENUS2/isca_work/experiment/GREY_T42L30fr_perpeq_om_1_40_a_1_1_ps_1_1_12hrly/run/input.nml'
2021-08-05 13:22:10,749 - isca - INFO - Writing field_table to '/network/group/aopp/planetary/PLR018_LEWIS_VENUS2/isca_work/experiment/GREY_T42L30fr_perpeq_om_1_40_a_1_1_ps_1_1_12hrly/run/field_table'
2021-08-05 13:22:10,768 - isca - INFO - Writing diag_table to '/network/group/aopp/planetary/PLR018_LEWIS_VENUS2/isca_work/experiment/GREY_T42L30fr_perpeq_om_1_40_a_1_1_ps_1_1_12hrly/run/diag_table'
2021-08-05 13:22:10,803 - isca - INFO - Using restart file '/network/group/aopp/planetary/PLR018_LEWIS_VENUS2/isca_data/GREY_T42L30fr_perpeq_om_1_40_a_1_1_ps_1_1/restarts/res0010.tar.gz'
2021-08-05 13:22:11,437 - isca - INFO - Restart /network/group/aopp/planetary/PLR018_LEWIS_VENUS2/isca_data/GREY_T42L30fr_perpeq_om_1_40_a_1_1_ps_1_1/restarts/res0010.tar.gz extracted to /network/group/aopp/planetary/PLR018_LEWIS_VENUS2/isca_work/experiment/GREY_T42L30fr_perpeq_om_1_40_a_1_1_ps_1_1_12hrly/run/INPUT
2021-08-05 13:22:11,462 - isca - INFO - Beginning run 1
2021-08-05 13:22:11,471 - isca - INFO - process running as 47167
2021-08-05 13:22:11,508 - isca - DEBUG - loadmodules for oxford machines
2021-08-05 13:22:11,927 - isca - DEBUG - [?1h=Currently Loaded Modulefiles:[m
2021-08-05 13:22:11,949 - isca - DEBUG - 1) physicspaths/2.0         6) otheros/generic-arc          [m
2021-08-05 13:22:11,950 - isca - DEBUG - 2) otheros/generic-oxphys   7) intel-compilers/2018upd4     [m
2021-08-05 13:22:11,950 - isca - DEBUG - 3) otheros/ubuntu_bionic    8) intel-mpi/2015               [m
2021-08-05 13:22:11,950 - isca - DEBUG - 4) otheros/ubuntu_trusty    9) netcdf/netcdf-c-4.7.3        [m
2021-08-05 13:22:11,950 - isca - DEBUG - 5) arcpaths/1.0            10) netcdf/netcdf-fortran-4.5.2  [m
2021-08-05 13:22:12,338 - isca - DEBUG - [K[?1l>NOTE from PE    0: MPP_DOMAINS_SET_STACK_SIZE: stack size set to    32768.
2021-08-05 13:22:12,338 - isca - DEBUG - &MPP_IO_NML
2021-08-05 13:22:12,338 - isca - DEBUG - HEADER_BUFFER_VAL       =       16384,
2021-08-05 13:22:12,338 - isca - DEBUG - GLOBAL_FIELD_ON_ROOT_PE = T,
2021-08-05 13:22:12,338 - isca - DEBUG - IO_CLOCKS_ON    = F,
2021-08-05 13:22:12,338 - isca - DEBUG - SHUFFLE =           0,
2021-08-05 13:22:12,338 - isca - DEBUG - DEFLATE_LEVEL   =          -1
2021-08-05 13:22:12,338 - isca - DEBUG - /
2021-08-05 13:22:12,341 - isca - DEBUG - NOTE from PE    0: MPP_IO_SET_STACK_SIZE: stack size set to     131072.
2021-08-05 13:22:12,344 - isca - DEBUG - NOTE from PE    0: MPP_DOMAINS_SET_STACK_SIZE: stack size set to   600000.
2021-08-05 13:22:12,427 - isca - DEBUG - starting            1  OpenMP threads per MPI-task
2021-08-05 13:22:12,440 - isca - DEBUG - ATMOS MODEL DOMAIN DECOMPOSITION
2021-08-05 13:22:12,440 - isca - DEBUG - X-AXIS =  128
2021-08-05 13:22:12,441 - isca - DEBUG - Y-AXIS =    2   2   2   2   2   2   2   2   2   2   2   2   2   2   2   2   2   2   2   2   2   2   2   2
2021-08-05 13:22:12,441 - isca - DEBUG - 2   2   2   2   2   2   2   2
2021-08-05 13:22:13,470 - isca - DEBUG - NOTE from PE    0: idealized_moist_phys: Using AM3 dry adjustment convection scheme.
2021-08-05 13:22:16,609 - isca - DEBUG - Integration completed through   11 Jan  2   0: 0: 0
2021-08-05 13:22:18,269 - isca - DEBUG - Integration completed through   11 Jan  3   0: 0: 0
2021-08-05 13:22:20,008 - isca - DEBUG - Integration completed through   11 Jan  4   0: 0: 0
2021-08-05 13:22:21,527 - isca - DEBUG - Integration completed through   11 Jan  5   0: 0: 0
2021-08-05 13:22:23,174 - isca - DEBUG - Integration completed through   11 Jan  6   0: 0: 0
2021-08-05 13:22:24,866 - isca - DEBUG - Integration completed through   11 Jan  7   0: 0: 0
2021-08-05 13:22:26,435 - isca - DEBUG - Integration completed through   11 Jan  8   0: 0: 0
2021-08-05 13:22:28,082 - isca - DEBUG - Integration completed through   11 Jan  9   0: 0: 0
2021-08-05 13:22:29,720 - isca - DEBUG - Integration completed through   11 Jan 10   0: 0: 0
2021-08-05 13:22:31,282 - isca - DEBUG - Integration completed through   11 Jan 11   0: 0: 0
2021-08-05 13:22:32,887 - isca - DEBUG - Integration completed through   11 Jan 12   0: 0: 0
2021-08-05 13:22:34,515 - isca - DEBUG - Integration completed through   11 Jan 13   0: 0: 0
2021-08-05 13:22:36,118 - isca - DEBUG - Integration completed through   11 Jan 14   0: 0: 0
2021-08-05 13:22:37,778 - isca - DEBUG - Integration completed through   11 Jan 15   0: 0: 0
2021-08-05 13:22:39,325 - isca - DEBUG - Integration completed through   11 Jan 16   0: 0: 0
2021-08-05 13:22:40,983 - isca - DEBUG - Integration completed through   11 Jan 17   0: 0: 0
2021-08-05 13:22:42,637 - isca - DEBUG - Integration completed through   11 Jan 18   0: 0: 0
2021-08-05 13:22:44,172 - isca - DEBUG - Integration completed through   11 Jan 19   0: 0: 0
2021-08-05 13:22:45,828 - isca - DEBUG - Integration completed through   11 Jan 20   0: 0: 0
2021-08-05 13:22:47,424 - isca - DEBUG - Integration completed through   11 Jan 21   0: 0: 0
2021-08-05 13:22:49,004 - isca - DEBUG - Integration completed through   11 Jan 22   0: 0: 0
2021-08-05 13:22:50,666 - isca - DEBUG - Integration completed through   11 Jan 23   0: 0: 0
2021-08-05 13:22:52,278 - isca - DEBUG - Integration completed through   11 Jan 24   0: 0: 0
2021-08-05 13:22:53,858 - isca - DEBUG - Integration completed through   11 Jan 25   0: 0: 0
2021-08-05 13:22:55,488 - isca - DEBUG - Integration completed through   11 Jan 26   0: 0: 0
2021-08-05 13:22:57,033 - isca - DEBUG - Integration completed through   11 Jan 27   0: 0: 0
2021-08-05 13:22:58,637 - isca - DEBUG - Integration completed through   11 Jan 28   0: 0: 0
2021-08-05 13:23:00,377 - isca - DEBUG - Integration completed through   11 Jan 29   0: 0: 0
2021-08-05 13:23:01,890 - isca - DEBUG - Integration completed through   11 Jan 30   0: 0: 0
2021-08-05 13:23:03,499 - isca - DEBUG - Integration completed through   11 Feb  1   0: 0: 0
2021-08-05 13:23:05,177 - isca - DEBUG - Integration completed through   11 Feb  2   0: 0: 0
2021-08-05 13:23:06,731 - isca - DEBUG - Integration completed through   11 Feb  3   0: 0: 0
2021-08-05 13:23:08,379 - isca - DEBUG - Integration completed through   11 Feb  4   0: 0: 0
2021-08-05 13:23:10,031 - isca - DEBUG - Integration completed through   11 Feb  5   0: 0: 0
2021-08-05 13:23:11,612 - isca - DEBUG - Integration completed through   11 Feb  6   0: 0: 0
2021-08-05 13:23:13,231 - isca - DEBUG - Integration completed through   11 Feb  7   0: 0: 0
2021-08-05 13:23:14,891 - isca - DEBUG - Integration completed through   11 Feb  8   0: 0: 0
2021-08-05 13:23:16,494 - isca - DEBUG - Integration completed through   11 Feb  9   0: 0: 0
2021-08-05 13:23:18,128 - isca - DEBUG - Integration completed through   11 Feb 10   0: 0: 0
2021-08-05 13:23:19,663 - isca - DEBUG - Integration completed through   11 Feb 11   0: 0: 0
2021-08-05 13:23:21,316 - isca - DEBUG - Integration completed through   11 Feb 12   0: 0: 0
2021-08-05 13:23:23,008 - isca - DEBUG - Integration completed through   11 Feb 13   0: 0: 0
2021-08-05 13:23:24,528 - isca - DEBUG - Integration completed through   11 Feb 14   0: 0: 0
2021-08-05 13:23:26,156 - isca - DEBUG - Integration completed through   11 Feb 15   0: 0: 0
2021-08-05 13:23:27,813 - isca - DEBUG - Integration completed through   11 Feb 16   0: 0: 0
2021-08-05 13:23:29,400 - isca - DEBUG - Integration completed through   11 Feb 17   0: 0: 0
2021-08-05 13:23:31,010 - isca - DEBUG - Integration completed through   11 Feb 18   0: 0: 0
2021-08-05 13:23:32,615 - isca - DEBUG - Integration completed through   11 Feb 19   0: 0: 0
2021-08-05 13:23:34,227 - isca - DEBUG - Integration completed through   11 Feb 20   0: 0: 0
2021-08-05 13:23:35,881 - isca - DEBUG - Integration completed through   11 Feb 21   0: 0: 0
2021-08-05 13:23:37,436 - isca - DEBUG - Integration completed through   11 Feb 22   0: 0: 0
2021-08-05 13:23:39,039 - isca - DEBUG - Integration completed through   11 Feb 23   0: 0: 0
2021-08-05 13:23:40,794 - isca - DEBUG - Integration completed through   11 Feb 24   0: 0: 0
2021-08-05 13:23:42,320 - isca - DEBUG - Integration completed through   11 Feb 25   0: 0: 0
2021-08-05 13:23:43,981 - isca - DEBUG - Integration completed through   11 Feb 26   0: 0: 0
2021-08-05 13:23:45,734 - isca - DEBUG - Integration completed through   11 Feb 27   0: 0: 0
2021-08-05 13:23:47,335 - isca - DEBUG - Integration completed through   11 Feb 28   0: 0: 0
2021-08-05 13:23:49,046 - isca - DEBUG - Integration completed through   11 Feb 29   0: 0: 0
2021-08-05 13:23:50,699 - isca - DEBUG - Integration completed through   11 Feb 30   0: 0: 0
2021-08-05 13:23:52,278 - isca - DEBUG - Integration completed through   11 Mar  1   0: 0: 0
2021-08-05 13:23:53,889 - isca - DEBUG - Integration completed through   11 Mar  2   0: 0: 0
2021-08-05 13:23:55,511 - isca - DEBUG - Integration completed through   11 Mar  3   0: 0: 0
2021-08-05 13:23:57,122 - isca - DEBUG - Integration completed through   11 Mar  4   0: 0: 0
2021-08-05 13:23:58,814 - isca - DEBUG - Integration completed through   11 Mar  5   0: 0: 0
2021-08-05 13:24:00,359 - isca - DEBUG - Integration completed through   11 Mar  6   0: 0: 0
2021-08-05 13:24:01,986 - isca - DEBUG - Integration completed through   11 Mar  7   0: 0: 0
2021-08-05 13:24:03,664 - isca - DEBUG - Integration completed through   11 Mar  8   0: 0: 0
2021-08-05 13:24:05,203 - isca - DEBUG - Integration completed through   11 Mar  9   0: 0: 0
2021-08-05 13:24:06,832 - isca - DEBUG - Integration completed through   11 Mar 10   0: 0: 0
2021-08-05 13:24:08,474 - isca - DEBUG - Integration completed through   11 Mar 11   0: 0: 0
2021-08-05 13:24:10,065 - isca - DEBUG - Integration completed through   11 Mar 12   0: 0: 0
2021-08-05 13:24:11,745 - isca - DEBUG - Integration completed through   11 Mar 13   0: 0: 0
2021-08-05 13:24:13,401 - isca - DEBUG - Integration completed through   11 Mar 14   0: 0: 0
2021-08-05 13:24:14,997 - isca - DEBUG - Integration completed through   11 Mar 15   0: 0: 0
2021-08-05 13:24:16,641 - isca - DEBUG - Integration completed through   11 Mar 16   0: 0: 0
2021-08-05 13:24:18,194 - isca - DEBUG - Integration completed through   11 Mar 17   0: 0: 0
2021-08-05 13:24:19,794 - isca - DEBUG - Integration completed through   11 Mar 18   0: 0: 0
2021-08-05 13:24:21,545 - isca - DEBUG - Integration completed through   11 Mar 19   0: 0: 0
2021-08-05 13:24:23,095 - isca - DEBUG - Integration completed through   11 Mar 20   0: 0: 0
2021-08-05 13:24:24,780 - isca - DEBUG - Integration completed through   11 Mar 21   0: 0: 0
2021-08-05 13:24:26,438 - isca - DEBUG - Integration completed through   11 Mar 22   0: 0: 0
2021-08-05 13:24:28,008 - isca - DEBUG - Integration completed through   11 Mar 23   0: 0: 0
2021-08-05 13:24:29,696 - isca - DEBUG - Integration completed through   11 Mar 24   0: 0: 0
2021-08-05 13:24:31,347 - isca - DEBUG - Integration completed through   11 Mar 25   0: 0: 0
2021-08-05 13:24:32,917 - isca - DEBUG - Integration completed through   11 Mar 26   0: 0: 0
2021-08-05 13:24:34,532 - isca - DEBUG - Integration completed through   11 Mar 27   0: 0: 0
2021-08-05 13:24:36,150 - isca - DEBUG - Integration completed through   11 Mar 28   0: 0: 0
2021-08-05 13:24:37,805 - isca - DEBUG - Integration completed through   11 Mar 29   0: 0: 0
2021-08-05 13:24:39,686 - isca - DEBUG - Integration completed through   11 Mar 30   0: 0: 0
2021-08-05 13:24:41,214 - isca - DEBUG - Integration completed through   11 Apr  1   0: 0: 0
2021-08-05 13:24:42,830 - isca - DEBUG - Integration completed through   11 Apr  2   0: 0: 0
2021-08-05 13:24:44,487 - isca - DEBUG - Integration completed through   11 Apr  3   0: 0: 0
2021-08-05 13:24:46,039 - isca - DEBUG - Integration completed through   11 Apr  4   0: 0: 0
2021-08-05 13:24:47,673 - isca - DEBUG - Integration completed through   11 Apr  5   0: 0: 0
2021-08-05 13:24:49,273 - isca - DEBUG - Integration completed through   11 Apr  6   0: 0: 0
2021-08-05 13:24:50,880 - isca - DEBUG - Integration completed through   11 Apr  7   0: 0: 0
2021-08-05 13:24:52,570 - isca - DEBUG - Integration completed through   11 Apr  8   0: 0: 0
2021-08-05 13:24:54,192 - isca - DEBUG - Integration completed through   11 Apr  9   0: 0: 0
2021-08-05 13:24:55,797 - isca - DEBUG - Integration completed through   11 Apr 10   0: 0: 0
2021-08-05 13:24:57,471 - isca - DEBUG - Integration completed through   11 Apr 11   0: 0: 0
2021-08-05 13:24:59,018 - isca - DEBUG - Integration completed through   11 Apr 12   0: 0: 0
2021-08-05 13:25:00,616 - isca - DEBUG - Integration completed through   11 Apr 13   0: 0: 0
2021-08-05 13:25:02,330 - isca - DEBUG - Integration completed through   11 Apr 14   0: 0: 0
2021-08-05 13:25:03,879 - isca - DEBUG - Integration completed through   11 Apr 15   0: 0: 0
2021-08-05 13:25:05,498 - isca - DEBUG - Integration completed through   11 Apr 16   0: 0: 0
2021-08-05 13:25:07,127 - isca - DEBUG - Integration completed through   11 Apr 17   0: 0: 0
2021-08-05 13:25:08,680 - isca - DEBUG - Integration completed through   11 Apr 18   0: 0: 0
2021-08-05 13:25:10,318 - isca - DEBUG - Integration completed through   11 Apr 19   0: 0: 0
2021-08-05 13:25:11,920 - isca - DEBUG - Integration completed through   11 Apr 20   0: 0: 0
2021-08-05 13:25:13,516 - isca - DEBUG - Integration completed through   11 Apr 21   0: 0: 0
2021-08-05 13:25:15,126 - isca - DEBUG - Integration completed through   11 Apr 22   0: 0: 0
2021-08-05 13:25:16,744 - isca - DEBUG - Integration completed through   11 Apr 23   0: 0: 0
2021-08-05 13:25:18,435 - isca - DEBUG - Integration completed through   11 Apr 24   0: 0: 0
2021-08-05 13:25:20,181 - isca - DEBUG - Integration completed through   11 Apr 25   0: 0: 0
2021-08-05 13:25:21,784 - isca - DEBUG - Integration completed through   11 Apr 26   0: 0: 0
2021-08-05 13:25:23,430 - isca - DEBUG - Integration completed through   11 Apr 27   0: 0: 0
2021-08-05 13:25:25,116 - isca - DEBUG - Integration completed through   11 Apr 28   0: 0: 0
2021-08-05 13:25:26,660 - isca - DEBUG - Integration completed through   11 Apr 29   0: 0: 0
2021-08-05 13:25:28,246 - isca - DEBUG - Integration completed through   11 Apr 30   0: 0: 0
2021-08-05 13:25:29,880 - isca - DEBUG - Integration completed through   11 May  1   0: 0: 0
2021-08-05 13:25:31,473 - isca - DEBUG - Integration completed through   11 May  2   0: 0: 0
2021-08-05 13:25:33,197 - isca - DEBUG - Integration completed through   11 May  3   0: 0: 0
2021-08-05 13:25:34,892 - isca - DEBUG - Integration completed through   11 May  4   0: 0: 0
2021-08-05 13:25:36,531 - isca - DEBUG - Integration completed through   11 May  5   0: 0: 0
2021-08-05 13:25:38,254 - isca - DEBUG - Integration completed through   11 May  6   0: 0: 0
2021-08-05 13:25:39,829 - isca - DEBUG - Integration completed through   11 May  7   0: 0: 0
2021-08-05 13:25:41,464 - isca - DEBUG - Integration completed through   11 May  8   0: 0: 0
2021-08-05 13:25:43,163 - isca - DEBUG - Integration completed through   11 May  9   0: 0: 0
2021-08-05 13:25:44,687 - isca - DEBUG - Integration completed through   11 May 10   0: 0: 0
2021-08-05 13:25:46,308 - isca - DEBUG - Integration completed through   11 May 11   0: 0: 0
2021-08-05 13:25:47,935 - isca - DEBUG - Integration completed through   11 May 12   0: 0: 0
2021-08-05 13:25:49,550 - isca - DEBUG - Integration completed through   11 May 13   0: 0: 0
2021-08-05 13:25:51,367 - isca - DEBUG - Integration completed through   11 May 14   0: 0: 0
2021-08-05 13:25:53,308 - isca - DEBUG - Integration completed through   11 May 15   0: 0: 0
2021-08-05 13:25:55,041 - isca - DEBUG - Integration completed through   11 May 16   0: 0: 0
2021-08-05 13:25:56,717 - isca - DEBUG - Integration completed through   11 May 17   0: 0: 0
2021-08-05 13:25:58,339 - isca - DEBUG - Integration completed through   11 May 18   0: 0: 0
2021-08-05 13:25:59,976 - isca - DEBUG - Integration completed through   11 May 19   0: 0: 0
2021-08-05 13:26:01,615 - isca - DEBUG - Integration completed through   11 May 20   0: 0: 0
2021-08-05 13:26:03,176 - isca - DEBUG - Integration completed through   11 May 21   0: 0: 0
2021-08-05 13:26:04,791 - isca - DEBUG - Integration completed through   11 May 22   0: 0: 0
2021-08-05 13:26:06,456 - isca - DEBUG - Integration completed through   11 May 23   0: 0: 0
2021-08-05 13:26:07,992 - isca - DEBUG - Integration completed through   11 May 24   0: 0: 0
2021-08-05 13:26:09,590 - isca - DEBUG - Integration completed through   11 May 25   0: 0: 0
2021-08-05 13:26:11,194 - isca - DEBUG - Integration completed through   11 May 26   0: 0: 0
2021-08-05 13:26:12,794 - isca - DEBUG - Integration completed through   11 May 27   0: 0: 0
2021-08-05 13:26:14,441 - isca - DEBUG - Integration completed through   11 May 28   0: 0: 0
2021-08-05 13:26:16,094 - isca - DEBUG - Integration completed through   11 May 29   0: 0: 0
2021-08-05 13:26:17,707 - isca - DEBUG - Integration completed through   11 May 30   0: 0: 0
2021-08-05 13:26:19,381 - isca - DEBUG - Integration completed through   11 Jun  1   0: 0: 0
2021-08-05 13:26:20,919 - isca - DEBUG - Integration completed through   11 Jun  2   0: 0: 0
2021-08-05 13:26:22,522 - isca - DEBUG - Integration completed through   11 Jun  3   0: 0: 0
2021-08-05 13:26:24,180 - isca - DEBUG - Integration completed through   11 Jun  4   0: 0: 0
2021-08-05 13:26:25,717 - isca - DEBUG - Integration completed through   11 Jun  5   0: 0: 0
2021-08-05 13:26:27,550 - isca - DEBUG - Integration completed through   11 Jun  6   0: 0: 0
2021-08-05 13:26:29,423 - isca - DEBUG - Integration completed through   11 Jun  7   0: 0: 0
2021-08-05 13:26:31,323 - isca - DEBUG - Integration completed through   11 Jun  8   0: 0: 0
2021-08-05 13:26:33,158 - isca - DEBUG - Integration completed through   11 Jun  9   0: 0: 0
2021-08-05 13:26:34,770 - isca - DEBUG - Integration completed through   11 Jun 10   0: 0: 0
2021-08-05 13:26:36,374 - isca - DEBUG - Integration completed through   11 Jun 11   0: 0: 0
2021-08-05 13:26:38,013 - isca - DEBUG - Integration completed through   11 Jun 12   0: 0: 0
2021-08-05 13:26:39,625 - isca - DEBUG - Integration completed through   11 Jun 13   0: 0: 0
2021-08-05 13:26:41,263 - isca - DEBUG - Integration completed through   11 Jun 14   0: 0: 0
2021-08-05 13:26:42,900 - isca - DEBUG - Integration completed through   11 Jun 15   0: 0: 0
2021-08-05 13:26:44,439 - isca - DEBUG - Integration completed through   11 Jun 16   0: 0: 0
2021-08-05 13:26:46,058 - isca - DEBUG - Integration completed through   11 Jun 17   0: 0: 0
2021-08-05 13:26:47,804 - isca - DEBUG - Integration completed through   11 Jun 18   0: 0: 0
2021-08-05 13:26:49,382 - isca - DEBUG - Integration completed through   11 Jun 19   0: 0: 0
2021-08-05 13:26:50,991 - isca - DEBUG - Integration completed through   11 Jun 20   0: 0: 0
2021-08-05 13:26:52,587 - isca - DEBUG - Integration completed through   11 Jun 21   0: 0: 0
2021-08-05 13:26:54,174 - isca - DEBUG - Integration completed through   11 Jun 22   0: 0: 0
2021-08-05 13:26:55,794 - isca - DEBUG - Integration completed through   11 Jun 23   0: 0: 0
2021-08-05 13:26:57,387 - isca - DEBUG - Integration completed through   11 Jun 24   0: 0: 0
2021-08-05 13:26:58,957 - isca - DEBUG - Integration completed through   11 Jun 25   0: 0: 0
2021-08-05 13:27:00,612 - isca - DEBUG - Integration completed through   11 Jun 26   0: 0: 0
2021-08-05 13:27:02,177 - isca - DEBUG - Integration completed through   11 Jun 27   0: 0: 0
2021-08-05 13:27:03,755 - isca - DEBUG - Integration completed through   11 Jun 28   0: 0: 0
2021-08-05 13:27:05,483 - isca - DEBUG - Integration completed through   11 Jun 29   0: 0: 0
2021-08-05 13:27:07,027 - isca - DEBUG - Integration completed through   11 Jun 30   0: 0: 0
2021-08-05 13:27:08,815 - isca - DEBUG - Integration completed through   11 Jul  1   0: 0: 0
2021-08-05 13:27:10,428 - isca - DEBUG - Integration completed through   11 Jul  2   0: 0: 0
2021-08-05 13:27:11,989 - isca - DEBUG - Integration completed through   11 Jul  3   0: 0: 0
2021-08-05 13:27:13,632 - isca - DEBUG - Integration completed through   11 Jul  4   0: 0: 0
2021-08-05 13:27:15,235 - isca - DEBUG - Integration completed through   11 Jul  5   0: 0: 0
2021-08-05 13:27:16,816 - isca - DEBUG - Integration completed through   11 Jul  6   0: 0: 0
2021-08-05 13:27:18,416 - isca - DEBUG - Integration completed through   11 Jul  7   0: 0: 0
2021-08-05 13:27:20,046 - isca - DEBUG - Integration completed through   11 Jul  8   0: 0: 0
2021-08-05 13:27:21,670 - isca - DEBUG - Integration completed through   11 Jul  9   0: 0: 0
2021-08-05 13:27:23,298 - isca - DEBUG - Integration completed through   11 Jul 10   0: 0: 0
2021-08-05 13:27:24,828 - isca - DEBUG - Integration completed through   11 Jul 11   0: 0: 0
2021-08-05 13:27:26,432 - isca - DEBUG - Integration completed through   11 Jul 12   0: 0: 0
2021-08-05 13:27:28,083 - isca - DEBUG - Integration completed through   11 Jul 13   0: 0: 0
2021-08-05 13:27:29,663 - isca - DEBUG - Integration completed through   11 Jul 14   0: 0: 0
2021-08-05 13:27:31,267 - isca - DEBUG - Integration completed through   11 Jul 15   0: 0: 0
2021-08-05 13:27:32,856 - isca - DEBUG - Integration completed through   11 Jul 16   0: 0: 0
2021-08-05 13:27:34,465 - isca - DEBUG - Integration completed through   11 Jul 17   0: 0: 0
2021-08-05 13:27:36,091 - isca - DEBUG - Integration completed through   11 Jul 18   0: 0: 0
2021-08-05 13:27:37,726 - isca - DEBUG - Integration completed through   11 Jul 19   0: 0: 0
2021-08-05 13:27:39,359 - isca - DEBUG - Integration completed through   11 Jul 20   0: 0: 0
2021-08-05 13:27:41,117 - isca - DEBUG - Integration completed through   11 Jul 21   0: 0: 0
2021-08-05 13:27:42,659 - isca - DEBUG - Integration completed through   11 Jul 22   0: 0: 0
2021-08-05 13:27:44,259 - isca - DEBUG - Integration completed through   11 Jul 23   0: 0: 0
2021-08-05 13:27:45,960 - isca - DEBUG - Integration completed through   11 Jul 24   0: 0: 0
2021-08-05 13:27:47,544 - isca - DEBUG - Integration completed through   11 Jul 25   0: 0: 0
2021-08-05 13:27:49,228 - isca - DEBUG - Integration completed through   11 Jul 26   0: 0: 0
2021-08-05 13:27:50,877 - isca - DEBUG - Integration completed through   11 Jul 27   0: 0: 0
2021-08-05 13:27:52,454 - isca - DEBUG - Integration completed through   11 Jul 28   0: 0: 0
2021-08-05 13:27:54,122 - isca - DEBUG - Integration completed through   11 Jul 29   0: 0: 0
2021-08-05 13:27:55,740 - isca - DEBUG - Integration completed through   11 Jul 30   0: 0: 0
2021-08-05 13:27:57,302 - isca - DEBUG - Integration completed through   11 Aug  1   0: 0: 0
2021-08-05 13:27:58,921 - isca - DEBUG - Integration completed through   11 Aug  2   0: 0: 0
2021-08-05 13:28:00,531 - isca - DEBUG - Integration completed through   11 Aug  3   0: 0: 0
2021-08-05 13:28:02,160 - isca - DEBUG - Integration completed through   11 Aug  4   0: 0: 0
2021-08-05 13:28:03,843 - isca - DEBUG - Integration completed through   11 Aug  5   0: 0: 0
2021-08-05 13:28:05,384 - isca - DEBUG - Integration completed through   11 Aug  6   0: 0: 0
2021-08-05 13:28:07,018 - isca - DEBUG - Integration completed through   11 Aug  7   0: 0: 0
2021-08-05 13:28:08,762 - isca - DEBUG - Integration completed through   11 Aug  8   0: 0: 0
2021-08-05 13:28:10,344 - isca - DEBUG - Integration completed through   11 Aug  9   0: 0: 0
2021-08-05 13:28:11,970 - isca - DEBUG - Integration completed through   11 Aug 10   0: 0: 0
2021-08-05 13:28:13,571 - isca - DEBUG - Integration completed through   11 Aug 11   0: 0: 0
2021-08-05 13:28:15,175 - isca - DEBUG - Integration completed through   11 Aug 12   0: 0: 0
2021-08-05 13:28:16,772 - isca - DEBUG - Integration completed through   11 Aug 13   0: 0: 0
2021-08-05 13:28:18,448 - isca - DEBUG - Integration completed through   11 Aug 14   0: 0: 0
2021-08-05 13:28:20,053 - isca - DEBUG - Integration completed through   11 Aug 15   0: 0: 0
2021-08-05 13:28:21,750 - isca - DEBUG - Integration completed through   11 Aug 16   0: 0: 0
2021-08-05 13:28:23,288 - isca - DEBUG - Integration completed through   11 Aug 17   0: 0: 0
2021-08-05 13:28:24,933 - isca - DEBUG - Integration completed through   11 Aug 18   0: 0: 0
2021-08-05 13:28:26,720 - isca - DEBUG - Integration completed through   11 Aug 19   0: 0: 0
2021-08-05 13:28:28,252 - isca - DEBUG - Integration completed through   11 Aug 20   0: 0: 0
2021-08-05 13:28:29,873 - isca - DEBUG - Integration completed through   11 Aug 21   0: 0: 0
2021-08-05 13:28:31,496 - isca - DEBUG - Integration completed through   11 Aug 22   0: 0: 0
2021-08-05 13:28:33,088 - isca - DEBUG - Integration completed through   11 Aug 23   0: 0: 0
2021-08-05 13:28:34,867 - isca - DEBUG - Integration completed through   11 Aug 24   0: 0: 0
2021-08-05 13:28:36,511 - isca - DEBUG - Integration completed through   11 Aug 25   0: 0: 0
2021-08-05 13:28:38,138 - isca - DEBUG - Integration completed through   11 Aug 26   0: 0: 0
2021-08-05 13:28:39,748 - isca - DEBUG - Integration completed through   11 Aug 27   0: 0: 0
2021-08-05 13:28:41,437 - isca - DEBUG - Integration completed through   11 Aug 28   0: 0: 0
2021-08-05 13:28:43,073 - isca - DEBUG - Integration completed through   11 Aug 29   0: 0: 0
2021-08-05 13:28:44,794 - isca - DEBUG - Integration completed through   11 Aug 30   0: 0: 0
2021-08-05 13:28:46,334 - isca - DEBUG - Integration completed through   11 Sep  1   0: 0: 0
2021-08-05 13:28:47,953 - isca - DEBUG - Integration completed through   11 Sep  2   0: 0: 0
2021-08-05 13:28:49,652 - isca - DEBUG - Integration completed through   11 Sep  3   0: 0: 0
2021-08-05 13:28:51,292 - isca - DEBUG - Integration completed through   11 Sep  4   0: 0: 0
2021-08-05 13:28:52,972 - isca - DEBUG - Integration completed through   11 Sep  5   0: 0: 0
2021-08-05 13:28:54,630 - isca - DEBUG - Integration completed through   11 Sep  6   0: 0: 0
2021-08-05 13:28:56,218 - isca - DEBUG - Integration completed through   11 Sep  7   0: 0: 0
2021-08-05 13:28:57,831 - isca - DEBUG - Integration completed through   11 Sep  8   0: 0: 0
2021-08-05 13:28:59,461 - isca - DEBUG - Integration completed through   11 Sep  9   0: 0: 0
2021-08-05 13:29:01,071 - isca - DEBUG - Integration completed through   11 Sep 10   0: 0: 0
2021-08-05 13:29:02,705 - isca - DEBUG - Integration completed through   11 Sep 11   0: 0: 0
2021-08-05 13:29:04,237 - isca - DEBUG - Integration completed through   11 Sep 12   0: 0: 0
2021-08-05 13:29:05,857 - isca - DEBUG - Integration completed through   11 Sep 13   0: 0: 0
2021-08-05 13:29:07,646 - isca - DEBUG - Integration completed through   11 Sep 14   0: 0: 0
2021-08-05 13:29:09,207 - isca - DEBUG - Integration completed through   11 Sep 15   0: 0: 0
2021-08-05 13:29:10,811 - isca - DEBUG - Integration completed through   11 Sep 16   0: 0: 0
2021-08-05 13:29:12,425 - isca - DEBUG - Integration completed through   11 Sep 17   0: 0: 0
2021-08-05 13:29:14,022 - isca - DEBUG - Integration completed through   11 Sep 18   0: 0: 0
2021-08-05 13:29:15,733 - isca - DEBUG - Integration completed through   11 Sep 19   0: 0: 0
2021-08-05 13:29:17,321 - isca - DEBUG - Integration completed through   11 Sep 20   0: 0: 0
2021-08-05 13:29:18,929 - isca - DEBUG - Integration completed through   11 Sep 21   0: 0: 0
2021-08-05 13:29:20,585 - isca - DEBUG - Integration completed through   11 Sep 22   0: 0: 0
2021-08-05 13:29:22,215 - isca - DEBUG - Integration completed through   11 Sep 23   0: 0: 0
2021-08-05 13:29:23,853 - isca - DEBUG - Integration completed through   11 Sep 24   0: 0: 0
2021-08-05 13:29:25,570 - isca - DEBUG - Integration completed through   11 Sep 25   0: 0: 0
2021-08-05 13:29:27,106 - isca - DEBUG - Integration completed through   11 Sep 26   0: 0: 0
2021-08-05 13:29:28,765 - isca - DEBUG - Integration completed through   11 Sep 27   0: 0: 0
2021-08-05 13:29:30,489 - isca - DEBUG - Integration completed through   11 Sep 28   0: 0: 0
2021-08-05 13:29:32,071 - isca - DEBUG - Integration completed through   11 Sep 29   0: 0: 0
2021-08-05 13:29:33,694 - isca - DEBUG - Integration completed through   11 Sep 30   0: 0: 0
2021-08-05 13:29:35,312 - isca - DEBUG - Integration completed through   11 Oct  1   0: 0: 0
2021-08-05 13:29:36,886 - isca - DEBUG - Integration completed through   11 Oct  2   0: 0: 0
2021-08-05 13:29:38,535 - isca - DEBUG - Integration completed through   11 Oct  3   0: 0: 0
2021-08-05 13:29:40,168 - isca - DEBUG - Integration completed through   11 Oct  4   0: 0: 0
2021-08-05 13:29:41,766 - isca - DEBUG - Integration completed through   11 Oct  5   0: 0: 0
2021-08-05 13:29:43,443 - isca - DEBUG - Integration completed through   11 Oct  6   0: 0: 0
2021-08-05 13:29:44,969 - isca - DEBUG - Integration completed through   11 Oct  7   0: 0: 0
2021-08-05 13:29:46,565 - isca - DEBUG - Integration completed through   11 Oct  8   0: 0: 0
2021-08-05 13:29:48,291 - isca - DEBUG - Integration completed through   11 Oct  9   0: 0: 0
2021-08-05 13:29:49,816 - isca - DEBUG - Integration completed through   11 Oct 10   0: 0: 0
2021-08-05 13:29:51,429 - isca - DEBUG - Integration completed through   11 Oct 11   0: 0: 0
2021-08-05 13:29:53,055 - isca - DEBUG - Integration completed through   11 Oct 12   0: 0: 0
2021-08-05 13:29:54,622 - isca - DEBUG - Integration completed through   11 Oct 13   0: 0: 0
2021-08-05 13:29:56,259 - isca - DEBUG - Integration completed through   11 Oct 14   0: 0: 0
2021-08-05 13:29:57,858 - isca - DEBUG - Integration completed through   11 Oct 15   0: 0: 0
2021-08-05 13:29:59,485 - isca - DEBUG - Integration completed through   11 Oct 16   0: 0: 0
2021-08-05 13:30:01,145 - isca - DEBUG - Integration completed through   11 Oct 17   0: 0: 0
2021-08-05 13:30:02,751 - isca - DEBUG - Integration completed through   11 Oct 18   0: 0: 0
2021-08-05 13:30:04,374 - isca - DEBUG - Integration completed through   11 Oct 19   0: 0: 0
2021-08-05 13:30:06,135 - isca - DEBUG - Integration completed through   11 Oct 20   0: 0: 0
2021-08-05 13:30:07,664 - isca - DEBUG - Integration completed through   11 Oct 21   0: 0: 0
2021-08-05 13:30:09,349 - isca - DEBUG - Integration completed through   11 Oct 22   0: 0: 0
2021-08-05 13:30:11,018 - isca - DEBUG - Integration completed through   11 Oct 23   0: 0: 0
2021-08-05 13:30:12,678 - isca - DEBUG - Integration completed through   11 Oct 24   0: 0: 0
2021-08-05 13:30:14,397 - isca - DEBUG - Integration completed through   11 Oct 25   0: 0: 0
2021-08-05 13:30:16,063 - isca - DEBUG - Integration completed through   11 Oct 26   0: 0: 0
2021-08-05 13:30:17,658 - isca - DEBUG - Integration completed through   11 Oct 27   0: 0: 0
2021-08-05 13:30:19,250 - isca - DEBUG - Integration completed through   11 Oct 28   0: 0: 0
2021-08-05 13:30:20,840 - isca - DEBUG - Integration completed through   11 Oct 29   0: 0: 0
2021-08-05 13:30:22,415 - isca - DEBUG - Integration completed through   11 Oct 30   0: 0: 0
2021-08-05 13:30:24,118 - isca - DEBUG - Integration completed through   11 Nov  1   0: 0: 0
2021-08-05 13:30:25,660 - isca - DEBUG - Integration completed through   11 Nov  2   0: 0: 0
2021-08-05 13:30:27,315 - isca - DEBUG - Integration completed through   11 Nov  3   0: 0: 0
2021-08-05 13:30:29,036 - isca - DEBUG - Integration completed through   11 Nov  4   0: 0: 0
2021-08-05 13:30:30,559 - isca - DEBUG - Integration completed through   11 Nov  5   0: 0: 0
2021-08-05 13:30:32,232 - isca - DEBUG - Integration completed through   11 Nov  6   0: 0: 0
2021-08-05 13:30:33,847 - isca - DEBUG - Integration completed through   11 Nov  7   0: 0: 0
2021-08-05 13:30:35,410 - isca - DEBUG - Integration completed through   11 Nov  8   0: 0: 0
2021-08-05 13:30:37,063 - isca - DEBUG - Integration completed through   11 Nov  9   0: 0: 0
2021-08-05 13:30:38,741 - isca - DEBUG - Integration completed through   11 Nov 10   0: 0: 0
2021-08-05 13:30:40,329 - isca - DEBUG - Integration completed through   11 Nov 11   0: 0: 0
2021-08-05 13:30:41,941 - isca - DEBUG - Integration completed through   11 Nov 12   0: 0: 0
2021-08-05 13:30:43,504 - isca - DEBUG - Integration completed through   11 Nov 13   0: 0: 0
2021-08-05 13:30:45,128 - isca - DEBUG - Integration completed through   11 Nov 14   0: 0: 0
2021-08-05 13:30:46,859 - isca - DEBUG - Integration completed through   11 Nov 15   0: 0: 0
2021-08-05 13:30:48,409 - isca - DEBUG - Integration completed through   11 Nov 16   0: 0: 0
2021-08-05 13:30:50,023 - isca - DEBUG - Integration completed through   11 Nov 17   0: 0: 0
2021-08-05 13:30:51,967 - isca - DEBUG - Integration completed through   11 Nov 18   0: 0: 0
2021-08-05 13:30:53,807 - isca - DEBUG - Integration completed through   11 Nov 19   0: 0: 0
2021-08-05 13:30:55,485 - isca - DEBUG - Integration completed through   11 Nov 20   0: 0: 0
2021-08-05 13:30:57,097 - isca - DEBUG - Integration completed through   11 Nov 21   0: 0: 0
2021-08-05 13:30:58,668 - isca - DEBUG - Integration completed through   11 Nov 22   0: 0: 0
2021-08-05 13:31:00,291 - isca - DEBUG - Integration completed through   11 Nov 23   0: 0: 0
2021-08-05 13:31:01,929 - isca - DEBUG - Integration completed through   11 Nov 24   0: 0: 0
2021-08-05 13:31:03,522 - isca - DEBUG - Integration completed through   11 Nov 25   0: 0: 0
2021-08-05 13:31:05,214 - isca - DEBUG - Integration completed through   11 Nov 26   0: 0: 0
2021-08-05 13:31:06,770 - isca - DEBUG - Integration completed through   11 Nov 27   0: 0: 0
2021-08-05 13:31:08,362 - isca - DEBUG - Integration completed through   11 Nov 28   0: 0: 0
2021-08-05 13:31:10,071 - isca - DEBUG - Integration completed through   11 Nov 29   0: 0: 0
2021-08-05 13:31:11,630 - isca - DEBUG - Integration completed through   11 Nov 30   0: 0: 0
2021-08-05 13:31:13,292 - isca - DEBUG - Integration completed through   11 Dec  1   0: 0: 0
2021-08-05 13:31:14,934 - isca - DEBUG - Integration completed through   11 Dec  2   0: 0: 0
2021-08-05 13:31:16,508 - isca - DEBUG - Integration completed through   11 Dec  3   0: 0: 0
2021-08-05 13:31:18,137 - isca - DEBUG - Integration completed through   11 Dec  4   0: 0: 0
2021-08-05 13:31:19,900 - isca - DEBUG - Integration completed through   11 Dec  5   0: 0: 0
2021-08-05 13:31:21,558 - isca - DEBUG - Integration completed through   11 Dec  6   0: 0: 0
2021-08-05 13:31:23,234 - isca - DEBUG - Integration completed through   11 Dec  7   0: 0: 0
2021-08-05 13:31:24,810 - isca - DEBUG - Integration completed through   11 Dec  8   0: 0: 0
2021-08-05 13:31:26,455 - isca - DEBUG - Integration completed through   11 Dec  9   0: 0: 0
2021-08-05 13:31:28,201 - isca - DEBUG - Integration completed through   11 Dec 10   0: 0: 0
2021-08-05 13:31:29,744 - isca - DEBUG - Integration completed through   11 Dec 11   0: 0: 0
2021-08-05 13:31:31,425 - isca - DEBUG - Integration completed through   11 Dec 12   0: 0: 0
2021-08-05 13:31:33,147 - isca - DEBUG - Integration completed through   11 Dec 13   0: 0: 0
2021-08-05 13:31:34,763 - isca - DEBUG - Integration completed through   11 Dec 14   0: 0: 0
2021-08-05 13:31:36,506 - isca - DEBUG - Integration completed through   11 Dec 15   0: 0: 0
2021-08-05 13:31:38,141 - isca - DEBUG - Integration completed through   11 Dec 16   0: 0: 0
2021-08-05 13:31:39,729 - isca - DEBUG - Integration completed through   11 Dec 17   0: 0: 0
2021-08-05 13:31:41,405 - isca - DEBUG - Integration completed through   11 Dec 18   0: 0: 0
2021-08-05 13:31:43,118 - isca - DEBUG - Integration completed through   11 Dec 19   0: 0: 0
2021-08-05 13:31:44,701 - isca - DEBUG - Integration completed through   11 Dec 20   0: 0: 0
2021-08-05 13:31:46,406 - isca - DEBUG - Integration completed through   11 Dec 21   0: 0: 0
2021-08-05 13:31:47,948 - isca - DEBUG - Integration completed through   11 Dec 22   0: 0: 0
2021-08-05 13:31:49,568 - isca - DEBUG - Integration completed through   11 Dec 23   0: 0: 0
2021-08-05 13:31:51,228 - isca - DEBUG - Integration completed through   11 Dec 24   0: 0: 0
2021-08-05 13:31:52,747 - isca - DEBUG - Integration completed through   11 Dec 25   0: 0: 0
2021-08-05 13:31:54,405 - isca - DEBUG - Integration completed through   11 Dec 26   0: 0: 0
2021-08-05 13:31:56,096 - isca - DEBUG - Integration completed through   11 Dec 27   0: 0: 0
2021-08-05 13:31:57,727 - isca - DEBUG - Integration completed through   11 Dec 28   0: 0: 0
2021-08-05 13:31:59,363 - isca - DEBUG - Integration completed through   11 Dec 29   0: 0: 0
2021-08-05 13:32:00,973 - isca - DEBUG - Integration completed through   11 Dec 30   0: 0: 0
2021-08-05 13:32:02,552 - isca - DEBUG - Integration completed through   12 Jan  1   0: 0: 0
2021-08-05 13:32:02,660 - isca - DEBUG - NOTE from PE    0: MPP_IO_SET_STACK_SIZE: stack size set to     245760.
2021-08-05 13:32:03,367 - isca - DEBUG - MPP_DOMAINS_STACK high water mark=       30720
2021-08-05 13:32:03,367 - isca - DEBUG - 
2021-08-05 13:32:03,367 - isca - DEBUG - Tabulating mpp_clock statistics across     32 PEs...
2021-08-05 13:32:03,367 - isca - DEBUG - 
2021-08-05 13:32:03,367 - isca - DEBUG - tmin          tmax          tavg          tstd  tfrac grain pemin pemax
2021-08-05 13:32:03,368 - isca - DEBUG - Total runtime                       591.032763    591.032769    591.032766      0.000002  1.000     0     0    31
2021-08-05 13:32:03,368 - isca - DEBUG - MPP_STACK high water mark=           0
2021-08-05 13:32:03,468 - isca - INFO - Run 1 complete
2021-08-05 13:34:35,354 - isca - DEBUG - atmos_monthly.nc combined and copied to data directory
2021-08-05 13:34:37,791 - isca - INFO - Restart archive created at /network/group/aopp/planetary/PLR018_LEWIS_VENUS2/isca_data/GREY_T42L30fr_perpeq_om_1_40_a_1_1_ps_1_1_12hrly/restarts/res0001.tar.gz
2021-08-05 13:34:37,901 - isca - INFO - Writing namelist to '/network/group/aopp/planetary/PLR018_LEWIS_VENUS2/isca_data/GREY_T42L30fr_perpeq_om_1_40_a_1_1_ps_1_1_12hrly/run0001/input.nml'
2021-08-05 13:34:37,976 - isca - INFO - Writing field_table to '/network/group/aopp/planetary/PLR018_LEWIS_VENUS2/isca_data/GREY_T42L30fr_perpeq_om_1_40_a_1_1_ps_1_1_12hrly/run0001/field_table'
2021-08-05 13:34:38,031 - isca - INFO - Writing diag_table to '/network/group/aopp/planetary/PLR018_LEWIS_VENUS2/isca_data/GREY_T42L30fr_perpeq_om_1_40_a_1_1_ps_1_1_12hrly/run0001/diag_table'
2021-08-05 13:34:39,206 - isca - INFO - Emptied run directory '/network/group/aopp/planetary/PLR018_LEWIS_VENUS2/isca_work/experiment/GREY_T42L30fr_perpeq_om_1_40_a_1_1_ps_1_1_12hrly/run'
