/home/lewis/.bashrc: line 75: goisca: command not found
2021-08-05 13:19:57,665 - isca - WARNING - Environment variable GFDL_SOC not set, but this is only required if using SocratesCodebase. Setting to None
2021-08-05 13:19:57,971 - isca - INFO - RRTM compilation disabled.
2021-08-05 13:19:57,972 - isca - INFO - SOCRATES compilation disabled.
2021-08-05 13:19:57,988 - isca - INFO - Writing path_names to '/network/group/aopp/planetary/PLR018_LEWIS_VENUS2/isca_work/codebase/_home_lewis_research_isca_dir_Isca/build/grey_isca/path_names'
2021-08-05 13:19:58,006 - isca - INFO - Running compiler
2021-08-05 13:19:58,048 - isca - INFO - loadmodules for oxford machines
2021-08-05 13:19:58,467 - isca - INFO - [?1h=Currently Loaded Modulefiles:[m
2021-08-05 13:19:58,492 - isca - INFO - 1) physicspaths/2.0         6) otheros/generic-arc          [m
2021-08-05 13:19:58,492 - isca - INFO - 2) otheros/generic-oxphys   7) intel-compilers/2018upd4     [m
2021-08-05 13:19:58,493 - isca - INFO - 3) otheros/ubuntu_bionic    8) intel-mpi/2015               [m
2021-08-05 13:19:58,493 - isca - INFO - 4) otheros/ubuntu_trusty    9) netcdf/netcdf-c-4.7.3        [m
2021-08-05 13:19:58,493 - isca - INFO - 5) arcpaths/1.0            10) netcdf/netcdf-fortran-4.5.2  [m
2021-08-05 13:19:58,513 - isca - INFO - [K[?1l>/network/group/aopp/planetary/PLR018_LEWIS_VENUS2/isca_work/codebase/_home_lewis_research_isca_dir_Isca/build/grey_isca/path_names
2021-08-05 13:20:04,950 - isca - INFO - .............................................................................................................................. Makefile is ready.
2021-08-05 13:20:05,316 - isca - INFO - make: Nothing to be done for 'all'.
2021-08-05 13:20:05,681 - isca - INFO - make: 'grey_isca.x' is up to date.
2021-08-05 13:20:05,682 - isca - INFO - Compilation complete.
2021-08-05 13:20:05,685 - isca - DEBUG - Making directory '/network/group/aopp/planetary/PLR018_LEWIS_VENUS2/isca_work/experiment/GREY_T42L30fr_Drnl_om_1_40_a_1_1_ps_1_1_12hrly'
2021-08-05 13:20:05,752 - isca - WARNING - Tried to remove run directory but it doesnt exist
2021-08-05 13:20:05,858 - isca - INFO - Emptied run directory '/network/group/aopp/planetary/PLR018_LEWIS_VENUS2/isca_work/experiment/GREY_T42L30fr_Drnl_om_1_40_a_1_1_ps_1_1_12hrly/run'
2021-08-05 13:20:05,946 - isca - INFO - Emptied run directory '/network/group/aopp/planetary/PLR018_LEWIS_VENUS2/isca_work/experiment/GREY_T42L30fr_Drnl_om_1_40_a_1_1_ps_1_1_12hrly/run'
2021-08-05 13:20:06,780 - isca - INFO - Writing namelist to '/network/group/aopp/planetary/PLR018_LEWIS_VENUS2/isca_work/experiment/GREY_T42L30fr_Drnl_om_1_40_a_1_1_ps_1_1_12hrly/run/input.nml'
2021-08-05 13:20:06,788 - isca - INFO - Writing field_table to '/network/group/aopp/planetary/PLR018_LEWIS_VENUS2/isca_work/experiment/GREY_T42L30fr_Drnl_om_1_40_a_1_1_ps_1_1_12hrly/run/field_table'
2021-08-05 13:20:06,869 - isca - INFO - Writing diag_table to '/network/group/aopp/planetary/PLR018_LEWIS_VENUS2/isca_work/experiment/GREY_T42L30fr_Drnl_om_1_40_a_1_1_ps_1_1_12hrly/run/diag_table'
2021-08-05 13:20:06,884 - isca - INFO - Using restart file '/network/group/aopp/planetary/PLR018_LEWIS_VENUS2/isca_data/GREY_T42L30fr_Drnl_om_1_40_a_1_1_ps_1_1/restarts/res0010.tar.gz'
2021-08-05 13:20:07,400 - isca - INFO - Restart /network/group/aopp/planetary/PLR018_LEWIS_VENUS2/isca_data/GREY_T42L30fr_Drnl_om_1_40_a_1_1_ps_1_1/restarts/res0010.tar.gz extracted to /network/group/aopp/planetary/PLR018_LEWIS_VENUS2/isca_work/experiment/GREY_T42L30fr_Drnl_om_1_40_a_1_1_ps_1_1_12hrly/run/INPUT
2021-08-05 13:20:07,449 - isca - INFO - Beginning run 1
2021-08-05 13:20:07,459 - isca - INFO - process running as 63440
2021-08-05 13:20:07,493 - isca - DEBUG - loadmodules for oxford machines
2021-08-05 13:20:07,921 - isca - DEBUG - [?1h=Currently Loaded Modulefiles:[m
2021-08-05 13:20:07,944 - isca - DEBUG - 1) physicspaths/2.0         6) otheros/generic-arc          [m
2021-08-05 13:20:07,944 - isca - DEBUG - 2) otheros/generic-oxphys   7) intel-compilers/2018upd4     [m
2021-08-05 13:20:07,944 - isca - DEBUG - 3) otheros/ubuntu_bionic    8) intel-mpi/2015               [m
2021-08-05 13:20:07,944 - isca - DEBUG - 4) otheros/ubuntu_trusty    9) netcdf/netcdf-c-4.7.3        [m
2021-08-05 13:20:07,945 - isca - DEBUG - 5) arcpaths/1.0            10) netcdf/netcdf-fortran-4.5.2  [m
2021-08-05 13:20:08,365 - isca - DEBUG - [K[?1l>NOTE from PE    0: MPP_DOMAINS_SET_STACK_SIZE: stack size set to    32768.
2021-08-05 13:20:08,365 - isca - DEBUG - &MPP_IO_NML
2021-08-05 13:20:08,365 - isca - DEBUG - HEADER_BUFFER_VAL       =       16384,
2021-08-05 13:20:08,365 - isca - DEBUG - GLOBAL_FIELD_ON_ROOT_PE = T,
2021-08-05 13:20:08,365 - isca - DEBUG - IO_CLOCKS_ON    = F,
2021-08-05 13:20:08,365 - isca - DEBUG - SHUFFLE =           0,
2021-08-05 13:20:08,365 - isca - DEBUG - DEFLATE_LEVEL   =          -1
2021-08-05 13:20:08,365 - isca - DEBUG - /
2021-08-05 13:20:08,367 - isca - DEBUG - NOTE from PE    0: MPP_IO_SET_STACK_SIZE: stack size set to     131072.
2021-08-05 13:20:08,368 - isca - DEBUG - NOTE from PE    0: MPP_DOMAINS_SET_STACK_SIZE: stack size set to   600000.
2021-08-05 13:20:08,427 - isca - DEBUG - starting            1  OpenMP threads per MPI-task
2021-08-05 13:20:08,438 - isca - DEBUG - ATMOS MODEL DOMAIN DECOMPOSITION
2021-08-05 13:20:08,438 - isca - DEBUG - X-AXIS =  128
2021-08-05 13:20:08,438 - isca - DEBUG - Y-AXIS =    2   2   2   2   2   2   2   2   2   2   2   2   2   2   2   2   2   2   2   2   2   2   2   2
2021-08-05 13:20:08,438 - isca - DEBUG - 2   2   2   2   2   2   2   2
2021-08-05 13:20:09,334 - isca - DEBUG - NOTE from PE    0: idealized_moist_phys: Using AM3 dry adjustment convection scheme.
2021-08-05 13:20:12,997 - isca - DEBUG - Integration completed through   11 Jan  2   0: 0: 0
2021-08-05 13:20:14,648 - isca - DEBUG - Integration completed through   11 Jan  3   0: 0: 0
2021-08-05 13:20:16,377 - isca - DEBUG - Integration completed through   11 Jan  4   0: 0: 0
2021-08-05 13:20:17,963 - isca - DEBUG - Integration completed through   11 Jan  5   0: 0: 0
2021-08-05 13:20:19,671 - isca - DEBUG - Integration completed through   11 Jan  6   0: 0: 0
2021-08-05 13:20:21,390 - isca - DEBUG - Integration completed through   11 Jan  7   0: 0: 0
2021-08-05 13:20:23,010 - isca - DEBUG - Integration completed through   11 Jan  8   0: 0: 0
2021-08-05 13:20:24,701 - isca - DEBUG - Integration completed through   11 Jan  9   0: 0: 0
2021-08-05 13:20:26,362 - isca - DEBUG - Integration completed through   11 Jan 10   0: 0: 0
2021-08-05 13:20:28,069 - isca - DEBUG - Integration completed through   11 Jan 11   0: 0: 0
2021-08-05 13:20:29,738 - isca - DEBUG - Integration completed through   11 Jan 12   0: 0: 0
2021-08-05 13:20:31,455 - isca - DEBUG - Integration completed through   11 Jan 13   0: 0: 0
2021-08-05 13:20:33,217 - isca - DEBUG - Integration completed through   11 Jan 14   0: 0: 0
2021-08-05 13:20:34,996 - isca - DEBUG - Integration completed through   11 Jan 15   0: 0: 0
2021-08-05 13:20:36,588 - isca - DEBUG - Integration completed through   11 Jan 16   0: 0: 0
2021-08-05 13:20:38,317 - isca - DEBUG - Integration completed through   11 Jan 17   0: 0: 0
2021-08-05 13:20:40,061 - isca - DEBUG - Integration completed through   11 Jan 18   0: 0: 0
2021-08-05 13:20:41,664 - isca - DEBUG - Integration completed through   11 Jan 19   0: 0: 0
2021-08-05 13:20:43,354 - isca - DEBUG - Integration completed through   11 Jan 20   0: 0: 0
2021-08-05 13:20:45,056 - isca - DEBUG - Integration completed through   11 Jan 21   0: 0: 0
2021-08-05 13:20:46,708 - isca - DEBUG - Integration completed through   11 Jan 22   0: 0: 0
2021-08-05 13:20:48,426 - isca - DEBUG - Integration completed through   11 Jan 23   0: 0: 0
2021-08-05 13:20:50,279 - isca - DEBUG - Integration completed through   11 Jan 24   0: 0: 0
2021-08-05 13:20:52,116 - isca - DEBUG - Integration completed through   11 Jan 25   0: 0: 0
2021-08-05 13:20:53,930 - isca - DEBUG - Integration completed through   11 Jan 26   0: 0: 0
2021-08-05 13:20:55,569 - isca - DEBUG - Integration completed through   11 Jan 27   0: 0: 0
2021-08-05 13:20:57,296 - isca - DEBUG - Integration completed through   11 Jan 28   0: 0: 0
2021-08-05 13:20:59,012 - isca - DEBUG - Integration completed through   11 Jan 29   0: 0: 0
2021-08-05 13:21:00,598 - isca - DEBUG - Integration completed through   11 Jan 30   0: 0: 0
2021-08-05 13:21:02,304 - isca - DEBUG - Integration completed through   11 Feb  1   0: 0: 0
2021-08-05 13:21:04,108 - isca - DEBUG - Integration completed through   11 Feb  2   0: 0: 0
2021-08-05 13:21:05,765 - isca - DEBUG - Integration completed through   11 Feb  3   0: 0: 0
2021-08-05 13:21:07,523 - isca - DEBUG - Integration completed through   11 Feb  4   0: 0: 0
2021-08-05 13:21:09,229 - isca - DEBUG - Integration completed through   11 Feb  5   0: 0: 0
2021-08-05 13:21:10,919 - isca - DEBUG - Integration completed through   11 Feb  6   0: 0: 0
2021-08-05 13:21:12,636 - isca - DEBUG - Integration completed through   11 Feb  7   0: 0: 0
2021-08-05 13:21:14,369 - isca - DEBUG - Integration completed through   11 Feb  8   0: 0: 0
2021-08-05 13:21:16,076 - isca - DEBUG - Integration completed through   11 Feb  9   0: 0: 0
2021-08-05 13:21:17,790 - isca - DEBUG - Integration completed through   11 Feb 10   0: 0: 0
2021-08-05 13:21:19,533 - isca - DEBUG - Integration completed through   11 Feb 11   0: 0: 0
2021-08-05 13:21:21,217 - isca - DEBUG - Integration completed through   11 Feb 12   0: 0: 0
2021-08-05 13:21:22,990 - isca - DEBUG - Integration completed through   11 Feb 13   0: 0: 0
2021-08-05 13:21:24,633 - isca - DEBUG - Integration completed through   11 Feb 14   0: 0: 0
2021-08-05 13:21:26,402 - isca - DEBUG - Integration completed through   11 Feb 15   0: 0: 0
2021-08-05 13:21:28,087 - isca - DEBUG - Integration completed through   11 Feb 16   0: 0: 0
2021-08-05 13:21:29,709 - isca - DEBUG - Integration completed through   11 Feb 17   0: 0: 0
2021-08-05 13:21:31,404 - isca - DEBUG - Integration completed through   11 Feb 18   0: 0: 0
2021-08-05 13:21:33,095 - isca - DEBUG - Integration completed through   11 Feb 19   0: 0: 0
2021-08-05 13:21:34,751 - isca - DEBUG - Integration completed through   11 Feb 20   0: 0: 0
2021-08-05 13:21:36,484 - isca - DEBUG - Integration completed through   11 Feb 21   0: 0: 0
2021-08-05 13:21:38,119 - isca - DEBUG - Integration completed through   11 Feb 22   0: 0: 0
2021-08-05 13:21:39,824 - isca - DEBUG - Integration completed through   11 Feb 23   0: 0: 0
2021-08-05 13:21:41,661 - isca - DEBUG - Integration completed through   11 Feb 24   0: 0: 0
2021-08-05 13:21:43,248 - isca - DEBUG - Integration completed through   11 Feb 25   0: 0: 0
2021-08-05 13:21:44,975 - isca - DEBUG - Integration completed through   11 Feb 26   0: 0: 0
2021-08-05 13:21:46,705 - isca - DEBUG - Integration completed through   11 Feb 27   0: 0: 0
2021-08-05 13:21:48,372 - isca - DEBUG - Integration completed through   11 Feb 28   0: 0: 0
2021-08-05 13:21:51,319 - isca - DEBUG - Integration completed through   11 Feb 29   0: 0: 0
2021-08-05 13:21:54,055 - isca - DEBUG - Integration completed through   11 Feb 30   0: 0: 0
2021-08-05 13:21:55,709 - isca - DEBUG - Integration completed through   11 Mar  1   0: 0: 0
2021-08-05 13:21:57,435 - isca - DEBUG - Integration completed through   11 Mar  2   0: 0: 0
2021-08-05 13:21:59,171 - isca - DEBUG - Integration completed through   11 Mar  3   0: 0: 0
2021-08-05 13:22:00,931 - isca - DEBUG - Integration completed through   11 Mar  4   0: 0: 0
2021-08-05 13:22:02,720 - isca - DEBUG - Integration completed through   11 Mar  5   0: 0: 0
2021-08-05 13:22:04,336 - isca - DEBUG - Integration completed through   11 Mar  6   0: 0: 0
2021-08-05 13:22:06,063 - isca - DEBUG - Integration completed through   11 Mar  7   0: 0: 0
2021-08-05 13:22:07,811 - isca - DEBUG - Integration completed through   11 Mar  8   0: 0: 0
2021-08-05 13:22:09,419 - isca - DEBUG - Integration completed through   11 Mar  9   0: 0: 0
2021-08-05 13:22:11,127 - isca - DEBUG - Integration completed through   11 Mar 10   0: 0: 0
2021-08-05 13:22:12,804 - isca - DEBUG - Integration completed through   11 Mar 11   0: 0: 0
2021-08-05 13:22:14,494 - isca - DEBUG - Integration completed through   11 Mar 12   0: 0: 0
2021-08-05 13:22:16,305 - isca - DEBUG - Integration completed through   11 Mar 13   0: 0: 0
2021-08-05 13:22:18,026 - isca - DEBUG - Integration completed through   11 Mar 14   0: 0: 0
2021-08-05 13:22:19,707 - isca - DEBUG - Integration completed through   11 Mar 15   0: 0: 0
2021-08-05 13:22:21,474 - isca - DEBUG - Integration completed through   11 Mar 16   0: 0: 0
2021-08-05 13:22:23,121 - isca - DEBUG - Integration completed through   11 Mar 17   0: 0: 0
2021-08-05 13:22:25,112 - isca - DEBUG - Integration completed through   11 Mar 18   0: 0: 0
2021-08-05 13:22:26,822 - isca - DEBUG - Integration completed through   11 Mar 19   0: 0: 0
2021-08-05 13:22:28,419 - isca - DEBUG - Integration completed through   11 Mar 20   0: 0: 0
2021-08-05 13:22:30,149 - isca - DEBUG - Integration completed through   11 Mar 21   0: 0: 0
2021-08-05 13:22:31,941 - isca - DEBUG - Integration completed through   11 Mar 22   0: 0: 0
2021-08-05 13:22:33,593 - isca - DEBUG - Integration completed through   11 Mar 23   0: 0: 0
2021-08-05 13:22:35,367 - isca - DEBUG - Integration completed through   11 Mar 24   0: 0: 0
2021-08-05 13:22:37,084 - isca - DEBUG - Integration completed through   11 Mar 25   0: 0: 0
2021-08-05 13:22:38,797 - isca - DEBUG - Integration completed through   11 Mar 26   0: 0: 0
2021-08-05 13:22:40,480 - isca - DEBUG - Integration completed through   11 Mar 27   0: 0: 0
2021-08-05 13:22:42,192 - isca - DEBUG - Integration completed through   11 Mar 28   0: 0: 0
2021-08-05 13:22:43,882 - isca - DEBUG - Integration completed through   11 Mar 29   0: 0: 0
2021-08-05 13:22:45,606 - isca - DEBUG - Integration completed through   11 Mar 30   0: 0: 0
2021-08-05 13:22:47,207 - isca - DEBUG - Integration completed through   11 Apr  1   0: 0: 0
2021-08-05 13:22:48,883 - isca - DEBUG - Integration completed through   11 Apr  2   0: 0: 0
2021-08-05 13:22:50,605 - isca - DEBUG - Integration completed through   11 Apr  3   0: 0: 0
2021-08-05 13:22:52,198 - isca - DEBUG - Integration completed through   11 Apr  4   0: 0: 0
2021-08-05 13:22:53,937 - isca - DEBUG - Integration completed through   11 Apr  5   0: 0: 0
2021-08-05 13:22:55,642 - isca - DEBUG - Integration completed through   11 Apr  6   0: 0: 0
2021-08-05 13:22:57,334 - isca - DEBUG - Integration completed through   11 Apr  7   0: 0: 0
2021-08-05 13:22:59,120 - isca - DEBUG - Integration completed through   11 Apr  8   0: 0: 0
2021-08-05 13:23:00,787 - isca - DEBUG - Integration completed through   11 Apr  9   0: 0: 0
2021-08-05 13:23:02,474 - isca - DEBUG - Integration completed through   11 Apr 10   0: 0: 0
2021-08-05 13:23:04,195 - isca - DEBUG - Integration completed through   11 Apr 11   0: 0: 0
2021-08-05 13:23:05,811 - isca - DEBUG - Integration completed through   11 Apr 12   0: 0: 0
2021-08-05 13:23:07,514 - isca - DEBUG - Integration completed through   11 Apr 13   0: 0: 0
2021-08-05 13:23:09,346 - isca - DEBUG - Integration completed through   11 Apr 14   0: 0: 0
2021-08-05 13:23:10,967 - isca - DEBUG - Integration completed through   11 Apr 15   0: 0: 0
2021-08-05 13:23:12,642 - isca - DEBUG - Integration completed through   11 Apr 16   0: 0: 0
2021-08-05 13:23:14,347 - isca - DEBUG - Integration completed through   11 Apr 17   0: 0: 0
2021-08-05 13:23:15,986 - isca - DEBUG - Integration completed through   11 Apr 18   0: 0: 0
2021-08-05 13:23:17,635 - isca - DEBUG - Integration completed through   11 Apr 19   0: 0: 0
2021-08-05 13:23:19,289 - isca - DEBUG - Integration completed through   11 Apr 20   0: 0: 0
2021-08-05 13:23:20,968 - isca - DEBUG - Integration completed through   11 Apr 21   0: 0: 0
2021-08-05 13:23:22,626 - isca - DEBUG - Integration completed through   11 Apr 22   0: 0: 0
2021-08-05 13:23:24,322 - isca - DEBUG - Integration completed through   11 Apr 23   0: 0: 0
2021-08-05 13:23:26,035 - isca - DEBUG - Integration completed through   11 Apr 24   0: 0: 0
2021-08-05 13:23:27,850 - isca - DEBUG - Integration completed through   11 Apr 25   0: 0: 0
2021-08-05 13:23:29,440 - isca - DEBUG - Integration completed through   11 Apr 26   0: 0: 0
2021-08-05 13:23:31,212 - isca - DEBUG - Integration completed through   11 Apr 27   0: 0: 0
2021-08-05 13:23:32,989 - isca - DEBUG - Integration completed through   11 Apr 28   0: 0: 0
2021-08-05 13:23:34,587 - isca - DEBUG - Integration completed through   11 Apr 29   0: 0: 0
2021-08-05 13:23:36,281 - isca - DEBUG - Integration completed through   11 Apr 30   0: 0: 0
2021-08-05 13:23:37,989 - isca - DEBUG - Integration completed through   11 May  1   0: 0: 0
2021-08-05 13:23:39,667 - isca - DEBUG - Integration completed through   11 May  2   0: 0: 0
2021-08-05 13:23:41,415 - isca - DEBUG - Integration completed through   11 May  3   0: 0: 0
2021-08-05 13:23:43,132 - isca - DEBUG - Integration completed through   11 May  4   0: 0: 0
2021-08-05 13:23:44,791 - isca - DEBUG - Integration completed through   11 May  5   0: 0: 0
2021-08-05 13:23:46,550 - isca - DEBUG - Integration completed through   11 May  6   0: 0: 0
2021-08-05 13:23:48,178 - isca - DEBUG - Integration completed through   11 May  7   0: 0: 0
2021-08-05 13:23:49,892 - isca - DEBUG - Integration completed through   11 May  8   0: 0: 0
2021-08-05 13:23:51,689 - isca - DEBUG - Integration completed through   11 May  9   0: 0: 0
2021-08-05 13:23:53,285 - isca - DEBUG - Integration completed through   11 May 10   0: 0: 0
2021-08-05 13:23:54,944 - isca - DEBUG - Integration completed through   11 May 11   0: 0: 0
2021-08-05 13:23:56,623 - isca - DEBUG - Integration completed through   11 May 12   0: 0: 0
2021-08-05 13:23:58,305 - isca - DEBUG - Integration completed through   11 May 13   0: 0: 0
2021-08-05 13:24:00,056 - isca - DEBUG - Integration completed through   11 May 14   0: 0: 0
2021-08-05 13:24:01,729 - isca - DEBUG - Integration completed through   11 May 15   0: 0: 0
2021-08-05 13:24:03,385 - isca - DEBUG - Integration completed through   11 May 16   0: 0: 0
2021-08-05 13:24:05,045 - isca - DEBUG - Integration completed through   11 May 17   0: 0: 0
2021-08-05 13:24:06,778 - isca - DEBUG - Integration completed through   11 May 18   0: 0: 0
2021-08-05 13:24:08,501 - isca - DEBUG - Integration completed through   11 May 19   0: 0: 0
2021-08-05 13:24:10,306 - isca - DEBUG - Integration completed through   11 May 20   0: 0: 0
2021-08-05 13:24:11,910 - isca - DEBUG - Integration completed through   11 May 21   0: 0: 0
2021-08-05 13:24:13,681 - isca - DEBUG - Integration completed through   11 May 22   0: 0: 0
2021-08-05 13:24:15,447 - isca - DEBUG - Integration completed through   11 May 23   0: 0: 0
2021-08-05 13:24:17,051 - isca - DEBUG - Integration completed through   11 May 24   0: 0: 0
2021-08-05 13:24:18,772 - isca - DEBUG - Integration completed through   11 May 25   0: 0: 0
2021-08-05 13:24:20,474 - isca - DEBUG - Integration completed through   11 May 26   0: 0: 0
2021-08-05 13:24:22,150 - isca - DEBUG - Integration completed through   11 May 27   0: 0: 0
2021-08-05 13:24:23,817 - isca - DEBUG - Integration completed through   11 May 28   0: 0: 0
2021-08-05 13:24:25,482 - isca - DEBUG - Integration completed through   11 May 29   0: 0: 0
2021-08-05 13:24:27,133 - isca - DEBUG - Integration completed through   11 May 30   0: 0: 0
2021-08-05 13:24:28,844 - isca - DEBUG - Integration completed through   11 Jun  1   0: 0: 0
2021-08-05 13:24:30,457 - isca - DEBUG - Integration completed through   11 Jun  2   0: 0: 0
2021-08-05 13:24:32,181 - isca - DEBUG - Integration completed through   11 Jun  3   0: 0: 0
2021-08-05 13:24:33,950 - isca - DEBUG - Integration completed through   11 Jun  4   0: 0: 0
2021-08-05 13:24:35,567 - isca - DEBUG - Integration completed through   11 Jun  5   0: 0: 0
2021-08-05 13:24:37,288 - isca - DEBUG - Integration completed through   11 Jun  6   0: 0: 0
2021-08-05 13:24:39,007 - isca - DEBUG - Integration completed through   11 Jun  7   0: 0: 0
2021-08-05 13:24:40,670 - isca - DEBUG - Integration completed through   11 Jun  8   0: 0: 0
2021-08-05 13:24:42,407 - isca - DEBUG - Integration completed through   11 Jun  9   0: 0: 0
2021-08-05 13:24:44,105 - isca - DEBUG - Integration completed through   11 Jun 10   0: 0: 0
2021-08-05 13:24:45,780 - isca - DEBUG - Integration completed through   11 Jun 11   0: 0: 0
2021-08-05 13:24:47,516 - isca - DEBUG - Integration completed through   11 Jun 12   0: 0: 0
2021-08-05 13:24:49,223 - isca - DEBUG - Integration completed through   11 Jun 13   0: 0: 0
2021-08-05 13:24:50,927 - isca - DEBUG - Integration completed through   11 Jun 14   0: 0: 0
2021-08-05 13:24:52,691 - isca - DEBUG - Integration completed through   11 Jun 15   0: 0: 0
2021-08-05 13:24:54,275 - isca - DEBUG - Integration completed through   11 Jun 16   0: 0: 0
2021-08-05 13:24:56,006 - isca - DEBUG - Integration completed through   11 Jun 17   0: 0: 0
2021-08-05 13:24:57,783 - isca - DEBUG - Integration completed through   11 Jun 18   0: 0: 0
2021-08-05 13:24:59,438 - isca - DEBUG - Integration completed through   11 Jun 19   0: 0: 0
2021-08-05 13:25:01,192 - isca - DEBUG - Integration completed through   11 Jun 20   0: 0: 0
2021-08-05 13:25:02,896 - isca - DEBUG - Integration completed through   11 Jun 21   0: 0: 0
2021-08-05 13:25:04,569 - isca - DEBUG - Integration completed through   11 Jun 22   0: 0: 0
2021-08-05 13:25:06,241 - isca - DEBUG - Integration completed through   11 Jun 23   0: 0: 0
2021-08-05 13:25:07,968 - isca - DEBUG - Integration completed through   11 Jun 24   0: 0: 0
2021-08-05 13:25:09,637 - isca - DEBUG - Integration completed through   11 Jun 25   0: 0: 0
2021-08-05 13:25:11,383 - isca - DEBUG - Integration completed through   11 Jun 26   0: 0: 0
2021-08-05 13:25:13,029 - isca - DEBUG - Integration completed through   11 Jun 27   0: 0: 0
2021-08-05 13:25:14,689 - isca - DEBUG - Integration completed through   11 Jun 28   0: 0: 0
2021-08-05 13:25:16,511 - isca - DEBUG - Integration completed through   11 Jun 29   0: 0: 0
2021-08-05 13:25:18,113 - isca - DEBUG - Integration completed through   11 Jun 30   0: 0: 0
2021-08-05 13:25:19,923 - isca - DEBUG - Integration completed through   11 Jul  1   0: 0: 0
2021-08-05 13:25:21,628 - isca - DEBUG - Integration completed through   11 Jul  2   0: 0: 0
2021-08-05 13:25:23,261 - isca - DEBUG - Integration completed through   11 Jul  3   0: 0: 0
2021-08-05 13:25:25,033 - isca - DEBUG - Integration completed through   11 Jul  4   0: 0: 0
2021-08-05 13:25:26,756 - isca - DEBUG - Integration completed through   11 Jul  5   0: 0: 0
2021-08-05 13:25:28,387 - isca - DEBUG - Integration completed through   11 Jul  6   0: 0: 0
2021-08-05 13:25:30,107 - isca - DEBUG - Integration completed through   11 Jul  7   0: 0: 0
2021-08-05 13:25:31,809 - isca - DEBUG - Integration completed through   11 Jul  8   0: 0: 0
2021-08-05 13:25:33,538 - isca - DEBUG - Integration completed through   11 Jul  9   0: 0: 0
2021-08-05 13:25:35,352 - isca - DEBUG - Integration completed through   11 Jul 10   0: 0: 0
2021-08-05 13:25:36,933 - isca - DEBUG - Integration completed through   11 Jul 11   0: 0: 0
2021-08-05 13:25:38,609 - isca - DEBUG - Integration completed through   11 Jul 12   0: 0: 0
2021-08-05 13:25:40,418 - isca - DEBUG - Integration completed through   11 Jul 13   0: 0: 0
2021-08-05 13:25:42,106 - isca - DEBUG - Integration completed through   11 Jul 14   0: 0: 0
2021-08-05 13:25:43,853 - isca - DEBUG - Integration completed through   11 Jul 15   0: 0: 0
2021-08-05 13:25:45,584 - isca - DEBUG - Integration completed through   11 Jul 16   0: 0: 0
2021-08-05 13:25:47,281 - isca - DEBUG - Integration completed through   11 Jul 17   0: 0: 0
2021-08-05 13:25:48,999 - isca - DEBUG - Integration completed through   11 Jul 18   0: 0: 0
2021-08-05 13:25:50,990 - isca - DEBUG - Integration completed through   11 Jul 19   0: 0: 0
2021-08-05 13:25:52,969 - isca - DEBUG - Integration completed through   11 Jul 20   0: 0: 0
2021-08-05 13:25:54,800 - isca - DEBUG - Integration completed through   11 Jul 21   0: 0: 0
2021-08-05 13:25:56,400 - isca - DEBUG - Integration completed through   11 Jul 22   0: 0: 0
2021-08-05 13:25:58,061 - isca - DEBUG - Integration completed through   11 Jul 23   0: 0: 0
2021-08-05 13:25:59,918 - isca - DEBUG - Integration completed through   11 Jul 24   0: 0: 0
2021-08-05 13:26:01,520 - isca - DEBUG - Integration completed through   11 Jul 25   0: 0: 0
2021-08-05 13:26:03,261 - isca - DEBUG - Integration completed through   11 Jul 26   0: 0: 0
2021-08-05 13:26:04,985 - isca - DEBUG - Integration completed through   11 Jul 27   0: 0: 0
2021-08-05 13:26:06,639 - isca - DEBUG - Integration completed through   11 Jul 28   0: 0: 0
2021-08-05 13:26:08,377 - isca - DEBUG - Integration completed through   11 Jul 29   0: 0: 0
2021-08-05 13:26:10,088 - isca - DEBUG - Integration completed through   11 Jul 30   0: 0: 0
2021-08-05 13:26:11,769 - isca - DEBUG - Integration completed through   11 Aug  1   0: 0: 0
2021-08-05 13:26:13,471 - isca - DEBUG - Integration completed through   11 Aug  2   0: 0: 0
2021-08-05 13:26:15,183 - isca - DEBUG - Integration completed through   11 Aug  3   0: 0: 0
2021-08-05 13:26:16,930 - isca - DEBUG - Integration completed through   11 Aug  4   0: 0: 0
2021-08-05 13:26:18,776 - isca - DEBUG - Integration completed through   11 Aug  5   0: 0: 0
2021-08-05 13:26:20,370 - isca - DEBUG - Integration completed through   11 Aug  6   0: 0: 0
2021-08-05 13:26:22,114 - isca - DEBUG - Integration completed through   11 Aug  7   0: 0: 0
2021-08-05 13:26:23,890 - isca - DEBUG - Integration completed through   11 Aug  8   0: 0: 0
2021-08-05 13:26:25,563 - isca - DEBUG - Integration completed through   11 Aug  9   0: 0: 0
2021-08-05 13:26:27,271 - isca - DEBUG - Integration completed through   11 Aug 10   0: 0: 0
2021-08-05 13:26:28,976 - isca - DEBUG - Integration completed through   11 Aug 11   0: 0: 0
2021-08-05 13:26:30,663 - isca - DEBUG - Integration completed through   11 Aug 12   0: 0: 0
2021-08-05 13:26:32,369 - isca - DEBUG - Integration completed through   11 Aug 13   0: 0: 0
2021-08-05 13:26:34,079 - isca - DEBUG - Integration completed through   11 Aug 14   0: 0: 0
2021-08-05 13:26:35,783 - isca - DEBUG - Integration completed through   11 Aug 15   0: 0: 0
2021-08-05 13:26:37,550 - isca - DEBUG - Integration completed through   11 Aug 16   0: 0: 0
2021-08-05 13:26:39,165 - isca - DEBUG - Integration completed through   11 Aug 17   0: 0: 0
2021-08-05 13:26:40,894 - isca - DEBUG - Integration completed through   11 Aug 18   0: 0: 0
2021-08-05 13:26:42,643 - isca - DEBUG - Integration completed through   11 Aug 19   0: 0: 0
2021-08-05 13:26:44,242 - isca - DEBUG - Integration completed through   11 Aug 20   0: 0: 0
2021-08-05 13:26:45,992 - isca - DEBUG - Integration completed through   11 Aug 21   0: 0: 0
2021-08-05 13:26:47,723 - isca - DEBUG - Integration completed through   11 Aug 22   0: 0: 0
2021-08-05 13:26:49,385 - isca - DEBUG - Integration completed through   11 Aug 23   0: 0: 0
2021-08-05 13:26:51,142 - isca - DEBUG - Integration completed through   11 Aug 24   0: 0: 0
2021-08-05 13:26:52,844 - isca - DEBUG - Integration completed through   11 Aug 25   0: 0: 0
2021-08-05 13:26:54,525 - isca - DEBUG - Integration completed through   11 Aug 26   0: 0: 0
2021-08-05 13:26:56,278 - isca - DEBUG - Integration completed through   11 Aug 27   0: 0: 0
2021-08-05 13:26:58,026 - isca - DEBUG - Integration completed through   11 Aug 28   0: 0: 0
2021-08-05 13:26:59,766 - isca - DEBUG - Integration completed through   11 Aug 29   0: 0: 0
2021-08-05 13:27:01,555 - isca - DEBUG - Integration completed through   11 Aug 30   0: 0: 0
2021-08-05 13:27:03,153 - isca - DEBUG - Integration completed through   11 Sep  1   0: 0: 0
2021-08-05 13:27:04,912 - isca - DEBUG - Integration completed through   11 Sep  2   0: 0: 0
2021-08-05 13:27:06,672 - isca - DEBUG - Integration completed through   11 Sep  3   0: 0: 0
2021-08-05 13:27:08,368 - isca - DEBUG - Integration completed through   11 Sep  4   0: 0: 0
2021-08-05 13:27:10,213 - isca - DEBUG - Integration completed through   11 Sep  5   0: 0: 0
2021-08-05 13:27:11,940 - isca - DEBUG - Integration completed through   11 Sep  6   0: 0: 0
2021-08-05 13:27:13,600 - isca - DEBUG - Integration completed through   11 Sep  7   0: 0: 0
2021-08-05 13:27:15,285 - isca - DEBUG - Integration completed through   11 Sep  8   0: 0: 0
2021-08-05 13:27:16,965 - isca - DEBUG - Integration completed through   11 Sep  9   0: 0: 0
2021-08-05 13:27:18,593 - isca - DEBUG - Integration completed through   11 Sep 10   0: 0: 0
2021-08-05 13:27:20,345 - isca - DEBUG - Integration completed through   11 Sep 11   0: 0: 0
2021-08-05 13:27:21,969 - isca - DEBUG - Integration completed through   11 Sep 12   0: 0: 0
2021-08-05 13:27:23,666 - isca - DEBUG - Integration completed through   11 Sep 13   0: 0: 0
2021-08-05 13:27:25,438 - isca - DEBUG - Integration completed through   11 Sep 14   0: 0: 0
2021-08-05 13:27:27,049 - isca - DEBUG - Integration completed through   11 Sep 15   0: 0: 0
2021-08-05 13:27:28,812 - isca - DEBUG - Integration completed through   11 Sep 16   0: 0: 0
2021-08-05 13:27:30,542 - isca - DEBUG - Integration completed through   11 Sep 17   0: 0: 0
2021-08-05 13:27:32,186 - isca - DEBUG - Integration completed through   11 Sep 18   0: 0: 0
2021-08-05 13:27:33,910 - isca - DEBUG - Integration completed through   11 Sep 19   0: 0: 0
2021-08-05 13:27:35,620 - isca - DEBUG - Integration completed through   11 Sep 20   0: 0: 0
2021-08-05 13:27:37,285 - isca - DEBUG - Integration completed through   11 Sep 21   0: 0: 0
2021-08-05 13:27:38,983 - isca - DEBUG - Integration completed through   11 Sep 22   0: 0: 0
2021-08-05 13:27:40,659 - isca - DEBUG - Integration completed through   11 Sep 23   0: 0: 0
2021-08-05 13:27:42,348 - isca - DEBUG - Integration completed through   11 Sep 24   0: 0: 0
2021-08-05 13:27:44,080 - isca - DEBUG - Integration completed through   11 Sep 25   0: 0: 0
2021-08-05 13:27:45,674 - isca - DEBUG - Integration completed through   11 Sep 26   0: 0: 0
2021-08-05 13:27:47,360 - isca - DEBUG - Integration completed through   11 Sep 27   0: 0: 0
2021-08-05 13:27:49,102 - isca - DEBUG - Integration completed through   11 Sep 28   0: 0: 0
2021-08-05 13:27:50,744 - isca - DEBUG - Integration completed through   11 Sep 29   0: 0: 0
2021-08-05 13:27:52,493 - isca - DEBUG - Integration completed through   11 Sep 30   0: 0: 0
2021-08-05 13:27:54,191 - isca - DEBUG - Integration completed through   11 Oct  1   0: 0: 0
2021-08-05 13:27:55,883 - isca - DEBUG - Integration completed through   11 Oct  2   0: 0: 0
2021-08-05 13:27:57,613 - isca - DEBUG - Integration completed through   11 Oct  3   0: 0: 0
2021-08-05 13:27:59,363 - isca - DEBUG - Integration completed through   11 Oct  4   0: 0: 0
2021-08-05 13:28:01,034 - isca - DEBUG - Integration completed through   11 Oct  5   0: 0: 0
2021-08-05 13:28:02,760 - isca - DEBUG - Integration completed through   11 Oct  6   0: 0: 0
2021-08-05 13:28:04,405 - isca - DEBUG - Integration completed through   11 Oct  7   0: 0: 0
2021-08-05 13:28:06,163 - isca - DEBUG - Integration completed through   11 Oct  8   0: 0: 0
2021-08-05 13:28:08,002 - isca - DEBUG - Integration completed through   11 Oct  9   0: 0: 0
2021-08-05 13:28:09,603 - isca - DEBUG - Integration completed through   11 Oct 10   0: 0: 0
2021-08-05 13:28:11,341 - isca - DEBUG - Integration completed through   11 Oct 11   0: 0: 0
2021-08-05 13:28:13,042 - isca - DEBUG - Integration completed through   11 Oct 12   0: 0: 0
2021-08-05 13:28:14,722 - isca - DEBUG - Integration completed through   11 Oct 13   0: 0: 0
2021-08-05 13:28:16,484 - isca - DEBUG - Integration completed through   11 Oct 14   0: 0: 0
2021-08-05 13:28:18,213 - isca - DEBUG - Integration completed through   11 Oct 15   0: 0: 0
2021-08-05 13:28:19,893 - isca - DEBUG - Integration completed through   11 Oct 16   0: 0: 0
2021-08-05 13:28:21,567 - isca - DEBUG - Integration completed through   11 Oct 17   0: 0: 0
2021-08-05 13:28:23,205 - isca - DEBUG - Integration completed through   11 Oct 18   0: 0: 0
2021-08-05 13:28:24,893 - isca - DEBUG - Integration completed through   11 Oct 19   0: 0: 0
2021-08-05 13:28:26,724 - isca - DEBUG - Integration completed through   11 Oct 20   0: 0: 0
2021-08-05 13:28:28,345 - isca - DEBUG - Integration completed through   11 Oct 21   0: 0: 0
2021-08-05 13:28:30,102 - isca - DEBUG - Integration completed through   11 Oct 22   0: 0: 0
2021-08-05 13:28:31,897 - isca - DEBUG - Integration completed through   11 Oct 23   0: 0: 0
2021-08-05 13:28:33,562 - isca - DEBUG - Integration completed through   11 Oct 24   0: 0: 0
2021-08-05 13:28:35,316 - isca - DEBUG - Integration completed through   11 Oct 25   0: 0: 0
2021-08-05 13:28:37,351 - isca - DEBUG - Integration completed through   11 Oct 26   0: 0: 0
2021-08-05 13:28:39,380 - isca - DEBUG - Integration completed through   11 Oct 27   0: 0: 0
2021-08-05 13:28:41,463 - isca - DEBUG - Integration completed through   11 Oct 28   0: 0: 0
2021-08-05 13:28:43,184 - isca - DEBUG - Integration completed through   11 Oct 29   0: 0: 0
2021-08-05 13:28:44,913 - isca - DEBUG - Integration completed through   11 Oct 30   0: 0: 0
2021-08-05 13:28:46,713 - isca - DEBUG - Integration completed through   11 Nov  1   0: 0: 0
2021-08-05 13:28:48,343 - isca - DEBUG - Integration completed through   11 Nov  2   0: 0: 0
2021-08-05 13:28:50,078 - isca - DEBUG - Integration completed through   11 Nov  3   0: 0: 0
2021-08-05 13:28:51,939 - isca - DEBUG - Integration completed through   11 Nov  4   0: 0: 0
2021-08-05 13:28:53,574 - isca - DEBUG - Integration completed through   11 Nov  5   0: 0: 0
2021-08-05 13:28:55,330 - isca - DEBUG - Integration completed through   11 Nov  6   0: 0: 0
2021-08-05 13:28:57,052 - isca - DEBUG - Integration completed through   11 Nov  7   0: 0: 0
2021-08-05 13:28:58,752 - isca - DEBUG - Integration completed through   11 Nov  8   0: 0: 0
2021-08-05 13:29:00,489 - isca - DEBUG - Integration completed through   11 Nov  9   0: 0: 0
2021-08-05 13:29:02,259 - isca - DEBUG - Integration completed through   11 Nov 10   0: 0: 0
2021-08-05 13:29:03,926 - isca - DEBUG - Integration completed through   11 Nov 11   0: 0: 0
2021-08-05 13:29:05,658 - isca - DEBUG - Integration completed through   11 Nov 12   0: 0: 0
2021-08-05 13:29:07,313 - isca - DEBUG - Integration completed through   11 Nov 13   0: 0: 0
2021-08-05 13:29:09,021 - isca - DEBUG - Integration completed through   11 Nov 14   0: 0: 0
2021-08-05 13:29:10,760 - isca - DEBUG - Integration completed through   11 Nov 15   0: 0: 0
2021-08-05 13:29:12,369 - isca - DEBUG - Integration completed through   11 Nov 16   0: 0: 0
2021-08-05 13:29:14,066 - isca - DEBUG - Integration completed through   11 Nov 17   0: 0: 0
2021-08-05 13:29:15,829 - isca - DEBUG - Integration completed through   11 Nov 18   0: 0: 0
2021-08-05 13:29:17,501 - isca - DEBUG - Integration completed through   11 Nov 19   0: 0: 0
2021-08-05 13:29:19,207 - isca - DEBUG - Integration completed through   11 Nov 20   0: 0: 0
2021-08-05 13:29:20,861 - isca - DEBUG - Integration completed through   11 Nov 21   0: 0: 0
2021-08-05 13:29:22,557 - isca - DEBUG - Integration completed through   11 Nov 22   0: 0: 0
2021-08-05 13:29:24,305 - isca - DEBUG - Integration completed through   11 Nov 23   0: 0: 0
2021-08-05 13:29:26,050 - isca - DEBUG - Integration completed through   11 Nov 24   0: 0: 0
2021-08-05 13:29:27,750 - isca - DEBUG - Integration completed through   11 Nov 25   0: 0: 0
2021-08-05 13:29:29,528 - isca - DEBUG - Integration completed through   11 Nov 26   0: 0: 0
2021-08-05 13:29:31,124 - isca - DEBUG - Integration completed through   11 Nov 27   0: 0: 0
2021-08-05 13:29:32,861 - isca - DEBUG - Integration completed through   11 Nov 28   0: 0: 0
2021-08-05 13:29:34,693 - isca - DEBUG - Integration completed through   11 Nov 29   0: 0: 0
2021-08-05 13:29:36,289 - isca - DEBUG - Integration completed through   11 Nov 30   0: 0: 0
2021-08-05 13:29:37,972 - isca - DEBUG - Integration completed through   11 Dec  1   0: 0: 0
2021-08-05 13:29:39,666 - isca - DEBUG - Integration completed through   11 Dec  2   0: 0: 0
2021-08-05 13:29:41,320 - isca - DEBUG - Integration completed through   11 Dec  3   0: 0: 0
2021-08-05 13:29:43,070 - isca - DEBUG - Integration completed through   11 Dec  4   0: 0: 0
2021-08-05 13:29:44,788 - isca - DEBUG - Integration completed through   11 Dec  5   0: 0: 0
2021-08-05 13:29:46,422 - isca - DEBUG - Integration completed through   11 Dec  6   0: 0: 0
2021-08-05 13:29:48,113 - isca - DEBUG - Integration completed through   11 Dec  7   0: 0: 0
2021-08-05 13:29:49,769 - isca - DEBUG - Integration completed through   11 Dec  8   0: 0: 0
2021-08-05 13:29:51,544 - isca - DEBUG - Integration completed through   11 Dec  9   0: 0: 0
2021-08-05 13:29:53,322 - isca - DEBUG - Integration completed through   11 Dec 10   0: 0: 0
2021-08-05 13:29:54,940 - isca - DEBUG - Integration completed through   11 Dec 11   0: 0: 0
2021-08-05 13:29:56,654 - isca - DEBUG - Integration completed through   11 Dec 12   0: 0: 0
2021-08-05 13:29:58,415 - isca - DEBUG - Integration completed through   11 Dec 13   0: 0: 0
2021-08-05 13:30:00,088 - isca - DEBUG - Integration completed through   11 Dec 14   0: 0: 0
2021-08-05 13:30:01,876 - isca - DEBUG - Integration completed through   11 Dec 15   0: 0: 0
2021-08-05 13:30:03,605 - isca - DEBUG - Integration completed through   11 Dec 16   0: 0: 0
2021-08-05 13:30:05,311 - isca - DEBUG - Integration completed through   11 Dec 17   0: 0: 0
2021-08-05 13:30:07,038 - isca - DEBUG - Integration completed through   11 Dec 18   0: 0: 0
2021-08-05 13:30:08,786 - isca - DEBUG - Integration completed through   11 Dec 19   0: 0: 0
2021-08-05 13:30:10,472 - isca - DEBUG - Integration completed through   11 Dec 20   0: 0: 0
2021-08-05 13:30:12,189 - isca - DEBUG - Integration completed through   11 Dec 21   0: 0: 0
2021-08-05 13:30:13,787 - isca - DEBUG - Integration completed through   11 Dec 22   0: 0: 0
2021-08-05 13:30:15,498 - isca - DEBUG - Integration completed through   11 Dec 23   0: 0: 0
2021-08-05 13:30:17,286 - isca - DEBUG - Integration completed through   11 Dec 24   0: 0: 0
2021-08-05 13:30:18,888 - isca - DEBUG - Integration completed through   11 Dec 25   0: 0: 0
2021-08-05 13:30:20,637 - isca - DEBUG - Integration completed through   11 Dec 26   0: 0: 0
2021-08-05 13:30:22,384 - isca - DEBUG - Integration completed through   11 Dec 27   0: 0: 0
2021-08-05 13:30:24,054 - isca - DEBUG - Integration completed through   11 Dec 28   0: 0: 0
2021-08-05 13:30:25,835 - isca - DEBUG - Integration completed through   11 Dec 29   0: 0: 0
2021-08-05 13:30:27,573 - isca - DEBUG - Integration completed through   11 Dec 30   0: 0: 0
2021-08-05 13:30:29,263 - isca - DEBUG - Integration completed through   12 Jan  1   0: 0: 0
2021-08-05 13:30:29,492 - isca - DEBUG - NOTE from PE    0: MPP_IO_SET_STACK_SIZE: stack size set to     245760.
2021-08-05 13:30:30,212 - isca - DEBUG - MPP_DOMAINS_STACK high water mark=       30720
2021-08-05 13:30:30,212 - isca - DEBUG - 
2021-08-05 13:30:30,212 - isca - DEBUG - Tabulating mpp_clock statistics across     32 PEs...
2021-08-05 13:30:30,212 - isca - DEBUG - 
2021-08-05 13:30:30,212 - isca - DEBUG - tmin          tmax          tavg          tstd  tfrac grain pemin pemax
2021-08-05 13:30:30,213 - isca - DEBUG - Total runtime                       621.850397    621.850400    621.850398      0.000001  1.000     0     0    31
2021-08-05 13:30:30,213 - isca - DEBUG - MPP_STACK high water mark=           0
2021-08-05 13:30:30,302 - isca - INFO - Run 1 complete
2021-08-05 13:33:05,253 - isca - DEBUG - atmos_monthly.nc combined and copied to data directory
2021-08-05 13:33:07,777 - isca - INFO - Restart archive created at /network/group/aopp/planetary/PLR018_LEWIS_VENUS2/isca_data/GREY_T42L30fr_Drnl_om_1_40_a_1_1_ps_1_1_12hrly/restarts/res0001.tar.gz
2021-08-05 13:33:07,987 - isca - INFO - Writing namelist to '/network/group/aopp/planetary/PLR018_LEWIS_VENUS2/isca_data/GREY_T42L30fr_Drnl_om_1_40_a_1_1_ps_1_1_12hrly/run0001/input.nml'
2021-08-05 13:33:08,028 - isca - INFO - Writing field_table to '/network/group/aopp/planetary/PLR018_LEWIS_VENUS2/isca_data/GREY_T42L30fr_Drnl_om_1_40_a_1_1_ps_1_1_12hrly/run0001/field_table'
2021-08-05 13:33:08,133 - isca - INFO - Writing diag_table to '/network/group/aopp/planetary/PLR018_LEWIS_VENUS2/isca_data/GREY_T42L30fr_Drnl_om_1_40_a_1_1_ps_1_1_12hrly/run0001/diag_table'
2021-08-05 13:33:09,722 - isca - INFO - Emptied run directory '/network/group/aopp/planetary/PLR018_LEWIS_VENUS2/isca_work/experiment/GREY_T42L30fr_Drnl_om_1_40_a_1_1_ps_1_1_12hrly/run'
