/home/lewis/.bashrc: line 75: goisca: command not found
2021-08-05 16:02:44,942 - isca - WARNING - Environment variable GFDL_SOC not set, but this is only required if using SocratesCodebase. Setting to None
2021-08-05 16:02:45,265 - isca - INFO - RRTM compilation disabled.
2021-08-05 16:02:45,265 - isca - INFO - SOCRATES compilation disabled.
2021-08-05 16:02:45,280 - isca - INFO - Writing path_names to '/network/group/aopp/planetary/PLR018_LEWIS_VENUS2/isca_work/codebase/_home_lewis_research_isca_dir_Isca/build/grey_isca/path_names'
2021-08-05 16:02:45,295 - isca - INFO - Running compiler
2021-08-05 16:02:45,332 - isca - INFO - loadmodules for oxford machines
2021-08-05 16:02:45,724 - isca - INFO - [?1h=Currently Loaded Modulefiles:[m
2021-08-05 16:02:45,746 - isca - INFO - 1) physicspaths/2.0         6) otheros/generic-arc          [m
2021-08-05 16:02:45,746 - isca - INFO - 2) otheros/generic-oxphys   7) intel-compilers/2018upd4     [m
2021-08-05 16:02:45,746 - isca - INFO - 3) otheros/ubuntu_bionic    8) intel-mpi/2015               [m
2021-08-05 16:02:45,746 - isca - INFO - 4) otheros/ubuntu_trusty    9) netcdf/netcdf-c-4.7.3        [m
2021-08-05 16:02:45,746 - isca - INFO - 5) arcpaths/1.0            10) netcdf/netcdf-fortran-4.5.2  [m
2021-08-05 16:02:45,762 - isca - INFO - [K[?1l>/network/group/aopp/planetary/PLR018_LEWIS_VENUS2/isca_work/codebase/_home_lewis_research_isca_dir_Isca/build/grey_isca/path_names
2021-08-05 16:02:54,238 - isca - INFO - .............................................................................................................................. Makefile is ready.
2021-08-05 16:02:54,648 - isca - INFO - make: Nothing to be done for 'all'.
2021-08-05 16:02:55,057 - isca - INFO - make: 'grey_isca.x' is up to date.
2021-08-05 16:02:55,058 - isca - INFO - Compilation complete.
2021-08-05 16:02:55,557 - isca - INFO - Emptied run directory '/network/group/aopp/planetary/PLR018_LEWIS_VENUS2/isca_work/experiment/GREY_T85L30fr_TL_om_1_4_a_1_1_ps_1_1/run'
2021-08-05 16:02:55,672 - isca - INFO - Emptied run directory '/network/group/aopp/planetary/PLR018_LEWIS_VENUS2/isca_work/experiment/GREY_T85L30fr_TL_om_1_4_a_1_1_ps_1_1/run'
2021-08-05 16:02:56,636 - isca - INFO - Writing namelist to '/network/group/aopp/planetary/PLR018_LEWIS_VENUS2/isca_work/experiment/GREY_T85L30fr_TL_om_1_4_a_1_1_ps_1_1/run/input.nml'
2021-08-05 16:02:56,668 - isca - INFO - Writing field_table to '/network/group/aopp/planetary/PLR018_LEWIS_VENUS2/isca_work/experiment/GREY_T85L30fr_TL_om_1_4_a_1_1_ps_1_1/run/field_table'
2021-08-05 16:02:56,800 - isca - INFO - Writing diag_table to '/network/group/aopp/planetary/PLR018_LEWIS_VENUS2/isca_work/experiment/GREY_T85L30fr_TL_om_1_4_a_1_1_ps_1_1/run/diag_table'
2021-08-05 16:02:56,881 - isca - INFO - Running without restart file
2021-08-05 16:02:56,953 - isca - INFO - Beginning run 1
2021-08-05 16:02:56,962 - isca - INFO - process running as 64597
2021-08-05 16:02:56,997 - isca - DEBUG - loadmodules for oxford machines
2021-08-05 16:02:57,393 - isca - DEBUG - [?1h=Currently Loaded Modulefiles:[m
2021-08-05 16:02:57,413 - isca - DEBUG - 1) physicspaths/2.0         6) otheros/generic-arc          [m
2021-08-05 16:02:57,413 - isca - DEBUG - 2) otheros/generic-oxphys   7) intel-compilers/2018upd4     [m
2021-08-05 16:02:57,413 - isca - DEBUG - 3) otheros/ubuntu_bionic    8) intel-mpi/2015               [m
2021-08-05 16:02:57,413 - isca - DEBUG - 4) otheros/ubuntu_trusty    9) netcdf/netcdf-c-4.7.3        [m
2021-08-05 16:02:57,413 - isca - DEBUG - 5) arcpaths/1.0            10) netcdf/netcdf-fortran-4.5.2  [m
2021-08-05 16:03:00,007 - isca - DEBUG - [K[?1l>NOTE from PE    0: MPP_DOMAINS_SET_STACK_SIZE: stack size set to    32768.
2021-08-05 16:03:00,007 - isca - DEBUG - &MPP_IO_NML
2021-08-05 16:03:00,007 - isca - DEBUG - HEADER_BUFFER_VAL       =       16384,
2021-08-05 16:03:00,007 - isca - DEBUG - GLOBAL_FIELD_ON_ROOT_PE = T,
2021-08-05 16:03:00,007 - isca - DEBUG - IO_CLOCKS_ON    = F,
2021-08-05 16:03:00,007 - isca - DEBUG - SHUFFLE =           0,
2021-08-05 16:03:00,007 - isca - DEBUG - DEFLATE_LEVEL   =          -1
2021-08-05 16:03:00,008 - isca - DEBUG - /
2021-08-05 16:03:00,009 - isca - DEBUG - NOTE from PE    0: MPP_IO_SET_STACK_SIZE: stack size set to     131072.
2021-08-05 16:03:00,012 - isca - DEBUG - NOTE from PE    0: MPP_DOMAINS_SET_STACK_SIZE: stack size set to   600000.
2021-08-05 16:03:00,179 - isca - DEBUG - starting            1  OpenMP threads per MPI-task
2021-08-05 16:03:00,189 - isca - DEBUG - ATMOS MODEL DOMAIN DECOMPOSITION
2021-08-05 16:03:00,190 - isca - DEBUG - X-AXIS =  256
2021-08-05 16:03:00,190 - isca - DEBUG - Y-AXIS =    2   2   2   2   2   2   2   2   2   2   2   2   2   2   2   2   2   2   2   2   2   2   2   2
2021-08-05 16:03:00,190 - isca - DEBUG - 2   2   2   2   2   2   2   2   2   2   2   2   2   2   2   2   2   2   2   2   2   2   2   2
2021-08-05 16:03:00,190 - isca - DEBUG - 2   2   2   2   2   2   2   2   2   2   2   2   2   2   2   2
2021-08-05 16:03:00,764 - isca - DEBUG - mean surface pressure=1000.0000 mb
2021-08-05 16:03:00,839 - isca - DEBUG - NOTE from PE    0: idealized_moist_phys: Using AM3 dry adjustment convection scheme.
2021-08-05 16:03:14,651 - isca - DEBUG - Integration completed through    1 Jan  2   0: 0: 0
2021-08-05 16:03:29,537 - isca - DEBUG - Integration completed through    1 Jan  3   0: 0: 0
2021-08-05 16:03:42,818 - isca - DEBUG - Integration completed through    1 Jan  4   0: 0: 0
2021-08-05 16:03:56,000 - isca - DEBUG - Integration completed through    1 Jan  5   0: 0: 0
2021-08-05 16:04:17,328 - isca - DEBUG - Integration completed through    1 Jan  6   0: 0: 0
2021-08-05 16:04:30,534 - isca - DEBUG - Integration completed through    1 Jan  7   0: 0: 0
2021-08-05 16:04:43,664 - isca - DEBUG - Integration completed through    1 Jan  8   0: 0: 0
2021-08-05 16:04:56,824 - isca - DEBUG - Integration completed through    1 Jan  9   0: 0: 0
2021-08-05 16:05:10,143 - isca - DEBUG - Integration completed through    1 Jan 10   0: 0: 0
2021-08-05 16:05:23,319 - isca - DEBUG - Integration completed through    1 Jan 11   0: 0: 0
2021-08-05 16:05:36,843 - isca - DEBUG - Integration completed through    1 Jan 12   0: 0: 0
2021-08-05 16:05:50,479 - isca - DEBUG - Integration completed through    1 Jan 13   0: 0: 0
2021-08-05 16:06:04,091 - isca - DEBUG - Integration completed through    1 Jan 14   0: 0: 0
2021-08-05 16:06:17,714 - isca - DEBUG - Integration completed through    1 Jan 15   0: 0: 0
2021-08-05 16:06:31,309 - isca - DEBUG - Integration completed through    1 Jan 16   0: 0: 0
2021-08-05 16:06:44,666 - isca - DEBUG - Integration completed through    1 Jan 17   0: 0: 0
2021-08-05 16:06:57,793 - isca - DEBUG - Integration completed through    1 Jan 18   0: 0: 0
2021-08-05 16:07:10,963 - isca - DEBUG - Integration completed through    1 Jan 19   0: 0: 0
2021-08-05 16:07:24,197 - isca - DEBUG - Integration completed through    1 Jan 20   0: 0: 0
2021-08-05 16:07:37,386 - isca - DEBUG - Integration completed through    1 Jan 21   0: 0: 0
2021-08-05 16:07:50,574 - isca - DEBUG - Integration completed through    1 Jan 22   0: 0: 0
2021-08-05 16:08:03,769 - isca - DEBUG - Integration completed through    1 Jan 23   0: 0: 0
2021-08-05 16:08:16,998 - isca - DEBUG - Integration completed through    1 Jan 24   0: 0: 0
2021-08-05 16:08:30,163 - isca - DEBUG - Integration completed through    1 Jan 25   0: 0: 0
2021-08-05 16:08:43,374 - isca - DEBUG - Integration completed through    1 Jan 26   0: 0: 0
2021-08-05 16:08:56,568 - isca - DEBUG - Integration completed through    1 Jan 27   0: 0: 0
2021-08-05 16:09:09,795 - isca - DEBUG - Integration completed through    1 Jan 28   0: 0: 0
2021-08-05 16:09:23,034 - isca - DEBUG - Integration completed through    1 Jan 29   0: 0: 0
2021-08-05 16:09:36,287 - isca - DEBUG - Integration completed through    1 Jan 30   0: 0: 0
2021-08-05 16:09:49,491 - isca - DEBUG - Integration completed through    1 Feb  1   0: 0: 0
2021-08-05 16:09:49,806 - isca - DEBUG - NOTE from PE    0: MPP_IO_SET_STACK_SIZE: stack size set to     983040.
2021-08-05 16:09:52,353 - isca - DEBUG - MPP_DOMAINS_STACK high water mark=       61440
2021-08-05 16:09:52,353 - isca - DEBUG - 
2021-08-05 16:09:52,353 - isca - DEBUG - Tabulating mpp_clock statistics across     64 PEs...
2021-08-05 16:09:52,353 - isca - DEBUG - 
2021-08-05 16:09:52,354 - isca - DEBUG - tmin          tmax          tavg          tstd  tfrac grain pemin pemax
2021-08-05 16:09:52,354 - isca - DEBUG - Total runtime                       412.349768    412.349967    412.349863      0.000090  1.000     0     0    63
2021-08-05 16:09:52,354 - isca - DEBUG - MPP_STACK high water mark=           0
2021-08-05 16:09:52,673 - isca - INFO - Run 1 complete
2021-08-05 16:10:19,331 - isca - DEBUG - atmos_monthly.nc combined and copied to data directory
2021-08-05 16:10:31,655 - isca - INFO - Restart archive created at /network/group/aopp/planetary/PLR018_LEWIS_VENUS2/isca_data/GREY_T85L30fr_TL_om_1_4_a_1_1_ps_1_1/restarts/res0001.tar.gz
2021-08-05 16:10:31,848 - isca - INFO - Writing namelist to '/network/group/aopp/planetary/PLR018_LEWIS_VENUS2/isca_data/GREY_T85L30fr_TL_om_1_4_a_1_1_ps_1_1/run0001/input.nml'
2021-08-05 16:10:31,882 - isca - INFO - Writing field_table to '/network/group/aopp/planetary/PLR018_LEWIS_VENUS2/isca_data/GREY_T85L30fr_TL_om_1_4_a_1_1_ps_1_1/run0001/field_table'
2021-08-05 16:10:31,952 - isca - INFO - Writing diag_table to '/network/group/aopp/planetary/PLR018_LEWIS_VENUS2/isca_data/GREY_T85L30fr_TL_om_1_4_a_1_1_ps_1_1/run0001/diag_table'
2021-08-05 16:10:33,137 - isca - INFO - Emptied run directory '/network/group/aopp/planetary/PLR018_LEWIS_VENUS2/isca_work/experiment/GREY_T85L30fr_TL_om_1_4_a_1_1_ps_1_1/run'
2021-08-05 16:10:33,260 - isca - INFO - Emptied run directory '/network/group/aopp/planetary/PLR018_LEWIS_VENUS2/isca_work/experiment/GREY_T85L30fr_TL_om_1_4_a_1_1_ps_1_1/run'
2021-08-05 16:10:33,981 - isca - INFO - Writing namelist to '/network/group/aopp/planetary/PLR018_LEWIS_VENUS2/isca_work/experiment/GREY_T85L30fr_TL_om_1_4_a_1_1_ps_1_1/run/input.nml'
2021-08-05 16:10:34,025 - isca - INFO - Writing field_table to '/network/group/aopp/planetary/PLR018_LEWIS_VENUS2/isca_work/experiment/GREY_T85L30fr_TL_om_1_4_a_1_1_ps_1_1/run/field_table'
2021-08-05 16:10:34,088 - isca - INFO - Writing diag_table to '/network/group/aopp/planetary/PLR018_LEWIS_VENUS2/isca_work/experiment/GREY_T85L30fr_TL_om_1_4_a_1_1_ps_1_1/run/diag_table'
2021-08-05 16:10:34,151 - isca - INFO - Using restart file '/network/group/aopp/planetary/PLR018_LEWIS_VENUS2/isca_data/GREY_T85L30fr_TL_om_1_4_a_1_1_ps_1_1/restarts/res0001.tar.gz'
2021-08-05 16:10:36,756 - isca - INFO - Restart /network/group/aopp/planetary/PLR018_LEWIS_VENUS2/isca_data/GREY_T85L30fr_TL_om_1_4_a_1_1_ps_1_1/restarts/res0001.tar.gz extracted to /network/group/aopp/planetary/PLR018_LEWIS_VENUS2/isca_work/experiment/GREY_T85L30fr_TL_om_1_4_a_1_1_ps_1_1/run/INPUT
2021-08-05 16:10:36,782 - isca - INFO - Beginning run 2
2021-08-05 16:10:36,794 - isca - INFO - process running as 64979
2021-08-05 16:10:36,824 - isca - DEBUG - loadmodules for oxford machines
2021-08-05 16:10:37,210 - isca - DEBUG - [?1h=Currently Loaded Modulefiles:[m
2021-08-05 16:10:37,228 - isca - DEBUG - 1) physicspaths/2.0         6) otheros/generic-arc          [m
2021-08-05 16:10:37,228 - isca - DEBUG - 2) otheros/generic-oxphys   7) intel-compilers/2018upd4     [m
2021-08-05 16:10:37,228 - isca - DEBUG - 3) otheros/ubuntu_bionic    8) intel-mpi/2015               [m
2021-08-05 16:10:37,228 - isca - DEBUG - 4) otheros/ubuntu_trusty    9) netcdf/netcdf-c-4.7.3        [m
2021-08-05 16:10:37,228 - isca - DEBUG - 5) arcpaths/1.0            10) netcdf/netcdf-fortran-4.5.2  [m
2021-08-05 16:10:39,764 - isca - DEBUG - [K[?1l>NOTE from PE    0: MPP_DOMAINS_SET_STACK_SIZE: stack size set to    32768.
2021-08-05 16:10:39,764 - isca - DEBUG - &MPP_IO_NML
2021-08-05 16:10:39,764 - isca - DEBUG - HEADER_BUFFER_VAL       =       16384,
2021-08-05 16:10:39,764 - isca - DEBUG - GLOBAL_FIELD_ON_ROOT_PE = T,
2021-08-05 16:10:39,764 - isca - DEBUG - IO_CLOCKS_ON    = F,
2021-08-05 16:10:39,765 - isca - DEBUG - SHUFFLE =           0,
2021-08-05 16:10:39,765 - isca - DEBUG - DEFLATE_LEVEL   =          -1
2021-08-05 16:10:39,765 - isca - DEBUG - /
2021-08-05 16:10:39,766 - isca - DEBUG - NOTE from PE    0: MPP_IO_SET_STACK_SIZE: stack size set to     131072.
2021-08-05 16:10:39,769 - isca - DEBUG - NOTE from PE    0: MPP_DOMAINS_SET_STACK_SIZE: stack size set to   600000.
2021-08-05 16:10:39,886 - isca - DEBUG - starting            1  OpenMP threads per MPI-task
2021-08-05 16:10:39,900 - isca - DEBUG - ATMOS MODEL DOMAIN DECOMPOSITION
2021-08-05 16:10:39,900 - isca - DEBUG - X-AXIS =  256
2021-08-05 16:10:39,900 - isca - DEBUG - Y-AXIS =    2   2   2   2   2   2   2   2   2   2   2   2   2   2   2   2   2   2   2   2   2   2   2   2
2021-08-05 16:10:39,900 - isca - DEBUG - 2   2   2   2   2   2   2   2   2   2   2   2   2   2   2   2   2   2   2   2   2   2   2   2
2021-08-05 16:10:39,901 - isca - DEBUG - 2   2   2   2   2   2   2   2   2   2   2   2   2   2   2   2
2021-08-05 16:10:41,453 - isca - DEBUG - NOTE from PE    0: idealized_moist_phys: Using AM3 dry adjustment convection scheme.
2021-08-05 16:10:55,362 - isca - DEBUG - Integration completed through    1 Feb  2   0: 0: 0
2021-08-05 16:11:09,819 - isca - DEBUG - Integration completed through    1 Feb  3   0: 0: 0
2021-08-05 16:11:23,211 - isca - DEBUG - Integration completed through    1 Feb  4   0: 0: 0
2021-08-05 16:11:36,534 - isca - DEBUG - Integration completed through    1 Feb  5   0: 0: 0
2021-08-05 16:11:49,908 - isca - DEBUG - Integration completed through    1 Feb  6   0: 0: 0
2021-08-05 16:12:03,215 - isca - DEBUG - Integration completed through    1 Feb  7   0: 0: 0
2021-08-05 16:12:16,511 - isca - DEBUG - Integration completed through    1 Feb  8   0: 0: 0
2021-08-05 16:12:29,834 - isca - DEBUG - Integration completed through    1 Feb  9   0: 0: 0
2021-08-05 16:12:43,142 - isca - DEBUG - Integration completed through    1 Feb 10   0: 0: 0
2021-08-05 16:12:56,462 - isca - DEBUG - Integration completed through    1 Feb 11   0: 0: 0
2021-08-05 16:13:09,849 - isca - DEBUG - Integration completed through    1 Feb 12   0: 0: 0
2021-08-05 16:13:23,202 - isca - DEBUG - Integration completed through    1 Feb 13   0: 0: 0
2021-08-05 16:13:36,505 - isca - DEBUG - Integration completed through    1 Feb 14   0: 0: 0
2021-08-05 16:13:49,922 - isca - DEBUG - Integration completed through    1 Feb 15   0: 0: 0
2021-08-05 16:14:03,244 - isca - DEBUG - Integration completed through    1 Feb 16   0: 0: 0
2021-08-05 16:14:16,558 - isca - DEBUG - Integration completed through    1 Feb 17   0: 0: 0
2021-08-05 16:14:29,903 - isca - DEBUG - Integration completed through    1 Feb 18   0: 0: 0
2021-08-05 16:14:43,180 - isca - DEBUG - Integration completed through    1 Feb 19   0: 0: 0
2021-08-05 16:14:56,598 - isca - DEBUG - Integration completed through    1 Feb 20   0: 0: 0
2021-08-05 16:15:09,920 - isca - DEBUG - Integration completed through    1 Feb 21   0: 0: 0
2021-08-05 16:15:23,224 - isca - DEBUG - Integration completed through    1 Feb 22   0: 0: 0
2021-08-05 16:15:36,540 - isca - DEBUG - Integration completed through    1 Feb 23   0: 0: 0
2021-08-05 16:15:49,868 - isca - DEBUG - Integration completed through    1 Feb 24   0: 0: 0
2021-08-05 16:16:03,185 - isca - DEBUG - Integration completed through    1 Feb 25   0: 0: 0
2021-08-05 16:16:16,447 - isca - DEBUG - Integration completed through    1 Feb 26   0: 0: 0
2021-08-05 16:16:29,794 - isca - DEBUG - Integration completed through    1 Feb 27   0: 0: 0
2021-08-05 16:16:43,109 - isca - DEBUG - Integration completed through    1 Feb 28   0: 0: 0
2021-08-05 16:16:56,459 - isca - DEBUG - Integration completed through    1 Feb 29   0: 0: 0
2021-08-05 16:17:09,802 - isca - DEBUG - Integration completed through    1 Feb 30   0: 0: 0
2021-08-05 16:17:23,126 - isca - DEBUG - Integration completed through    1 Mar  1   0: 0: 0
2021-08-05 16:17:23,421 - isca - DEBUG - NOTE from PE    0: MPP_IO_SET_STACK_SIZE: stack size set to     983040.
2021-08-05 16:17:26,064 - isca - DEBUG - MPP_DOMAINS_STACK high water mark=       61440
2021-08-05 16:17:26,064 - isca - DEBUG - 
2021-08-05 16:17:26,064 - isca - DEBUG - Tabulating mpp_clock statistics across     64 PEs...
2021-08-05 16:17:26,064 - isca - DEBUG - 
2021-08-05 16:17:26,064 - isca - DEBUG - tmin          tmax          tavg          tstd  tfrac grain pemin pemax
2021-08-05 16:17:26,065 - isca - DEBUG - Total runtime                       406.303654    406.303862    406.303754      0.000097  1.000     0     0    63
2021-08-05 16:17:26,065 - isca - DEBUG - MPP_STACK high water mark=           0
2021-08-05 16:17:26,394 - isca - INFO - Run 2 complete
2021-08-05 16:17:53,864 - isca - DEBUG - atmos_monthly.nc combined and copied to data directory
2021-08-05 16:18:20,360 - isca - INFO - Restart archive created at /network/group/aopp/planetary/PLR018_LEWIS_VENUS2/isca_data/GREY_T85L30fr_TL_om_1_4_a_1_1_ps_1_1/restarts/res0002.tar.gz
2021-08-05 16:18:20,544 - isca - INFO - Writing namelist to '/network/group/aopp/planetary/PLR018_LEWIS_VENUS2/isca_data/GREY_T85L30fr_TL_om_1_4_a_1_1_ps_1_1/run0002/input.nml'
2021-08-05 16:18:20,629 - isca - INFO - Writing field_table to '/network/group/aopp/planetary/PLR018_LEWIS_VENUS2/isca_data/GREY_T85L30fr_TL_om_1_4_a_1_1_ps_1_1/run0002/field_table'
2021-08-05 16:18:20,676 - isca - INFO - Writing diag_table to '/network/group/aopp/planetary/PLR018_LEWIS_VENUS2/isca_data/GREY_T85L30fr_TL_om_1_4_a_1_1_ps_1_1/run0002/diag_table'
2021-08-05 16:18:22,041 - isca - INFO - Emptied run directory '/network/group/aopp/planetary/PLR018_LEWIS_VENUS2/isca_work/experiment/GREY_T85L30fr_TL_om_1_4_a_1_1_ps_1_1/run'
2021-08-05 16:18:22,216 - isca - INFO - Emptied run directory '/network/group/aopp/planetary/PLR018_LEWIS_VENUS2/isca_work/experiment/GREY_T85L30fr_TL_om_1_4_a_1_1_ps_1_1/run'
2021-08-05 16:18:23,104 - isca - INFO - Writing namelist to '/network/group/aopp/planetary/PLR018_LEWIS_VENUS2/isca_work/experiment/GREY_T85L30fr_TL_om_1_4_a_1_1_ps_1_1/run/input.nml'
2021-08-05 16:18:23,976 - isca - INFO - Writing field_table to '/network/group/aopp/planetary/PLR018_LEWIS_VENUS2/isca_work/experiment/GREY_T85L30fr_TL_om_1_4_a_1_1_ps_1_1/run/field_table'
2021-08-05 16:18:24,022 - isca - INFO - Writing diag_table to '/network/group/aopp/planetary/PLR018_LEWIS_VENUS2/isca_work/experiment/GREY_T85L30fr_TL_om_1_4_a_1_1_ps_1_1/run/diag_table'
2021-08-05 16:18:24,155 - isca - INFO - Using restart file '/network/group/aopp/planetary/PLR018_LEWIS_VENUS2/isca_data/GREY_T85L30fr_TL_om_1_4_a_1_1_ps_1_1/restarts/res0002.tar.gz'
2021-08-05 16:18:26,682 - isca - INFO - Restart /network/group/aopp/planetary/PLR018_LEWIS_VENUS2/isca_data/GREY_T85L30fr_TL_om_1_4_a_1_1_ps_1_1/restarts/res0002.tar.gz extracted to /network/group/aopp/planetary/PLR018_LEWIS_VENUS2/isca_work/experiment/GREY_T85L30fr_TL_om_1_4_a_1_1_ps_1_1/run/INPUT
2021-08-05 16:18:26,707 - isca - INFO - Beginning run 3
2021-08-05 16:18:26,719 - isca - INFO - process running as 65342
2021-08-05 16:18:26,749 - isca - DEBUG - loadmodules for oxford machines
2021-08-05 16:18:27,132 - isca - DEBUG - [?1h=Currently Loaded Modulefiles:[m
2021-08-05 16:18:27,151 - isca - DEBUG - 1) physicspaths/2.0         6) otheros/generic-arc          [m
2021-08-05 16:18:27,151 - isca - DEBUG - 2) otheros/generic-oxphys   7) intel-compilers/2018upd4     [m
2021-08-05 16:18:27,151 - isca - DEBUG - 3) otheros/ubuntu_bionic    8) intel-mpi/2015               [m
2021-08-05 16:18:27,151 - isca - DEBUG - 4) otheros/ubuntu_trusty    9) netcdf/netcdf-c-4.7.3        [m
2021-08-05 16:18:27,152 - isca - DEBUG - 5) arcpaths/1.0            10) netcdf/netcdf-fortran-4.5.2  [m
2021-08-05 16:18:29,708 - isca - DEBUG - [K[?1l>NOTE from PE    0: MPP_DOMAINS_SET_STACK_SIZE: stack size set to    32768.
2021-08-05 16:18:29,709 - isca - DEBUG - &MPP_IO_NML
2021-08-05 16:18:29,709 - isca - DEBUG - HEADER_BUFFER_VAL       =       16384,
2021-08-05 16:18:29,709 - isca - DEBUG - GLOBAL_FIELD_ON_ROOT_PE = T,
2021-08-05 16:18:29,709 - isca - DEBUG - IO_CLOCKS_ON    = F,
2021-08-05 16:18:29,709 - isca - DEBUG - SHUFFLE =           0,
2021-08-05 16:18:29,709 - isca - DEBUG - DEFLATE_LEVEL   =          -1
2021-08-05 16:18:29,709 - isca - DEBUG - /
2021-08-05 16:18:29,711 - isca - DEBUG - NOTE from PE    0: MPP_IO_SET_STACK_SIZE: stack size set to     131072.
2021-08-05 16:18:29,714 - isca - DEBUG - NOTE from PE    0: MPP_DOMAINS_SET_STACK_SIZE: stack size set to   600000.
2021-08-05 16:18:29,758 - isca - DEBUG - starting            1  OpenMP threads per MPI-task
2021-08-05 16:18:29,769 - isca - DEBUG - ATMOS MODEL DOMAIN DECOMPOSITION
2021-08-05 16:18:29,769 - isca - DEBUG - X-AXIS =  256
2021-08-05 16:18:29,769 - isca - DEBUG - Y-AXIS =    2   2   2   2   2   2   2   2   2   2   2   2   2   2   2   2   2   2   2   2   2   2   2   2
2021-08-05 16:18:29,769 - isca - DEBUG - 2   2   2   2   2   2   2   2   2   2   2   2   2   2   2   2   2   2   2   2   2   2   2   2
2021-08-05 16:18:29,769 - isca - DEBUG - 2   2   2   2   2   2   2   2   2   2   2   2   2   2   2   2
2021-08-05 16:18:31,413 - isca - DEBUG - NOTE from PE    0: idealized_moist_phys: Using AM3 dry adjustment convection scheme.
2021-08-05 16:18:45,266 - isca - DEBUG - Integration completed through    1 Mar  2   0: 0: 0
2021-08-05 16:19:00,046 - isca - DEBUG - Integration completed through    1 Mar  3   0: 0: 0
2021-08-05 16:19:13,310 - isca - DEBUG - Integration completed through    1 Mar  4   0: 0: 0
2021-08-05 16:19:26,574 - isca - DEBUG - Integration completed through    1 Mar  5   0: 0: 0
2021-08-05 16:19:39,930 - isca - DEBUG - Integration completed through    1 Mar  6   0: 0: 0
2021-08-05 16:19:53,256 - isca - DEBUG - Integration completed through    1 Mar  7   0: 0: 0
2021-08-05 16:20:06,524 - isca - DEBUG - Integration completed through    1 Mar  8   0: 0: 0
2021-08-05 16:20:19,793 - isca - DEBUG - Integration completed through    1 Mar  9   0: 0: 0
2021-08-05 16:20:33,128 - isca - DEBUG - Integration completed through    1 Mar 10   0: 0: 0
2021-08-05 16:20:46,433 - isca - DEBUG - Integration completed through    1 Mar 11   0: 0: 0
2021-08-05 16:20:59,922 - isca - DEBUG - Integration completed through    1 Mar 12   0: 0: 0
2021-08-05 16:21:13,245 - isca - DEBUG - Integration completed through    1 Mar 13   0: 0: 0
2021-08-05 16:21:26,553 - isca - DEBUG - Integration completed through    1 Mar 14   0: 0: 0
2021-08-05 16:21:39,966 - isca - DEBUG - Integration completed through    1 Mar 15   0: 0: 0
2021-08-05 16:21:53,292 - isca - DEBUG - Integration completed through    1 Mar 16   0: 0: 0
2021-08-05 16:22:06,727 - isca - DEBUG - Integration completed through    1 Mar 17   0: 0: 0
2021-08-05 16:22:20,003 - isca - DEBUG - Integration completed through    1 Mar 18   0: 0: 0
2021-08-05 16:22:33,294 - isca - DEBUG - Integration completed through    1 Mar 19   0: 0: 0
2021-08-05 16:22:46,622 - isca - DEBUG - Integration completed through    1 Mar 20   0: 0: 0
2021-08-05 16:22:59,901 - isca - DEBUG - Integration completed through    1 Mar 21   0: 0: 0
2021-08-05 16:23:13,206 - isca - DEBUG - Integration completed through    1 Mar 22   0: 0: 0
2021-08-05 16:23:26,534 - isca - DEBUG - Integration completed through    1 Mar 23   0: 0: 0
2021-08-05 16:23:39,866 - isca - DEBUG - Integration completed through    1 Mar 24   0: 0: 0
2021-08-05 16:23:53,195 - isca - DEBUG - Integration completed through    1 Mar 25   0: 0: 0
2021-08-05 16:24:06,519 - isca - DEBUG - Integration completed through    1 Mar 26   0: 0: 0
2021-08-05 16:24:19,822 - isca - DEBUG - Integration completed through    1 Mar 27   0: 0: 0
2021-08-05 16:24:34,272 - isca - DEBUG - Integration completed through    1 Mar 28   0: 0: 0
2021-08-05 16:24:48,107 - isca - DEBUG - Integration completed through    1 Mar 29   0: 0: 0
2021-08-05 16:25:02,069 - isca - DEBUG - Integration completed through    1 Mar 30   0: 0: 0
2021-08-05 16:25:16,662 - isca - DEBUG - Integration completed through    1 Apr  1   0: 0: 0
2021-08-05 16:25:17,003 - isca - DEBUG - NOTE from PE    0: MPP_IO_SET_STACK_SIZE: stack size set to     983040.
2021-08-05 16:25:19,875 - isca - DEBUG - MPP_DOMAINS_STACK high water mark=       61440
2021-08-05 16:25:19,875 - isca - DEBUG - 
2021-08-05 16:25:19,875 - isca - DEBUG - Tabulating mpp_clock statistics across     64 PEs...
2021-08-05 16:25:19,875 - isca - DEBUG - 
2021-08-05 16:25:19,875 - isca - DEBUG - tmin          tmax          tavg          tstd  tfrac grain pemin pemax
2021-08-05 16:25:19,876 - isca - DEBUG - Total runtime                       410.168848    410.168898    410.168880      0.000016  1.000     0     0    63
2021-08-05 16:25:19,876 - isca - DEBUG - MPP_STACK high water mark=           0
2021-08-05 16:25:20,218 - isca - INFO - Run 3 complete
2021-08-05 16:25:47,514 - isca - DEBUG - atmos_monthly.nc combined and copied to data directory
2021-08-05 16:25:59,531 - isca - INFO - Restart archive created at /network/group/aopp/planetary/PLR018_LEWIS_VENUS2/isca_data/GREY_T85L30fr_TL_om_1_4_a_1_1_ps_1_1/restarts/res0003.tar.gz
2021-08-05 16:25:59,819 - isca - INFO - Writing namelist to '/network/group/aopp/planetary/PLR018_LEWIS_VENUS2/isca_data/GREY_T85L30fr_TL_om_1_4_a_1_1_ps_1_1/run0003/input.nml'
2021-08-05 16:26:00,020 - isca - INFO - Writing field_table to '/network/group/aopp/planetary/PLR018_LEWIS_VENUS2/isca_data/GREY_T85L30fr_TL_om_1_4_a_1_1_ps_1_1/run0003/field_table'
2021-08-05 16:26:00,070 - isca - INFO - Writing diag_table to '/network/group/aopp/planetary/PLR018_LEWIS_VENUS2/isca_data/GREY_T85L30fr_TL_om_1_4_a_1_1_ps_1_1/run0003/diag_table'
2021-08-05 16:26:01,821 - isca - INFO - Emptied run directory '/network/group/aopp/planetary/PLR018_LEWIS_VENUS2/isca_work/experiment/GREY_T85L30fr_TL_om_1_4_a_1_1_ps_1_1/run'
2021-08-05 16:26:01,952 - isca - INFO - Emptied run directory '/network/group/aopp/planetary/PLR018_LEWIS_VENUS2/isca_work/experiment/GREY_T85L30fr_TL_om_1_4_a_1_1_ps_1_1/run'
2021-08-05 16:26:02,726 - isca - INFO - Writing namelist to '/network/group/aopp/planetary/PLR018_LEWIS_VENUS2/isca_work/experiment/GREY_T85L30fr_TL_om_1_4_a_1_1_ps_1_1/run/input.nml'
2021-08-05 16:26:02,768 - isca - INFO - Writing field_table to '/network/group/aopp/planetary/PLR018_LEWIS_VENUS2/isca_work/experiment/GREY_T85L30fr_TL_om_1_4_a_1_1_ps_1_1/run/field_table'
2021-08-05 16:26:02,803 - isca - INFO - Writing diag_table to '/network/group/aopp/planetary/PLR018_LEWIS_VENUS2/isca_work/experiment/GREY_T85L30fr_TL_om_1_4_a_1_1_ps_1_1/run/diag_table'
2021-08-05 16:26:02,879 - isca - INFO - Using restart file '/network/group/aopp/planetary/PLR018_LEWIS_VENUS2/isca_data/GREY_T85L30fr_TL_om_1_4_a_1_1_ps_1_1/restarts/res0003.tar.gz'
2021-08-05 16:26:05,240 - isca - INFO - Restart /network/group/aopp/planetary/PLR018_LEWIS_VENUS2/isca_data/GREY_T85L30fr_TL_om_1_4_a_1_1_ps_1_1/restarts/res0003.tar.gz extracted to /network/group/aopp/planetary/PLR018_LEWIS_VENUS2/isca_work/experiment/GREY_T85L30fr_TL_om_1_4_a_1_1_ps_1_1/run/INPUT
2021-08-05 16:26:05,243 - isca - INFO - Beginning run 4
2021-08-05 16:26:05,253 - isca - INFO - process running as 1365
2021-08-05 16:26:05,284 - isca - DEBUG - loadmodules for oxford machines
2021-08-05 16:26:05,664 - isca - DEBUG - [?1h=Currently Loaded Modulefiles:[m
2021-08-05 16:26:05,684 - isca - DEBUG - 1) physicspaths/2.0         6) otheros/generic-arc          [m
2021-08-05 16:26:05,684 - isca - DEBUG - 2) otheros/generic-oxphys   7) intel-compilers/2018upd4     [m
2021-08-05 16:26:05,684 - isca - DEBUG - 3) otheros/ubuntu_bionic    8) intel-mpi/2015               [m
2021-08-05 16:26:05,684 - isca - DEBUG - 4) otheros/ubuntu_trusty    9) netcdf/netcdf-c-4.7.3        [m
2021-08-05 16:26:05,685 - isca - DEBUG - 5) arcpaths/1.0            10) netcdf/netcdf-fortran-4.5.2  [m
2021-08-05 16:26:08,271 - isca - DEBUG - [K[?1l>NOTE from PE    0: MPP_DOMAINS_SET_STACK_SIZE: stack size set to    32768.
2021-08-05 16:26:08,272 - isca - DEBUG - &MPP_IO_NML
2021-08-05 16:26:08,272 - isca - DEBUG - HEADER_BUFFER_VAL       =       16384,
2021-08-05 16:26:08,272 - isca - DEBUG - GLOBAL_FIELD_ON_ROOT_PE = T,
2021-08-05 16:26:08,273 - isca - DEBUG - IO_CLOCKS_ON    = F,
2021-08-05 16:26:08,273 - isca - DEBUG - SHUFFLE =           0,
2021-08-05 16:26:08,273 - isca - DEBUG - DEFLATE_LEVEL   =          -1
2021-08-05 16:26:08,273 - isca - DEBUG - /
2021-08-05 16:26:08,274 - isca - DEBUG - NOTE from PE    0: MPP_IO_SET_STACK_SIZE: stack size set to     131072.
2021-08-05 16:26:08,278 - isca - DEBUG - NOTE from PE    0: MPP_DOMAINS_SET_STACK_SIZE: stack size set to   600000.
2021-08-05 16:26:08,402 - isca - DEBUG - starting            1  OpenMP threads per MPI-task
2021-08-05 16:26:08,417 - isca - DEBUG - ATMOS MODEL DOMAIN DECOMPOSITION
2021-08-05 16:26:08,417 - isca - DEBUG - X-AXIS =  256
2021-08-05 16:26:08,417 - isca - DEBUG - Y-AXIS =    2   2   2   2   2   2   2   2   2   2   2   2   2   2   2   2   2   2   2   2   2   2   2   2
2021-08-05 16:26:08,417 - isca - DEBUG - 2   2   2   2   2   2   2   2   2   2   2   2   2   2   2   2   2   2   2   2   2   2   2   2
2021-08-05 16:26:08,417 - isca - DEBUG - 2   2   2   2   2   2   2   2   2   2   2   2   2   2   2   2
2021-08-05 16:26:09,945 - isca - DEBUG - NOTE from PE    0: idealized_moist_phys: Using AM3 dry adjustment convection scheme.
2021-08-05 16:26:23,933 - isca - DEBUG - Integration completed through    1 Apr  2   0: 0: 0
2021-08-05 16:26:39,174 - isca - DEBUG - Integration completed through    1 Apr  3   0: 0: 0
2021-08-05 16:26:52,603 - isca - DEBUG - Integration completed through    1 Apr  4   0: 0: 0
2021-08-05 16:27:05,946 - isca - DEBUG - Integration completed through    1 Apr  5   0: 0: 0
2021-08-05 16:27:19,342 - isca - DEBUG - Integration completed through    1 Apr  6   0: 0: 0
2021-08-05 16:27:32,685 - isca - DEBUG - Integration completed through    1 Apr  7   0: 0: 0
2021-08-05 16:27:45,967 - isca - DEBUG - Integration completed through    1 Apr  8   0: 0: 0
2021-08-05 16:27:59,338 - isca - DEBUG - Integration completed through    1 Apr  9   0: 0: 0
2021-08-05 16:28:12,691 - isca - DEBUG - Integration completed through    1 Apr 10   0: 0: 0
2021-08-05 16:28:26,070 - isca - DEBUG - Integration completed through    1 Apr 11   0: 0: 0
2021-08-05 16:28:39,498 - isca - DEBUG - Integration completed through    1 Apr 12   0: 0: 0
2021-08-05 16:28:52,854 - isca - DEBUG - Integration completed through    1 Apr 13   0: 0: 0
2021-08-05 16:29:06,238 - isca - DEBUG - Integration completed through    1 Apr 14   0: 0: 0
2021-08-05 16:29:19,663 - isca - DEBUG - Integration completed through    1 Apr 15   0: 0: 0
2021-08-05 16:29:33,122 - isca - DEBUG - Integration completed through    1 Apr 16   0: 0: 0
2021-08-05 16:29:46,529 - isca - DEBUG - Integration completed through    1 Apr 17   0: 0: 0
2021-08-05 16:29:59,848 - isca - DEBUG - Integration completed through    1 Apr 18   0: 0: 0
2021-08-05 16:30:13,213 - isca - DEBUG - Integration completed through    1 Apr 19   0: 0: 0
2021-08-05 16:30:26,640 - isca - DEBUG - Integration completed through    1 Apr 20   0: 0: 0
2021-08-05 16:30:40,022 - isca - DEBUG - Integration completed through    1 Apr 21   0: 0: 0
2021-08-05 16:30:53,362 - isca - DEBUG - Integration completed through    1 Apr 22   0: 0: 0
2021-08-05 16:31:06,841 - isca - DEBUG - Integration completed through    1 Apr 23   0: 0: 0
2021-08-05 16:31:20,232 - isca - DEBUG - Integration completed through    1 Apr 24   0: 0: 0
2021-08-05 16:31:33,571 - isca - DEBUG - Integration completed through    1 Apr 25   0: 0: 0
2021-08-05 16:31:46,984 - isca - DEBUG - Integration completed through    1 Apr 26   0: 0: 0
2021-08-05 16:32:00,352 - isca - DEBUG - Integration completed through    1 Apr 27   0: 0: 0
2021-08-05 16:32:13,788 - isca - DEBUG - Integration completed through    1 Apr 28   0: 0: 0
2021-08-05 16:32:27,238 - isca - DEBUG - Integration completed through    1 Apr 29   0: 0: 0
2021-08-05 16:32:40,604 - isca - DEBUG - Integration completed through    1 Apr 30   0: 0: 0
2021-08-05 16:32:53,956 - isca - DEBUG - Integration completed through    1 May  1   0: 0: 0
2021-08-05 16:32:54,251 - isca - DEBUG - NOTE from PE    0: MPP_IO_SET_STACK_SIZE: stack size set to     983040.
2021-08-05 16:32:56,909 - isca - DEBUG - MPP_DOMAINS_STACK high water mark=       61440
2021-08-05 16:32:56,909 - isca - DEBUG - 
2021-08-05 16:32:56,909 - isca - DEBUG - Tabulating mpp_clock statistics across     64 PEs...
2021-08-05 16:32:56,909 - isca - DEBUG - 
2021-08-05 16:32:56,909 - isca - DEBUG - tmin          tmax          tavg          tstd  tfrac grain pemin pemax
2021-08-05 16:32:56,910 - isca - DEBUG - Total runtime                       408.639407    408.640107    408.639760      0.000337  1.000     0     0    63
2021-08-05 16:32:56,910 - isca - DEBUG - MPP_STACK high water mark=           0
2021-08-05 16:32:57,303 - isca - INFO - Run 4 complete
2021-08-05 16:33:24,526 - isca - DEBUG - atmos_monthly.nc combined and copied to data directory
2021-08-05 16:33:35,897 - isca - INFO - Restart archive created at /network/group/aopp/planetary/PLR018_LEWIS_VENUS2/isca_data/GREY_T85L30fr_TL_om_1_4_a_1_1_ps_1_1/restarts/res0004.tar.gz
2021-08-05 16:33:36,143 - isca - INFO - Writing namelist to '/network/group/aopp/planetary/PLR018_LEWIS_VENUS2/isca_data/GREY_T85L30fr_TL_om_1_4_a_1_1_ps_1_1/run0004/input.nml'
2021-08-05 16:33:36,183 - isca - INFO - Writing field_table to '/network/group/aopp/planetary/PLR018_LEWIS_VENUS2/isca_data/GREY_T85L30fr_TL_om_1_4_a_1_1_ps_1_1/run0004/field_table'
2021-08-05 16:33:36,221 - isca - INFO - Writing diag_table to '/network/group/aopp/planetary/PLR018_LEWIS_VENUS2/isca_data/GREY_T85L30fr_TL_om_1_4_a_1_1_ps_1_1/run0004/diag_table'
2021-08-05 16:33:37,653 - isca - INFO - Emptied run directory '/network/group/aopp/planetary/PLR018_LEWIS_VENUS2/isca_work/experiment/GREY_T85L30fr_TL_om_1_4_a_1_1_ps_1_1/run'
2021-08-05 16:33:37,780 - isca - INFO - Emptied run directory '/network/group/aopp/planetary/PLR018_LEWIS_VENUS2/isca_work/experiment/GREY_T85L30fr_TL_om_1_4_a_1_1_ps_1_1/run'
2021-08-05 16:33:38,741 - isca - INFO - Writing namelist to '/network/group/aopp/planetary/PLR018_LEWIS_VENUS2/isca_work/experiment/GREY_T85L30fr_TL_om_1_4_a_1_1_ps_1_1/run/input.nml'
2021-08-05 16:33:38,781 - isca - INFO - Writing field_table to '/network/group/aopp/planetary/PLR018_LEWIS_VENUS2/isca_work/experiment/GREY_T85L30fr_TL_om_1_4_a_1_1_ps_1_1/run/field_table'
2021-08-05 16:33:38,858 - isca - INFO - Writing diag_table to '/network/group/aopp/planetary/PLR018_LEWIS_VENUS2/isca_work/experiment/GREY_T85L30fr_TL_om_1_4_a_1_1_ps_1_1/run/diag_table'
2021-08-05 16:33:38,883 - isca - INFO - Using restart file '/network/group/aopp/planetary/PLR018_LEWIS_VENUS2/isca_data/GREY_T85L30fr_TL_om_1_4_a_1_1_ps_1_1/restarts/res0004.tar.gz'
2021-08-05 16:33:41,114 - isca - INFO - Restart /network/group/aopp/planetary/PLR018_LEWIS_VENUS2/isca_data/GREY_T85L30fr_TL_om_1_4_a_1_1_ps_1_1/restarts/res0004.tar.gz extracted to /network/group/aopp/planetary/PLR018_LEWIS_VENUS2/isca_work/experiment/GREY_T85L30fr_TL_om_1_4_a_1_1_ps_1_1/run/INPUT
2021-08-05 16:33:41,176 - isca - INFO - Beginning run 5
2021-08-05 16:33:41,186 - isca - INFO - process running as 1724
2021-08-05 16:33:41,220 - isca - DEBUG - loadmodules for oxford machines
2021-08-05 16:33:41,608 - isca - DEBUG - [?1h=Currently Loaded Modulefiles:[m
2021-08-05 16:33:41,628 - isca - DEBUG - 1) physicspaths/2.0         6) otheros/generic-arc          [m
2021-08-05 16:33:41,628 - isca - DEBUG - 2) otheros/generic-oxphys   7) intel-compilers/2018upd4     [m
2021-08-05 16:33:41,628 - isca - DEBUG - 3) otheros/ubuntu_bionic    8) intel-mpi/2015               [m
2021-08-05 16:33:41,628 - isca - DEBUG - 4) otheros/ubuntu_trusty    9) netcdf/netcdf-c-4.7.3        [m
2021-08-05 16:33:41,629 - isca - DEBUG - 5) arcpaths/1.0            10) netcdf/netcdf-fortran-4.5.2  [m
2021-08-05 16:33:44,251 - isca - DEBUG - [K[?1l>NOTE from PE    0: MPP_DOMAINS_SET_STACK_SIZE: stack size set to    32768.
2021-08-05 16:33:44,251 - isca - DEBUG - &MPP_IO_NML
2021-08-05 16:33:44,252 - isca - DEBUG - HEADER_BUFFER_VAL       =       16384,
2021-08-05 16:33:44,252 - isca - DEBUG - GLOBAL_FIELD_ON_ROOT_PE = T,
2021-08-05 16:33:44,252 - isca - DEBUG - IO_CLOCKS_ON    = F,
2021-08-05 16:33:44,252 - isca - DEBUG - SHUFFLE =           0,
2021-08-05 16:33:44,252 - isca - DEBUG - DEFLATE_LEVEL   =          -1
2021-08-05 16:33:44,252 - isca - DEBUG - /
2021-08-05 16:33:44,253 - isca - DEBUG - NOTE from PE    0: MPP_IO_SET_STACK_SIZE: stack size set to     131072.
2021-08-05 16:33:44,258 - isca - DEBUG - NOTE from PE    0: MPP_DOMAINS_SET_STACK_SIZE: stack size set to   600000.
2021-08-05 16:33:44,349 - isca - DEBUG - starting            1  OpenMP threads per MPI-task
2021-08-05 16:33:44,361 - isca - DEBUG - ATMOS MODEL DOMAIN DECOMPOSITION
2021-08-05 16:33:44,361 - isca - DEBUG - X-AXIS =  256
2021-08-05 16:33:44,361 - isca - DEBUG - Y-AXIS =    2   2   2   2   2   2   2   2   2   2   2   2   2   2   2   2   2   2   2   2   2   2   2   2
2021-08-05 16:33:44,362 - isca - DEBUG - 2   2   2   2   2   2   2   2   2   2   2   2   2   2   2   2   2   2   2   2   2   2   2   2
2021-08-05 16:33:44,362 - isca - DEBUG - 2   2   2   2   2   2   2   2   2   2   2   2   2   2   2   2
2021-08-05 16:33:45,756 - isca - DEBUG - NOTE from PE    0: idealized_moist_phys: Using AM3 dry adjustment convection scheme.
2021-08-05 16:33:59,638 - isca - DEBUG - Integration completed through    1 May  2   0: 0: 0
2021-08-05 16:34:13,852 - isca - DEBUG - Integration completed through    1 May  3   0: 0: 0
2021-08-05 16:34:27,154 - isca - DEBUG - Integration completed through    1 May  4   0: 0: 0
2021-08-05 16:34:40,490 - isca - DEBUG - Integration completed through    1 May  5   0: 0: 0
2021-08-05 16:34:53,823 - isca - DEBUG - Integration completed through    1 May  6   0: 0: 0
2021-08-05 16:35:07,082 - isca - DEBUG - Integration completed through    1 May  7   0: 0: 0
2021-08-05 16:35:20,308 - isca - DEBUG - Integration completed through    1 May  8   0: 0: 0
2021-08-05 16:35:33,613 - isca - DEBUG - Integration completed through    1 May  9   0: 0: 0
2021-08-05 16:35:47,187 - isca - DEBUG - Integration completed through    1 May 10   0: 0: 0
2021-08-05 16:36:00,757 - isca - DEBUG - Integration completed through    1 May 11   0: 0: 0
2021-08-05 16:36:14,352 - isca - DEBUG - Integration completed through    1 May 12   0: 0: 0
2021-08-05 16:36:27,940 - isca - DEBUG - Integration completed through    1 May 13   0: 0: 0
2021-08-05 16:36:41,498 - isca - DEBUG - Integration completed through    1 May 14   0: 0: 0
2021-08-05 16:36:54,872 - isca - DEBUG - Integration completed through    1 May 15   0: 0: 0
2021-08-05 16:37:08,179 - isca - DEBUG - Integration completed through    1 May 16   0: 0: 0
2021-08-05 16:37:21,526 - isca - DEBUG - Integration completed through    1 May 17   0: 0: 0
2021-08-05 16:37:34,779 - isca - DEBUG - Integration completed through    1 May 18   0: 0: 0
2021-08-05 16:37:48,067 - isca - DEBUG - Integration completed through    1 May 19   0: 0: 0
2021-08-05 16:38:01,406 - isca - DEBUG - Integration completed through    1 May 20   0: 0: 0
2021-08-05 16:38:14,759 - isca - DEBUG - Integration completed through    1 May 21   0: 0: 0
2021-08-05 16:38:28,023 - isca - DEBUG - Integration completed through    1 May 22   0: 0: 0
2021-08-05 16:38:41,332 - isca - DEBUG - Integration completed through    1 May 23   0: 0: 0
2021-08-05 16:38:54,621 - isca - DEBUG - Integration completed through    1 May 24   0: 0: 0
2021-08-05 16:39:07,855 - isca - DEBUG - Integration completed through    1 May 25   0: 0: 0
2021-08-05 16:39:21,150 - isca - DEBUG - Integration completed through    1 May 26   0: 0: 0
2021-08-05 16:39:35,448 - isca - DEBUG - Integration completed through    1 May 27   0: 0: 0
2021-08-05 16:39:48,751 - isca - DEBUG - Integration completed through    1 May 28   0: 0: 0
2021-08-05 16:40:02,089 - isca - DEBUG - Integration completed through    1 May 29   0: 0: 0
2021-08-05 16:40:15,441 - isca - DEBUG - Integration completed through    1 May 30   0: 0: 0
2021-08-05 16:40:28,749 - isca - DEBUG - Integration completed through    1 Jun  1   0: 0: 0
2021-08-05 16:40:29,001 - isca - DEBUG - NOTE from PE    0: MPP_IO_SET_STACK_SIZE: stack size set to     983040.
2021-08-05 16:40:31,637 - isca - DEBUG - MPP_DOMAINS_STACK high water mark=       61440
2021-08-05 16:40:31,637 - isca - DEBUG - 
2021-08-05 16:40:31,637 - isca - DEBUG - Tabulating mpp_clock statistics across     64 PEs...
2021-08-05 16:40:31,637 - isca - DEBUG - 
2021-08-05 16:40:31,637 - isca - DEBUG - tmin          tmax          tavg          tstd  tfrac grain pemin pemax
2021-08-05 16:40:31,638 - isca - DEBUG - Total runtime                       407.388339    407.388873    407.388614      0.000256  1.000     0     0    63
2021-08-05 16:40:31,638 - isca - DEBUG - MPP_STACK high water mark=           0
2021-08-05 16:40:32,007 - isca - INFO - Run 5 complete
2021-08-05 16:40:58,982 - isca - DEBUG - atmos_monthly.nc combined and copied to data directory
2021-08-05 16:41:07,389 - isca - INFO - Restart archive created at /network/group/aopp/planetary/PLR018_LEWIS_VENUS2/isca_data/GREY_T85L30fr_TL_om_1_4_a_1_1_ps_1_1/restarts/res0005.tar.gz
2021-08-05 16:41:07,596 - isca - INFO - Writing namelist to '/network/group/aopp/planetary/PLR018_LEWIS_VENUS2/isca_data/GREY_T85L30fr_TL_om_1_4_a_1_1_ps_1_1/run0005/input.nml'
2021-08-05 16:41:07,604 - isca - INFO - Writing field_table to '/network/group/aopp/planetary/PLR018_LEWIS_VENUS2/isca_data/GREY_T85L30fr_TL_om_1_4_a_1_1_ps_1_1/run0005/field_table'
2021-08-05 16:41:07,667 - isca - INFO - Writing diag_table to '/network/group/aopp/planetary/PLR018_LEWIS_VENUS2/isca_data/GREY_T85L30fr_TL_om_1_4_a_1_1_ps_1_1/run0005/diag_table'
2021-08-05 16:41:09,156 - isca - INFO - Emptied run directory '/network/group/aopp/planetary/PLR018_LEWIS_VENUS2/isca_work/experiment/GREY_T85L30fr_TL_om_1_4_a_1_1_ps_1_1/run'
2021-08-05 16:41:09,278 - isca - INFO - Emptied run directory '/network/group/aopp/planetary/PLR018_LEWIS_VENUS2/isca_work/experiment/GREY_T85L30fr_TL_om_1_4_a_1_1_ps_1_1/run'
2021-08-05 16:41:10,018 - isca - INFO - Writing namelist to '/network/group/aopp/planetary/PLR018_LEWIS_VENUS2/isca_work/experiment/GREY_T85L30fr_TL_om_1_4_a_1_1_ps_1_1/run/input.nml'
2021-08-05 16:41:10,025 - isca - INFO - Writing field_table to '/network/group/aopp/planetary/PLR018_LEWIS_VENUS2/isca_work/experiment/GREY_T85L30fr_TL_om_1_4_a_1_1_ps_1_1/run/field_table'
2021-08-05 16:41:10,094 - isca - INFO - Writing diag_table to '/network/group/aopp/planetary/PLR018_LEWIS_VENUS2/isca_work/experiment/GREY_T85L30fr_TL_om_1_4_a_1_1_ps_1_1/run/diag_table'
2021-08-05 16:41:10,119 - isca - INFO - Using restart file '/network/group/aopp/planetary/PLR018_LEWIS_VENUS2/isca_data/GREY_T85L30fr_TL_om_1_4_a_1_1_ps_1_1/restarts/res0005.tar.gz'
2021-08-05 16:41:12,266 - isca - INFO - Restart /network/group/aopp/planetary/PLR018_LEWIS_VENUS2/isca_data/GREY_T85L30fr_TL_om_1_4_a_1_1_ps_1_1/restarts/res0005.tar.gz extracted to /network/group/aopp/planetary/PLR018_LEWIS_VENUS2/isca_work/experiment/GREY_T85L30fr_TL_om_1_4_a_1_1_ps_1_1/run/INPUT
2021-08-05 16:41:12,332 - isca - INFO - Beginning run 6
2021-08-05 16:41:12,343 - isca - INFO - process running as 2107
2021-08-05 16:41:12,374 - isca - DEBUG - loadmodules for oxford machines
2021-08-05 16:41:12,767 - isca - DEBUG - [?1h=Currently Loaded Modulefiles:[m
2021-08-05 16:41:12,784 - isca - DEBUG - 1) physicspaths/2.0         6) otheros/generic-arc          [m
2021-08-05 16:41:12,784 - isca - DEBUG - 2) otheros/generic-oxphys   7) intel-compilers/2018upd4     [m
2021-08-05 16:41:12,784 - isca - DEBUG - 3) otheros/ubuntu_bionic    8) intel-mpi/2015               [m
2021-08-05 16:41:12,784 - isca - DEBUG - 4) otheros/ubuntu_trusty    9) netcdf/netcdf-c-4.7.3        [m
2021-08-05 16:41:12,785 - isca - DEBUG - 5) arcpaths/1.0            10) netcdf/netcdf-fortran-4.5.2  [m
2021-08-05 16:41:15,428 - isca - DEBUG - [K[?1l>NOTE from PE    0: MPP_DOMAINS_SET_STACK_SIZE: stack size set to    32768.
2021-08-05 16:41:15,429 - isca - DEBUG - &MPP_IO_NML
2021-08-05 16:41:15,429 - isca - DEBUG - HEADER_BUFFER_VAL       =       16384,
2021-08-05 16:41:15,429 - isca - DEBUG - GLOBAL_FIELD_ON_ROOT_PE = T,
2021-08-05 16:41:15,429 - isca - DEBUG - IO_CLOCKS_ON    = F,
2021-08-05 16:41:15,429 - isca - DEBUG - SHUFFLE =           0,
2021-08-05 16:41:15,429 - isca - DEBUG - DEFLATE_LEVEL   =          -1
2021-08-05 16:41:15,429 - isca - DEBUG - /
2021-08-05 16:41:15,431 - isca - DEBUG - NOTE from PE    0: MPP_IO_SET_STACK_SIZE: stack size set to     131072.
2021-08-05 16:41:15,433 - isca - DEBUG - NOTE from PE    0: MPP_DOMAINS_SET_STACK_SIZE: stack size set to   600000.
2021-08-05 16:41:15,516 - isca - DEBUG - starting            1  OpenMP threads per MPI-task
2021-08-05 16:41:15,527 - isca - DEBUG - ATMOS MODEL DOMAIN DECOMPOSITION
2021-08-05 16:41:15,528 - isca - DEBUG - X-AXIS =  256
2021-08-05 16:41:15,528 - isca - DEBUG - Y-AXIS =    2   2   2   2   2   2   2   2   2   2   2   2   2   2   2   2   2   2   2   2   2   2   2   2
2021-08-05 16:41:15,528 - isca - DEBUG - 2   2   2   2   2   2   2   2   2   2   2   2   2   2   2   2   2   2   2   2   2   2   2   2
2021-08-05 16:41:15,528 - isca - DEBUG - 2   2   2   2   2   2   2   2   2   2   2   2   2   2   2   2
2021-08-05 16:41:16,867 - isca - DEBUG - NOTE from PE    0: idealized_moist_phys: Using AM3 dry adjustment convection scheme.
2021-08-05 16:41:30,684 - isca - DEBUG - Integration completed through    1 Jun  2   0: 0: 0
2021-08-05 16:41:45,081 - isca - DEBUG - Integration completed through    1 Jun  3   0: 0: 0
2021-08-05 16:41:58,410 - isca - DEBUG - Integration completed through    1 Jun  4   0: 0: 0
2021-08-05 16:42:11,690 - isca - DEBUG - Integration completed through    1 Jun  5   0: 0: 0
2021-08-05 16:42:25,000 - isca - DEBUG - Integration completed through    1 Jun  6   0: 0: 0
2021-08-05 16:42:38,265 - isca - DEBUG - Integration completed through    1 Jun  7   0: 0: 0
2021-08-05 16:42:51,472 - isca - DEBUG - Integration completed through    1 Jun  8   0: 0: 0
2021-08-05 16:43:04,809 - isca - DEBUG - Integration completed through    1 Jun  9   0: 0: 0
2021-08-05 16:43:18,120 - isca - DEBUG - Integration completed through    1 Jun 10   0: 0: 0
2021-08-05 16:43:31,405 - isca - DEBUG - Integration completed through    1 Jun 11   0: 0: 0
2021-08-05 16:43:44,733 - isca - DEBUG - Integration completed through    1 Jun 12   0: 0: 0
2021-08-05 16:43:57,975 - isca - DEBUG - Integration completed through    1 Jun 13   0: 0: 0
2021-08-05 16:44:11,210 - isca - DEBUG - Integration completed through    1 Jun 14   0: 0: 0
2021-08-05 16:44:24,490 - isca - DEBUG - Integration completed through    1 Jun 15   0: 0: 0
2021-08-05 16:44:37,889 - isca - DEBUG - Integration completed through    1 Jun 16   0: 0: 0
2021-08-05 16:44:51,156 - isca - DEBUG - Integration completed through    1 Jun 17   0: 0: 0
2021-08-05 16:45:04,497 - isca - DEBUG - Integration completed through    1 Jun 18   0: 0: 0
2021-08-05 16:45:17,746 - isca - DEBUG - Integration completed through    1 Jun 19   0: 0: 0
2021-08-05 16:45:31,107 - isca - DEBUG - Integration completed through    1 Jun 20   0: 0: 0
2021-08-05 16:45:44,385 - isca - DEBUG - Integration completed through    1 Jun 21   0: 0: 0
2021-08-05 16:45:57,721 - isca - DEBUG - Integration completed through    1 Jun 22   0: 0: 0
2021-08-05 16:46:11,087 - isca - DEBUG - Integration completed through    1 Jun 23   0: 0: 0
2021-08-05 16:46:24,350 - isca - DEBUG - Integration completed through    1 Jun 24   0: 0: 0
2021-08-05 16:46:37,623 - isca - DEBUG - Integration completed through    1 Jun 25   0: 0: 0
2021-08-05 16:46:50,961 - isca - DEBUG - Integration completed through    1 Jun 26   0: 0: 0
2021-08-05 16:47:04,208 - isca - DEBUG - Integration completed through    1 Jun 27   0: 0: 0
2021-08-05 16:47:17,477 - isca - DEBUG - Integration completed through    1 Jun 28   0: 0: 0
2021-08-05 16:47:30,770 - isca - DEBUG - Integration completed through    1 Jun 29   0: 0: 0
2021-08-05 16:47:44,053 - isca - DEBUG - Integration completed through    1 Jun 30   0: 0: 0
2021-08-05 16:47:57,364 - isca - DEBUG - Integration completed through    1 Jul  1   0: 0: 0
2021-08-05 16:47:57,637 - isca - DEBUG - NOTE from PE    0: MPP_IO_SET_STACK_SIZE: stack size set to     983040.
2021-08-05 16:48:00,364 - isca - DEBUG - MPP_DOMAINS_STACK high water mark=       61440
2021-08-05 16:48:00,364 - isca - DEBUG - 
2021-08-05 16:48:00,364 - isca - DEBUG - Tabulating mpp_clock statistics across     64 PEs...
2021-08-05 16:48:00,364 - isca - DEBUG - 
2021-08-05 16:48:00,364 - isca - DEBUG - tmin          tmax          tavg          tstd  tfrac grain pemin pemax
2021-08-05 16:48:00,364 - isca - DEBUG - Total runtime                       404.937709    404.938280    404.937999      0.000275  1.000     0     0    63
2021-08-05 16:48:00,365 - isca - DEBUG - MPP_STACK high water mark=           0
2021-08-05 16:48:00,714 - isca - INFO - Run 6 complete
2021-08-05 16:48:27,839 - isca - DEBUG - atmos_monthly.nc combined and copied to data directory
2021-08-05 16:48:39,366 - isca - INFO - Restart archive created at /network/group/aopp/planetary/PLR018_LEWIS_VENUS2/isca_data/GREY_T85L30fr_TL_om_1_4_a_1_1_ps_1_1/restarts/res0006.tar.gz
2021-08-05 16:48:39,597 - isca - INFO - Writing namelist to '/network/group/aopp/planetary/PLR018_LEWIS_VENUS2/isca_data/GREY_T85L30fr_TL_om_1_4_a_1_1_ps_1_1/run0006/input.nml'
2021-08-05 16:48:39,632 - isca - INFO - Writing field_table to '/network/group/aopp/planetary/PLR018_LEWIS_VENUS2/isca_data/GREY_T85L30fr_TL_om_1_4_a_1_1_ps_1_1/run0006/field_table'
2021-08-05 16:48:39,714 - isca - INFO - Writing diag_table to '/network/group/aopp/planetary/PLR018_LEWIS_VENUS2/isca_data/GREY_T85L30fr_TL_om_1_4_a_1_1_ps_1_1/run0006/diag_table'
2021-08-05 16:48:41,156 - isca - INFO - Emptied run directory '/network/group/aopp/planetary/PLR018_LEWIS_VENUS2/isca_work/experiment/GREY_T85L30fr_TL_om_1_4_a_1_1_ps_1_1/run'
2021-08-05 16:48:41,325 - isca - INFO - Emptied run directory '/network/group/aopp/planetary/PLR018_LEWIS_VENUS2/isca_work/experiment/GREY_T85L30fr_TL_om_1_4_a_1_1_ps_1_1/run'
2021-08-05 16:48:42,019 - isca - INFO - Writing namelist to '/network/group/aopp/planetary/PLR018_LEWIS_VENUS2/isca_work/experiment/GREY_T85L30fr_TL_om_1_4_a_1_1_ps_1_1/run/input.nml'
2021-08-05 16:48:42,027 - isca - INFO - Writing field_table to '/network/group/aopp/planetary/PLR018_LEWIS_VENUS2/isca_work/experiment/GREY_T85L30fr_TL_om_1_4_a_1_1_ps_1_1/run/field_table'
2021-08-05 16:48:42,087 - isca - INFO - Writing diag_table to '/network/group/aopp/planetary/PLR018_LEWIS_VENUS2/isca_work/experiment/GREY_T85L30fr_TL_om_1_4_a_1_1_ps_1_1/run/diag_table'
2021-08-05 16:48:42,110 - isca - INFO - Using restart file '/network/group/aopp/planetary/PLR018_LEWIS_VENUS2/isca_data/GREY_T85L30fr_TL_om_1_4_a_1_1_ps_1_1/restarts/res0006.tar.gz'
2021-08-05 16:48:44,279 - isca - INFO - Restart /network/group/aopp/planetary/PLR018_LEWIS_VENUS2/isca_data/GREY_T85L30fr_TL_om_1_4_a_1_1_ps_1_1/restarts/res0006.tar.gz extracted to /network/group/aopp/planetary/PLR018_LEWIS_VENUS2/isca_work/experiment/GREY_T85L30fr_TL_om_1_4_a_1_1_ps_1_1/run/INPUT
2021-08-05 16:48:44,301 - isca - INFO - Beginning run 7
2021-08-05 16:48:44,314 - isca - INFO - process running as 2454
2021-08-05 16:48:44,344 - isca - DEBUG - loadmodules for oxford machines
2021-08-05 16:48:44,732 - isca - DEBUG - [?1h=Currently Loaded Modulefiles:[m
2021-08-05 16:48:44,750 - isca - DEBUG - 1) physicspaths/2.0         6) otheros/generic-arc          [m
2021-08-05 16:48:44,750 - isca - DEBUG - 2) otheros/generic-oxphys   7) intel-compilers/2018upd4     [m
2021-08-05 16:48:44,750 - isca - DEBUG - 3) otheros/ubuntu_bionic    8) intel-mpi/2015               [m
2021-08-05 16:48:44,750 - isca - DEBUG - 4) otheros/ubuntu_trusty    9) netcdf/netcdf-c-4.7.3        [m
2021-08-05 16:48:44,750 - isca - DEBUG - 5) arcpaths/1.0            10) netcdf/netcdf-fortran-4.5.2  [m
2021-08-05 16:48:47,303 - isca - DEBUG - [K[?1l>NOTE from PE    0: MPP_DOMAINS_SET_STACK_SIZE: stack size set to    32768.
2021-08-05 16:48:47,304 - isca - DEBUG - &MPP_IO_NML
2021-08-05 16:48:47,304 - isca - DEBUG - HEADER_BUFFER_VAL       =       16384,
2021-08-05 16:48:47,304 - isca - DEBUG - GLOBAL_FIELD_ON_ROOT_PE = T,
2021-08-05 16:48:47,304 - isca - DEBUG - IO_CLOCKS_ON    = F,
2021-08-05 16:48:47,304 - isca - DEBUG - SHUFFLE =           0,
2021-08-05 16:48:47,304 - isca - DEBUG - DEFLATE_LEVEL   =          -1
2021-08-05 16:48:47,304 - isca - DEBUG - /
2021-08-05 16:48:47,306 - isca - DEBUG - NOTE from PE    0: MPP_IO_SET_STACK_SIZE: stack size set to     131072.
2021-08-05 16:48:47,308 - isca - DEBUG - NOTE from PE    0: MPP_DOMAINS_SET_STACK_SIZE: stack size set to   600000.
2021-08-05 16:48:47,362 - isca - DEBUG - starting            1  OpenMP threads per MPI-task
2021-08-05 16:48:47,374 - isca - DEBUG - ATMOS MODEL DOMAIN DECOMPOSITION
2021-08-05 16:48:47,375 - isca - DEBUG - X-AXIS =  256
2021-08-05 16:48:47,375 - isca - DEBUG - Y-AXIS =    2   2   2   2   2   2   2   2   2   2   2   2   2   2   2   2   2   2   2   2   2   2   2   2
2021-08-05 16:48:47,375 - isca - DEBUG - 2   2   2   2   2   2   2   2   2   2   2   2   2   2   2   2   2   2   2   2   2   2   2   2
2021-08-05 16:48:47,375 - isca - DEBUG - 2   2   2   2   2   2   2   2   2   2   2   2   2   2   2   2
2021-08-05 16:48:48,937 - isca - DEBUG - NOTE from PE    0: idealized_moist_phys: Using AM3 dry adjustment convection scheme.
2021-08-05 16:49:02,718 - isca - DEBUG - Integration completed through    1 Jul  2   0: 0: 0
2021-08-05 16:49:16,638 - isca - DEBUG - Integration completed through    1 Jul  3   0: 0: 0
2021-08-05 16:49:30,039 - isca - DEBUG - Integration completed through    1 Jul  4   0: 0: 0
2021-08-05 16:49:43,305 - isca - DEBUG - Integration completed through    1 Jul  5   0: 0: 0
2021-08-05 16:49:56,600 - isca - DEBUG - Integration completed through    1 Jul  6   0: 0: 0
2021-08-05 16:50:09,825 - isca - DEBUG - Integration completed through    1 Jul  7   0: 0: 0
2021-08-05 16:50:23,036 - isca - DEBUG - Integration completed through    1 Jul  8   0: 0: 0
2021-08-05 16:50:36,319 - isca - DEBUG - Integration completed through    1 Jul  9   0: 0: 0
2021-08-05 16:50:49,599 - isca - DEBUG - Integration completed through    1 Jul 10   0: 0: 0
2021-08-05 16:51:03,040 - isca - DEBUG - Integration completed through    1 Jul 11   0: 0: 0
2021-08-05 16:51:16,391 - isca - DEBUG - Integration completed through    1 Jul 12   0: 0: 0
2021-08-05 16:51:29,688 - isca - DEBUG - Integration completed through    1 Jul 13   0: 0: 0
2021-08-05 16:51:43,006 - isca - DEBUG - Integration completed through    1 Jul 14   0: 0: 0
2021-08-05 16:51:56,410 - isca - DEBUG - Integration completed through    1 Jul 15   0: 0: 0
2021-08-05 16:52:09,734 - isca - DEBUG - Integration completed through    1 Jul 16   0: 0: 0
2021-08-05 16:52:23,020 - isca - DEBUG - Integration completed through    1 Jul 17   0: 0: 0
2021-08-05 16:52:36,268 - isca - DEBUG - Integration completed through    1 Jul 18   0: 0: 0
2021-08-05 16:52:49,497 - isca - DEBUG - Integration completed through    1 Jul 19   0: 0: 0
2021-08-05 16:53:02,805 - isca - DEBUG - Integration completed through    1 Jul 20   0: 0: 0
2021-08-05 16:53:16,064 - isca - DEBUG - Integration completed through    1 Jul 21   0: 0: 0
2021-08-05 16:53:29,332 - isca - DEBUG - Integration completed through    1 Jul 22   0: 0: 0
2021-08-05 16:53:42,632 - isca - DEBUG - Integration completed through    1 Jul 23   0: 0: 0
2021-08-05 16:53:55,945 - isca - DEBUG - Integration completed through    1 Jul 24   0: 0: 0
2021-08-05 16:54:09,254 - isca - DEBUG - Integration completed through    1 Jul 25   0: 0: 0
2021-08-05 16:54:22,563 - isca - DEBUG - Integration completed through    1 Jul 26   0: 0: 0
2021-08-05 16:54:37,142 - isca - DEBUG - Integration completed through    1 Jul 27   0: 0: 0
2021-08-05 16:54:51,045 - isca - DEBUG - Integration completed through    1 Jul 28   0: 0: 0
2021-08-05 16:55:05,224 - isca - DEBUG - Integration completed through    1 Jul 29   0: 0: 0
2021-08-05 16:55:19,755 - isca - DEBUG - Integration completed through    1 Jul 30   0: 0: 0
2021-08-05 16:55:34,286 - isca - DEBUG - Integration completed through    1 Aug  1   0: 0: 0
2021-08-05 16:55:34,574 - isca - DEBUG - NOTE from PE    0: MPP_IO_SET_STACK_SIZE: stack size set to     983040.
2021-08-05 16:55:37,204 - isca - DEBUG - MPP_DOMAINS_STACK high water mark=       61440
2021-08-05 16:55:37,204 - isca - DEBUG - 
2021-08-05 16:55:37,205 - isca - DEBUG - Tabulating mpp_clock statistics across     64 PEs...
2021-08-05 16:55:37,205 - isca - DEBUG - 
2021-08-05 16:55:37,205 - isca - DEBUG - tmin          tmax          tavg          tstd  tfrac grain pemin pemax
2021-08-05 16:55:37,205 - isca - DEBUG - Total runtime                       409.903364    409.903848    409.903613      0.000232  1.000     0     0    63
2021-08-05 16:55:37,205 - isca - DEBUG - MPP_STACK high water mark=           0
2021-08-05 16:55:37,549 - isca - INFO - Run 7 complete
2021-08-05 16:56:04,899 - isca - DEBUG - atmos_monthly.nc combined and copied to data directory
2021-08-05 16:56:16,645 - isca - INFO - Restart archive created at /network/group/aopp/planetary/PLR018_LEWIS_VENUS2/isca_data/GREY_T85L30fr_TL_om_1_4_a_1_1_ps_1_1/restarts/res0007.tar.gz
2021-08-05 16:56:16,927 - isca - INFO - Writing namelist to '/network/group/aopp/planetary/PLR018_LEWIS_VENUS2/isca_data/GREY_T85L30fr_TL_om_1_4_a_1_1_ps_1_1/run0007/input.nml'
2021-08-05 16:56:17,005 - isca - INFO - Writing field_table to '/network/group/aopp/planetary/PLR018_LEWIS_VENUS2/isca_data/GREY_T85L30fr_TL_om_1_4_a_1_1_ps_1_1/run0007/field_table'
2021-08-05 16:56:17,055 - isca - INFO - Writing diag_table to '/network/group/aopp/planetary/PLR018_LEWIS_VENUS2/isca_data/GREY_T85L30fr_TL_om_1_4_a_1_1_ps_1_1/run0007/diag_table'
2021-08-05 16:56:18,364 - isca - INFO - Emptied run directory '/network/group/aopp/planetary/PLR018_LEWIS_VENUS2/isca_work/experiment/GREY_T85L30fr_TL_om_1_4_a_1_1_ps_1_1/run'
2021-08-05 16:56:18,508 - isca - INFO - Emptied run directory '/network/group/aopp/planetary/PLR018_LEWIS_VENUS2/isca_work/experiment/GREY_T85L30fr_TL_om_1_4_a_1_1_ps_1_1/run'
2021-08-05 16:56:19,191 - isca - INFO - Writing namelist to '/network/group/aopp/planetary/PLR018_LEWIS_VENUS2/isca_work/experiment/GREY_T85L30fr_TL_om_1_4_a_1_1_ps_1_1/run/input.nml'
2021-08-05 16:56:19,199 - isca - INFO - Writing field_table to '/network/group/aopp/planetary/PLR018_LEWIS_VENUS2/isca_work/experiment/GREY_T85L30fr_TL_om_1_4_a_1_1_ps_1_1/run/field_table'
2021-08-05 16:56:19,294 - isca - INFO - Writing diag_table to '/network/group/aopp/planetary/PLR018_LEWIS_VENUS2/isca_work/experiment/GREY_T85L30fr_TL_om_1_4_a_1_1_ps_1_1/run/diag_table'
2021-08-05 16:56:19,317 - isca - INFO - Using restart file '/network/group/aopp/planetary/PLR018_LEWIS_VENUS2/isca_data/GREY_T85L30fr_TL_om_1_4_a_1_1_ps_1_1/restarts/res0007.tar.gz'
2021-08-05 16:56:21,468 - isca - INFO - Restart /network/group/aopp/planetary/PLR018_LEWIS_VENUS2/isca_data/GREY_T85L30fr_TL_om_1_4_a_1_1_ps_1_1/restarts/res0007.tar.gz extracted to /network/group/aopp/planetary/PLR018_LEWIS_VENUS2/isca_work/experiment/GREY_T85L30fr_TL_om_1_4_a_1_1_ps_1_1/run/INPUT
2021-08-05 16:56:21,721 - isca - INFO - Beginning run 8
2021-08-05 16:56:21,733 - isca - INFO - process running as 3687
2021-08-05 16:56:21,765 - isca - DEBUG - loadmodules for oxford machines
2021-08-05 16:56:22,146 - isca - DEBUG - [?1h=Currently Loaded Modulefiles:[m
2021-08-05 16:56:22,166 - isca - DEBUG - 1) physicspaths/2.0         6) otheros/generic-arc          [m
2021-08-05 16:56:22,167 - isca - DEBUG - 2) otheros/generic-oxphys   7) intel-compilers/2018upd4     [m
2021-08-05 16:56:22,167 - isca - DEBUG - 3) otheros/ubuntu_bionic    8) intel-mpi/2015               [m
2021-08-05 16:56:22,167 - isca - DEBUG - 4) otheros/ubuntu_trusty    9) netcdf/netcdf-c-4.7.3        [m
2021-08-05 16:56:22,167 - isca - DEBUG - 5) arcpaths/1.0            10) netcdf/netcdf-fortran-4.5.2  [m
2021-08-05 16:56:24,732 - isca - DEBUG - [K[?1l>NOTE from PE    0: MPP_DOMAINS_SET_STACK_SIZE: stack size set to    32768.
2021-08-05 16:56:24,733 - isca - DEBUG - &MPP_IO_NML
2021-08-05 16:56:24,733 - isca - DEBUG - HEADER_BUFFER_VAL       =       16384,
2021-08-05 16:56:24,733 - isca - DEBUG - GLOBAL_FIELD_ON_ROOT_PE = T,
2021-08-05 16:56:24,733 - isca - DEBUG - IO_CLOCKS_ON    = F,
2021-08-05 16:56:24,733 - isca - DEBUG - SHUFFLE =           0,
2021-08-05 16:56:24,733 - isca - DEBUG - DEFLATE_LEVEL   =          -1
2021-08-05 16:56:24,733 - isca - DEBUG - /
2021-08-05 16:56:24,735 - isca - DEBUG - NOTE from PE    0: MPP_IO_SET_STACK_SIZE: stack size set to     131072.
2021-08-05 16:56:24,737 - isca - DEBUG - NOTE from PE    0: MPP_DOMAINS_SET_STACK_SIZE: stack size set to   600000.
2021-08-05 16:56:24,807 - isca - DEBUG - starting            1  OpenMP threads per MPI-task
2021-08-05 16:56:24,819 - isca - DEBUG - ATMOS MODEL DOMAIN DECOMPOSITION
2021-08-05 16:56:24,819 - isca - DEBUG - X-AXIS =  256
2021-08-05 16:56:24,819 - isca - DEBUG - Y-AXIS =    2   2   2   2   2   2   2   2   2   2   2   2   2   2   2   2   2   2   2   2   2   2   2   2
2021-08-05 16:56:24,819 - isca - DEBUG - 2   2   2   2   2   2   2   2   2   2   2   2   2   2   2   2   2   2   2   2   2   2   2   2
2021-08-05 16:56:24,819 - isca - DEBUG - 2   2   2   2   2   2   2   2   2   2   2   2   2   2   2   2
2021-08-05 16:56:26,286 - isca - DEBUG - NOTE from PE    0: idealized_moist_phys: Using AM3 dry adjustment convection scheme.
2021-08-05 16:56:40,151 - isca - DEBUG - Integration completed through    1 Aug  2   0: 0: 0
2021-08-05 16:56:55,280 - isca - DEBUG - Integration completed through    1 Aug  3   0: 0: 0
2021-08-05 16:57:08,616 - isca - DEBUG - Integration completed through    1 Aug  4   0: 0: 0
2021-08-05 16:57:21,867 - isca - DEBUG - Integration completed through    1 Aug  5   0: 0: 0
2021-08-05 16:57:35,085 - isca - DEBUG - Integration completed through    1 Aug  6   0: 0: 0
2021-08-05 16:57:48,299 - isca - DEBUG - Integration completed through    1 Aug  7   0: 0: 0
2021-08-05 16:58:01,481 - isca - DEBUG - Integration completed through    1 Aug  8   0: 0: 0
2021-08-05 16:58:14,696 - isca - DEBUG - Integration completed through    1 Aug  9   0: 0: 0
2021-08-05 16:58:27,935 - isca - DEBUG - Integration completed through    1 Aug 10   0: 0: 0
2021-08-05 16:58:41,127 - isca - DEBUG - Integration completed through    1 Aug 11   0: 0: 0
2021-08-05 16:58:54,359 - isca - DEBUG - Integration completed through    1 Aug 12   0: 0: 0
2021-08-05 16:59:07,576 - isca - DEBUG - Integration completed through    1 Aug 13   0: 0: 0
2021-08-05 16:59:20,804 - isca - DEBUG - Integration completed through    1 Aug 14   0: 0: 0
2021-08-05 16:59:34,962 - isca - DEBUG - Integration completed through    1 Aug 15   0: 0: 0
2021-08-05 16:59:48,242 - isca - DEBUG - Integration completed through    1 Aug 16   0: 0: 0
2021-08-05 17:00:01,533 - isca - DEBUG - Integration completed through    1 Aug 17   0: 0: 0
2021-08-05 17:00:14,766 - isca - DEBUG - Integration completed through    1 Aug 18   0: 0: 0
2021-08-05 17:00:27,956 - isca - DEBUG - Integration completed through    1 Aug 19   0: 0: 0
2021-08-05 17:00:41,254 - isca - DEBUG - Integration completed through    1 Aug 20   0: 0: 0
2021-08-05 17:00:54,538 - isca - DEBUG - Integration completed through    1 Aug 21   0: 0: 0
2021-08-05 17:01:07,809 - isca - DEBUG - Integration completed through    1 Aug 22   0: 0: 0
2021-08-05 17:01:21,061 - isca - DEBUG - Integration completed through    1 Aug 23   0: 0: 0
2021-08-05 17:01:34,331 - isca - DEBUG - Integration completed through    1 Aug 24   0: 0: 0
2021-08-05 17:01:47,548 - isca - DEBUG - Integration completed through    1 Aug 25   0: 0: 0
2021-08-05 17:02:00,773 - isca - DEBUG - Integration completed through    1 Aug 26   0: 0: 0
2021-08-05 17:02:13,983 - isca - DEBUG - Integration completed through    1 Aug 27   0: 0: 0
2021-08-05 17:02:15,458 - isca - DEBUG - PE, location, Textr(curr,future):  35: ***  1 30   240.080    -6.808
2021-08-05 17:02:15,458 - isca - DEBUG - PE, location, Uextr(curr,future):  35: ***  1 30   -12.488101534.960
2021-08-05 17:02:15,459 - isca - DEBUG - 
2021-08-05 17:02:15,459 - isca - DEBUG - FATAL from PE   35: spectral_dynamics: temperatures out of valid range
2021-08-05 17:02:15,459 - isca - DEBUG - 
2021-08-05 17:02:15,459 - isca - DEBUG - application called MPI_Abort(MPI_COMM_WORLD, 1) - process 35
2021-08-06 09:40:52,905 - isca - DEBUG - srun: Job step aborted: Waiting up to 32 seconds for job step to finish.
slurmstepd-atmnode005: error: *** JOB 6824 ON atmnode005 CANCELLED AT 2021-08-06T09:40:52 ***
2021-08-06 09:40:52,918 - isca - DEBUG - slurmstepd-atmnode005: error: *** STEP 6824.7 ON atmnode005 CANCELLED AT 2021-08-06T09:40:52 ***
