/home/lewis/.bashrc: line 75: goisca: command not found
2021-08-10 15:59:34,722 - isca - WARNING - Environment variable GFDL_SOC not set, but this is only required if using SocratesCodebase. Setting to None
2021-08-10 15:59:35,030 - isca - INFO - RRTM compilation disabled.
2021-08-10 15:59:35,030 - isca - INFO - SOCRATES compilation disabled.
2021-08-10 15:59:35,046 - isca - INFO - Writing path_names to '/network/group/aopp/planetary/PLR018_LEWIS_VENUS2/isca_work/codebase/_home_lewis_research_isca_dir_Isca/build/grey_isca/path_names'
2021-08-10 15:59:35,065 - isca - INFO - Running compiler
2021-08-10 15:59:35,108 - isca - INFO - loadmodules for oxford machines
2021-08-10 15:59:35,526 - isca - INFO - [?1h=Currently Loaded Modulefiles:[m
2021-08-10 15:59:35,546 - isca - INFO - 1) physicspaths/2.0         6) otheros/generic-arc          [m
2021-08-10 15:59:35,546 - isca - INFO - 2) otheros/generic-oxphys   7) intel-compilers/2018upd4     [m
2021-08-10 15:59:35,546 - isca - INFO - 3) otheros/ubuntu_bionic    8) intel-mpi/2015               [m
2021-08-10 15:59:35,546 - isca - INFO - 4) otheros/ubuntu_trusty    9) netcdf/netcdf-c-4.7.3        [m
2021-08-10 15:59:35,546 - isca - INFO - 5) arcpaths/1.0            10) netcdf/netcdf-fortran-4.5.2  [m
2021-08-10 15:59:35,567 - isca - INFO - [K[?1l>/network/group/aopp/planetary/PLR018_LEWIS_VENUS2/isca_work/codebase/_home_lewis_research_isca_dir_Isca/build/grey_isca/path_names
2021-08-10 15:59:44,991 - isca - INFO - .............................................................................................................................. Makefile is ready.
2021-08-10 15:59:45,463 - isca - INFO - make: Nothing to be done for 'all'.
2021-08-10 15:59:45,978 - isca - INFO - make: 'grey_isca.x' is up to date.
2021-08-10 15:59:45,981 - isca - INFO - Compilation complete.
2021-08-10 15:59:45,986 - isca - DEBUG - Making directory '/network/group/aopp/planetary/PLR018_LEWIS_VENUS2/isca_work/experiment/GREY_T42L30fr_om_1_4_a_1_1_ps_1_1_tautrue_nosimple_gust_1m4_gamma95'
2021-08-10 15:59:46,022 - isca - WARNING - Tried to remove run directory but it doesnt exist
2021-08-10 15:59:46,062 - isca - INFO - Emptied run directory '/network/group/aopp/planetary/PLR018_LEWIS_VENUS2/isca_work/experiment/GREY_T42L30fr_om_1_4_a_1_1_ps_1_1_tautrue_nosimple_gust_1m4_gamma95/run'
2021-08-10 15:59:46,137 - isca - INFO - Emptied run directory '/network/group/aopp/planetary/PLR018_LEWIS_VENUS2/isca_work/experiment/GREY_T42L30fr_om_1_4_a_1_1_ps_1_1_tautrue_nosimple_gust_1m4_gamma95/run'
2021-08-10 15:59:46,859 - isca - INFO - Writing namelist to '/network/group/aopp/planetary/PLR018_LEWIS_VENUS2/isca_work/experiment/GREY_T42L30fr_om_1_4_a_1_1_ps_1_1_tautrue_nosimple_gust_1m4_gamma95/run/input.nml'
2021-08-10 15:59:46,890 - isca - INFO - Writing field_table to '/network/group/aopp/planetary/PLR018_LEWIS_VENUS2/isca_work/experiment/GREY_T42L30fr_om_1_4_a_1_1_ps_1_1_tautrue_nosimple_gust_1m4_gamma95/run/field_table'
2021-08-10 15:59:46,941 - isca - INFO - Writing diag_table to '/network/group/aopp/planetary/PLR018_LEWIS_VENUS2/isca_work/experiment/GREY_T42L30fr_om_1_4_a_1_1_ps_1_1_tautrue_nosimple_gust_1m4_gamma95/run/diag_table'
2021-08-10 15:59:46,946 - isca - INFO - Running without restart file
2021-08-10 15:59:46,957 - isca - INFO - Beginning run 1
2021-08-10 15:59:46,973 - isca - INFO - process running as 56311
2021-08-10 15:59:47,000 - isca - DEBUG - loadmodules for oxford machines
2021-08-10 15:59:47,409 - isca - DEBUG - [?1h=Currently Loaded Modulefiles:[m
2021-08-10 15:59:47,429 - isca - DEBUG - 1) physicspaths/2.0         6) otheros/generic-arc          [m
2021-08-10 15:59:47,429 - isca - DEBUG - 2) otheros/generic-oxphys   7) intel-compilers/2018upd4     [m
2021-08-10 15:59:47,429 - isca - DEBUG - 3) otheros/ubuntu_bionic    8) intel-mpi/2015               [m
2021-08-10 15:59:47,430 - isca - DEBUG - 4) otheros/ubuntu_trusty    9) netcdf/netcdf-c-4.7.3        [m
2021-08-10 15:59:47,430 - isca - DEBUG - 5) arcpaths/1.0            10) netcdf/netcdf-fortran-4.5.2  [m
2021-08-10 15:59:47,796 - isca - DEBUG - [K[?1l>NOTE from PE    0: MPP_DOMAINS_SET_STACK_SIZE: stack size set to    32768.
2021-08-10 15:59:47,797 - isca - DEBUG - &MPP_IO_NML
2021-08-10 15:59:47,797 - isca - DEBUG - HEADER_BUFFER_VAL       =       16384,
2021-08-10 15:59:47,797 - isca - DEBUG - GLOBAL_FIELD_ON_ROOT_PE = T,
2021-08-10 15:59:47,797 - isca - DEBUG - IO_CLOCKS_ON    = F,
2021-08-10 15:59:47,797 - isca - DEBUG - SHUFFLE =           0,
2021-08-10 15:59:47,797 - isca - DEBUG - DEFLATE_LEVEL   =          -1
2021-08-10 15:59:47,797 - isca - DEBUG - /
2021-08-10 15:59:47,799 - isca - DEBUG - NOTE from PE    0: MPP_IO_SET_STACK_SIZE: stack size set to     131072.
2021-08-10 15:59:47,802 - isca - DEBUG - NOTE from PE    0: MPP_DOMAINS_SET_STACK_SIZE: stack size set to   600000.
2021-08-10 15:59:48,019 - isca - DEBUG - starting            1  OpenMP threads per MPI-task
2021-08-10 15:59:48,025 - isca - DEBUG - ATMOS MODEL DOMAIN DECOMPOSITION
2021-08-10 15:59:48,025 - isca - DEBUG - X-AXIS =  128
2021-08-10 15:59:48,025 - isca - DEBUG - Y-AXIS =    2   2   2   2   2   2   2   2   2   2   2   2   2   2   2   2   2   2   2   2   2   2   2   2
2021-08-10 15:59:48,025 - isca - DEBUG - 2   2   2   2   2   2   2   2
2021-08-10 15:59:48,465 - isca - DEBUG - mean surface pressure=1000.0000 mb
2021-08-10 15:59:48,508 - isca - DEBUG - NOTE from PE    0: idealized_moist_phys: Using AM3 dry adjustment convection scheme.
2021-08-10 15:59:50,711 - isca - DEBUG - Integration completed through    1 Jan  2   0: 0: 0
2021-08-10 15:59:52,174 - isca - DEBUG - Integration completed through    1 Jan  3   0: 0: 0
2021-08-10 15:59:53,643 - isca - DEBUG - Integration completed through    1 Jan  4   0: 0: 0
2021-08-10 15:59:55,110 - isca - DEBUG - Integration completed through    1 Jan  5   0: 0: 0
2021-08-10 15:59:56,583 - isca - DEBUG - Integration completed through    1 Jan  6   0: 0: 0
2021-08-10 15:59:58,060 - isca - DEBUG - Integration completed through    1 Jan  7   0: 0: 0
2021-08-10 15:59:59,531 - isca - DEBUG - Integration completed through    1 Jan  8   0: 0: 0
2021-08-10 16:00:01,003 - isca - DEBUG - Integration completed through    1 Jan  9   0: 0: 0
2021-08-10 16:00:02,609 - isca - DEBUG - Integration completed through    1 Jan 10   0: 0: 0
2021-08-10 16:00:04,079 - isca - DEBUG - Integration completed through    1 Jan 11   0: 0: 0
2021-08-10 16:00:05,567 - isca - DEBUG - Integration completed through    1 Jan 12   0: 0: 0
2021-08-10 16:00:07,046 - isca - DEBUG - Integration completed through    1 Jan 13   0: 0: 0
2021-08-10 16:00:08,526 - isca - DEBUG - Integration completed through    1 Jan 14   0: 0: 0
2021-08-10 16:00:10,006 - isca - DEBUG - Integration completed through    1 Jan 15   0: 0: 0
2021-08-10 16:00:11,485 - isca - DEBUG - Integration completed through    1 Jan 16   0: 0: 0
2021-08-10 16:00:12,965 - isca - DEBUG - Integration completed through    1 Jan 17   0: 0: 0
2021-08-10 16:00:14,449 - isca - DEBUG - Integration completed through    1 Jan 18   0: 0: 0
2021-08-10 16:00:15,931 - isca - DEBUG - Integration completed through    1 Jan 19   0: 0: 0
2021-08-10 16:00:17,409 - isca - DEBUG - Integration completed through    1 Jan 20   0: 0: 0
2021-08-10 16:00:18,891 - isca - DEBUG - Integration completed through    1 Jan 21   0: 0: 0
2021-08-10 16:00:20,376 - isca - DEBUG - Integration completed through    1 Jan 22   0: 0: 0
2021-08-10 16:00:21,864 - isca - DEBUG - Integration completed through    1 Jan 23   0: 0: 0
2021-08-10 16:00:23,345 - isca - DEBUG - Integration completed through    1 Jan 24   0: 0: 0
2021-08-10 16:00:24,828 - isca - DEBUG - Integration completed through    1 Jan 25   0: 0: 0
2021-08-10 16:00:26,308 - isca - DEBUG - Integration completed through    1 Jan 26   0: 0: 0
2021-08-10 16:00:27,787 - isca - DEBUG - Integration completed through    1 Jan 27   0: 0: 0
2021-08-10 16:00:29,266 - isca - DEBUG - Integration completed through    1 Jan 28   0: 0: 0
2021-08-10 16:00:30,743 - isca - DEBUG - Integration completed through    1 Jan 29   0: 0: 0
2021-08-10 16:00:32,657 - isca - DEBUG - Integration completed through    1 Jan 30   0: 0: 0
2021-08-10 16:00:34,977 - isca - DEBUG - Integration completed through    1 Feb  1   0: 0: 0
2021-08-10 16:00:37,908 - isca - DEBUG - Integration completed through    1 Feb  2   0: 0: 0
2021-08-10 16:00:39,381 - isca - DEBUG - Integration completed through    1 Feb  3   0: 0: 0
2021-08-10 16:00:40,862 - isca - DEBUG - Integration completed through    1 Feb  4   0: 0: 0
2021-08-10 16:00:42,345 - isca - DEBUG - Integration completed through    1 Feb  5   0: 0: 0
2021-08-10 16:00:43,827 - isca - DEBUG - Integration completed through    1 Feb  6   0: 0: 0
2021-08-10 16:00:45,314 - isca - DEBUG - Integration completed through    1 Feb  7   0: 0: 0
2021-08-10 16:00:46,796 - isca - DEBUG - Integration completed through    1 Feb  8   0: 0: 0
2021-08-10 16:00:48,279 - isca - DEBUG - Integration completed through    1 Feb  9   0: 0: 0
2021-08-10 16:00:49,763 - isca - DEBUG - Integration completed through    1 Feb 10   0: 0: 0
2021-08-10 16:00:51,248 - isca - DEBUG - Integration completed through    1 Feb 11   0: 0: 0
2021-08-10 16:00:52,732 - isca - DEBUG - Integration completed through    1 Feb 12   0: 0: 0
2021-08-10 16:00:54,533 - isca - DEBUG - Integration completed through    1 Feb 13   0: 0: 0
2021-08-10 16:00:56,401 - isca - DEBUG - Integration completed through    1 Feb 14   0: 0: 0
2021-08-10 16:00:58,040 - isca - DEBUG - Integration completed through    1 Feb 15   0: 0: 0
2021-08-10 16:00:59,521 - isca - DEBUG - Integration completed through    1 Feb 16   0: 0: 0
2021-08-10 16:01:01,001 - isca - DEBUG - Integration completed through    1 Feb 17   0: 0: 0
2021-08-10 16:01:02,483 - isca - DEBUG - Integration completed through    1 Feb 18   0: 0: 0
2021-08-10 16:01:03,970 - isca - DEBUG - Integration completed through    1 Feb 19   0: 0: 0
2021-08-10 16:01:05,454 - isca - DEBUG - Integration completed through    1 Feb 20   0: 0: 0
2021-08-10 16:01:06,949 - isca - DEBUG - Integration completed through    1 Feb 21   0: 0: 0
2021-08-10 16:01:08,434 - isca - DEBUG - Integration completed through    1 Feb 22   0: 0: 0
2021-08-10 16:01:09,917 - isca - DEBUG - Integration completed through    1 Feb 23   0: 0: 0
2021-08-10 16:01:11,402 - isca - DEBUG - Integration completed through    1 Feb 24   0: 0: 0
2021-08-10 16:01:12,887 - isca - DEBUG - Integration completed through    1 Feb 25   0: 0: 0
2021-08-10 16:01:14,376 - isca - DEBUG - Integration completed through    1 Feb 26   0: 0: 0
2021-08-10 16:01:15,862 - isca - DEBUG - Integration completed through    1 Feb 27   0: 0: 0
2021-08-10 16:01:17,348 - isca - DEBUG - Integration completed through    1 Feb 28   0: 0: 0
2021-08-10 16:01:18,835 - isca - DEBUG - Integration completed through    1 Feb 29   0: 0: 0
2021-08-10 16:01:20,324 - isca - DEBUG - Integration completed through    1 Feb 30   0: 0: 0
2021-08-10 16:01:21,808 - isca - DEBUG - Integration completed through    1 Mar  1   0: 0: 0
2021-08-10 16:01:23,409 - isca - DEBUG - Integration completed through    1 Mar  2   0: 0: 0
2021-08-10 16:01:24,894 - isca - DEBUG - Integration completed through    1 Mar  3   0: 0: 0
2021-08-10 16:01:26,383 - isca - DEBUG - Integration completed through    1 Mar  4   0: 0: 0
2021-08-10 16:01:27,867 - isca - DEBUG - Integration completed through    1 Mar  5   0: 0: 0
2021-08-10 16:01:29,357 - isca - DEBUG - Integration completed through    1 Mar  6   0: 0: 0
2021-08-10 16:01:30,841 - isca - DEBUG - Integration completed through    1 Mar  7   0: 0: 0
2021-08-10 16:01:32,330 - isca - DEBUG - Integration completed through    1 Mar  8   0: 0: 0
2021-08-10 16:01:33,815 - isca - DEBUG - Integration completed through    1 Mar  9   0: 0: 0
2021-08-10 16:01:35,297 - isca - DEBUG - Integration completed through    1 Mar 10   0: 0: 0
2021-08-10 16:01:36,780 - isca - DEBUG - Integration completed through    1 Mar 11   0: 0: 0
2021-08-10 16:01:38,267 - isca - DEBUG - Integration completed through    1 Mar 12   0: 0: 0
2021-08-10 16:01:39,749 - isca - DEBUG - Integration completed through    1 Mar 13   0: 0: 0
2021-08-10 16:01:41,234 - isca - DEBUG - Integration completed through    1 Mar 14   0: 0: 0
2021-08-10 16:01:42,720 - isca - DEBUG - Integration completed through    1 Mar 15   0: 0: 0
2021-08-10 16:01:44,205 - isca - DEBUG - Integration completed through    1 Mar 16   0: 0: 0
2021-08-10 16:01:45,691 - isca - DEBUG - Integration completed through    1 Mar 17   0: 0: 0
2021-08-10 16:01:47,177 - isca - DEBUG - Integration completed through    1 Mar 18   0: 0: 0
2021-08-10 16:01:48,663 - isca - DEBUG - Integration completed through    1 Mar 19   0: 0: 0
2021-08-10 16:01:50,152 - isca - DEBUG - Integration completed through    1 Mar 20   0: 0: 0
2021-08-10 16:01:51,639 - isca - DEBUG - Integration completed through    1 Mar 21   0: 0: 0
2021-08-10 16:01:53,131 - isca - DEBUG - Integration completed through    1 Mar 22   0: 0: 0
2021-08-10 16:01:54,620 - isca - DEBUG - Integration completed through    1 Mar 23   0: 0: 0
2021-08-10 16:01:56,106 - isca - DEBUG - Integration completed through    1 Mar 24   0: 0: 0
2021-08-10 16:01:57,592 - isca - DEBUG - Integration completed through    1 Mar 25   0: 0: 0
2021-08-10 16:01:59,081 - isca - DEBUG - Integration completed through    1 Mar 26   0: 0: 0
2021-08-10 16:02:00,567 - isca - DEBUG - Integration completed through    1 Mar 27   0: 0: 0
2021-08-10 16:02:02,054 - isca - DEBUG - Integration completed through    1 Mar 28   0: 0: 0
2021-08-10 16:02:03,539 - isca - DEBUG - Integration completed through    1 Mar 29   0: 0: 0
2021-08-10 16:02:05,026 - isca - DEBUG - Integration completed through    1 Mar 30   0: 0: 0
2021-08-10 16:02:06,510 - isca - DEBUG - Integration completed through    1 Apr  1   0: 0: 0
2021-08-10 16:02:08,079 - isca - DEBUG - Integration completed through    1 Apr  2   0: 0: 0
2021-08-10 16:02:09,579 - isca - DEBUG - Integration completed through    1 Apr  3   0: 0: 0
2021-08-10 16:02:11,064 - isca - DEBUG - Integration completed through    1 Apr  4   0: 0: 0
2021-08-10 16:02:12,549 - isca - DEBUG - Integration completed through    1 Apr  5   0: 0: 0
2021-08-10 16:02:14,033 - isca - DEBUG - Integration completed through    1 Apr  6   0: 0: 0
2021-08-10 16:02:15,521 - isca - DEBUG - Integration completed through    1 Apr  7   0: 0: 0
2021-08-10 16:02:17,006 - isca - DEBUG - Integration completed through    1 Apr  8   0: 0: 0
2021-08-10 16:02:18,497 - isca - DEBUG - Integration completed through    1 Apr  9   0: 0: 0
2021-08-10 16:02:19,984 - isca - DEBUG - Integration completed through    1 Apr 10   0: 0: 0
2021-08-10 16:02:21,469 - isca - DEBUG - Integration completed through    1 Apr 11   0: 0: 0
2021-08-10 16:02:22,952 - isca - DEBUG - Integration completed through    1 Apr 12   0: 0: 0
2021-08-10 16:02:24,434 - isca - DEBUG - Integration completed through    1 Apr 13   0: 0: 0
2021-08-10 16:02:25,922 - isca - DEBUG - Integration completed through    1 Apr 14   0: 0: 0
2021-08-10 16:02:27,408 - isca - DEBUG - Integration completed through    1 Apr 15   0: 0: 0
2021-08-10 16:02:28,895 - isca - DEBUG - Integration completed through    1 Apr 16   0: 0: 0
2021-08-10 16:02:30,380 - isca - DEBUG - Integration completed through    1 Apr 17   0: 0: 0
2021-08-10 16:02:31,865 - isca - DEBUG - Integration completed through    1 Apr 18   0: 0: 0
2021-08-10 16:02:33,350 - isca - DEBUG - Integration completed through    1 Apr 19   0: 0: 0
2021-08-10 16:02:34,839 - isca - DEBUG - Integration completed through    1 Apr 20   0: 0: 0
2021-08-10 16:02:36,324 - isca - DEBUG - Integration completed through    1 Apr 21   0: 0: 0
2021-08-10 16:02:37,809 - isca - DEBUG - Integration completed through    1 Apr 22   0: 0: 0
2021-08-10 16:02:39,295 - isca - DEBUG - Integration completed through    1 Apr 23   0: 0: 0
2021-08-10 16:02:40,780 - isca - DEBUG - Integration completed through    1 Apr 24   0: 0: 0
2021-08-10 16:02:42,266 - isca - DEBUG - Integration completed through    1 Apr 25   0: 0: 0
2021-08-10 16:02:43,753 - isca - DEBUG - Integration completed through    1 Apr 26   0: 0: 0
2021-08-10 16:02:45,238 - isca - DEBUG - Integration completed through    1 Apr 27   0: 0: 0
2021-08-10 16:02:46,727 - isca - DEBUG - Integration completed through    1 Apr 28   0: 0: 0
2021-08-10 16:02:48,216 - isca - DEBUG - Integration completed through    1 Apr 29   0: 0: 0
2021-08-10 16:02:49,700 - isca - DEBUG - Integration completed through    1 Apr 30   0: 0: 0
2021-08-10 16:02:51,184 - isca - DEBUG - Integration completed through    1 May  1   0: 0: 0
2021-08-10 16:02:52,784 - isca - DEBUG - Integration completed through    1 May  2   0: 0: 0
2021-08-10 16:02:54,271 - isca - DEBUG - Integration completed through    1 May  3   0: 0: 0
2021-08-10 16:02:55,756 - isca - DEBUG - Integration completed through    1 May  4   0: 0: 0
2021-08-10 16:02:57,244 - isca - DEBUG - Integration completed through    1 May  5   0: 0: 0
2021-08-10 16:02:58,733 - isca - DEBUG - Integration completed through    1 May  6   0: 0: 0
2021-08-10 16:03:00,218 - isca - DEBUG - Integration completed through    1 May  7   0: 0: 0
2021-08-10 16:03:01,709 - isca - DEBUG - Integration completed through    1 May  8   0: 0: 0
2021-08-10 16:03:03,196 - isca - DEBUG - Integration completed through    1 May  9   0: 0: 0
2021-08-10 16:03:04,681 - isca - DEBUG - Integration completed through    1 May 10   0: 0: 0
2021-08-10 16:03:06,167 - isca - DEBUG - Integration completed through    1 May 11   0: 0: 0
2021-08-10 16:03:07,657 - isca - DEBUG - Integration completed through    1 May 12   0: 0: 0
2021-08-10 16:03:09,146 - isca - DEBUG - Integration completed through    1 May 13   0: 0: 0
2021-08-10 16:03:10,632 - isca - DEBUG - Integration completed through    1 May 14   0: 0: 0
2021-08-10 16:03:12,116 - isca - DEBUG - Integration completed through    1 May 15   0: 0: 0
2021-08-10 16:03:13,602 - isca - DEBUG - Integration completed through    1 May 16   0: 0: 0
2021-08-10 16:03:15,088 - isca - DEBUG - Integration completed through    1 May 17   0: 0: 0
2021-08-10 16:03:16,575 - isca - DEBUG - Integration completed through    1 May 18   0: 0: 0
2021-08-10 16:03:18,062 - isca - DEBUG - Integration completed through    1 May 19   0: 0: 0
2021-08-10 16:03:19,549 - isca - DEBUG - Integration completed through    1 May 20   0: 0: 0
2021-08-10 16:03:21,032 - isca - DEBUG - Integration completed through    1 May 21   0: 0: 0
2021-08-10 16:03:22,518 - isca - DEBUG - Integration completed through    1 May 22   0: 0: 0
2021-08-10 16:03:24,017 - isca - DEBUG - Integration completed through    1 May 23   0: 0: 0
2021-08-10 16:03:25,501 - isca - DEBUG - Integration completed through    1 May 24   0: 0: 0
2021-08-10 16:03:27,211 - isca - DEBUG - Integration completed through    1 May 25   0: 0: 0
2021-08-10 16:03:28,931 - isca - DEBUG - Integration completed through    1 May 26   0: 0: 0
2021-08-10 16:03:30,737 - isca - DEBUG - Integration completed through    1 May 27   0: 0: 0
2021-08-10 16:03:32,639 - isca - DEBUG - Integration completed through    1 May 28   0: 0: 0
2021-08-10 16:03:34,361 - isca - DEBUG - Integration completed through    1 May 29   0: 0: 0
2021-08-10 16:03:36,164 - isca - DEBUG - Integration completed through    1 May 30   0: 0: 0
2021-08-10 16:03:38,113 - isca - DEBUG - Integration completed through    1 Jun  1   0: 0: 0
2021-08-10 16:03:40,112 - isca - DEBUG - Integration completed through    1 Jun  2   0: 0: 0
2021-08-10 16:03:41,974 - isca - DEBUG - Integration completed through    1 Jun  3   0: 0: 0
2021-08-10 16:03:43,455 - isca - DEBUG - Integration completed through    1 Jun  4   0: 0: 0
2021-08-10 16:03:45,025 - isca - DEBUG - Integration completed through    1 Jun  5   0: 0: 0
2021-08-10 16:03:46,935 - isca - DEBUG - Integration completed through    1 Jun  6   0: 0: 0
2021-08-10 16:03:48,840 - isca - DEBUG - Integration completed through    1 Jun  7   0: 0: 0
2021-08-10 16:03:50,775 - isca - DEBUG - Integration completed through    1 Jun  8   0: 0: 0
2021-08-10 16:03:52,570 - isca - DEBUG - Integration completed through    1 Jun  9   0: 0: 0
2021-08-10 16:03:54,440 - isca - DEBUG - Integration completed through    1 Jun 10   0: 0: 0
2021-08-10 16:03:56,269 - isca - DEBUG - Integration completed through    1 Jun 11   0: 0: 0
2021-08-10 16:03:58,078 - isca - DEBUG - Integration completed through    1 Jun 12   0: 0: 0
2021-08-10 16:03:59,839 - isca - DEBUG - Integration completed through    1 Jun 13   0: 0: 0
2021-08-10 16:04:01,862 - isca - DEBUG - Integration completed through    1 Jun 14   0: 0: 0
2021-08-10 16:04:03,897 - isca - DEBUG - Integration completed through    1 Jun 15   0: 0: 0
2021-08-10 16:04:05,932 - isca - DEBUG - Integration completed through    1 Jun 16   0: 0: 0
2021-08-10 16:04:07,970 - isca - DEBUG - Integration completed through    1 Jun 17   0: 0: 0
2021-08-10 16:04:10,008 - isca - DEBUG - Integration completed through    1 Jun 18   0: 0: 0
2021-08-10 16:04:12,046 - isca - DEBUG - Integration completed through    1 Jun 19   0: 0: 0
2021-08-10 16:04:14,079 - isca - DEBUG - Integration completed through    1 Jun 20   0: 0: 0
2021-08-10 16:04:16,120 - isca - DEBUG - Integration completed through    1 Jun 21   0: 0: 0
2021-08-10 16:04:18,159 - isca - DEBUG - Integration completed through    1 Jun 22   0: 0: 0
2021-08-10 16:04:20,195 - isca - DEBUG - Integration completed through    1 Jun 23   0: 0: 0
2021-08-10 16:04:22,229 - isca - DEBUG - Integration completed through    1 Jun 24   0: 0: 0
2021-08-10 16:04:24,261 - isca - DEBUG - Integration completed through    1 Jun 25   0: 0: 0
2021-08-10 16:04:26,288 - isca - DEBUG - Integration completed through    1 Jun 26   0: 0: 0
2021-08-10 16:04:28,316 - isca - DEBUG - Integration completed through    1 Jun 27   0: 0: 0
2021-08-10 16:04:30,344 - isca - DEBUG - Integration completed through    1 Jun 28   0: 0: 0
2021-08-10 16:04:32,363 - isca - DEBUG - Integration completed through    1 Jun 29   0: 0: 0
2021-08-10 16:04:34,252 - isca - DEBUG - Integration completed through    1 Jun 30   0: 0: 0
2021-08-10 16:04:36,054 - isca - DEBUG - Integration completed through    1 Jul  1   0: 0: 0
2021-08-10 16:04:37,746 - isca - DEBUG - Integration completed through    1 Jul  2   0: 0: 0
2021-08-10 16:04:39,231 - isca - DEBUG - Integration completed through    1 Jul  3   0: 0: 0
2021-08-10 16:04:40,719 - isca - DEBUG - Integration completed through    1 Jul  4   0: 0: 0
2021-08-10 16:04:42,206 - isca - DEBUG - Integration completed through    1 Jul  5   0: 0: 0
2021-08-10 16:04:43,692 - isca - DEBUG - Integration completed through    1 Jul  6   0: 0: 0
2021-08-10 16:04:45,179 - isca - DEBUG - Integration completed through    1 Jul  7   0: 0: 0
2021-08-10 16:04:46,667 - isca - DEBUG - Integration completed through    1 Jul  8   0: 0: 0
2021-08-10 16:04:48,155 - isca - DEBUG - Integration completed through    1 Jul  9   0: 0: 0
2021-08-10 16:04:49,642 - isca - DEBUG - Integration completed through    1 Jul 10   0: 0: 0
2021-08-10 16:04:51,126 - isca - DEBUG - Integration completed through    1 Jul 11   0: 0: 0
2021-08-10 16:04:52,615 - isca - DEBUG - Integration completed through    1 Jul 12   0: 0: 0
2021-08-10 16:04:54,106 - isca - DEBUG - Integration completed through    1 Jul 13   0: 0: 0
2021-08-10 16:04:55,592 - isca - DEBUG - Integration completed through    1 Jul 14   0: 0: 0
2021-08-10 16:04:57,078 - isca - DEBUG - Integration completed through    1 Jul 15   0: 0: 0
2021-08-10 16:04:58,566 - isca - DEBUG - Integration completed through    1 Jul 16   0: 0: 0
2021-08-10 16:05:00,057 - isca - DEBUG - Integration completed through    1 Jul 17   0: 0: 0
2021-08-10 16:05:01,543 - isca - DEBUG - Integration completed through    1 Jul 18   0: 0: 0
2021-08-10 16:05:03,073 - isca - DEBUG - Integration completed through    1 Jul 19   0: 0: 0
2021-08-10 16:05:04,563 - isca - DEBUG - Integration completed through    1 Jul 20   0: 0: 0
2021-08-10 16:05:06,049 - isca - DEBUG - Integration completed through    1 Jul 21   0: 0: 0
2021-08-10 16:05:07,538 - isca - DEBUG - Integration completed through    1 Jul 22   0: 0: 0
2021-08-10 16:05:09,023 - isca - DEBUG - Integration completed through    1 Jul 23   0: 0: 0
2021-08-10 16:05:10,513 - isca - DEBUG - Integration completed through    1 Jul 24   0: 0: 0
2021-08-10 16:05:11,999 - isca - DEBUG - Integration completed through    1 Jul 25   0: 0: 0
2021-08-10 16:05:13,486 - isca - DEBUG - Integration completed through    1 Jul 26   0: 0: 0
2021-08-10 16:05:14,973 - isca - DEBUG - Integration completed through    1 Jul 27   0: 0: 0
2021-08-10 16:05:16,459 - isca - DEBUG - Integration completed through    1 Jul 28   0: 0: 0
2021-08-10 16:05:17,945 - isca - DEBUG - Integration completed through    1 Jul 29   0: 0: 0
2021-08-10 16:05:19,431 - isca - DEBUG - Integration completed through    1 Jul 30   0: 0: 0
2021-08-10 16:05:20,917 - isca - DEBUG - Integration completed through    1 Aug  1   0: 0: 0
2021-08-10 16:05:22,478 - isca - DEBUG - Integration completed through    1 Aug  2   0: 0: 0
2021-08-10 16:05:23,966 - isca - DEBUG - Integration completed through    1 Aug  3   0: 0: 0
2021-08-10 16:05:25,451 - isca - DEBUG - Integration completed through    1 Aug  4   0: 0: 0
2021-08-10 16:05:26,941 - isca - DEBUG - Integration completed through    1 Aug  5   0: 0: 0
2021-08-10 16:05:28,427 - isca - DEBUG - Integration completed through    1 Aug  6   0: 0: 0
2021-08-10 16:05:29,914 - isca - DEBUG - Integration completed through    1 Aug  7   0: 0: 0
2021-08-10 16:05:31,512 - isca - DEBUG - Integration completed through    1 Aug  8   0: 0: 0
2021-08-10 16:05:32,992 - isca - DEBUG - Integration completed through    1 Aug  9   0: 0: 0
2021-08-10 16:05:34,478 - isca - DEBUG - Integration completed through    1 Aug 10   0: 0: 0
2021-08-10 16:05:35,965 - isca - DEBUG - Integration completed through    1 Aug 11   0: 0: 0
2021-08-10 16:05:37,454 - isca - DEBUG - Integration completed through    1 Aug 12   0: 0: 0
2021-08-10 16:05:38,940 - isca - DEBUG - Integration completed through    1 Aug 13   0: 0: 0
2021-08-10 16:05:40,426 - isca - DEBUG - Integration completed through    1 Aug 14   0: 0: 0
2021-08-10 16:05:41,915 - isca - DEBUG - Integration completed through    1 Aug 15   0: 0: 0
2021-08-10 16:05:43,401 - isca - DEBUG - Integration completed through    1 Aug 16   0: 0: 0
2021-08-10 16:05:44,887 - isca - DEBUG - Integration completed through    1 Aug 17   0: 0: 0
2021-08-10 16:05:46,377 - isca - DEBUG - Integration completed through    1 Aug 18   0: 0: 0
2021-08-10 16:05:47,866 - isca - DEBUG - Integration completed through    1 Aug 19   0: 0: 0
2021-08-10 16:05:49,348 - isca - DEBUG - Integration completed through    1 Aug 20   0: 0: 0
2021-08-10 16:05:50,833 - isca - DEBUG - Integration completed through    1 Aug 21   0: 0: 0
2021-08-10 16:05:52,318 - isca - DEBUG - Integration completed through    1 Aug 22   0: 0: 0
2021-08-10 16:05:53,982 - isca - DEBUG - Integration completed through    1 Aug 23   0: 0: 0
2021-08-10 16:05:55,822 - isca - DEBUG - Integration completed through    1 Aug 24   0: 0: 0
2021-08-10 16:05:57,524 - isca - DEBUG - Integration completed through    1 Aug 25   0: 0: 0
2021-08-10 16:05:59,046 - isca - DEBUG - Integration completed through    1 Aug 26   0: 0: 0
2021-08-10 16:06:00,534 - isca - DEBUG - Integration completed through    1 Aug 27   0: 0: 0
2021-08-10 16:06:02,020 - isca - DEBUG - Integration completed through    1 Aug 28   0: 0: 0
2021-08-10 16:06:03,506 - isca - DEBUG - Integration completed through    1 Aug 29   0: 0: 0
2021-08-10 16:06:04,993 - isca - DEBUG - Integration completed through    1 Aug 30   0: 0: 0
2021-08-10 16:06:06,491 - isca - DEBUG - Integration completed through    1 Sep  1   0: 0: 0
2021-08-10 16:06:08,093 - isca - DEBUG - Integration completed through    1 Sep  2   0: 0: 0
2021-08-10 16:06:09,574 - isca - DEBUG - Integration completed through    1 Sep  3   0: 0: 0
2021-08-10 16:06:11,064 - isca - DEBUG - Integration completed through    1 Sep  4   0: 0: 0
2021-08-10 16:06:12,551 - isca - DEBUG - Integration completed through    1 Sep  5   0: 0: 0
2021-08-10 16:06:14,038 - isca - DEBUG - Integration completed through    1 Sep  6   0: 0: 0
2021-08-10 16:06:15,524 - isca - DEBUG - Integration completed through    1 Sep  7   0: 0: 0
2021-08-10 16:06:17,009 - isca - DEBUG - Integration completed through    1 Sep  8   0: 0: 0
2021-08-10 16:06:18,496 - isca - DEBUG - Integration completed through    1 Sep  9   0: 0: 0
2021-08-10 16:06:19,981 - isca - DEBUG - Integration completed through    1 Sep 10   0: 0: 0
2021-08-10 16:06:21,467 - isca - DEBUG - Integration completed through    1 Sep 11   0: 0: 0
2021-08-10 16:06:22,952 - isca - DEBUG - Integration completed through    1 Sep 12   0: 0: 0
2021-08-10 16:06:24,439 - isca - DEBUG - Integration completed through    1 Sep 13   0: 0: 0
2021-08-10 16:06:25,925 - isca - DEBUG - Integration completed through    1 Sep 14   0: 0: 0
2021-08-10 16:06:27,408 - isca - DEBUG - Integration completed through    1 Sep 15   0: 0: 0
2021-08-10 16:06:28,894 - isca - DEBUG - Integration completed through    1 Sep 16   0: 0: 0
2021-08-10 16:06:30,378 - isca - DEBUG - Integration completed through    1 Sep 17   0: 0: 0
2021-08-10 16:06:31,867 - isca - DEBUG - Integration completed through    1 Sep 18   0: 0: 0
2021-08-10 16:06:33,356 - isca - DEBUG - Integration completed through    1 Sep 19   0: 0: 0
2021-08-10 16:06:34,842 - isca - DEBUG - Integration completed through    1 Sep 20   0: 0: 0
2021-08-10 16:06:36,327 - isca - DEBUG - Integration completed through    1 Sep 21   0: 0: 0
2021-08-10 16:06:37,810 - isca - DEBUG - Integration completed through    1 Sep 22   0: 0: 0
2021-08-10 16:06:39,294 - isca - DEBUG - Integration completed through    1 Sep 23   0: 0: 0
2021-08-10 16:06:40,781 - isca - DEBUG - Integration completed through    1 Sep 24   0: 0: 0
2021-08-10 16:06:42,268 - isca - DEBUG - Integration completed through    1 Sep 25   0: 0: 0
2021-08-10 16:06:43,755 - isca - DEBUG - Integration completed through    1 Sep 26   0: 0: 0
2021-08-10 16:06:45,241 - isca - DEBUG - Integration completed through    1 Sep 27   0: 0: 0
2021-08-10 16:06:46,728 - isca - DEBUG - Integration completed through    1 Sep 28   0: 0: 0
2021-08-10 16:06:48,219 - isca - DEBUG - Integration completed through    1 Sep 29   0: 0: 0
2021-08-10 16:06:49,708 - isca - DEBUG - Integration completed through    1 Sep 30   0: 0: 0
2021-08-10 16:06:51,196 - isca - DEBUG - Integration completed through    1 Oct  1   0: 0: 0
2021-08-10 16:06:52,765 - isca - DEBUG - Integration completed through    1 Oct  2   0: 0: 0
2021-08-10 16:06:54,251 - isca - DEBUG - Integration completed through    1 Oct  3   0: 0: 0
2021-08-10 16:06:55,740 - isca - DEBUG - Integration completed through    1 Oct  4   0: 0: 0
2021-08-10 16:06:57,227 - isca - DEBUG - Integration completed through    1 Oct  5   0: 0: 0
2021-08-10 16:06:58,712 - isca - DEBUG - Integration completed through    1 Oct  6   0: 0: 0
2021-08-10 16:07:00,198 - isca - DEBUG - Integration completed through    1 Oct  7   0: 0: 0
2021-08-10 16:07:01,685 - isca - DEBUG - Integration completed through    1 Oct  8   0: 0: 0
2021-08-10 16:07:03,173 - isca - DEBUG - Integration completed through    1 Oct  9   0: 0: 0
2021-08-10 16:07:04,663 - isca - DEBUG - Integration completed through    1 Oct 10   0: 0: 0
2021-08-10 16:07:06,151 - isca - DEBUG - Integration completed through    1 Oct 11   0: 0: 0
2021-08-10 16:07:07,637 - isca - DEBUG - Integration completed through    1 Oct 12   0: 0: 0
2021-08-10 16:07:09,137 - isca - DEBUG - Integration completed through    1 Oct 13   0: 0: 0
2021-08-10 16:07:10,623 - isca - DEBUG - Integration completed through    1 Oct 14   0: 0: 0
2021-08-10 16:07:12,110 - isca - DEBUG - Integration completed through    1 Oct 15   0: 0: 0
2021-08-10 16:07:13,600 - isca - DEBUG - Integration completed through    1 Oct 16   0: 0: 0
2021-08-10 16:07:15,087 - isca - DEBUG - Integration completed through    1 Oct 17   0: 0: 0
2021-08-10 16:07:16,572 - isca - DEBUG - Integration completed through    1 Oct 18   0: 0: 0
2021-08-10 16:07:18,058 - isca - DEBUG - Integration completed through    1 Oct 19   0: 0: 0
2021-08-10 16:07:19,546 - isca - DEBUG - Integration completed through    1 Oct 20   0: 0: 0
2021-08-10 16:07:21,034 - isca - DEBUG - Integration completed through    1 Oct 21   0: 0: 0
2021-08-10 16:07:22,518 - isca - DEBUG - Integration completed through    1 Oct 22   0: 0: 0
2021-08-10 16:07:24,008 - isca - DEBUG - Integration completed through    1 Oct 23   0: 0: 0
2021-08-10 16:07:25,497 - isca - DEBUG - Integration completed through    1 Oct 24   0: 0: 0
2021-08-10 16:07:26,984 - isca - DEBUG - Integration completed through    1 Oct 25   0: 0: 0
2021-08-10 16:07:28,473 - isca - DEBUG - Integration completed through    1 Oct 26   0: 0: 0
2021-08-10 16:07:29,960 - isca - DEBUG - Integration completed through    1 Oct 27   0: 0: 0
2021-08-10 16:07:31,447 - isca - DEBUG - Integration completed through    1 Oct 28   0: 0: 0
2021-08-10 16:07:32,934 - isca - DEBUG - Integration completed through    1 Oct 29   0: 0: 0
2021-08-10 16:07:34,420 - isca - DEBUG - Integration completed through    1 Oct 30   0: 0: 0
2021-08-10 16:07:35,908 - isca - DEBUG - Integration completed through    1 Nov  1   0: 0: 0
2021-08-10 16:07:37,499 - isca - DEBUG - Integration completed through    1 Nov  2   0: 0: 0
2021-08-10 16:07:38,989 - isca - DEBUG - Integration completed through    1 Nov  3   0: 0: 0
2021-08-10 16:07:40,474 - isca - DEBUG - Integration completed through    1 Nov  4   0: 0: 0
2021-08-10 16:07:41,961 - isca - DEBUG - Integration completed through    1 Nov  5   0: 0: 0
2021-08-10 16:07:43,445 - isca - DEBUG - Integration completed through    1 Nov  6   0: 0: 0
2021-08-10 16:07:44,931 - isca - DEBUG - Integration completed through    1 Nov  7   0: 0: 0
2021-08-10 16:07:46,423 - isca - DEBUG - Integration completed through    1 Nov  8   0: 0: 0
2021-08-10 16:07:47,913 - isca - DEBUG - Integration completed through    1 Nov  9   0: 0: 0
2021-08-10 16:07:49,402 - isca - DEBUG - Integration completed through    1 Nov 10   0: 0: 0
2021-08-10 16:07:50,892 - isca - DEBUG - Integration completed through    1 Nov 11   0: 0: 0
2021-08-10 16:07:52,381 - isca - DEBUG - Integration completed through    1 Nov 12   0: 0: 0
2021-08-10 16:07:53,870 - isca - DEBUG - Integration completed through    1 Nov 13   0: 0: 0
2021-08-10 16:07:55,359 - isca - DEBUG - Integration completed through    1 Nov 14   0: 0: 0
2021-08-10 16:07:56,846 - isca - DEBUG - Integration completed through    1 Nov 15   0: 0: 0
2021-08-10 16:07:58,333 - isca - DEBUG - Integration completed through    1 Nov 16   0: 0: 0
2021-08-10 16:07:59,820 - isca - DEBUG - Integration completed through    1 Nov 17   0: 0: 0
2021-08-10 16:08:01,315 - isca - DEBUG - Integration completed through    1 Nov 18   0: 0: 0
2021-08-10 16:08:02,802 - isca - DEBUG - Integration completed through    1 Nov 19   0: 0: 0
2021-08-10 16:08:04,292 - isca - DEBUG - Integration completed through    1 Nov 20   0: 0: 0
2021-08-10 16:08:05,779 - isca - DEBUG - Integration completed through    1 Nov 21   0: 0: 0
2021-08-10 16:08:07,268 - isca - DEBUG - Integration completed through    1 Nov 22   0: 0: 0
2021-08-10 16:08:08,753 - isca - DEBUG - Integration completed through    1 Nov 23   0: 0: 0
2021-08-10 16:08:10,242 - isca - DEBUG - Integration completed through    1 Nov 24   0: 0: 0
2021-08-10 16:08:11,734 - isca - DEBUG - Integration completed through    1 Nov 25   0: 0: 0
2021-08-10 16:08:13,221 - isca - DEBUG - Integration completed through    1 Nov 26   0: 0: 0
2021-08-10 16:08:14,711 - isca - DEBUG - Integration completed through    1 Nov 27   0: 0: 0
2021-08-10 16:08:16,198 - isca - DEBUG - Integration completed through    1 Nov 28   0: 0: 0
2021-08-10 16:08:17,686 - isca - DEBUG - Integration completed through    1 Nov 29   0: 0: 0
2021-08-10 16:08:19,171 - isca - DEBUG - Integration completed through    1 Nov 30   0: 0: 0
2021-08-10 16:08:20,659 - isca - DEBUG - Integration completed through    1 Dec  1   0: 0: 0
2021-08-10 16:08:22,307 - isca - DEBUG - Integration completed through    1 Dec  2   0: 0: 0
2021-08-10 16:08:23,804 - isca - DEBUG - Integration completed through    1 Dec  3   0: 0: 0
2021-08-10 16:08:25,289 - isca - DEBUG - Integration completed through    1 Dec  4   0: 0: 0
2021-08-10 16:08:26,776 - isca - DEBUG - Integration completed through    1 Dec  5   0: 0: 0
2021-08-10 16:08:28,261 - isca - DEBUG - Integration completed through    1 Dec  6   0: 0: 0
2021-08-10 16:08:29,749 - isca - DEBUG - Integration completed through    1 Dec  7   0: 0: 0
2021-08-10 16:08:31,233 - isca - DEBUG - Integration completed through    1 Dec  8   0: 0: 0
2021-08-10 16:08:32,719 - isca - DEBUG - Integration completed through    1 Dec  9   0: 0: 0
2021-08-10 16:08:34,206 - isca - DEBUG - Integration completed through    1 Dec 10   0: 0: 0
2021-08-10 16:08:35,696 - isca - DEBUG - Integration completed through    1 Dec 11   0: 0: 0
2021-08-10 16:08:37,181 - isca - DEBUG - Integration completed through    1 Dec 12   0: 0: 0
2021-08-10 16:08:38,667 - isca - DEBUG - Integration completed through    1 Dec 13   0: 0: 0
2021-08-10 16:08:40,154 - isca - DEBUG - Integration completed through    1 Dec 14   0: 0: 0
2021-08-10 16:08:41,639 - isca - DEBUG - Integration completed through    1 Dec 15   0: 0: 0
2021-08-10 16:08:43,125 - isca - DEBUG - Integration completed through    1 Dec 16   0: 0: 0
2021-08-10 16:08:44,612 - isca - DEBUG - Integration completed through    1 Dec 17   0: 0: 0
2021-08-10 16:08:46,099 - isca - DEBUG - Integration completed through    1 Dec 18   0: 0: 0
2021-08-10 16:08:47,586 - isca - DEBUG - Integration completed through    1 Dec 19   0: 0: 0
2021-08-10 16:08:49,072 - isca - DEBUG - Integration completed through    1 Dec 20   0: 0: 0
2021-08-10 16:08:50,557 - isca - DEBUG - Integration completed through    1 Dec 21   0: 0: 0
2021-08-10 16:08:52,042 - isca - DEBUG - Integration completed through    1 Dec 22   0: 0: 0
2021-08-10 16:08:53,532 - isca - DEBUG - Integration completed through    1 Dec 23   0: 0: 0
2021-08-10 16:08:55,022 - isca - DEBUG - Integration completed through    1 Dec 24   0: 0: 0
2021-08-10 16:08:56,507 - isca - DEBUG - Integration completed through    1 Dec 25   0: 0: 0
2021-08-10 16:08:57,995 - isca - DEBUG - Integration completed through    1 Dec 26   0: 0: 0
2021-08-10 16:08:59,482 - isca - DEBUG - Integration completed through    1 Dec 27   0: 0: 0
2021-08-10 16:09:00,968 - isca - DEBUG - Integration completed through    1 Dec 28   0: 0: 0
2021-08-10 16:09:02,457 - isca - DEBUG - Integration completed through    1 Dec 29   0: 0: 0
2021-08-10 16:09:03,941 - isca - DEBUG - Integration completed through    1 Dec 30   0: 0: 0
2021-08-10 16:09:05,428 - isca - DEBUG - Integration completed through    2 Jan  1   0: 0: 0
2021-08-10 16:09:05,556 - isca - DEBUG - NOTE from PE    0: MPP_IO_SET_STACK_SIZE: stack size set to     245760.
2021-08-10 16:09:06,205 - isca - DEBUG - MPP_DOMAINS_STACK high water mark=       30720
2021-08-10 16:09:06,206 - isca - DEBUG - 
2021-08-10 16:09:06,206 - isca - DEBUG - Tabulating mpp_clock statistics across     32 PEs...
2021-08-10 16:09:06,206 - isca - DEBUG - 
2021-08-10 16:09:06,206 - isca - DEBUG - tmin          tmax          tavg          tstd  tfrac grain pemin pemax
2021-08-10 16:09:06,206 - isca - DEBUG - Total runtime                       558.411467    558.411473    558.411470      0.000002  1.000     0     0    31
2021-08-10 16:09:06,206 - isca - DEBUG - MPP_STACK high water mark=           0
2021-08-10 16:09:06,273 - isca - INFO - Run 1 complete
2021-08-10 16:09:10,146 - isca - DEBUG - atmos_monthly.nc combined and copied to data directory
2021-08-10 16:09:12,294 - isca - INFO - Restart archive created at /network/group/aopp/planetary/PLR018_LEWIS_VENUS2/isca_data/GREY_T42L30fr_om_1_4_a_1_1_ps_1_1_tautrue_nosimple_gust_1m4_gamma95/restarts/res0001.tar.gz
2021-08-10 16:09:12,414 - isca - INFO - Writing namelist to '/network/group/aopp/planetary/PLR018_LEWIS_VENUS2/isca_data/GREY_T42L30fr_om_1_4_a_1_1_ps_1_1_tautrue_nosimple_gust_1m4_gamma95/run0001/input.nml'
2021-08-10 16:09:12,443 - isca - INFO - Writing field_table to '/network/group/aopp/planetary/PLR018_LEWIS_VENUS2/isca_data/GREY_T42L30fr_om_1_4_a_1_1_ps_1_1_tautrue_nosimple_gust_1m4_gamma95/run0001/field_table'
2021-08-10 16:09:12,508 - isca - INFO - Writing diag_table to '/network/group/aopp/planetary/PLR018_LEWIS_VENUS2/isca_data/GREY_T42L30fr_om_1_4_a_1_1_ps_1_1_tautrue_nosimple_gust_1m4_gamma95/run0001/diag_table'
2021-08-10 16:09:13,428 - isca - INFO - Emptied run directory '/network/group/aopp/planetary/PLR018_LEWIS_VENUS2/isca_work/experiment/GREY_T42L30fr_om_1_4_a_1_1_ps_1_1_tautrue_nosimple_gust_1m4_gamma95/run'
2021-08-10 16:09:13,518 - isca - INFO - Emptied run directory '/network/group/aopp/planetary/PLR018_LEWIS_VENUS2/isca_work/experiment/GREY_T42L30fr_om_1_4_a_1_1_ps_1_1_tautrue_nosimple_gust_1m4_gamma95/run'
2021-08-10 16:09:14,101 - isca - INFO - Writing namelist to '/network/group/aopp/planetary/PLR018_LEWIS_VENUS2/isca_work/experiment/GREY_T42L30fr_om_1_4_a_1_1_ps_1_1_tautrue_nosimple_gust_1m4_gamma95/run/input.nml'
2021-08-10 16:09:14,128 - isca - INFO - Writing field_table to '/network/group/aopp/planetary/PLR018_LEWIS_VENUS2/isca_work/experiment/GREY_T42L30fr_om_1_4_a_1_1_ps_1_1_tautrue_nosimple_gust_1m4_gamma95/run/field_table'
2021-08-10 16:09:14,181 - isca - INFO - Writing diag_table to '/network/group/aopp/planetary/PLR018_LEWIS_VENUS2/isca_work/experiment/GREY_T42L30fr_om_1_4_a_1_1_ps_1_1_tautrue_nosimple_gust_1m4_gamma95/run/diag_table'
2021-08-10 16:09:14,211 - isca - INFO - Using restart file '/network/group/aopp/planetary/PLR018_LEWIS_VENUS2/isca_data/GREY_T42L30fr_om_1_4_a_1_1_ps_1_1_tautrue_nosimple_gust_1m4_gamma95/restarts/res0001.tar.gz'
2021-08-10 16:09:14,788 - isca - INFO - Restart /network/group/aopp/planetary/PLR018_LEWIS_VENUS2/isca_data/GREY_T42L30fr_om_1_4_a_1_1_ps_1_1_tautrue_nosimple_gust_1m4_gamma95/restarts/res0001.tar.gz extracted to /network/group/aopp/planetary/PLR018_LEWIS_VENUS2/isca_work/experiment/GREY_T42L30fr_om_1_4_a_1_1_ps_1_1_tautrue_nosimple_gust_1m4_gamma95/run/INPUT
2021-08-10 16:09:14,790 - isca - INFO - Beginning run 2
2021-08-10 16:09:14,799 - isca - INFO - process running as 57538
2021-08-10 16:09:14,831 - isca - DEBUG - loadmodules for oxford machines
2021-08-10 16:09:15,260 - isca - DEBUG - [?1h=Currently Loaded Modulefiles:[m
2021-08-10 16:09:15,283 - isca - DEBUG - 1) physicspaths/2.0         6) otheros/generic-arc          [m
2021-08-10 16:09:15,283 - isca - DEBUG - 2) otheros/generic-oxphys   7) intel-compilers/2018upd4     [m
2021-08-10 16:09:15,283 - isca - DEBUG - 3) otheros/ubuntu_bionic    8) intel-mpi/2015               [m
2021-08-10 16:09:15,283 - isca - DEBUG - 4) otheros/ubuntu_trusty    9) netcdf/netcdf-c-4.7.3        [m
2021-08-10 16:09:15,283 - isca - DEBUG - 5) arcpaths/1.0            10) netcdf/netcdf-fortran-4.5.2  [m
2021-08-10 16:09:15,685 - isca - DEBUG - [K[?1l>NOTE from PE    0: MPP_DOMAINS_SET_STACK_SIZE: stack size set to    32768.
2021-08-10 16:09:15,686 - isca - DEBUG - &MPP_IO_NML
2021-08-10 16:09:15,686 - isca - DEBUG - HEADER_BUFFER_VAL       =       16384,
2021-08-10 16:09:15,686 - isca - DEBUG - GLOBAL_FIELD_ON_ROOT_PE = T,
2021-08-10 16:09:15,686 - isca - DEBUG - IO_CLOCKS_ON    = F,
2021-08-10 16:09:15,686 - isca - DEBUG - SHUFFLE =           0,
2021-08-10 16:09:15,686 - isca - DEBUG - DEFLATE_LEVEL   =          -1
2021-08-10 16:09:15,686 - isca - DEBUG - /
2021-08-10 16:09:15,688 - isca - DEBUG - NOTE from PE    0: MPP_IO_SET_STACK_SIZE: stack size set to     131072.
2021-08-10 16:09:15,690 - isca - DEBUG - NOTE from PE    0: MPP_DOMAINS_SET_STACK_SIZE: stack size set to   600000.
2021-08-10 16:09:15,781 - isca - DEBUG - starting            1  OpenMP threads per MPI-task
2021-08-10 16:09:15,793 - isca - DEBUG - ATMOS MODEL DOMAIN DECOMPOSITION
2021-08-10 16:09:15,794 - isca - DEBUG - X-AXIS =  128
2021-08-10 16:09:15,794 - isca - DEBUG - Y-AXIS =    2   2   2   2   2   2   2   2   2   2   2   2   2   2   2   2   2   2   2   2   2   2   2   2
2021-08-10 16:09:15,794 - isca - DEBUG - 2   2   2   2   2   2   2   2
2021-08-10 16:09:16,793 - isca - DEBUG - NOTE from PE    0: idealized_moist_phys: Using AM3 dry adjustment convection scheme.
2021-08-10 16:09:19,008 - isca - DEBUG - Integration completed through    2 Jan  2   0: 0: 0
2021-08-10 16:09:20,487 - isca - DEBUG - Integration completed through    2 Jan  3   0: 0: 0
2021-08-10 16:09:21,974 - isca - DEBUG - Integration completed through    2 Jan  4   0: 0: 0
2021-08-10 16:09:23,463 - isca - DEBUG - Integration completed through    2 Jan  5   0: 0: 0
2021-08-10 16:09:24,954 - isca - DEBUG - Integration completed through    2 Jan  6   0: 0: 0
2021-08-10 16:09:26,446 - isca - DEBUG - Integration completed through    2 Jan  7   0: 0: 0
2021-08-10 16:09:27,932 - isca - DEBUG - Integration completed through    2 Jan  8   0: 0: 0
2021-08-10 16:09:29,421 - isca - DEBUG - Integration completed through    2 Jan  9   0: 0: 0
2021-08-10 16:09:30,909 - isca - DEBUG - Integration completed through    2 Jan 10   0: 0: 0
2021-08-10 16:09:32,398 - isca - DEBUG - Integration completed through    2 Jan 11   0: 0: 0
2021-08-10 16:09:33,888 - isca - DEBUG - Integration completed through    2 Jan 12   0: 0: 0
2021-08-10 16:09:35,374 - isca - DEBUG - Integration completed through    2 Jan 13   0: 0: 0
2021-08-10 16:09:36,863 - isca - DEBUG - Integration completed through    2 Jan 14   0: 0: 0
2021-08-10 16:09:38,354 - isca - DEBUG - Integration completed through    2 Jan 15   0: 0: 0
2021-08-10 16:09:39,842 - isca - DEBUG - Integration completed through    2 Jan 16   0: 0: 0
2021-08-10 16:09:41,332 - isca - DEBUG - Integration completed through    2 Jan 17   0: 0: 0
2021-08-10 16:09:42,825 - isca - DEBUG - Integration completed through    2 Jan 18   0: 0: 0
2021-08-10 16:09:44,314 - isca - DEBUG - Integration completed through    2 Jan 19   0: 0: 0
2021-08-10 16:09:45,801 - isca - DEBUG - Integration completed through    2 Jan 20   0: 0: 0
2021-08-10 16:09:47,291 - isca - DEBUG - Integration completed through    2 Jan 21   0: 0: 0
2021-08-10 16:09:48,779 - isca - DEBUG - Integration completed through    2 Jan 22   0: 0: 0
2021-08-10 16:09:50,273 - isca - DEBUG - Integration completed through    2 Jan 23   0: 0: 0
2021-08-10 16:09:51,762 - isca - DEBUG - Integration completed through    2 Jan 24   0: 0: 0
2021-08-10 16:09:53,249 - isca - DEBUG - Integration completed through    2 Jan 25   0: 0: 0
2021-08-10 16:09:54,736 - isca - DEBUG - Integration completed through    2 Jan 26   0: 0: 0
2021-08-10 16:09:56,225 - isca - DEBUG - Integration completed through    2 Jan 27   0: 0: 0
2021-08-10 16:09:57,715 - isca - DEBUG - Integration completed through    2 Jan 28   0: 0: 0
2021-08-10 16:09:59,203 - isca - DEBUG - Integration completed through    2 Jan 29   0: 0: 0
2021-08-10 16:10:00,691 - isca - DEBUG - Integration completed through    2 Jan 30   0: 0: 0
2021-08-10 16:10:02,231 - isca - DEBUG - Integration completed through    2 Feb  1   0: 0: 0
2021-08-10 16:10:04,659 - isca - DEBUG - Integration completed through    2 Feb  2   0: 0: 0
2021-08-10 16:10:06,144 - isca - DEBUG - Integration completed through    2 Feb  3   0: 0: 0
2021-08-10 16:10:07,634 - isca - DEBUG - Integration completed through    2 Feb  4   0: 0: 0
2021-08-10 16:10:09,123 - isca - DEBUG - Integration completed through    2 Feb  5   0: 0: 0
2021-08-10 16:10:10,610 - isca - DEBUG - Integration completed through    2 Feb  6   0: 0: 0
2021-08-10 16:10:12,099 - isca - DEBUG - Integration completed through    2 Feb  7   0: 0: 0
2021-08-10 16:10:13,589 - isca - DEBUG - Integration completed through    2 Feb  8   0: 0: 0
2021-08-10 16:10:15,080 - isca - DEBUG - Integration completed through    2 Feb  9   0: 0: 0
2021-08-10 16:10:16,571 - isca - DEBUG - Integration completed through    2 Feb 10   0: 0: 0
2021-08-10 16:10:18,063 - isca - DEBUG - Integration completed through    2 Feb 11   0: 0: 0
2021-08-10 16:10:19,556 - isca - DEBUG - Integration completed through    2 Feb 12   0: 0: 0
2021-08-10 16:10:21,048 - isca - DEBUG - Integration completed through    2 Feb 13   0: 0: 0
2021-08-10 16:10:22,545 - isca - DEBUG - Integration completed through    2 Feb 14   0: 0: 0
2021-08-10 16:10:24,037 - isca - DEBUG - Integration completed through    2 Feb 15   0: 0: 0
2021-08-10 16:10:25,529 - isca - DEBUG - Integration completed through    2 Feb 16   0: 0: 0
2021-08-10 16:10:27,022 - isca - DEBUG - Integration completed through    2 Feb 17   0: 0: 0
2021-08-10 16:10:28,517 - isca - DEBUG - Integration completed through    2 Feb 18   0: 0: 0
2021-08-10 16:10:30,008 - isca - DEBUG - Integration completed through    2 Feb 19   0: 0: 0
2021-08-10 16:10:31,502 - isca - DEBUG - Integration completed through    2 Feb 20   0: 0: 0
2021-08-10 16:10:32,995 - isca - DEBUG - Integration completed through    2 Feb 21   0: 0: 0
2021-08-10 16:10:34,200 - isca - DEBUG - srun: Job step aborted: Waiting up to 32 seconds for job step to finish.
2021-08-10 16:10:34,202 - isca - DEBUG - slurmstepd-atmnode024: error: *** STEP 24526.1 ON atmnode024 CANCELLED AT 2021-08-10T16:10:34 ***
slurmstepd-atmnode024: error: *** JOB 24526 ON atmnode024 CANCELLED AT 2021-08-10T16:10:34 ***
